[0.044s] Invoking command in '/home/prajesh/my_ws/build/cpp_practice': CMAKE_PREFIX_PATH=${CMAKE_PREFIX_PATH}:/home/prajesh/my_ws/install/my_py_pkg:/opt/ros/humble /usr/bin/cmake --build /home/prajesh/my_ws/build/cpp_practice -- -j4 -l4
[0.070s] -- Found ament_cmake: 1.3.4 (/opt/ros/humble/share/ament_cmake/cmake)
[0.212s] -- Found rclcpp: 16.0.4 (/opt/ros/humble/share/rclcpp/cmake)
[0.239s] -- Found rosidl_generator_c: 3.1.4 (/opt/ros/humble/share/rosidl_generator_c/cmake)
[0.242s] -- Found rosidl_adapter: 3.1.4 (/opt/ros/humble/share/rosidl_adapter/cmake)
[0.247s] -- Found rosidl_generator_cpp: 3.1.4 (/opt/ros/humble/share/rosidl_generator_cpp/cmake)
[0.258s] -- Using all available rosidl_typesupport_c: rosidl_typesupport_fastrtps_c;rosidl_typesupport_introspection_c
[0.273s] -- Using all available rosidl_typesupport_cpp: rosidl_typesupport_fastrtps_cpp;rosidl_typesupport_introspection_cpp
[0.329s] -- Found rmw_implementation_cmake: 6.1.1 (/opt/ros/humble/share/rmw_implementation_cmake/cmake)
[0.331s] -- Found rmw_cyclonedds_cpp: 1.3.4 (/opt/ros/humble/share/rmw_cyclonedds_cpp/cmake)
[0.367s] -- Using RMW implementation 'rmw_cyclonedds_cpp' as default
[0.615s] -- Configuring done
[0.625s] -- Generating done
[0.625s] -- Build files have been written to: /home/prajesh/my_ws/build/cpp_practice
[0.655s] [ 50%] [32mBuilding CXX object CMakeFiles/number_generator.dir/src/number_generator.cpp.o[0m
[2.708s] [01m[K/home/prajesh/my_ws/src/cpp_practice/src/number_generator.cpp:[m[K In function ‘[01m[Kint main(int, char**)[m[K’:
[2.708s] [01m[K/home/prajesh/my_ws/src/cpp_practice/src/number_generator.cpp:6:14:[m[K [01;35m[Kwarning: [m[Kunused parameter ‘[01m[Kargc[m[K’ [[01;35m[K]8;;https://gcc.gnu.org/onlinedocs/gcc/Warning-Options.html#index-Wunused-parameter-Wunused-parameter]8;;[m[K]
[2.708s]     6 | int main([01;35m[Kint argc[m[K, char **argv)
[2.708s]       |          [01;35m[K~~~~^~~~[m[K
[2.708s] [01m[K/home/prajesh/my_ws/src/cpp_practice/src/number_generator.cpp:6:27:[m[K [01;35m[Kwarning: [m[Kunused parameter ‘[01m[Kargv[m[K’ [[01;35m[K]8;;https://gcc.gnu.org/onlinedocs/gcc/Warning-Options.html#index-Wunused-parameter-Wunused-parameter]8;;[m[K]
[2.708s]     6 | int main(int argc, [01;35m[Kchar **argv[m[K)
[2.708s]       |                    [01;35m[K~~~~~~~^~~~[m[K
[3.101s] [100%] [32m[1mLinking CXX executable number_generator[0m
[3.184s] [100%] Built target number_generator
[3.193s] Invoked command in '/home/prajesh/my_ws/build/cpp_practice' returned '0': CMAKE_PREFIX_PATH=${CMAKE_PREFIX_PATH}:/home/prajesh/my_ws/install/my_py_pkg:/opt/ros/humble /usr/bin/cmake --build /home/prajesh/my_ws/build/cpp_practice -- -j4 -l4
[3.213s] Invoking command in '/home/prajesh/my_ws/build/cpp_practice': CMAKE_PREFIX_PATH=${CMAKE_PREFIX_PATH}:/home/prajesh/my_ws/install/my_py_pkg:/opt/ros/humble /usr/bin/cmake --install /home/prajesh/my_ws/build/cpp_practice
[3.219s] -- Install configuration: ""
[3.219s] -- Installing: /home/prajesh/my_ws/install/cpp_practice/lib/cpp_practice/number_generator
[3.221s] -- Set runtime path of "/home/prajesh/my_ws/install/cpp_practice/lib/cpp_practice/number_generator" to ""
[3.221s] -- Up-to-date: /home/prajesh/my_ws/install/cpp_practice/share/ament_index/resource_index/package_run_dependencies/cpp_practice
[3.222s] -- Up-to-date: /home/prajesh/my_ws/install/cpp_practice/share/ament_index/resource_index/parent_prefix_path/cpp_practice
[3.222s] -- Up-to-date: /home/prajesh/my_ws/install/cpp_practice/share/cpp_practice/environment/ament_prefix_path.sh
[3.222s] -- Installing: /home/prajesh/my_ws/install/cpp_practice/share/cpp_practice/environment/ament_prefix_path.dsv
[3.223s] -- Up-to-date: /home/prajesh/my_ws/install/cpp_practice/share/cpp_practice/environment/path.sh
[3.224s] -- Installing: /home/prajesh/my_ws/install/cpp_practice/share/cpp_practice/environment/path.dsv
[3.224s] -- Up-to-date: /home/prajesh/my_ws/install/cpp_practice/share/cpp_practice/local_setup.bash
[3.224s] -- Up-to-date: /home/prajesh/my_ws/install/cpp_practice/share/cpp_practice/local_setup.sh
[3.224s] -- Up-to-date: /home/prajesh/my_ws/install/cpp_practice/share/cpp_practice/local_setup.zsh
[3.224s] -- Installing: /home/prajesh/my_ws/install/cpp_practice/share/cpp_practice/local_setup.dsv
[3.224s] -- Installing: /home/prajesh/my_ws/install/cpp_practice/share/cpp_practice/package.dsv
[3.224s] -- Up-to-date: /home/prajesh/my_ws/install/cpp_practice/share/ament_index/resource_index/packages/cpp_practice
[3.224s] -- Up-to-date: /home/prajesh/my_ws/install/cpp_practice/share/cpp_practice/cmake/cpp_practiceConfig.cmake
[3.224s] -- Up-to-date: /home/prajesh/my_ws/install/cpp_practice/share/cpp_practice/cmake/cpp_practiceConfig-version.cmake
[3.225s] -- Up-to-date: /home/prajesh/my_ws/install/cpp_practice/share/cpp_practice/package.xml
[3.227s] Invoked command in '/home/prajesh/my_ws/build/cpp_practice' returned '0': CMAKE_PREFIX_PATH=${CMAKE_PREFIX_PATH}:/home/prajesh/my_ws/install/my_py_pkg:/opt/ros/humble /usr/bin/cmake --install /home/prajesh/my_ws/build/cpp_practice
