[0.596s] Invoking command in '/home/prajesh/my_ws/src/my_py_pkg': PYTHONPATH=/home/prajesh/my_ws/build/my_py_pkg/prefix_override:/home/prajesh/my_ws/install/my_py_pkg/lib/python3.10/site-packages:${PYTHONPATH} /usr/bin/python3 setup.py egg_info --egg-base ../../build/my_py_pkg build --build-base /home/prajesh/my_ws/build/my_py_pkg/build install --record /home/prajesh/my_ws/build/my_py_pkg/install.log --single-version-externally-managed
[0.819s] running egg_info
[0.820s] writing ../../build/my_py_pkg/my_py_pkg.egg-info/PKG-INFO
[0.820s] writing dependency_links to ../../build/my_py_pkg/my_py_pkg.egg-info/dependency_links.txt
[0.821s] writing entry points to ../../build/my_py_pkg/my_py_pkg.egg-info/entry_points.txt
[0.821s] writing requirements to ../../build/my_py_pkg/my_py_pkg.egg-info/requires.txt
[0.821s] writing top-level names to ../../build/my_py_pkg/my_py_pkg.egg-info/top_level.txt
[0.823s] reading manifest file '../../build/my_py_pkg/my_py_pkg.egg-info/SOURCES.txt'
[0.824s] writing manifest file '../../build/my_py_pkg/my_py_pkg.egg-info/SOURCES.txt'
[0.825s] running build
[0.825s] running build_py
[0.825s] copying my_py_pkg/my_first_node.py -> /home/prajesh/my_ws/build/my_py_pkg/build/lib/my_py_pkg
[0.825s] running install
[0.825s] running install_lib
[0.826s] copying /home/prajesh/my_ws/build/my_py_pkg/build/lib/my_py_pkg/my_first_node.py -> /home/prajesh/my_ws/install/my_py_pkg/lib/python3.10/site-packages/my_py_pkg
[0.827s] byte-compiling /home/prajesh/my_ws/install/my_py_pkg/lib/python3.10/site-packages/my_py_pkg/my_first_node.py to my_first_node.cpython-310.pyc
[0.828s] running install_data
[0.829s] running install_egg_info
[0.833s] removing '/home/prajesh/my_ws/install/my_py_pkg/lib/python3.10/site-packages/my_py_pkg-0.0.0-py3.10.egg-info' (and everything under it)
[0.835s] Copying ../../build/my_py_pkg/my_py_pkg.egg-info to /home/prajesh/my_ws/install/my_py_pkg/lib/python3.10/site-packages/my_py_pkg-0.0.0-py3.10.egg-info
[0.836s] running install_scripts
[0.853s] Installing py_node script to /home/prajesh/my_ws/install/my_py_pkg/lib/my_py_pkg
[0.854s] writing list of installed files to '/home/prajesh/my_ws/build/my_py_pkg/install.log'
