[0.023s] Invoking command in '/home/prajesh/my_ws/build/my_cpp_pkg': CMAKE_PREFIX_PATH=${CMAKE_PREFIX_PATH}:/home/prajesh/my_ws/install/my_py_pkg:/opt/ros/humble /usr/bin/cmake --build /home/prajesh/my_ws/build/my_cpp_pkg -- -j4 -l4
[0.045s] -- Found ament_cmake: 1.3.4 (/opt/ros/humble/share/ament_cmake/cmake)
[0.163s] -- Found rclcpp: 16.0.4 (/opt/ros/humble/share/rclcpp/cmake)
[0.201s] -- Found rosidl_generator_c: 3.1.4 (/opt/ros/humble/share/rosidl_generator_c/cmake)
[0.203s] -- Found rosidl_adapter: 3.1.4 (/opt/ros/humble/share/rosidl_adapter/cmake)
[0.208s] -- Found rosidl_generator_cpp: 3.1.4 (/opt/ros/humble/share/rosidl_generator_cpp/cmake)
[0.217s] -- Using all available rosidl_typesupport_c: rosidl_typesupport_fastrtps_c;rosidl_typesupport_introspection_c
[0.229s] -- Using all available rosidl_typesupport_cpp: rosidl_typesupport_fastrtps_cpp;rosidl_typesupport_introspection_cpp
[0.278s] -- Found rmw_implementation_cmake: 6.1.1 (/opt/ros/humble/share/rmw_implementation_cmake/cmake)
[0.279s] -- Found rmw_cyclonedds_cpp: 1.3.4 (/opt/ros/humble/share/rmw_cyclonedds_cpp/cmake)
[0.303s] -- Using RMW implementation 'rmw_cyclonedds_cpp' as default
[0.517s] -- Configuring done
[0.526s] -- Generating done
[0.528s] -- Build files have been written to: /home/prajesh/my_ws/build/my_cpp_pkg
[0.556s] [ 50%] [32mBuilding CXX object CMakeFiles/cpp_node1.dir/src/my_first_node.cpp.o[0m
[0.618s] [01m[K/home/prajesh/my_ws/src/my_cpp_pkg/src/my_first_node.cpp:3:10:[m[K [01;31m[Kfatal error: [m[Krclcpp.hpp: No such file or directory
[0.618s]     3 | #include [01;31m[K"rclcpp.hpp"[m[K
[0.618s]       |          [01;31m[K^~~~~~~~~~~~[m[K
[0.618s] compilation terminated.
[0.619s] gmake[2]: *** [CMakeFiles/cpp_node1.dir/build.make:76: CMakeFiles/cpp_node1.dir/src/my_first_node.cpp.o] Error 1
[0.619s] gmake[1]: *** [CMakeFiles/Makefile2:137: CMakeFiles/cpp_node1.dir/all] Error 2
[0.620s] gmake: *** [Makefile:146: all] Error 2
[0.621s] Invoked command in '/home/prajesh/my_ws/build/my_cpp_pkg' returned '2': CMAKE_PREFIX_PATH=${CMAKE_PREFIX_PATH}:/home/prajesh/my_ws/install/my_py_pkg:/opt/ros/humble /usr/bin/cmake --build /home/prajesh/my_ws/build/my_cpp_pkg -- -j4 -l4
