[0.039s] Invoking command in '/home/prajesh/my_ws/build/led_system': AMENT_PREFIX_PATH=/home/prajesh/my_ws/install/battery_interfaces:${AMENT_PREFIX_PATH} CMAKE_PREFIX_PATH=/home/prajesh/my_ws/install/battery_interfaces:/home/prajesh/my_ws/install/my_robot_interfaces:/home/prajesh/my_ws/install/my_cpp_pkg:/home/prajesh/my_ws/install/cpp_test_pkg:/home/prajesh/my_ws/install/cpp_service_test:/home/prajesh/my_ws/install/cpp_practice:/home/prajesh/tbot_ws/install/turtlebot3_simulations:/home/prajesh/tbot_ws/install/turtlebot3_gazebo:/home/prajesh/tbot_ws/install/turtlebot3_fake_node:/home/prajesh/my_ws/install/py_server_test:/home/prajesh/my_ws/install/my_py_pkg:/opt/ros/humble LD_LIBRARY_PATH=/home/prajesh/my_ws/install/battery_interfaces/lib:${LD_LIBRARY_PATH} PYTHONPATH=/home/prajesh/my_ws/install/battery_interfaces/local/lib/python3.10/dist-packages:${PYTHONPATH} /usr/bin/cmake --build /home/prajesh/my_ws/build/led_system -- -j4 -l4
[0.125s] [35m[1mConsolidate compiler generated dependencies of target led_client[0m
[0.140s] [ 50%] Built target battery_server
[0.182s] [ 75%] [32mBuilding CXX object CMakeFiles/led_client.dir/src/led_client.cpp.o[0m
[3.472s] [100%] [32m[1mLinking CXX executable led_client[0m
[3.622s] [100%] Built target led_client
[3.634s] Invoked command in '/home/prajesh/my_ws/build/led_system' returned '0': AMENT_PREFIX_PATH=/home/prajesh/my_ws/install/battery_interfaces:${AMENT_PREFIX_PATH} CMAKE_PREFIX_PATH=/home/prajesh/my_ws/install/battery_interfaces:/home/prajesh/my_ws/install/my_robot_interfaces:/home/prajesh/my_ws/install/my_cpp_pkg:/home/prajesh/my_ws/install/cpp_test_pkg:/home/prajesh/my_ws/install/cpp_service_test:/home/prajesh/my_ws/install/cpp_practice:/home/prajesh/tbot_ws/install/turtlebot3_simulations:/home/prajesh/tbot_ws/install/turtlebot3_gazebo:/home/prajesh/tbot_ws/install/turtlebot3_fake_node:/home/prajesh/my_ws/install/py_server_test:/home/prajesh/my_ws/install/my_py_pkg:/opt/ros/humble LD_LIBRARY_PATH=/home/prajesh/my_ws/install/battery_interfaces/lib:${LD_LIBRARY_PATH} PYTHONPATH=/home/prajesh/my_ws/install/battery_interfaces/local/lib/python3.10/dist-packages:${PYTHONPATH} /usr/bin/cmake --build /home/prajesh/my_ws/build/led_system -- -j4 -l4
[3.655s] Invoking command in '/home/prajesh/my_ws/build/led_system': AMENT_PREFIX_PATH=/home/prajesh/my_ws/install/battery_interfaces:${AMENT_PREFIX_PATH} CMAKE_PREFIX_PATH=/home/prajesh/my_ws/install/battery_interfaces:/home/prajesh/my_ws/install/my_robot_interfaces:/home/prajesh/my_ws/install/my_cpp_pkg:/home/prajesh/my_ws/install/cpp_test_pkg:/home/prajesh/my_ws/install/cpp_service_test:/home/prajesh/my_ws/install/cpp_practice:/home/prajesh/tbot_ws/install/turtlebot3_simulations:/home/prajesh/tbot_ws/install/turtlebot3_gazebo:/home/prajesh/tbot_ws/install/turtlebot3_fake_node:/home/prajesh/my_ws/install/py_server_test:/home/prajesh/my_ws/install/my_py_pkg:/opt/ros/humble LD_LIBRARY_PATH=/home/prajesh/my_ws/install/battery_interfaces/lib:${LD_LIBRARY_PATH} PYTHONPATH=/home/prajesh/my_ws/install/battery_interfaces/local/lib/python3.10/dist-packages:${PYTHONPATH} /usr/bin/cmake --install /home/prajesh/my_ws/build/led_system
[3.664s] -- Install configuration: ""
[3.664s] -- Installing: /home/prajesh/my_ws/install/led_system/lib/led_system/led_client
[3.673s] -- Set runtime path of "/home/prajesh/my_ws/install/led_system/lib/led_system/led_client" to ""
[3.673s] -- Installing: /home/prajesh/my_ws/install/led_system/lib/led_system/battery_server
[3.673s] -- Set runtime path of "/home/prajesh/my_ws/install/led_system/lib/led_system/battery_server" to ""
[3.673s] -- Up-to-date: /home/prajesh/my_ws/install/led_system/share/ament_index/resource_index/package_run_dependencies/led_system
[3.674s] -- Up-to-date: /home/prajesh/my_ws/install/led_system/share/ament_index/resource_index/parent_prefix_path/led_system
[3.674s] -- Up-to-date: /home/prajesh/my_ws/install/led_system/share/led_system/environment/ament_prefix_path.sh
[3.674s] -- Installing: /home/prajesh/my_ws/install/led_system/share/led_system/environment/ament_prefix_path.dsv
[3.674s] -- Up-to-date: /home/prajesh/my_ws/install/led_system/share/led_system/environment/path.sh
[3.674s] -- Installing: /home/prajesh/my_ws/install/led_system/share/led_system/environment/path.dsv
[3.674s] -- Up-to-date: /home/prajesh/my_ws/install/led_system/share/led_system/local_setup.bash
[3.674s] -- Up-to-date: /home/prajesh/my_ws/install/led_system/share/led_system/local_setup.sh
[3.674s] -- Up-to-date: /home/prajesh/my_ws/install/led_system/share/led_system/local_setup.zsh
[3.674s] -- Installing: /home/prajesh/my_ws/install/led_system/share/led_system/local_setup.dsv
[3.674s] -- Installing: /home/prajesh/my_ws/install/led_system/share/led_system/package.dsv
[3.674s] -- Up-to-date: /home/prajesh/my_ws/install/led_system/share/ament_index/resource_index/packages/led_system
[3.674s] -- Up-to-date: /home/prajesh/my_ws/install/led_system/share/led_system/cmake/led_systemConfig.cmake
[3.674s] -- Up-to-date: /home/prajesh/my_ws/install/led_system/share/led_system/cmake/led_systemConfig-version.cmake
[3.674s] -- Up-to-date: /home/prajesh/my_ws/install/led_system/share/led_system/package.xml
[3.679s] Invoked command in '/home/prajesh/my_ws/build/led_system' returned '0': AMENT_PREFIX_PATH=/home/prajesh/my_ws/install/battery_interfaces:${AMENT_PREFIX_PATH} CMAKE_PREFIX_PATH=/home/prajesh/my_ws/install/battery_interfaces:/home/prajesh/my_ws/install/my_robot_interfaces:/home/prajesh/my_ws/install/my_cpp_pkg:/home/prajesh/my_ws/install/cpp_test_pkg:/home/prajesh/my_ws/install/cpp_service_test:/home/prajesh/my_ws/install/cpp_practice:/home/prajesh/tbot_ws/install/turtlebot3_simulations:/home/prajesh/tbot_ws/install/turtlebot3_gazebo:/home/prajesh/tbot_ws/install/turtlebot3_fake_node:/home/prajesh/my_ws/install/py_server_test:/home/prajesh/my_ws/install/my_py_pkg:/opt/ros/humble LD_LIBRARY_PATH=/home/prajesh/my_ws/install/battery_interfaces/lib:${LD_LIBRARY_PATH} PYTHONPATH=/home/prajesh/my_ws/install/battery_interfaces/local/lib/python3.10/dist-packages:${PYTHONPATH} /usr/bin/cmake --install /home/prajesh/my_ws/build/led_system
