[0.777s] Invoking command in '/home/prajesh/my_ws/src/py_final_project': PYTHONPATH=/home/prajesh/my_ws/build/py_final_project/prefix_override:/home/prajesh/my_ws/install/py_final_project/lib/python3.10/site-packages:${PYTHONPATH} /usr/bin/python3 setup.py egg_info --egg-base ../../build/py_final_project build --build-base /home/prajesh/my_ws/build/py_final_project/build install --record /home/prajesh/my_ws/build/py_final_project/install.log --single-version-externally-managed
[1.212s] running egg_info
[1.212s] writing ../../build/py_final_project/py_final_project.egg-info/PKG-INFO
[1.212s] writing dependency_links to ../../build/py_final_project/py_final_project.egg-info/dependency_links.txt
[1.213s] writing entry points to ../../build/py_final_project/py_final_project.egg-info/entry_points.txt
[1.213s] writing requirements to ../../build/py_final_project/py_final_project.egg-info/requires.txt
[1.213s] writing top-level names to ../../build/py_final_project/py_final_project.egg-info/top_level.txt
[1.215s] reading manifest file '../../build/py_final_project/py_final_project.egg-info/SOURCES.txt'
[1.231s] writing manifest file '../../build/py_final_project/py_final_project.egg-info/SOURCES.txt'
[1.232s] running build
[1.232s] running build_py
[1.232s] copying py_final_project/turtle_generator.py -> /home/prajesh/my_ws/build/py_final_project/build/lib/py_final_project
[1.232s] running install
[1.232s] running install_lib
[1.233s] copying /home/prajesh/my_ws/build/py_final_project/build/lib/py_final_project/turtle_generator.py -> /home/prajesh/my_ws/install/py_final_project/lib/python3.10/site-packages/py_final_project
[1.234s] byte-compiling /home/prajesh/my_ws/install/py_final_project/lib/python3.10/site-packages/py_final_project/turtle_generator.py to turtle_generator.cpython-310.pyc
[1.234s] running install_data
[1.243s] running install_egg_info
[1.244s] removing '/home/prajesh/my_ws/install/py_final_project/lib/python3.10/site-packages/py_final_project-0.0.0-py3.10.egg-info' (and everything under it)
[1.244s] Copying ../../build/py_final_project/py_final_project.egg-info to /home/prajesh/my_ws/install/py_final_project/lib/python3.10/site-packages/py_final_project-0.0.0-py3.10.egg-info
[1.245s] running install_scripts
[1.317s] Installing turtle_controller_node script to /home/prajesh/my_ws/install/py_final_project/lib/py_final_project
[1.317s] Installing turtle_generator_node script to /home/prajesh/my_ws/install/py_final_project/lib/py_final_project
[1.328s] writing list of installed files to '/home/prajesh/my_ws/build/py_final_project/install.log'
[1.423s] Invoked command in '/home/prajesh/my_ws/src/py_final_project' returned '0': PYTHONPATH=/home/prajesh/my_ws/build/py_final_project/prefix_override:/home/prajesh/my_ws/install/py_final_project/lib/python3.10/site-packages:${PYTHONPATH} /usr/bin/python3 setup.py egg_info --egg-base ../../build/py_final_project build --build-base /home/prajesh/my_ws/build/py_final_project/build install --record /home/prajesh/my_ws/build/py_final_project/install.log --single-version-externally-managed
