[0.615s] DEBUG:colcon:Command line arguments: ['/usr/bin/colcon', 'build']
[0.615s] DEBUG:colcon:Parsed command line arguments: Namespace(log_base=None, log_level=None, verb_name='build', build_base='build', install_base='install', merge_install=False, symlink_install=False, test_result_base=None, continue_on_error=False, executor='parallel', parallel_workers=4, event_handlers=None, ignore_user_meta=False, metas=['./colcon.meta'], base_paths=['.'], packages_ignore=None, packages_ignore_regex=None, paths=None, packages_up_to=None, packages_up_to_regex=None, packages_above=None, packages_above_and_dependencies=None, packages_above_depth=None, packages_select_by_dep=None, packages_skip_by_dep=None, packages_skip_up_to=None, packages_select_build_failed=False, packages_skip_build_finished=False, packages_select_test_failures=False, packages_skip_test_passed=False, packages_select=None, packages_skip=None, packages_select_regex=None, packages_skip_regex=None, packages_start=None, packages_end=None, allow_overriding=[], cmake_args=None, cmake_target=None, cmake_target_skip_unavailable=False, cmake_clean_cache=False, cmake_clean_first=False, cmake_force_configure=False, ament_cmake_args=None, catkin_cmake_args=None, catkin_skip_building_tests=False, verb_parser=<colcon_defaults.argument_parser.defaults.DefaultArgumentsDecorator object at 0x7f8839ee86a0>, verb_extension=<colcon_core.verb.build.BuildVerb object at 0x7f8839ee8160>, main=<bound method BuildVerb.main of <colcon_core.verb.build.BuildVerb object at 0x7f8839ee8160>>)
[0.665s] Level 1:colcon.colcon_core.package_discovery:discover_packages(colcon_meta) check parameters
[0.665s] Level 1:colcon.colcon_core.package_discovery:discover_packages(recursive) check parameters
[0.666s] Level 1:colcon.colcon_core.package_discovery:discover_packages(ignore) check parameters
[0.666s] Level 1:colcon.colcon_core.package_discovery:discover_packages(path) check parameters
[0.666s] Level 1:colcon.colcon_core.package_discovery:discover_packages(colcon_meta) discover
[0.666s] Level 1:colcon.colcon_core.package_discovery:discover_packages(recursive) discover
[0.666s] INFO:colcon.colcon_core.package_discovery:Crawling recursively for packages in '/home/prajesh/my_ws'
[0.666s] Level 1:colcon.colcon_core.package_identification:_identify(.) by extensions ['ignore', 'ignore_ament_install']
[0.667s] Level 1:colcon.colcon_core.package_identification:_identify(.) by extension 'ignore'
[0.667s] Level 1:colcon.colcon_core.package_identification:_identify(.) by extension 'ignore_ament_install'
[0.667s] Level 1:colcon.colcon_core.package_identification:_identify(.) by extensions ['colcon_pkg']
[0.667s] Level 1:colcon.colcon_core.package_identification:_identify(.) by extension 'colcon_pkg'
[0.667s] Level 1:colcon.colcon_core.package_identification:_identify(.) by extensions ['colcon_meta']
[0.667s] Level 1:colcon.colcon_core.package_identification:_identify(.) by extension 'colcon_meta'
[0.667s] Level 1:colcon.colcon_core.package_identification:_identify(.) by extensions ['ros']
[0.667s] Level 1:colcon.colcon_core.package_identification:_identify(.) by extension 'ros'
[0.713s] Level 1:colcon.colcon_core.package_identification:_identify(.) by extensions ['cmake', 'python']
[0.713s] Level 1:colcon.colcon_core.package_identification:_identify(.) by extension 'cmake'
[0.714s] Level 1:colcon.colcon_core.package_identification:_identify(.) by extension 'python'
[0.714s] Level 1:colcon.colcon_core.package_identification:_identify(.) by extensions ['python_setup_py']
[0.714s] Level 1:colcon.colcon_core.package_identification:_identify(.) by extension 'python_setup_py'
[0.715s] Level 1:colcon.colcon_core.package_identification:_identify(build) by extensions ['ignore', 'ignore_ament_install']
[0.716s] Level 1:colcon.colcon_core.package_identification:_identify(build) by extension 'ignore'
[0.716s] Level 1:colcon.colcon_core.package_identification:_identify(build) ignored
[0.717s] Level 1:colcon.colcon_core.package_identification:_identify(install) by extensions ['ignore', 'ignore_ament_install']
[0.718s] Level 1:colcon.colcon_core.package_identification:_identify(install) by extension 'ignore'
[0.718s] Level 1:colcon.colcon_core.package_identification:_identify(install) ignored
[0.719s] Level 1:colcon.colcon_core.package_identification:_identify(log) by extensions ['ignore', 'ignore_ament_install']
[0.719s] Level 1:colcon.colcon_core.package_identification:_identify(log) by extension 'ignore'
[0.720s] Level 1:colcon.colcon_core.package_identification:_identify(log) ignored
[0.720s] Level 1:colcon.colcon_core.package_identification:_identify(src) by extensions ['ignore', 'ignore_ament_install']
[0.721s] Level 1:colcon.colcon_core.package_identification:_identify(src) by extension 'ignore'
[0.721s] Level 1:colcon.colcon_core.package_identification:_identify(src) by extension 'ignore_ament_install'
[0.721s] Level 1:colcon.colcon_core.package_identification:_identify(src) by extensions ['colcon_pkg']
[0.722s] Level 1:colcon.colcon_core.package_identification:_identify(src) by extension 'colcon_pkg'
[0.722s] Level 1:colcon.colcon_core.package_identification:_identify(src) by extensions ['colcon_meta']
[0.722s] Level 1:colcon.colcon_core.package_identification:_identify(src) by extension 'colcon_meta'
[0.722s] Level 1:colcon.colcon_core.package_identification:_identify(src) by extensions ['ros']
[0.722s] Level 1:colcon.colcon_core.package_identification:_identify(src) by extension 'ros'
[0.723s] Level 1:colcon.colcon_core.package_identification:_identify(src) by extensions ['cmake', 'python']
[0.723s] Level 1:colcon.colcon_core.package_identification:_identify(src) by extension 'cmake'
[0.723s] Level 1:colcon.colcon_core.package_identification:_identify(src) by extension 'python'
[0.723s] Level 1:colcon.colcon_core.package_identification:_identify(src) by extensions ['python_setup_py']
[0.723s] Level 1:colcon.colcon_core.package_identification:_identify(src) by extension 'python_setup_py'
[0.724s] Level 1:colcon.colcon_core.package_identification:_identify(src/cpp_practice) by extensions ['ignore', 'ignore_ament_install']
[0.725s] Level 1:colcon.colcon_core.package_identification:_identify(src/cpp_practice) by extension 'ignore'
[0.725s] Level 1:colcon.colcon_core.package_identification:_identify(src/cpp_practice) by extension 'ignore_ament_install'
[0.725s] Level 1:colcon.colcon_core.package_identification:_identify(src/cpp_practice) by extensions ['colcon_pkg']
[0.726s] Level 1:colcon.colcon_core.package_identification:_identify(src/cpp_practice) by extension 'colcon_pkg'
[0.726s] Level 1:colcon.colcon_core.package_identification:_identify(src/cpp_practice) by extensions ['colcon_meta']
[0.726s] Level 1:colcon.colcon_core.package_identification:_identify(src/cpp_practice) by extension 'colcon_meta'
[0.726s] Level 1:colcon.colcon_core.package_identification:_identify(src/cpp_practice) by extensions ['ros']
[0.726s] Level 1:colcon.colcon_core.package_identification:_identify(src/cpp_practice) by extension 'ros'
[0.735s] DEBUG:colcon.colcon_core.package_identification:Package 'src/cpp_practice' with type 'ros.ament_cmake' and name 'cpp_practice'
[0.736s] Level 1:colcon.colcon_core.package_identification:_identify(src/cpp_test_pkg) by extensions ['ignore', 'ignore_ament_install']
[0.736s] Level 1:colcon.colcon_core.package_identification:_identify(src/cpp_test_pkg) by extension 'ignore'
[0.736s] Level 1:colcon.colcon_core.package_identification:_identify(src/cpp_test_pkg) by extension 'ignore_ament_install'
[0.737s] Level 1:colcon.colcon_core.package_identification:_identify(src/cpp_test_pkg) by extensions ['colcon_pkg']
[0.737s] Level 1:colcon.colcon_core.package_identification:_identify(src/cpp_test_pkg) by extension 'colcon_pkg'
[0.737s] Level 1:colcon.colcon_core.package_identification:_identify(src/cpp_test_pkg) by extensions ['colcon_meta']
[0.737s] Level 1:colcon.colcon_core.package_identification:_identify(src/cpp_test_pkg) by extension 'colcon_meta'
[0.737s] Level 1:colcon.colcon_core.package_identification:_identify(src/cpp_test_pkg) by extensions ['ros']
[0.737s] Level 1:colcon.colcon_core.package_identification:_identify(src/cpp_test_pkg) by extension 'ros'
[0.741s] DEBUG:colcon.colcon_core.package_identification:Package 'src/cpp_test_pkg' with type 'ros.ament_cmake' and name 'cpp_test_pkg'
[0.741s] Level 1:colcon.colcon_core.package_identification:_identify(src/my_cpp_pkg) by extensions ['ignore', 'ignore_ament_install']
[0.742s] Level 1:colcon.colcon_core.package_identification:_identify(src/my_cpp_pkg) by extension 'ignore'
[0.742s] Level 1:colcon.colcon_core.package_identification:_identify(src/my_cpp_pkg) by extension 'ignore_ament_install'
[0.743s] Level 1:colcon.colcon_core.package_identification:_identify(src/my_cpp_pkg) by extensions ['colcon_pkg']
[0.743s] Level 1:colcon.colcon_core.package_identification:_identify(src/my_cpp_pkg) by extension 'colcon_pkg'
[0.743s] Level 1:colcon.colcon_core.package_identification:_identify(src/my_cpp_pkg) by extensions ['colcon_meta']
[0.743s] Level 1:colcon.colcon_core.package_identification:_identify(src/my_cpp_pkg) by extension 'colcon_meta'
[0.744s] Level 1:colcon.colcon_core.package_identification:_identify(src/my_cpp_pkg) by extensions ['ros']
[0.744s] Level 1:colcon.colcon_core.package_identification:_identify(src/my_cpp_pkg) by extension 'ros'
[0.747s] DEBUG:colcon.colcon_core.package_identification:Package 'src/my_cpp_pkg' with type 'ros.ament_cmake' and name 'my_cpp_pkg'
[0.748s] Level 1:colcon.colcon_core.package_identification:_identify(src/my_py_pkg) by extensions ['ignore', 'ignore_ament_install']
[0.748s] Level 1:colcon.colcon_core.package_identification:_identify(src/my_py_pkg) by extension 'ignore'
[0.749s] Level 1:colcon.colcon_core.package_identification:_identify(src/my_py_pkg) by extension 'ignore_ament_install'
[0.749s] Level 1:colcon.colcon_core.package_identification:_identify(src/my_py_pkg) by extensions ['colcon_pkg']
[0.749s] Level 1:colcon.colcon_core.package_identification:_identify(src/my_py_pkg) by extension 'colcon_pkg'
[0.750s] Level 1:colcon.colcon_core.package_identification:_identify(src/my_py_pkg) by extensions ['colcon_meta']
[0.750s] Level 1:colcon.colcon_core.package_identification:_identify(src/my_py_pkg) by extension 'colcon_meta'
[0.750s] Level 1:colcon.colcon_core.package_identification:_identify(src/my_py_pkg) by extensions ['ros']
[0.751s] Level 1:colcon.colcon_core.package_identification:_identify(src/my_py_pkg) by extension 'ros'
[0.753s] DEBUG:colcon.colcon_core.package_identification:Package 'src/my_py_pkg' with type 'ros.ament_python' and name 'my_py_pkg'
[0.754s] Level 1:colcon.colcon_core.package_identification:_identify(src/py_server_test) by extensions ['ignore', 'ignore_ament_install']
[0.754s] Level 1:colcon.colcon_core.package_identification:_identify(src/py_server_test) by extension 'ignore'
[0.755s] Level 1:colcon.colcon_core.package_identification:_identify(src/py_server_test) by extension 'ignore_ament_install'
[0.756s] Level 1:colcon.colcon_core.package_identification:_identify(src/py_server_test) by extensions ['colcon_pkg']
[0.756s] Level 1:colcon.colcon_core.package_identification:_identify(src/py_server_test) by extension 'colcon_pkg'
[0.756s] Level 1:colcon.colcon_core.package_identification:_identify(src/py_server_test) by extensions ['colcon_meta']
[0.756s] Level 1:colcon.colcon_core.package_identification:_identify(src/py_server_test) by extension 'colcon_meta'
[0.757s] Level 1:colcon.colcon_core.package_identification:_identify(src/py_server_test) by extensions ['ros']
[0.757s] Level 1:colcon.colcon_core.package_identification:_identify(src/py_server_test) by extension 'ros'
[0.759s] DEBUG:colcon.colcon_core.package_identification:Package 'src/py_server_test' with type 'ros.ament_python' and name 'py_server_test'
[0.760s] Level 1:colcon.colcon_core.package_discovery:discover_packages(recursive) using defaults
[0.760s] Level 1:colcon.colcon_core.package_discovery:discover_packages(ignore) discover
[0.760s] Level 1:colcon.colcon_core.package_discovery:discover_packages(ignore) using defaults
[0.760s] Level 1:colcon.colcon_core.package_discovery:discover_packages(path) discover
[0.760s] Level 1:colcon.colcon_core.package_discovery:discover_packages(path) using defaults
[0.865s] Level 1:colcon.colcon_core.package_discovery:discover_packages(prefix_path) check parameters
[0.866s] Level 1:colcon.colcon_core.package_discovery:discover_packages(prefix_path) discover
[0.879s] DEBUG:colcon.colcon_installed_package_information.package_discovery:Found 5 installed packages in /home/prajesh/my_ws/install
[0.884s] DEBUG:colcon.colcon_installed_package_information.package_discovery:Found 3 installed packages in /home/prajesh/tbot_ws/install
[0.893s] DEBUG:colcon.colcon_installed_package_information.package_discovery:Found 383 installed packages in /opt/ros/humble
[0.910s] Level 1:colcon.colcon_core.package_discovery:discover_packages(prefix_path) using defaults
[1.270s] Level 5:colcon.colcon_core.verb:set package 'cpp_practice' build argument 'cmake_args' from command line to 'None'
[1.272s] Level 5:colcon.colcon_core.verb:set package 'cpp_practice' build argument 'cmake_target' from command line to 'None'
[1.273s] Level 5:colcon.colcon_core.verb:set package 'cpp_practice' build argument 'cmake_target_skip_unavailable' from command line to 'False'
[1.274s] Level 5:colcon.colcon_core.verb:set package 'cpp_practice' build argument 'cmake_clean_cache' from command line to 'False'
[1.275s] Level 5:colcon.colcon_core.verb:set package 'cpp_practice' build argument 'cmake_clean_first' from command line to 'False'
[1.275s] Level 5:colcon.colcon_core.verb:set package 'cpp_practice' build argument 'cmake_force_configure' from command line to 'False'
[1.276s] Level 5:colcon.colcon_core.verb:set package 'cpp_practice' build argument 'ament_cmake_args' from command line to 'None'
[1.276s] Level 5:colcon.colcon_core.verb:set package 'cpp_practice' build argument 'catkin_cmake_args' from command line to 'None'
[1.276s] Level 5:colcon.colcon_core.verb:set package 'cpp_practice' build argument 'catkin_skip_building_tests' from command line to 'False'
[1.277s] DEBUG:colcon.colcon_core.verb:Building package 'cpp_practice' with the following arguments: {'ament_cmake_args': None, 'build_base': '/home/prajesh/my_ws/build/cpp_practice', 'catkin_cmake_args': None, 'catkin_skip_building_tests': False, 'cmake_args': None, 'cmake_clean_cache': False, 'cmake_clean_first': False, 'cmake_force_configure': False, 'cmake_target': None, 'cmake_target_skip_unavailable': False, 'install_base': '/home/prajesh/my_ws/install/cpp_practice', 'merge_install': False, 'path': '/home/prajesh/my_ws/src/cpp_practice', 'symlink_install': False, 'test_result_base': None}
[1.283s] Level 5:colcon.colcon_core.verb:set package 'cpp_test_pkg' build argument 'cmake_args' from command line to 'None'
[1.284s] Level 5:colcon.colcon_core.verb:set package 'cpp_test_pkg' build argument 'cmake_target' from command line to 'None'
[1.284s] Level 5:colcon.colcon_core.verb:set package 'cpp_test_pkg' build argument 'cmake_target_skip_unavailable' from command line to 'False'
[1.284s] Level 5:colcon.colcon_core.verb:set package 'cpp_test_pkg' build argument 'cmake_clean_cache' from command line to 'False'
[1.284s] Level 5:colcon.colcon_core.verb:set package 'cpp_test_pkg' build argument 'cmake_clean_first' from command line to 'False'
[1.284s] Level 5:colcon.colcon_core.verb:set package 'cpp_test_pkg' build argument 'cmake_force_configure' from command line to 'False'
[1.285s] Level 5:colcon.colcon_core.verb:set package 'cpp_test_pkg' build argument 'ament_cmake_args' from command line to 'None'
[1.285s] Level 5:colcon.colcon_core.verb:set package 'cpp_test_pkg' build argument 'catkin_cmake_args' from command line to 'None'
[1.285s] Level 5:colcon.colcon_core.verb:set package 'cpp_test_pkg' build argument 'catkin_skip_building_tests' from command line to 'False'
[1.285s] DEBUG:colcon.colcon_core.verb:Building package 'cpp_test_pkg' with the following arguments: {'ament_cmake_args': None, 'build_base': '/home/prajesh/my_ws/build/cpp_test_pkg', 'catkin_cmake_args': None, 'catkin_skip_building_tests': False, 'cmake_args': None, 'cmake_clean_cache': False, 'cmake_clean_first': False, 'cmake_force_configure': False, 'cmake_target': None, 'cmake_target_skip_unavailable': False, 'install_base': '/home/prajesh/my_ws/install/cpp_test_pkg', 'merge_install': False, 'path': '/home/prajesh/my_ws/src/cpp_test_pkg', 'symlink_install': False, 'test_result_base': None}
[1.291s] Level 5:colcon.colcon_core.verb:set package 'my_cpp_pkg' build argument 'cmake_args' from command line to 'None'
[1.292s] Level 5:colcon.colcon_core.verb:set package 'my_cpp_pkg' build argument 'cmake_target' from command line to 'None'
[1.292s] Level 5:colcon.colcon_core.verb:set package 'my_cpp_pkg' build argument 'cmake_target_skip_unavailable' from command line to 'False'
[1.292s] Level 5:colcon.colcon_core.verb:set package 'my_cpp_pkg' build argument 'cmake_clean_cache' from command line to 'False'
[1.292s] Level 5:colcon.colcon_core.verb:set package 'my_cpp_pkg' build argument 'cmake_clean_first' from command line to 'False'
[1.292s] Level 5:colcon.colcon_core.verb:set package 'my_cpp_pkg' build argument 'cmake_force_configure' from command line to 'False'
[1.293s] Level 5:colcon.colcon_core.verb:set package 'my_cpp_pkg' build argument 'ament_cmake_args' from command line to 'None'
[1.293s] Level 5:colcon.colcon_core.verb:set package 'my_cpp_pkg' build argument 'catkin_cmake_args' from command line to 'None'
[1.293s] Level 5:colcon.colcon_core.verb:set package 'my_cpp_pkg' build argument 'catkin_skip_building_tests' from command line to 'False'
[1.293s] DEBUG:colcon.colcon_core.verb:Building package 'my_cpp_pkg' with the following arguments: {'ament_cmake_args': None, 'build_base': '/home/prajesh/my_ws/build/my_cpp_pkg', 'catkin_cmake_args': None, 'catkin_skip_building_tests': False, 'cmake_args': None, 'cmake_clean_cache': False, 'cmake_clean_first': False, 'cmake_force_configure': False, 'cmake_target': None, 'cmake_target_skip_unavailable': False, 'install_base': '/home/prajesh/my_ws/install/my_cpp_pkg', 'merge_install': False, 'path': '/home/prajesh/my_ws/src/my_cpp_pkg', 'symlink_install': False, 'test_result_base': None}
[1.301s] Level 5:colcon.colcon_core.verb:set package 'my_py_pkg' build argument 'cmake_args' from command line to 'None'
[1.302s] Level 5:colcon.colcon_core.verb:set package 'my_py_pkg' build argument 'cmake_target' from command line to 'None'
[1.302s] Level 5:colcon.colcon_core.verb:set package 'my_py_pkg' build argument 'cmake_target_skip_unavailable' from command line to 'False'
[1.302s] Level 5:colcon.colcon_core.verb:set package 'my_py_pkg' build argument 'cmake_clean_cache' from command line to 'False'
[1.302s] Level 5:colcon.colcon_core.verb:set package 'my_py_pkg' build argument 'cmake_clean_first' from command line to 'False'
[1.303s] Level 5:colcon.colcon_core.verb:set package 'my_py_pkg' build argument 'cmake_force_configure' from command line to 'False'
[1.303s] Level 5:colcon.colcon_core.verb:set package 'my_py_pkg' build argument 'ament_cmake_args' from command line to 'None'
[1.303s] Level 5:colcon.colcon_core.verb:set package 'my_py_pkg' build argument 'catkin_cmake_args' from command line to 'None'
[1.303s] Level 5:colcon.colcon_core.verb:set package 'my_py_pkg' build argument 'catkin_skip_building_tests' from command line to 'False'
[1.303s] DEBUG:colcon.colcon_core.verb:Building package 'my_py_pkg' with the following arguments: {'ament_cmake_args': None, 'build_base': '/home/prajesh/my_ws/build/my_py_pkg', 'catkin_cmake_args': None, 'catkin_skip_building_tests': False, 'cmake_args': None, 'cmake_clean_cache': False, 'cmake_clean_first': False, 'cmake_force_configure': False, 'cmake_target': None, 'cmake_target_skip_unavailable': False, 'install_base': '/home/prajesh/my_ws/install/my_py_pkg', 'merge_install': False, 'path': '/home/prajesh/my_ws/src/my_py_pkg', 'symlink_install': False, 'test_result_base': None}
[1.308s] Level 5:colcon.colcon_core.verb:set package 'py_server_test' build argument 'cmake_args' from command line to 'None'
[1.309s] Level 5:colcon.colcon_core.verb:set package 'py_server_test' build argument 'cmake_target' from command line to 'None'
[1.309s] Level 5:colcon.colcon_core.verb:set package 'py_server_test' build argument 'cmake_target_skip_unavailable' from command line to 'False'
[1.309s] Level 5:colcon.colcon_core.verb:set package 'py_server_test' build argument 'cmake_clean_cache' from command line to 'False'
[1.309s] Level 5:colcon.colcon_core.verb:set package 'py_server_test' build argument 'cmake_clean_first' from command line to 'False'
[1.309s] Level 5:colcon.colcon_core.verb:set package 'py_server_test' build argument 'cmake_force_configure' from command line to 'False'
[1.309s] Level 5:colcon.colcon_core.verb:set package 'py_server_test' build argument 'ament_cmake_args' from command line to 'None'
[1.310s] Level 5:colcon.colcon_core.verb:set package 'py_server_test' build argument 'catkin_cmake_args' from command line to 'None'
[1.310s] Level 5:colcon.colcon_core.verb:set package 'py_server_test' build argument 'catkin_skip_building_tests' from command line to 'False'
[1.310s] DEBUG:colcon.colcon_core.verb:Building package 'py_server_test' with the following arguments: {'ament_cmake_args': None, 'build_base': '/home/prajesh/my_ws/build/py_server_test', 'catkin_cmake_args': None, 'catkin_skip_building_tests': False, 'cmake_args': None, 'cmake_clean_cache': False, 'cmake_clean_first': False, 'cmake_force_configure': False, 'cmake_target': None, 'cmake_target_skip_unavailable': False, 'install_base': '/home/prajesh/my_ws/install/py_server_test', 'merge_install': False, 'path': '/home/prajesh/my_ws/src/py_server_test', 'symlink_install': False, 'test_result_base': None}
[1.313s] INFO:colcon.colcon_core.executor:Executing jobs using 'parallel' executor
[1.329s] DEBUG:colcon.colcon_parallel_executor.executor.parallel:run_until_complete
[1.330s] INFO:colcon.colcon_ros.task.ament_cmake.build:Building ROS package in '/home/prajesh/my_ws/src/cpp_practice' with build type 'ament_cmake'
[1.331s] INFO:colcon.colcon_cmake.task.cmake.build:Building CMake package in '/home/prajesh/my_ws/src/cpp_practice'
[1.353s] INFO:colcon.colcon_core.plugin_system:Skipping extension 'colcon_core.shell.bat': Not used on non-Windows systems
[1.354s] INFO:colcon.colcon_core.shell:Skip shell extension 'powershell' for command environment: Not usable outside of PowerShell
[1.354s] DEBUG:colcon.colcon_core.shell:Skip shell extension 'dsv' for command environment
[1.402s] INFO:colcon.colcon_ros.task.ament_cmake.build:Building ROS package in '/home/prajesh/my_ws/src/cpp_test_pkg' with build type 'ament_cmake'
[1.402s] INFO:colcon.colcon_cmake.task.cmake.build:Building CMake package in '/home/prajesh/my_ws/src/cpp_test_pkg'
[1.405s] INFO:colcon.colcon_core.shell:Skip shell extension 'powershell' for command environment: Not usable outside of PowerShell
[1.405s] DEBUG:colcon.colcon_core.shell:Skip shell extension 'dsv' for command environment
[1.420s] INFO:colcon.colcon_ros.task.ament_cmake.build:Building ROS package in '/home/prajesh/my_ws/src/my_cpp_pkg' with build type 'ament_cmake'
[1.420s] INFO:colcon.colcon_cmake.task.cmake.build:Building CMake package in '/home/prajesh/my_ws/src/my_cpp_pkg'
[1.423s] INFO:colcon.colcon_core.shell:Skip shell extension 'powershell' for command environment: Not usable outside of PowerShell
[1.423s] DEBUG:colcon.colcon_core.shell:Skip shell extension 'dsv' for command environment
[1.441s] INFO:colcon.colcon_ros.task.ament_python.build:Building ROS package in '/home/prajesh/my_ws/src/my_py_pkg' with build type 'ament_python'
[1.442s] Level 1:colcon.colcon_core.shell:create_environment_hook('my_py_pkg', 'ament_prefix_path')
[1.445s] INFO:colcon.colcon_core.shell:Creating environment hook '/home/prajesh/my_ws/install/my_py_pkg/share/my_py_pkg/hook/ament_prefix_path.ps1'
[1.447s] INFO:colcon.colcon_core.shell:Creating environment descriptor '/home/prajesh/my_ws/install/my_py_pkg/share/my_py_pkg/hook/ament_prefix_path.dsv'
[1.448s] INFO:colcon.colcon_core.shell:Creating environment hook '/home/prajesh/my_ws/install/my_py_pkg/share/my_py_pkg/hook/ament_prefix_path.sh'
[1.451s] INFO:colcon.colcon_core.shell:Skip shell extension 'powershell' for command environment: Not usable outside of PowerShell
[1.452s] DEBUG:colcon.colcon_core.shell:Skip shell extension 'dsv' for command environment
[1.477s] DEBUG:colcon.colcon_core.event_handler.log_command:Invoking command in '/home/prajesh/my_ws/build/cpp_practice': CMAKE_PREFIX_PATH=${CMAKE_PREFIX_PATH}:/home/prajesh/my_ws/install/py_server_test:/home/prajesh/my_ws/install/my_py_pkg:/opt/ros/humble /usr/bin/cmake --build /home/prajesh/my_ws/build/cpp_practice -- -j4 -l4
[1.486s] DEBUG:colcon.colcon_core.event_handler.log_command:Invoking command in '/home/prajesh/my_ws/build/cpp_test_pkg': CMAKE_PREFIX_PATH=${CMAKE_PREFIX_PATH}:/home/prajesh/my_ws/install/py_server_test:/home/prajesh/my_ws/install/my_py_pkg:/opt/ros/humble /usr/bin/cmake --build /home/prajesh/my_ws/build/cpp_test_pkg -- -j4 -l4
[1.492s] DEBUG:colcon.colcon_core.event_handler.log_command:Invoking command in '/home/prajesh/my_ws/build/my_cpp_pkg': CMAKE_PREFIX_PATH=${CMAKE_PREFIX_PATH}:/home/prajesh/my_ws/install/py_server_test:/home/prajesh/my_ws/install/my_py_pkg:/opt/ros/humble /usr/bin/cmake --build /home/prajesh/my_ws/build/my_cpp_pkg -- -j4 -l4
[2.073s] INFO:colcon.colcon_core.task.python.build:Building Python package in '/home/prajesh/my_ws/src/my_py_pkg'
[2.079s] INFO:colcon.colcon_core.shell:Skip shell extension 'powershell' for command environment: Not usable outside of PowerShell
[2.079s] DEBUG:colcon.colcon_core.shell:Skip shell extension 'dsv' for command environment
[2.110s] DEBUG:colcon.colcon_core.event_handler.log_command:Invoked command in '/home/prajesh/my_ws/build/cpp_practice' returned '0': CMAKE_PREFIX_PATH=${CMAKE_PREFIX_PATH}:/home/prajesh/my_ws/install/py_server_test:/home/prajesh/my_ws/install/my_py_pkg:/opt/ros/humble /usr/bin/cmake --build /home/prajesh/my_ws/build/cpp_practice -- -j4 -l4
[2.111s] DEBUG:colcon.colcon_core.event_handler.log_command:Invoked command in '/home/prajesh/my_ws/build/cpp_test_pkg' returned '0': CMAKE_PREFIX_PATH=${CMAKE_PREFIX_PATH}:/home/prajesh/my_ws/install/py_server_test:/home/prajesh/my_ws/install/my_py_pkg:/opt/ros/humble /usr/bin/cmake --build /home/prajesh/my_ws/build/cpp_test_pkg -- -j4 -l4
[2.112s] DEBUG:colcon.colcon_core.event_handler.log_command:Invoked command in '/home/prajesh/my_ws/build/my_cpp_pkg' returned '0': CMAKE_PREFIX_PATH=${CMAKE_PREFIX_PATH}:/home/prajesh/my_ws/install/py_server_test:/home/prajesh/my_ws/install/my_py_pkg:/opt/ros/humble /usr/bin/cmake --build /home/prajesh/my_ws/build/my_cpp_pkg -- -j4 -l4
[2.257s] DEBUG:colcon.colcon_core.event_handler.log_command:Invoking command in '/home/prajesh/my_ws/build/cpp_test_pkg': CMAKE_PREFIX_PATH=${CMAKE_PREFIX_PATH}:/home/prajesh/my_ws/install/py_server_test:/home/prajesh/my_ws/install/my_py_pkg:/opt/ros/humble /usr/bin/cmake --install /home/prajesh/my_ws/build/cpp_test_pkg
[2.271s] DEBUG:colcon.colcon_core.event_handler.log_command:Invoking command in '/home/prajesh/my_ws/build/cpp_practice': CMAKE_PREFIX_PATH=${CMAKE_PREFIX_PATH}:/home/prajesh/my_ws/install/py_server_test:/home/prajesh/my_ws/install/my_py_pkg:/opt/ros/humble /usr/bin/cmake --install /home/prajesh/my_ws/build/cpp_practice
[2.290s] DEBUG:colcon.colcon_core.event_handler.log_command:Invoking command in '/home/prajesh/my_ws/build/my_cpp_pkg': CMAKE_PREFIX_PATH=${CMAKE_PREFIX_PATH}:/home/prajesh/my_ws/install/py_server_test:/home/prajesh/my_ws/install/my_py_pkg:/opt/ros/humble /usr/bin/cmake --install /home/prajesh/my_ws/build/my_cpp_pkg
[2.348s] Level 1:colcon.colcon_core.environment:create_environment_scripts_only(cpp_test_pkg)
[2.356s] DEBUG:colcon.colcon_core.event_handler.log_command:Invoked command in '/home/prajesh/my_ws/build/cpp_test_pkg' returned '0': CMAKE_PREFIX_PATH=${CMAKE_PREFIX_PATH}:/home/prajesh/my_ws/install/py_server_test:/home/prajesh/my_ws/install/my_py_pkg:/opt/ros/humble /usr/bin/cmake --install /home/prajesh/my_ws/build/cpp_test_pkg
[2.378s] Level 1:colcon.colcon_core.environment:checking '/home/prajesh/my_ws/install/cpp_test_pkg' for CMake module files
[2.383s] Level 1:colcon.colcon_core.environment:checking '/home/prajesh/my_ws/install/cpp_test_pkg' for CMake config files
[2.383s] Level 1:colcon.colcon_core.shell:create_environment_hook('cpp_test_pkg', 'cmake_prefix_path')
[2.385s] INFO:colcon.colcon_core.shell:Creating environment hook '/home/prajesh/my_ws/install/cpp_test_pkg/share/cpp_test_pkg/hook/cmake_prefix_path.ps1'
[2.386s] INFO:colcon.colcon_core.shell:Creating environment descriptor '/home/prajesh/my_ws/install/cpp_test_pkg/share/cpp_test_pkg/hook/cmake_prefix_path.dsv'
[2.387s] INFO:colcon.colcon_core.shell:Creating environment hook '/home/prajesh/my_ws/install/cpp_test_pkg/share/cpp_test_pkg/hook/cmake_prefix_path.sh'
[2.388s] Level 1:colcon.colcon_core.environment:checking '/home/prajesh/my_ws/install/cpp_test_pkg/lib'
[2.388s] Level 1:colcon.colcon_core.environment:checking '/home/prajesh/my_ws/install/cpp_test_pkg/bin'
[2.389s] Level 1:colcon.colcon_core.environment:checking '/home/prajesh/my_ws/install/cpp_test_pkg/lib/pkgconfig/cpp_test_pkg.pc'
[2.389s] Level 1:colcon.colcon_core.environment:checking '/home/prajesh/my_ws/install/cpp_test_pkg/lib/python3.10/site-packages'
[2.389s] Level 1:colcon.colcon_core.environment:checking '/home/prajesh/my_ws/install/cpp_test_pkg/bin'
[2.391s] INFO:colcon.colcon_core.shell:Creating package script '/home/prajesh/my_ws/install/cpp_test_pkg/share/cpp_test_pkg/package.ps1'
[2.393s] INFO:colcon.colcon_core.shell:Creating package descriptor '/home/prajesh/my_ws/install/cpp_test_pkg/share/cpp_test_pkg/package.dsv'
[2.393s] INFO:colcon.colcon_core.shell:Creating package script '/home/prajesh/my_ws/install/cpp_test_pkg/share/cpp_test_pkg/package.sh'
[2.395s] INFO:colcon.colcon_core.shell:Creating package script '/home/prajesh/my_ws/install/cpp_test_pkg/share/cpp_test_pkg/package.bash'
[2.396s] INFO:colcon.colcon_core.shell:Creating package script '/home/prajesh/my_ws/install/cpp_test_pkg/share/cpp_test_pkg/package.zsh'
[2.397s] Level 1:colcon.colcon_core.environment:create_file_with_runtime_dependencies(/home/prajesh/my_ws/install/cpp_test_pkg/share/colcon-core/packages/cpp_test_pkg)
[2.400s] Level 1:colcon.colcon_core.environment:create_environment_scripts_only(my_cpp_pkg)
[2.400s] DEBUG:colcon.colcon_core.event_handler.log_command:Invoked command in '/home/prajesh/my_ws/build/my_cpp_pkg' returned '0': CMAKE_PREFIX_PATH=${CMAKE_PREFIX_PATH}:/home/prajesh/my_ws/install/py_server_test:/home/prajesh/my_ws/install/my_py_pkg:/opt/ros/humble /usr/bin/cmake --install /home/prajesh/my_ws/build/my_cpp_pkg
[2.403s] Level 1:colcon.colcon_core.environment:checking '/home/prajesh/my_ws/install/my_cpp_pkg' for CMake module files
[2.404s] Level 1:colcon.colcon_core.environment:checking '/home/prajesh/my_ws/install/my_cpp_pkg' for CMake config files
[2.404s] Level 1:colcon.colcon_core.shell:create_environment_hook('my_cpp_pkg', 'cmake_prefix_path')
[2.406s] INFO:colcon.colcon_core.shell:Creating environment hook '/home/prajesh/my_ws/install/my_cpp_pkg/share/my_cpp_pkg/hook/cmake_prefix_path.ps1'
[2.407s] INFO:colcon.colcon_core.shell:Creating environment descriptor '/home/prajesh/my_ws/install/my_cpp_pkg/share/my_cpp_pkg/hook/cmake_prefix_path.dsv'
[2.408s] INFO:colcon.colcon_core.shell:Creating environment hook '/home/prajesh/my_ws/install/my_cpp_pkg/share/my_cpp_pkg/hook/cmake_prefix_path.sh'
[2.409s] Level 1:colcon.colcon_core.environment:checking '/home/prajesh/my_ws/install/my_cpp_pkg/lib'
[2.409s] Level 1:colcon.colcon_core.environment:checking '/home/prajesh/my_ws/install/my_cpp_pkg/bin'
[2.410s] Level 1:colcon.colcon_core.environment:checking '/home/prajesh/my_ws/install/my_cpp_pkg/lib/pkgconfig/my_cpp_pkg.pc'
[2.410s] Level 1:colcon.colcon_core.environment:checking '/home/prajesh/my_ws/install/my_cpp_pkg/lib/python3.10/site-packages'
[2.410s] Level 1:colcon.colcon_core.environment:checking '/home/prajesh/my_ws/install/my_cpp_pkg/bin'
[2.413s] INFO:colcon.colcon_core.shell:Creating package script '/home/prajesh/my_ws/install/my_cpp_pkg/share/my_cpp_pkg/package.ps1'
[2.415s] INFO:colcon.colcon_core.shell:Creating package descriptor '/home/prajesh/my_ws/install/my_cpp_pkg/share/my_cpp_pkg/package.dsv'
[2.416s] INFO:colcon.colcon_core.shell:Creating package script '/home/prajesh/my_ws/install/my_cpp_pkg/share/my_cpp_pkg/package.sh'
[2.418s] INFO:colcon.colcon_core.shell:Creating package script '/home/prajesh/my_ws/install/my_cpp_pkg/share/my_cpp_pkg/package.bash'
[2.419s] INFO:colcon.colcon_core.shell:Creating package script '/home/prajesh/my_ws/install/my_cpp_pkg/share/my_cpp_pkg/package.zsh'
[2.420s] Level 1:colcon.colcon_core.environment:create_file_with_runtime_dependencies(/home/prajesh/my_ws/install/my_cpp_pkg/share/colcon-core/packages/my_cpp_pkg)
[2.422s] Level 1:colcon.colcon_core.environment:create_environment_scripts_only(cpp_practice)
[2.425s] Level 1:colcon.colcon_core.environment:checking '/home/prajesh/my_ws/install/cpp_practice' for CMake module files
[2.426s] Level 1:colcon.colcon_core.environment:checking '/home/prajesh/my_ws/install/cpp_practice' for CMake config files
[2.426s] Level 1:colcon.colcon_core.shell:create_environment_hook('cpp_practice', 'cmake_prefix_path')
[2.428s] INFO:colcon.colcon_core.shell:Creating environment hook '/home/prajesh/my_ws/install/cpp_practice/share/cpp_practice/hook/cmake_prefix_path.ps1'
[2.429s] INFO:colcon.colcon_core.shell:Creating environment descriptor '/home/prajesh/my_ws/install/cpp_practice/share/cpp_practice/hook/cmake_prefix_path.dsv'
[2.430s] DEBUG:colcon.colcon_core.event_handler.log_command:Invoked command in '/home/prajesh/my_ws/build/cpp_practice' returned '0': CMAKE_PREFIX_PATH=${CMAKE_PREFIX_PATH}:/home/prajesh/my_ws/install/py_server_test:/home/prajesh/my_ws/install/my_py_pkg:/opt/ros/humble /usr/bin/cmake --install /home/prajesh/my_ws/build/cpp_practice
[2.431s] INFO:colcon.colcon_core.shell:Creating environment hook '/home/prajesh/my_ws/install/cpp_practice/share/cpp_practice/hook/cmake_prefix_path.sh'
[2.433s] Level 1:colcon.colcon_core.environment:checking '/home/prajesh/my_ws/install/cpp_practice/lib'
[2.433s] Level 1:colcon.colcon_core.environment:checking '/home/prajesh/my_ws/install/cpp_practice/bin'
[2.433s] Level 1:colcon.colcon_core.environment:checking '/home/prajesh/my_ws/install/cpp_practice/lib/pkgconfig/cpp_practice.pc'
[2.433s] Level 1:colcon.colcon_core.environment:checking '/home/prajesh/my_ws/install/cpp_practice/lib/python3.10/site-packages'
[2.434s] Level 1:colcon.colcon_core.environment:checking '/home/prajesh/my_ws/install/cpp_practice/bin'
[2.436s] INFO:colcon.colcon_core.shell:Creating package script '/home/prajesh/my_ws/install/cpp_practice/share/cpp_practice/package.ps1'
[2.437s] INFO:colcon.colcon_core.shell:Creating package descriptor '/home/prajesh/my_ws/install/cpp_practice/share/cpp_practice/package.dsv'
[2.438s] INFO:colcon.colcon_core.shell:Creating package script '/home/prajesh/my_ws/install/cpp_practice/share/cpp_practice/package.sh'
[2.439s] INFO:colcon.colcon_core.shell:Creating package script '/home/prajesh/my_ws/install/cpp_practice/share/cpp_practice/package.bash'
[2.440s] INFO:colcon.colcon_core.shell:Creating package script '/home/prajesh/my_ws/install/cpp_practice/share/cpp_practice/package.zsh'
[2.441s] Level 1:colcon.colcon_core.environment:create_file_with_runtime_dependencies(/home/prajesh/my_ws/install/cpp_practice/share/colcon-core/packages/cpp_practice)
[2.448s] Level 1:colcon.colcon_core.environment:create_environment_scripts_only(cpp_test_pkg)
[2.453s] Level 1:colcon.colcon_core.environment:checking '/home/prajesh/my_ws/install/cpp_test_pkg' for CMake module files
[2.454s] Level 1:colcon.colcon_core.environment:checking '/home/prajesh/my_ws/install/cpp_test_pkg' for CMake config files
[2.454s] Level 1:colcon.colcon_core.shell:create_environment_hook('cpp_test_pkg', 'cmake_prefix_path')
[2.458s] INFO:colcon.colcon_core.shell:Creating environment hook '/home/prajesh/my_ws/install/cpp_test_pkg/share/cpp_test_pkg/hook/cmake_prefix_path.ps1'
[2.459s] INFO:colcon.colcon_core.shell:Creating environment descriptor '/home/prajesh/my_ws/install/cpp_test_pkg/share/cpp_test_pkg/hook/cmake_prefix_path.dsv'
[2.460s] INFO:colcon.colcon_core.shell:Creating environment hook '/home/prajesh/my_ws/install/cpp_test_pkg/share/cpp_test_pkg/hook/cmake_prefix_path.sh'
[2.461s] Level 1:colcon.colcon_core.environment:checking '/home/prajesh/my_ws/install/cpp_test_pkg/lib'
[2.462s] Level 1:colcon.colcon_core.environment:checking '/home/prajesh/my_ws/install/cpp_test_pkg/bin'
[2.462s] Level 1:colcon.colcon_core.environment:checking '/home/prajesh/my_ws/install/cpp_test_pkg/lib/pkgconfig/cpp_test_pkg.pc'
[2.462s] Level 1:colcon.colcon_core.environment:checking '/home/prajesh/my_ws/install/cpp_test_pkg/lib/python3.10/site-packages'
[2.463s] Level 1:colcon.colcon_core.environment:checking '/home/prajesh/my_ws/install/cpp_test_pkg/bin'
[2.466s] INFO:colcon.colcon_core.shell:Creating package script '/home/prajesh/my_ws/install/cpp_test_pkg/share/cpp_test_pkg/package.ps1'
[2.467s] INFO:colcon.colcon_core.shell:Creating package descriptor '/home/prajesh/my_ws/install/cpp_test_pkg/share/cpp_test_pkg/package.dsv'
[2.468s] INFO:colcon.colcon_core.shell:Creating package script '/home/prajesh/my_ws/install/cpp_test_pkg/share/cpp_test_pkg/package.sh'
[2.469s] INFO:colcon.colcon_core.shell:Creating package script '/home/prajesh/my_ws/install/cpp_test_pkg/share/cpp_test_pkg/package.bash'
[2.470s] INFO:colcon.colcon_core.shell:Creating package script '/home/prajesh/my_ws/install/cpp_test_pkg/share/cpp_test_pkg/package.zsh'
[2.471s] Level 1:colcon.colcon_core.environment:create_file_with_runtime_dependencies(/home/prajesh/my_ws/install/cpp_test_pkg/share/colcon-core/packages/cpp_test_pkg)
[2.473s] INFO:colcon.colcon_ros.task.ament_python.build:Building ROS package in '/home/prajesh/my_ws/src/py_server_test' with build type 'ament_python'
[2.474s] Level 1:colcon.colcon_core.shell:create_environment_hook('py_server_test', 'ament_prefix_path')
[2.476s] INFO:colcon.colcon_core.shell:Creating environment hook '/home/prajesh/my_ws/install/py_server_test/share/py_server_test/hook/ament_prefix_path.ps1'
[2.477s] INFO:colcon.colcon_core.shell:Creating environment descriptor '/home/prajesh/my_ws/install/py_server_test/share/py_server_test/hook/ament_prefix_path.dsv'
[2.478s] INFO:colcon.colcon_core.shell:Creating environment hook '/home/prajesh/my_ws/install/py_server_test/share/py_server_test/hook/ament_prefix_path.sh'
[2.482s] INFO:colcon.colcon_core.shell:Skip shell extension 'powershell' for command environment: Not usable outside of PowerShell
[2.483s] DEBUG:colcon.colcon_core.shell:Skip shell extension 'dsv' for command environment
[2.502s] Level 1:colcon.colcon_core.environment:create_environment_scripts_only(my_cpp_pkg)
[2.505s] Level 1:colcon.colcon_core.environment:checking '/home/prajesh/my_ws/install/my_cpp_pkg' for CMake module files
[2.506s] Level 1:colcon.colcon_core.environment:checking '/home/prajesh/my_ws/install/my_cpp_pkg' for CMake config files
[2.506s] Level 1:colcon.colcon_core.shell:create_environment_hook('my_cpp_pkg', 'cmake_prefix_path')
[2.508s] INFO:colcon.colcon_core.shell:Creating environment hook '/home/prajesh/my_ws/install/my_cpp_pkg/share/my_cpp_pkg/hook/cmake_prefix_path.ps1'
[2.509s] INFO:colcon.colcon_core.shell:Creating environment descriptor '/home/prajesh/my_ws/install/my_cpp_pkg/share/my_cpp_pkg/hook/cmake_prefix_path.dsv'
[2.510s] INFO:colcon.colcon_core.shell:Creating environment hook '/home/prajesh/my_ws/install/my_cpp_pkg/share/my_cpp_pkg/hook/cmake_prefix_path.sh'
[2.511s] Level 1:colcon.colcon_core.environment:checking '/home/prajesh/my_ws/install/my_cpp_pkg/lib'
[2.511s] Level 1:colcon.colcon_core.environment:checking '/home/prajesh/my_ws/install/my_cpp_pkg/bin'
[2.511s] Level 1:colcon.colcon_core.environment:checking '/home/prajesh/my_ws/install/my_cpp_pkg/lib/pkgconfig/my_cpp_pkg.pc'
[2.512s] Level 1:colcon.colcon_core.environment:checking '/home/prajesh/my_ws/install/my_cpp_pkg/lib/python3.10/site-packages'
[2.513s] Level 1:colcon.colcon_core.environment:checking '/home/prajesh/my_ws/install/my_cpp_pkg/bin'
[2.517s] INFO:colcon.colcon_core.shell:Creating package script '/home/prajesh/my_ws/install/my_cpp_pkg/share/my_cpp_pkg/package.ps1'
[2.519s] INFO:colcon.colcon_core.shell:Creating package descriptor '/home/prajesh/my_ws/install/my_cpp_pkg/share/my_cpp_pkg/package.dsv'
[2.521s] INFO:colcon.colcon_core.shell:Creating package script '/home/prajesh/my_ws/install/my_cpp_pkg/share/my_cpp_pkg/package.sh'
[2.522s] INFO:colcon.colcon_core.shell:Creating package script '/home/prajesh/my_ws/install/my_cpp_pkg/share/my_cpp_pkg/package.bash'
[2.523s] INFO:colcon.colcon_core.shell:Creating package script '/home/prajesh/my_ws/install/my_cpp_pkg/share/my_cpp_pkg/package.zsh'
[2.524s] Level 1:colcon.colcon_core.environment:create_file_with_runtime_dependencies(/home/prajesh/my_ws/install/my_cpp_pkg/share/colcon-core/packages/my_cpp_pkg)
[2.528s] Level 1:colcon.colcon_core.environment:create_environment_scripts_only(cpp_practice)
[2.532s] Level 1:colcon.colcon_core.environment:checking '/home/prajesh/my_ws/install/cpp_practice' for CMake module files
[2.532s] Level 1:colcon.colcon_core.environment:checking '/home/prajesh/my_ws/install/cpp_practice' for CMake config files
[2.533s] Level 1:colcon.colcon_core.shell:create_environment_hook('cpp_practice', 'cmake_prefix_path')
[2.535s] INFO:colcon.colcon_core.shell:Creating environment hook '/home/prajesh/my_ws/install/cpp_practice/share/cpp_practice/hook/cmake_prefix_path.ps1'
[2.536s] INFO:colcon.colcon_core.shell:Creating environment descriptor '/home/prajesh/my_ws/install/cpp_practice/share/cpp_practice/hook/cmake_prefix_path.dsv'
[2.537s] INFO:colcon.colcon_core.shell:Creating environment hook '/home/prajesh/my_ws/install/cpp_practice/share/cpp_practice/hook/cmake_prefix_path.sh'
[2.539s] Level 1:colcon.colcon_core.environment:checking '/home/prajesh/my_ws/install/cpp_practice/lib'
[2.539s] Level 1:colcon.colcon_core.environment:checking '/home/prajesh/my_ws/install/cpp_practice/bin'
[2.539s] Level 1:colcon.colcon_core.environment:checking '/home/prajesh/my_ws/install/cpp_practice/lib/pkgconfig/cpp_practice.pc'
[2.540s] Level 1:colcon.colcon_core.environment:checking '/home/prajesh/my_ws/install/cpp_practice/lib/python3.10/site-packages'
[2.540s] Level 1:colcon.colcon_core.environment:checking '/home/prajesh/my_ws/install/cpp_practice/bin'
[2.545s] INFO:colcon.colcon_core.shell:Creating package script '/home/prajesh/my_ws/install/cpp_practice/share/cpp_practice/package.ps1'
[2.547s] INFO:colcon.colcon_core.shell:Creating package descriptor '/home/prajesh/my_ws/install/cpp_practice/share/cpp_practice/package.dsv'
[2.550s] INFO:colcon.colcon_core.shell:Creating package script '/home/prajesh/my_ws/install/cpp_practice/share/cpp_practice/package.sh'
[2.551s] INFO:colcon.colcon_core.shell:Creating package script '/home/prajesh/my_ws/install/cpp_practice/share/cpp_practice/package.bash'
[2.553s] INFO:colcon.colcon_core.shell:Creating package script '/home/prajesh/my_ws/install/cpp_practice/share/cpp_practice/package.zsh'
[2.554s] Level 1:colcon.colcon_core.environment:create_file_with_runtime_dependencies(/home/prajesh/my_ws/install/cpp_practice/share/colcon-core/packages/cpp_practice)
[3.036s] INFO:colcon.colcon_core.task.python.build:Building Python package in '/home/prajesh/my_ws/src/py_server_test'
[3.038s] INFO:colcon.colcon_core.shell:Skip shell extension 'powershell' for command environment: Not usable outside of PowerShell
[3.038s] DEBUG:colcon.colcon_core.shell:Skip shell extension 'dsv' for command environment
[3.050s] DEBUG:colcon.colcon_core.event_handler.log_command:Invoking command in '/home/prajesh/my_ws/src/my_py_pkg': PYTHONPATH=/home/prajesh/my_ws/build/my_py_pkg/prefix_override:/home/prajesh/my_ws/install/my_py_pkg/lib/python3.10/site-packages:${PYTHONPATH} /usr/bin/python3 setup.py egg_info --egg-base ../../build/my_py_pkg build --build-base /home/prajesh/my_ws/build/my_py_pkg/build install --record /home/prajesh/my_ws/build/my_py_pkg/install.log --single-version-externally-managed
[3.639s] Level 1:colcon.colcon_core.environment:checking '/home/prajesh/my_ws/install/my_py_pkg' for CMake module files
[3.640s] DEBUG:colcon.colcon_core.event_handler.log_command:Invoked command in '/home/prajesh/my_ws/src/my_py_pkg' returned '0': PYTHONPATH=/home/prajesh/my_ws/build/my_py_pkg/prefix_override:/home/prajesh/my_ws/install/my_py_pkg/lib/python3.10/site-packages:${PYTHONPATH} /usr/bin/python3 setup.py egg_info --egg-base ../../build/my_py_pkg build --build-base /home/prajesh/my_ws/build/my_py_pkg/build install --record /home/prajesh/my_ws/build/my_py_pkg/install.log --single-version-externally-managed
[3.641s] Level 1:colcon.colcon_core.environment:checking '/home/prajesh/my_ws/install/my_py_pkg' for CMake config files
[3.642s] Level 1:colcon.colcon_core.environment:checking '/home/prajesh/my_ws/install/my_py_pkg/lib'
[3.642s] Level 1:colcon.colcon_core.environment:checking '/home/prajesh/my_ws/install/my_py_pkg/bin'
[3.642s] Level 1:colcon.colcon_core.environment:checking '/home/prajesh/my_ws/install/my_py_pkg/lib/pkgconfig/my_py_pkg.pc'
[3.642s] Level 1:colcon.colcon_core.environment:checking '/home/prajesh/my_ws/install/my_py_pkg/lib/python3.10/site-packages'
[3.643s] Level 1:colcon.colcon_core.shell:create_environment_hook('my_py_pkg', 'pythonpath')
[3.646s] INFO:colcon.colcon_core.shell:Creating environment hook '/home/prajesh/my_ws/install/my_py_pkg/share/my_py_pkg/hook/pythonpath.ps1'
[3.647s] INFO:colcon.colcon_core.shell:Creating environment descriptor '/home/prajesh/my_ws/install/my_py_pkg/share/my_py_pkg/hook/pythonpath.dsv'
[3.649s] INFO:colcon.colcon_core.shell:Creating environment hook '/home/prajesh/my_ws/install/my_py_pkg/share/my_py_pkg/hook/pythonpath.sh'
[3.650s] Level 1:colcon.colcon_core.environment:checking '/home/prajesh/my_ws/install/my_py_pkg/bin'
[3.650s] Level 1:colcon.colcon_core.environment:create_environment_scripts_only(my_py_pkg)
[3.652s] INFO:colcon.colcon_core.shell:Creating package script '/home/prajesh/my_ws/install/my_py_pkg/share/my_py_pkg/package.ps1'
[3.653s] INFO:colcon.colcon_core.shell:Creating package descriptor '/home/prajesh/my_ws/install/my_py_pkg/share/my_py_pkg/package.dsv'
[3.654s] INFO:colcon.colcon_core.shell:Creating package script '/home/prajesh/my_ws/install/my_py_pkg/share/my_py_pkg/package.sh'
[3.655s] INFO:colcon.colcon_core.shell:Creating package script '/home/prajesh/my_ws/install/my_py_pkg/share/my_py_pkg/package.bash'
[3.656s] INFO:colcon.colcon_core.shell:Creating package script '/home/prajesh/my_ws/install/my_py_pkg/share/my_py_pkg/package.zsh'
[3.657s] Level 1:colcon.colcon_core.environment:create_file_with_runtime_dependencies(/home/prajesh/my_ws/install/my_py_pkg/share/colcon-core/packages/my_py_pkg)
[3.775s] DEBUG:colcon.colcon_core.event_handler.log_command:Invoking command in '/home/prajesh/my_ws/src/py_server_test': PYTHONPATH=/home/prajesh/my_ws/build/py_server_test/prefix_override:/home/prajesh/my_ws/install/py_server_test/lib/python3.10/site-packages:${PYTHONPATH} /usr/bin/python3 setup.py egg_info --egg-base ../../build/py_server_test build --build-base /home/prajesh/my_ws/build/py_server_test/build install --record /home/prajesh/my_ws/build/py_server_test/install.log --single-version-externally-managed
[4.260s] Level 1:colcon.colcon_core.environment:checking '/home/prajesh/my_ws/install/py_server_test' for CMake module files
[4.261s] DEBUG:colcon.colcon_core.event_handler.log_command:Invoked command in '/home/prajesh/my_ws/src/py_server_test' returned '0': PYTHONPATH=/home/prajesh/my_ws/build/py_server_test/prefix_override:/home/prajesh/my_ws/install/py_server_test/lib/python3.10/site-packages:${PYTHONPATH} /usr/bin/python3 setup.py egg_info --egg-base ../../build/py_server_test build --build-base /home/prajesh/my_ws/build/py_server_test/build install --record /home/prajesh/my_ws/build/py_server_test/install.log --single-version-externally-managed
[4.261s] Level 1:colcon.colcon_core.environment:checking '/home/prajesh/my_ws/install/py_server_test' for CMake config files
[4.262s] Level 1:colcon.colcon_core.environment:checking '/home/prajesh/my_ws/install/py_server_test/lib'
[4.262s] Level 1:colcon.colcon_core.environment:checking '/home/prajesh/my_ws/install/py_server_test/bin'
[4.262s] Level 1:colcon.colcon_core.environment:checking '/home/prajesh/my_ws/install/py_server_test/lib/pkgconfig/py_server_test.pc'
[4.263s] Level 1:colcon.colcon_core.environment:checking '/home/prajesh/my_ws/install/py_server_test/lib/python3.10/site-packages'
[4.263s] Level 1:colcon.colcon_core.shell:create_environment_hook('py_server_test', 'pythonpath')
[4.265s] INFO:colcon.colcon_core.shell:Creating environment hook '/home/prajesh/my_ws/install/py_server_test/share/py_server_test/hook/pythonpath.ps1'
[4.265s] INFO:colcon.colcon_core.shell:Creating environment descriptor '/home/prajesh/my_ws/install/py_server_test/share/py_server_test/hook/pythonpath.dsv'
[4.266s] INFO:colcon.colcon_core.shell:Creating environment hook '/home/prajesh/my_ws/install/py_server_test/share/py_server_test/hook/pythonpath.sh'
[4.267s] Level 1:colcon.colcon_core.environment:checking '/home/prajesh/my_ws/install/py_server_test/bin'
[4.267s] Level 1:colcon.colcon_core.environment:create_environment_scripts_only(py_server_test)
[4.269s] INFO:colcon.colcon_core.shell:Creating package script '/home/prajesh/my_ws/install/py_server_test/share/py_server_test/package.ps1'
[4.270s] INFO:colcon.colcon_core.shell:Creating package descriptor '/home/prajesh/my_ws/install/py_server_test/share/py_server_test/package.dsv'
[4.271s] INFO:colcon.colcon_core.shell:Creating package script '/home/prajesh/my_ws/install/py_server_test/share/py_server_test/package.sh'
[4.272s] INFO:colcon.colcon_core.shell:Creating package script '/home/prajesh/my_ws/install/py_server_test/share/py_server_test/package.bash'
[4.273s] INFO:colcon.colcon_core.shell:Creating package script '/home/prajesh/my_ws/install/py_server_test/share/py_server_test/package.zsh'
[4.273s] Level 1:colcon.colcon_core.environment:create_file_with_runtime_dependencies(/home/prajesh/my_ws/install/py_server_test/share/colcon-core/packages/py_server_test)
[4.274s] DEBUG:colcon.colcon_parallel_executor.executor.parallel:closing loop
[4.275s] DEBUG:colcon.colcon_parallel_executor.executor.parallel:loop closed
[4.275s] DEBUG:colcon.colcon_parallel_executor.executor.parallel:run_until_complete finished with '0'
[4.276s] DEBUG:colcon.colcon_core.event_reactor:joining thread
[4.286s] INFO:colcon.colcon_core.plugin_system:Skipping extension 'colcon_notification.desktop_notification.terminal_notifier': Not used on non-Darwin systems
[4.286s] INFO:colcon.colcon_core.plugin_system:Skipping extension 'colcon_notification.desktop_notification.win32': Not used on non-Windows systems
[4.286s] INFO:colcon.colcon_notification.desktop_notification:Sending desktop notification using 'notify2'
[4.304s] DEBUG:colcon.colcon_core.event_reactor:joined thread
[4.308s] INFO:colcon.colcon_core.shell:Creating prefix script '/home/prajesh/my_ws/install/local_setup.ps1'
[4.310s] INFO:colcon.colcon_core.shell:Creating prefix util module '/home/prajesh/my_ws/install/_local_setup_util_ps1.py'
[4.313s] INFO:colcon.colcon_core.shell:Creating prefix chain script '/home/prajesh/my_ws/install/setup.ps1'
[4.316s] INFO:colcon.colcon_core.shell:Creating prefix script '/home/prajesh/my_ws/install/local_setup.sh'
[4.319s] INFO:colcon.colcon_core.shell:Creating prefix util module '/home/prajesh/my_ws/install/_local_setup_util_sh.py'
[4.320s] INFO:colcon.colcon_core.shell:Creating prefix chain script '/home/prajesh/my_ws/install/setup.sh'
[4.325s] INFO:colcon.colcon_core.shell:Creating prefix script '/home/prajesh/my_ws/install/local_setup.bash'
[4.326s] INFO:colcon.colcon_core.shell:Creating prefix chain script '/home/prajesh/my_ws/install/setup.bash'
[4.329s] INFO:colcon.colcon_core.shell:Creating prefix script '/home/prajesh/my_ws/install/local_setup.zsh'
[4.330s] INFO:colcon.colcon_core.shell:Creating prefix chain script '/home/prajesh/my_ws/install/setup.zsh'
