[0.450s] DEBUG:colcon:Command line arguments: ['/usr/bin/colcon', 'build']
[0.451s] DEBUG:colcon:Parsed command line arguments: Namespace(log_base=None, log_level=None, verb_name='build', build_base='build', install_base='install', merge_install=False, symlink_install=False, test_result_base=None, continue_on_error=False, executor='parallel', parallel_workers=4, event_handlers=None, ignore_user_meta=False, metas=['./colcon.meta'], base_paths=['.'], packages_ignore=None, packages_ignore_regex=None, paths=None, packages_up_to=None, packages_up_to_regex=None, packages_above=None, packages_above_and_dependencies=None, packages_above_depth=None, packages_select_by_dep=None, packages_skip_by_dep=None, packages_skip_up_to=None, packages_select_build_failed=False, packages_skip_build_finished=False, packages_select_test_failures=False, packages_skip_test_passed=False, packages_select=None, packages_skip=None, packages_select_regex=None, packages_skip_regex=None, packages_start=None, packages_end=None, allow_overriding=[], cmake_args=None, cmake_target=None, cmake_target_skip_unavailable=False, cmake_clean_cache=False, cmake_clean_first=False, cmake_force_configure=False, ament_cmake_args=None, catkin_cmake_args=None, catkin_skip_building_tests=False, verb_parser=<colcon_defaults.argument_parser.defaults.DefaultArgumentsDecorator object at 0x7f1000a9ffd0>, verb_extension=<colcon_core.verb.build.BuildVerb object at 0x7f1000a9fb20>, main=<bound method BuildVerb.main of <colcon_core.verb.build.BuildVerb object at 0x7f1000a9fb20>>)
[0.482s] Level 1:colcon.colcon_core.package_discovery:discover_packages(colcon_meta) check parameters
[0.482s] Level 1:colcon.colcon_core.package_discovery:discover_packages(recursive) check parameters
[0.483s] Level 1:colcon.colcon_core.package_discovery:discover_packages(ignore) check parameters
[0.483s] Level 1:colcon.colcon_core.package_discovery:discover_packages(path) check parameters
[0.483s] Level 1:colcon.colcon_core.package_discovery:discover_packages(colcon_meta) discover
[0.483s] Level 1:colcon.colcon_core.package_discovery:discover_packages(recursive) discover
[0.483s] INFO:colcon.colcon_core.package_discovery:Crawling recursively for packages in '/home/prajesh/my_ws'
[0.483s] Level 1:colcon.colcon_core.package_identification:_identify(.) by extensions ['ignore', 'ignore_ament_install']
[0.484s] Level 1:colcon.colcon_core.package_identification:_identify(.) by extension 'ignore'
[0.484s] Level 1:colcon.colcon_core.package_identification:_identify(.) by extension 'ignore_ament_install'
[0.484s] Level 1:colcon.colcon_core.package_identification:_identify(.) by extensions ['colcon_pkg']
[0.484s] Level 1:colcon.colcon_core.package_identification:_identify(.) by extension 'colcon_pkg'
[0.484s] Level 1:colcon.colcon_core.package_identification:_identify(.) by extensions ['colcon_meta']
[0.484s] Level 1:colcon.colcon_core.package_identification:_identify(.) by extension 'colcon_meta'
[0.485s] Level 1:colcon.colcon_core.package_identification:_identify(.) by extensions ['ros']
[0.485s] Level 1:colcon.colcon_core.package_identification:_identify(.) by extension 'ros'
[0.499s] Level 1:colcon.colcon_core.package_identification:_identify(.) by extensions ['cmake', 'python']
[0.499s] Level 1:colcon.colcon_core.package_identification:_identify(.) by extension 'cmake'
[0.499s] Level 1:colcon.colcon_core.package_identification:_identify(.) by extension 'python'
[0.499s] Level 1:colcon.colcon_core.package_identification:_identify(.) by extensions ['python_setup_py']
[0.499s] Level 1:colcon.colcon_core.package_identification:_identify(.) by extension 'python_setup_py'
[0.500s] Level 1:colcon.colcon_core.package_identification:_identify(build) by extensions ['ignore', 'ignore_ament_install']
[0.500s] Level 1:colcon.colcon_core.package_identification:_identify(build) by extension 'ignore'
[0.500s] Level 1:colcon.colcon_core.package_identification:_identify(build) ignored
[0.500s] Level 1:colcon.colcon_core.package_identification:_identify(install) by extensions ['ignore', 'ignore_ament_install']
[0.501s] Level 1:colcon.colcon_core.package_identification:_identify(install) by extension 'ignore'
[0.501s] Level 1:colcon.colcon_core.package_identification:_identify(install) ignored
[0.501s] Level 1:colcon.colcon_core.package_identification:_identify(log) by extensions ['ignore', 'ignore_ament_install']
[0.501s] Level 1:colcon.colcon_core.package_identification:_identify(log) by extension 'ignore'
[0.501s] Level 1:colcon.colcon_core.package_identification:_identify(log) ignored
[0.502s] Level 1:colcon.colcon_core.package_identification:_identify(src) by extensions ['ignore', 'ignore_ament_install']
[0.502s] Level 1:colcon.colcon_core.package_identification:_identify(src) by extension 'ignore'
[0.502s] Level 1:colcon.colcon_core.package_identification:_identify(src) by extension 'ignore_ament_install'
[0.502s] Level 1:colcon.colcon_core.package_identification:_identify(src) by extensions ['colcon_pkg']
[0.502s] Level 1:colcon.colcon_core.package_identification:_identify(src) by extension 'colcon_pkg'
[0.502s] Level 1:colcon.colcon_core.package_identification:_identify(src) by extensions ['colcon_meta']
[0.503s] Level 1:colcon.colcon_core.package_identification:_identify(src) by extension 'colcon_meta'
[0.503s] Level 1:colcon.colcon_core.package_identification:_identify(src) by extensions ['ros']
[0.503s] Level 1:colcon.colcon_core.package_identification:_identify(src) by extension 'ros'
[0.503s] Level 1:colcon.colcon_core.package_identification:_identify(src) by extensions ['cmake', 'python']
[0.503s] Level 1:colcon.colcon_core.package_identification:_identify(src) by extension 'cmake'
[0.503s] Level 1:colcon.colcon_core.package_identification:_identify(src) by extension 'python'
[0.504s] Level 1:colcon.colcon_core.package_identification:_identify(src) by extensions ['python_setup_py']
[0.504s] Level 1:colcon.colcon_core.package_identification:_identify(src) by extension 'python_setup_py'
[0.504s] Level 1:colcon.colcon_core.package_identification:_identify(src/cpp_practice) by extensions ['ignore', 'ignore_ament_install']
[0.504s] Level 1:colcon.colcon_core.package_identification:_identify(src/cpp_practice) by extension 'ignore'
[0.504s] Level 1:colcon.colcon_core.package_identification:_identify(src/cpp_practice) by extension 'ignore_ament_install'
[0.504s] Level 1:colcon.colcon_core.package_identification:_identify(src/cpp_practice) by extensions ['colcon_pkg']
[0.505s] Level 1:colcon.colcon_core.package_identification:_identify(src/cpp_practice) by extension 'colcon_pkg'
[0.505s] Level 1:colcon.colcon_core.package_identification:_identify(src/cpp_practice) by extensions ['colcon_meta']
[0.505s] Level 1:colcon.colcon_core.package_identification:_identify(src/cpp_practice) by extension 'colcon_meta'
[0.505s] Level 1:colcon.colcon_core.package_identification:_identify(src/cpp_practice) by extensions ['ros']
[0.505s] Level 1:colcon.colcon_core.package_identification:_identify(src/cpp_practice) by extension 'ros'
[0.508s] DEBUG:colcon.colcon_core.package_identification:Package 'src/cpp_practice' with type 'ros.ament_cmake' and name 'cpp_practice'
[0.509s] Level 1:colcon.colcon_core.package_identification:_identify(src/cpp_test_pkg) by extensions ['ignore', 'ignore_ament_install']
[0.509s] Level 1:colcon.colcon_core.package_identification:_identify(src/cpp_test_pkg) by extension 'ignore'
[0.509s] Level 1:colcon.colcon_core.package_identification:_identify(src/cpp_test_pkg) by extension 'ignore_ament_install'
[0.509s] Level 1:colcon.colcon_core.package_identification:_identify(src/cpp_test_pkg) by extensions ['colcon_pkg']
[0.509s] Level 1:colcon.colcon_core.package_identification:_identify(src/cpp_test_pkg) by extension 'colcon_pkg'
[0.509s] Level 1:colcon.colcon_core.package_identification:_identify(src/cpp_test_pkg) by extensions ['colcon_meta']
[0.510s] Level 1:colcon.colcon_core.package_identification:_identify(src/cpp_test_pkg) by extension 'colcon_meta'
[0.510s] Level 1:colcon.colcon_core.package_identification:_identify(src/cpp_test_pkg) by extensions ['ros']
[0.510s] Level 1:colcon.colcon_core.package_identification:_identify(src/cpp_test_pkg) by extension 'ros'
[0.511s] DEBUG:colcon.colcon_core.package_identification:Package 'src/cpp_test_pkg' with type 'ros.ament_cmake' and name 'cpp_test_pkg'
[0.511s] Level 1:colcon.colcon_core.package_identification:_identify(src/my_cpp_pkg) by extensions ['ignore', 'ignore_ament_install']
[0.511s] Level 1:colcon.colcon_core.package_identification:_identify(src/my_cpp_pkg) by extension 'ignore'
[0.511s] Level 1:colcon.colcon_core.package_identification:_identify(src/my_cpp_pkg) by extension 'ignore_ament_install'
[0.512s] Level 1:colcon.colcon_core.package_identification:_identify(src/my_cpp_pkg) by extensions ['colcon_pkg']
[0.512s] Level 1:colcon.colcon_core.package_identification:_identify(src/my_cpp_pkg) by extension 'colcon_pkg'
[0.512s] Level 1:colcon.colcon_core.package_identification:_identify(src/my_cpp_pkg) by extensions ['colcon_meta']
[0.512s] Level 1:colcon.colcon_core.package_identification:_identify(src/my_cpp_pkg) by extension 'colcon_meta'
[0.512s] Level 1:colcon.colcon_core.package_identification:_identify(src/my_cpp_pkg) by extensions ['ros']
[0.512s] Level 1:colcon.colcon_core.package_identification:_identify(src/my_cpp_pkg) by extension 'ros'
[0.513s] DEBUG:colcon.colcon_core.package_identification:Package 'src/my_cpp_pkg' with type 'ros.ament_cmake' and name 'my_cpp_pkg'
[0.513s] Level 1:colcon.colcon_core.package_identification:_identify(src/my_py_pkg) by extensions ['ignore', 'ignore_ament_install']
[0.513s] Level 1:colcon.colcon_core.package_identification:_identify(src/my_py_pkg) by extension 'ignore'
[0.514s] Level 1:colcon.colcon_core.package_identification:_identify(src/my_py_pkg) by extension 'ignore_ament_install'
[0.514s] Level 1:colcon.colcon_core.package_identification:_identify(src/my_py_pkg) by extensions ['colcon_pkg']
[0.514s] Level 1:colcon.colcon_core.package_identification:_identify(src/my_py_pkg) by extension 'colcon_pkg'
[0.514s] Level 1:colcon.colcon_core.package_identification:_identify(src/my_py_pkg) by extensions ['colcon_meta']
[0.514s] Level 1:colcon.colcon_core.package_identification:_identify(src/my_py_pkg) by extension 'colcon_meta'
[0.514s] Level 1:colcon.colcon_core.package_identification:_identify(src/my_py_pkg) by extensions ['ros']
[0.514s] Level 1:colcon.colcon_core.package_identification:_identify(src/my_py_pkg) by extension 'ros'
[0.515s] DEBUG:colcon.colcon_core.package_identification:Package 'src/my_py_pkg' with type 'ros.ament_python' and name 'my_py_pkg'
[0.515s] Level 1:colcon.colcon_core.package_discovery:discover_packages(recursive) using defaults
[0.515s] Level 1:colcon.colcon_core.package_discovery:discover_packages(ignore) discover
[0.516s] Level 1:colcon.colcon_core.package_discovery:discover_packages(ignore) using defaults
[0.516s] Level 1:colcon.colcon_core.package_discovery:discover_packages(path) discover
[0.516s] Level 1:colcon.colcon_core.package_discovery:discover_packages(path) using defaults
[0.544s] Level 1:colcon.colcon_core.package_discovery:discover_packages(prefix_path) check parameters
[0.545s] Level 1:colcon.colcon_core.package_discovery:discover_packages(prefix_path) discover
[0.548s] DEBUG:colcon.colcon_installed_package_information.package_discovery:Found 4 installed packages in /home/prajesh/my_ws/install
[0.549s] DEBUG:colcon.colcon_installed_package_information.package_discovery:Found 3 installed packages in /home/prajesh/tbot_ws/install
[0.552s] DEBUG:colcon.colcon_installed_package_information.package_discovery:Found 383 installed packages in /opt/ros/humble
[0.556s] Level 1:colcon.colcon_core.package_discovery:discover_packages(prefix_path) using defaults
[0.643s] Level 5:colcon.colcon_core.verb:set package 'cpp_practice' build argument 'cmake_args' from command line to 'None'
[0.644s] Level 5:colcon.colcon_core.verb:set package 'cpp_practice' build argument 'cmake_target' from command line to 'None'
[0.644s] Level 5:colcon.colcon_core.verb:set package 'cpp_practice' build argument 'cmake_target_skip_unavailable' from command line to 'False'
[0.644s] Level 5:colcon.colcon_core.verb:set package 'cpp_practice' build argument 'cmake_clean_cache' from command line to 'False'
[0.644s] Level 5:colcon.colcon_core.verb:set package 'cpp_practice' build argument 'cmake_clean_first' from command line to 'False'
[0.644s] Level 5:colcon.colcon_core.verb:set package 'cpp_practice' build argument 'cmake_force_configure' from command line to 'False'
[0.644s] Level 5:colcon.colcon_core.verb:set package 'cpp_practice' build argument 'ament_cmake_args' from command line to 'None'
[0.644s] Level 5:colcon.colcon_core.verb:set package 'cpp_practice' build argument 'catkin_cmake_args' from command line to 'None'
[0.644s] Level 5:colcon.colcon_core.verb:set package 'cpp_practice' build argument 'catkin_skip_building_tests' from command line to 'False'
[0.645s] DEBUG:colcon.colcon_core.verb:Building package 'cpp_practice' with the following arguments: {'ament_cmake_args': None, 'build_base': '/home/prajesh/my_ws/build/cpp_practice', 'catkin_cmake_args': None, 'catkin_skip_building_tests': False, 'cmake_args': None, 'cmake_clean_cache': False, 'cmake_clean_first': False, 'cmake_force_configure': False, 'cmake_target': None, 'cmake_target_skip_unavailable': False, 'install_base': '/home/prajesh/my_ws/install/cpp_practice', 'merge_install': False, 'path': '/home/prajesh/my_ws/src/cpp_practice', 'symlink_install': False, 'test_result_base': None}
[0.646s] Level 5:colcon.colcon_core.verb:set package 'cpp_test_pkg' build argument 'cmake_args' from command line to 'None'
[0.646s] Level 5:colcon.colcon_core.verb:set package 'cpp_test_pkg' build argument 'cmake_target' from command line to 'None'
[0.646s] Level 5:colcon.colcon_core.verb:set package 'cpp_test_pkg' build argument 'cmake_target_skip_unavailable' from command line to 'False'
[0.646s] Level 5:colcon.colcon_core.verb:set package 'cpp_test_pkg' build argument 'cmake_clean_cache' from command line to 'False'
[0.646s] Level 5:colcon.colcon_core.verb:set package 'cpp_test_pkg' build argument 'cmake_clean_first' from command line to 'False'
[0.647s] Level 5:colcon.colcon_core.verb:set package 'cpp_test_pkg' build argument 'cmake_force_configure' from command line to 'False'
[0.647s] Level 5:colcon.colcon_core.verb:set package 'cpp_test_pkg' build argument 'ament_cmake_args' from command line to 'None'
[0.647s] Level 5:colcon.colcon_core.verb:set package 'cpp_test_pkg' build argument 'catkin_cmake_args' from command line to 'None'
[0.647s] Level 5:colcon.colcon_core.verb:set package 'cpp_test_pkg' build argument 'catkin_skip_building_tests' from command line to 'False'
[0.647s] DEBUG:colcon.colcon_core.verb:Building package 'cpp_test_pkg' with the following arguments: {'ament_cmake_args': None, 'build_base': '/home/prajesh/my_ws/build/cpp_test_pkg', 'catkin_cmake_args': None, 'catkin_skip_building_tests': False, 'cmake_args': None, 'cmake_clean_cache': False, 'cmake_clean_first': False, 'cmake_force_configure': False, 'cmake_target': None, 'cmake_target_skip_unavailable': False, 'install_base': '/home/prajesh/my_ws/install/cpp_test_pkg', 'merge_install': False, 'path': '/home/prajesh/my_ws/src/cpp_test_pkg', 'symlink_install': False, 'test_result_base': None}
[0.648s] Level 5:colcon.colcon_core.verb:set package 'my_cpp_pkg' build argument 'cmake_args' from command line to 'None'
[0.648s] Level 5:colcon.colcon_core.verb:set package 'my_cpp_pkg' build argument 'cmake_target' from command line to 'None'
[0.649s] Level 5:colcon.colcon_core.verb:set package 'my_cpp_pkg' build argument 'cmake_target_skip_unavailable' from command line to 'False'
[0.649s] Level 5:colcon.colcon_core.verb:set package 'my_cpp_pkg' build argument 'cmake_clean_cache' from command line to 'False'
[0.649s] Level 5:colcon.colcon_core.verb:set package 'my_cpp_pkg' build argument 'cmake_clean_first' from command line to 'False'
[0.649s] Level 5:colcon.colcon_core.verb:set package 'my_cpp_pkg' build argument 'cmake_force_configure' from command line to 'False'
[0.649s] Level 5:colcon.colcon_core.verb:set package 'my_cpp_pkg' build argument 'ament_cmake_args' from command line to 'None'
[0.649s] Level 5:colcon.colcon_core.verb:set package 'my_cpp_pkg' build argument 'catkin_cmake_args' from command line to 'None'
[0.649s] Level 5:colcon.colcon_core.verb:set package 'my_cpp_pkg' build argument 'catkin_skip_building_tests' from command line to 'False'
[0.649s] DEBUG:colcon.colcon_core.verb:Building package 'my_cpp_pkg' with the following arguments: {'ament_cmake_args': None, 'build_base': '/home/prajesh/my_ws/build/my_cpp_pkg', 'catkin_cmake_args': None, 'catkin_skip_building_tests': False, 'cmake_args': None, 'cmake_clean_cache': False, 'cmake_clean_first': False, 'cmake_force_configure': False, 'cmake_target': None, 'cmake_target_skip_unavailable': False, 'install_base': '/home/prajesh/my_ws/install/my_cpp_pkg', 'merge_install': False, 'path': '/home/prajesh/my_ws/src/my_cpp_pkg', 'symlink_install': False, 'test_result_base': None}
[0.651s] Level 5:colcon.colcon_core.verb:set package 'my_py_pkg' build argument 'cmake_args' from command line to 'None'
[0.651s] Level 5:colcon.colcon_core.verb:set package 'my_py_pkg' build argument 'cmake_target' from command line to 'None'
[0.651s] Level 5:colcon.colcon_core.verb:set package 'my_py_pkg' build argument 'cmake_target_skip_unavailable' from command line to 'False'
[0.651s] Level 5:colcon.colcon_core.verb:set package 'my_py_pkg' build argument 'cmake_clean_cache' from command line to 'False'
[0.651s] Level 5:colcon.colcon_core.verb:set package 'my_py_pkg' build argument 'cmake_clean_first' from command line to 'False'
[0.651s] Level 5:colcon.colcon_core.verb:set package 'my_py_pkg' build argument 'cmake_force_configure' from command line to 'False'
[0.651s] Level 5:colcon.colcon_core.verb:set package 'my_py_pkg' build argument 'ament_cmake_args' from command line to 'None'
[0.651s] Level 5:colcon.colcon_core.verb:set package 'my_py_pkg' build argument 'catkin_cmake_args' from command line to 'None'
[0.652s] Level 5:colcon.colcon_core.verb:set package 'my_py_pkg' build argument 'catkin_skip_building_tests' from command line to 'False'
[0.652s] DEBUG:colcon.colcon_core.verb:Building package 'my_py_pkg' with the following arguments: {'ament_cmake_args': None, 'build_base': '/home/prajesh/my_ws/build/my_py_pkg', 'catkin_cmake_args': None, 'catkin_skip_building_tests': False, 'cmake_args': None, 'cmake_clean_cache': False, 'cmake_clean_first': False, 'cmake_force_configure': False, 'cmake_target': None, 'cmake_target_skip_unavailable': False, 'install_base': '/home/prajesh/my_ws/install/my_py_pkg', 'merge_install': False, 'path': '/home/prajesh/my_ws/src/my_py_pkg', 'symlink_install': False, 'test_result_base': None}
[0.653s] INFO:colcon.colcon_core.executor:Executing jobs using 'parallel' executor
[0.657s] DEBUG:colcon.colcon_parallel_executor.executor.parallel:run_until_complete
[0.657s] INFO:colcon.colcon_ros.task.ament_cmake.build:Building ROS package in '/home/prajesh/my_ws/src/cpp_practice' with build type 'ament_cmake'
[0.657s] INFO:colcon.colcon_cmake.task.cmake.build:Building CMake package in '/home/prajesh/my_ws/src/cpp_practice'
[0.663s] INFO:colcon.colcon_core.plugin_system:Skipping extension 'colcon_core.shell.bat': Not used on non-Windows systems
[0.663s] INFO:colcon.colcon_core.shell:Skip shell extension 'powershell' for command environment: Not usable outside of PowerShell
[0.663s] DEBUG:colcon.colcon_core.shell:Skip shell extension 'dsv' for command environment
[0.671s] INFO:colcon.colcon_ros.task.ament_cmake.build:Building ROS package in '/home/prajesh/my_ws/src/cpp_test_pkg' with build type 'ament_cmake'
[0.671s] INFO:colcon.colcon_cmake.task.cmake.build:Building CMake package in '/home/prajesh/my_ws/src/cpp_test_pkg'
[0.673s] INFO:colcon.colcon_core.shell:Skip shell extension 'powershell' for command environment: Not usable outside of PowerShell
[0.673s] DEBUG:colcon.colcon_core.shell:Skip shell extension 'dsv' for command environment
[0.682s] INFO:colcon.colcon_ros.task.ament_cmake.build:Building ROS package in '/home/prajesh/my_ws/src/my_cpp_pkg' with build type 'ament_cmake'
[0.682s] INFO:colcon.colcon_cmake.task.cmake.build:Building CMake package in '/home/prajesh/my_ws/src/my_cpp_pkg'
[0.684s] INFO:colcon.colcon_core.shell:Skip shell extension 'powershell' for command environment: Not usable outside of PowerShell
[0.684s] DEBUG:colcon.colcon_core.shell:Skip shell extension 'dsv' for command environment
[0.694s] INFO:colcon.colcon_ros.task.ament_python.build:Building ROS package in '/home/prajesh/my_ws/src/my_py_pkg' with build type 'ament_python'
[0.694s] Level 1:colcon.colcon_core.shell:create_environment_hook('my_py_pkg', 'ament_prefix_path')
[0.696s] INFO:colcon.colcon_core.shell:Creating environment hook '/home/prajesh/my_ws/install/my_py_pkg/share/my_py_pkg/hook/ament_prefix_path.ps1'
[0.697s] INFO:colcon.colcon_core.shell:Creating environment descriptor '/home/prajesh/my_ws/install/my_py_pkg/share/my_py_pkg/hook/ament_prefix_path.dsv'
[0.698s] INFO:colcon.colcon_core.shell:Creating environment hook '/home/prajesh/my_ws/install/my_py_pkg/share/my_py_pkg/hook/ament_prefix_path.sh'
[0.702s] INFO:colcon.colcon_core.shell:Skip shell extension 'powershell' for command environment: Not usable outside of PowerShell
[0.702s] DEBUG:colcon.colcon_core.shell:Skip shell extension 'dsv' for command environment
[0.718s] DEBUG:colcon.colcon_core.event_handler.log_command:Invoking command in '/home/prajesh/my_ws/build/cpp_practice': CMAKE_PREFIX_PATH=${CMAKE_PREFIX_PATH}:/home/prajesh/my_ws/install/my_py_pkg:/opt/ros/humble /usr/bin/cmake --build /home/prajesh/my_ws/build/cpp_practice -- -j4 -l4
[0.728s] DEBUG:colcon.colcon_core.event_handler.log_command:Invoking command in '/home/prajesh/my_ws/build/cpp_test_pkg': CMAKE_PREFIX_PATH=${CMAKE_PREFIX_PATH}:/home/prajesh/my_ws/install/my_py_pkg:/opt/ros/humble /usr/bin/cmake --build /home/prajesh/my_ws/build/cpp_test_pkg -- -j4 -l4
[0.733s] DEBUG:colcon.colcon_core.event_handler.log_command:Invoking command in '/home/prajesh/my_ws/build/my_cpp_pkg': CMAKE_PREFIX_PATH=${CMAKE_PREFIX_PATH}:/home/prajesh/my_ws/install/my_py_pkg:/opt/ros/humble /usr/bin/cmake --build /home/prajesh/my_ws/build/my_cpp_pkg -- -j4 -l4
[1.168s] INFO:colcon.colcon_core.task.python.build:Building Python package in '/home/prajesh/my_ws/src/my_py_pkg'
[1.170s] INFO:colcon.colcon_core.shell:Skip shell extension 'powershell' for command environment: Not usable outside of PowerShell
[1.170s] DEBUG:colcon.colcon_core.shell:Skip shell extension 'dsv' for command environment
[1.180s] DEBUG:colcon.colcon_core.event_handler.log_command:Invoked command in '/home/prajesh/my_ws/build/cpp_test_pkg' returned '0': CMAKE_PREFIX_PATH=${CMAKE_PREFIX_PATH}:/home/prajesh/my_ws/install/my_py_pkg:/opt/ros/humble /usr/bin/cmake --build /home/prajesh/my_ws/build/cpp_test_pkg -- -j4 -l4
[1.182s] DEBUG:colcon.colcon_core.event_handler.log_command:Invoked command in '/home/prajesh/my_ws/build/my_cpp_pkg' returned '0': CMAKE_PREFIX_PATH=${CMAKE_PREFIX_PATH}:/home/prajesh/my_ws/install/my_py_pkg:/opt/ros/humble /usr/bin/cmake --build /home/prajesh/my_ws/build/my_cpp_pkg -- -j4 -l4
[1.234s] DEBUG:colcon.colcon_core.event_handler.log_command:Invoking command in '/home/prajesh/my_ws/build/cpp_test_pkg': CMAKE_PREFIX_PATH=${CMAKE_PREFIX_PATH}:/home/prajesh/my_ws/install/my_py_pkg:/opt/ros/humble /usr/bin/cmake --install /home/prajesh/my_ws/build/cpp_test_pkg
[1.237s] DEBUG:colcon.colcon_core.event_handler.log_command:Invoking command in '/home/prajesh/my_ws/build/my_cpp_pkg': CMAKE_PREFIX_PATH=${CMAKE_PREFIX_PATH}:/home/prajesh/my_ws/install/my_py_pkg:/opt/ros/humble /usr/bin/cmake --install /home/prajesh/my_ws/build/my_cpp_pkg
[1.254s] Level 1:colcon.colcon_core.environment:create_environment_scripts_only(cpp_test_pkg)
[1.255s] DEBUG:colcon.colcon_core.event_handler.log_command:Invoked command in '/home/prajesh/my_ws/build/cpp_test_pkg' returned '0': CMAKE_PREFIX_PATH=${CMAKE_PREFIX_PATH}:/home/prajesh/my_ws/install/my_py_pkg:/opt/ros/humble /usr/bin/cmake --install /home/prajesh/my_ws/build/cpp_test_pkg
[1.266s] Level 1:colcon.colcon_core.environment:checking '/home/prajesh/my_ws/install/cpp_test_pkg' for CMake module files
[1.268s] Level 1:colcon.colcon_core.environment:checking '/home/prajesh/my_ws/install/cpp_test_pkg' for CMake config files
[1.268s] Level 1:colcon.colcon_core.shell:create_environment_hook('cpp_test_pkg', 'cmake_prefix_path')
[1.270s] INFO:colcon.colcon_core.shell:Creating environment hook '/home/prajesh/my_ws/install/cpp_test_pkg/share/cpp_test_pkg/hook/cmake_prefix_path.ps1'
[1.271s] INFO:colcon.colcon_core.shell:Creating environment descriptor '/home/prajesh/my_ws/install/cpp_test_pkg/share/cpp_test_pkg/hook/cmake_prefix_path.dsv'
[1.271s] INFO:colcon.colcon_core.shell:Creating environment hook '/home/prajesh/my_ws/install/cpp_test_pkg/share/cpp_test_pkg/hook/cmake_prefix_path.sh'
[1.272s] Level 1:colcon.colcon_core.environment:checking '/home/prajesh/my_ws/install/cpp_test_pkg/lib'
[1.273s] Level 1:colcon.colcon_core.environment:checking '/home/prajesh/my_ws/install/cpp_test_pkg/bin'
[1.273s] Level 1:colcon.colcon_core.environment:checking '/home/prajesh/my_ws/install/cpp_test_pkg/lib/pkgconfig/cpp_test_pkg.pc'
[1.273s] Level 1:colcon.colcon_core.environment:checking '/home/prajesh/my_ws/install/cpp_test_pkg/lib/python3.10/site-packages'
[1.274s] Level 1:colcon.colcon_core.environment:checking '/home/prajesh/my_ws/install/cpp_test_pkg/bin'
[1.275s] INFO:colcon.colcon_core.shell:Creating package script '/home/prajesh/my_ws/install/cpp_test_pkg/share/cpp_test_pkg/package.ps1'
[1.276s] INFO:colcon.colcon_core.shell:Creating package descriptor '/home/prajesh/my_ws/install/cpp_test_pkg/share/cpp_test_pkg/package.dsv'
[1.277s] INFO:colcon.colcon_core.shell:Creating package script '/home/prajesh/my_ws/install/cpp_test_pkg/share/cpp_test_pkg/package.sh'
[1.278s] INFO:colcon.colcon_core.shell:Creating package script '/home/prajesh/my_ws/install/cpp_test_pkg/share/cpp_test_pkg/package.bash'
[1.279s] INFO:colcon.colcon_core.shell:Creating package script '/home/prajesh/my_ws/install/cpp_test_pkg/share/cpp_test_pkg/package.zsh'
[1.280s] Level 1:colcon.colcon_core.environment:create_file_with_runtime_dependencies(/home/prajesh/my_ws/install/cpp_test_pkg/share/colcon-core/packages/cpp_test_pkg)
[1.283s] Level 1:colcon.colcon_core.environment:create_environment_scripts_only(my_cpp_pkg)
[1.287s] Level 1:colcon.colcon_core.environment:checking '/home/prajesh/my_ws/install/my_cpp_pkg' for CMake module files
[1.289s] DEBUG:colcon.colcon_core.event_handler.log_command:Invoked command in '/home/prajesh/my_ws/build/my_cpp_pkg' returned '0': CMAKE_PREFIX_PATH=${CMAKE_PREFIX_PATH}:/home/prajesh/my_ws/install/my_py_pkg:/opt/ros/humble /usr/bin/cmake --install /home/prajesh/my_ws/build/my_cpp_pkg
[1.289s] Level 1:colcon.colcon_core.environment:checking '/home/prajesh/my_ws/install/my_cpp_pkg' for CMake config files
[1.290s] Level 1:colcon.colcon_core.shell:create_environment_hook('my_cpp_pkg', 'cmake_prefix_path')
[1.292s] INFO:colcon.colcon_core.shell:Creating environment hook '/home/prajesh/my_ws/install/my_cpp_pkg/share/my_cpp_pkg/hook/cmake_prefix_path.ps1'
[1.292s] INFO:colcon.colcon_core.shell:Creating environment descriptor '/home/prajesh/my_ws/install/my_cpp_pkg/share/my_cpp_pkg/hook/cmake_prefix_path.dsv'
[1.293s] INFO:colcon.colcon_core.shell:Creating environment hook '/home/prajesh/my_ws/install/my_cpp_pkg/share/my_cpp_pkg/hook/cmake_prefix_path.sh'
[1.294s] Level 1:colcon.colcon_core.environment:checking '/home/prajesh/my_ws/install/my_cpp_pkg/lib'
[1.294s] Level 1:colcon.colcon_core.environment:checking '/home/prajesh/my_ws/install/my_cpp_pkg/bin'
[1.294s] Level 1:colcon.colcon_core.environment:checking '/home/prajesh/my_ws/install/my_cpp_pkg/lib/pkgconfig/my_cpp_pkg.pc'
[1.295s] Level 1:colcon.colcon_core.environment:checking '/home/prajesh/my_ws/install/my_cpp_pkg/lib/python3.10/site-packages'
[1.295s] Level 1:colcon.colcon_core.environment:checking '/home/prajesh/my_ws/install/my_cpp_pkg/bin'
[1.297s] INFO:colcon.colcon_core.shell:Creating package script '/home/prajesh/my_ws/install/my_cpp_pkg/share/my_cpp_pkg/package.ps1'
[1.298s] INFO:colcon.colcon_core.shell:Creating package descriptor '/home/prajesh/my_ws/install/my_cpp_pkg/share/my_cpp_pkg/package.dsv'
[1.300s] INFO:colcon.colcon_core.shell:Creating package script '/home/prajesh/my_ws/install/my_cpp_pkg/share/my_cpp_pkg/package.sh'
[1.301s] INFO:colcon.colcon_core.shell:Creating package script '/home/prajesh/my_ws/install/my_cpp_pkg/share/my_cpp_pkg/package.bash'
[1.303s] INFO:colcon.colcon_core.shell:Creating package script '/home/prajesh/my_ws/install/my_cpp_pkg/share/my_cpp_pkg/package.zsh'
[1.304s] Level 1:colcon.colcon_core.environment:create_file_with_runtime_dependencies(/home/prajesh/my_ws/install/my_cpp_pkg/share/colcon-core/packages/my_cpp_pkg)
[1.329s] Level 1:colcon.colcon_core.environment:create_environment_scripts_only(cpp_test_pkg)
[1.332s] Level 1:colcon.colcon_core.environment:checking '/home/prajesh/my_ws/install/cpp_test_pkg' for CMake module files
[1.332s] Level 1:colcon.colcon_core.environment:checking '/home/prajesh/my_ws/install/cpp_test_pkg' for CMake config files
[1.333s] Level 1:colcon.colcon_core.shell:create_environment_hook('cpp_test_pkg', 'cmake_prefix_path')
[1.334s] INFO:colcon.colcon_core.shell:Creating environment hook '/home/prajesh/my_ws/install/cpp_test_pkg/share/cpp_test_pkg/hook/cmake_prefix_path.ps1'
[1.335s] INFO:colcon.colcon_core.shell:Creating environment descriptor '/home/prajesh/my_ws/install/cpp_test_pkg/share/cpp_test_pkg/hook/cmake_prefix_path.dsv'
[1.336s] INFO:colcon.colcon_core.shell:Creating environment hook '/home/prajesh/my_ws/install/cpp_test_pkg/share/cpp_test_pkg/hook/cmake_prefix_path.sh'
[1.337s] Level 1:colcon.colcon_core.environment:checking '/home/prajesh/my_ws/install/cpp_test_pkg/lib'
[1.337s] Level 1:colcon.colcon_core.environment:checking '/home/prajesh/my_ws/install/cpp_test_pkg/bin'
[1.337s] Level 1:colcon.colcon_core.environment:checking '/home/prajesh/my_ws/install/cpp_test_pkg/lib/pkgconfig/cpp_test_pkg.pc'
[1.337s] Level 1:colcon.colcon_core.environment:checking '/home/prajesh/my_ws/install/cpp_test_pkg/lib/python3.10/site-packages'
[1.337s] Level 1:colcon.colcon_core.environment:checking '/home/prajesh/my_ws/install/cpp_test_pkg/bin'
[1.340s] INFO:colcon.colcon_core.shell:Creating package script '/home/prajesh/my_ws/install/cpp_test_pkg/share/cpp_test_pkg/package.ps1'
[1.341s] INFO:colcon.colcon_core.shell:Creating package descriptor '/home/prajesh/my_ws/install/cpp_test_pkg/share/cpp_test_pkg/package.dsv'
[1.342s] INFO:colcon.colcon_core.shell:Creating package script '/home/prajesh/my_ws/install/cpp_test_pkg/share/cpp_test_pkg/package.sh'
[1.343s] INFO:colcon.colcon_core.shell:Creating package script '/home/prajesh/my_ws/install/cpp_test_pkg/share/cpp_test_pkg/package.bash'
[1.344s] INFO:colcon.colcon_core.shell:Creating package script '/home/prajesh/my_ws/install/cpp_test_pkg/share/cpp_test_pkg/package.zsh'
[1.344s] Level 1:colcon.colcon_core.environment:create_file_with_runtime_dependencies(/home/prajesh/my_ws/install/cpp_test_pkg/share/colcon-core/packages/cpp_test_pkg)
[1.360s] Level 1:colcon.colcon_core.environment:create_environment_scripts_only(my_cpp_pkg)
[1.363s] Level 1:colcon.colcon_core.environment:checking '/home/prajesh/my_ws/install/my_cpp_pkg' for CMake module files
[1.364s] Level 1:colcon.colcon_core.environment:checking '/home/prajesh/my_ws/install/my_cpp_pkg' for CMake config files
[1.364s] Level 1:colcon.colcon_core.shell:create_environment_hook('my_cpp_pkg', 'cmake_prefix_path')
[1.365s] INFO:colcon.colcon_core.shell:Creating environment hook '/home/prajesh/my_ws/install/my_cpp_pkg/share/my_cpp_pkg/hook/cmake_prefix_path.ps1'
[1.366s] INFO:colcon.colcon_core.shell:Creating environment descriptor '/home/prajesh/my_ws/install/my_cpp_pkg/share/my_cpp_pkg/hook/cmake_prefix_path.dsv'
[1.367s] INFO:colcon.colcon_core.shell:Creating environment hook '/home/prajesh/my_ws/install/my_cpp_pkg/share/my_cpp_pkg/hook/cmake_prefix_path.sh'
[1.368s] Level 1:colcon.colcon_core.environment:checking '/home/prajesh/my_ws/install/my_cpp_pkg/lib'
[1.368s] Level 1:colcon.colcon_core.environment:checking '/home/prajesh/my_ws/install/my_cpp_pkg/bin'
[1.368s] Level 1:colcon.colcon_core.environment:checking '/home/prajesh/my_ws/install/my_cpp_pkg/lib/pkgconfig/my_cpp_pkg.pc'
[1.368s] Level 1:colcon.colcon_core.environment:checking '/home/prajesh/my_ws/install/my_cpp_pkg/lib/python3.10/site-packages'
[1.369s] Level 1:colcon.colcon_core.environment:checking '/home/prajesh/my_ws/install/my_cpp_pkg/bin'
[1.370s] INFO:colcon.colcon_core.shell:Creating package script '/home/prajesh/my_ws/install/my_cpp_pkg/share/my_cpp_pkg/package.ps1'
[1.371s] INFO:colcon.colcon_core.shell:Creating package descriptor '/home/prajesh/my_ws/install/my_cpp_pkg/share/my_cpp_pkg/package.dsv'
[1.372s] INFO:colcon.colcon_core.shell:Creating package script '/home/prajesh/my_ws/install/my_cpp_pkg/share/my_cpp_pkg/package.sh'
[1.373s] INFO:colcon.colcon_core.shell:Creating package script '/home/prajesh/my_ws/install/my_cpp_pkg/share/my_cpp_pkg/package.bash'
[1.374s] INFO:colcon.colcon_core.shell:Creating package script '/home/prajesh/my_ws/install/my_cpp_pkg/share/my_cpp_pkg/package.zsh'
[1.374s] Level 1:colcon.colcon_core.environment:create_file_with_runtime_dependencies(/home/prajesh/my_ws/install/my_cpp_pkg/share/colcon-core/packages/my_cpp_pkg)
[1.740s] DEBUG:colcon.colcon_core.event_handler.log_command:Invoking command in '/home/prajesh/my_ws/src/my_py_pkg': PYTHONPATH=/home/prajesh/my_ws/build/my_py_pkg/prefix_override:/home/prajesh/my_ws/install/my_py_pkg/lib/python3.10/site-packages:${PYTHONPATH} /usr/bin/python3 setup.py egg_info --egg-base ../../build/my_py_pkg build --build-base /home/prajesh/my_ws/build/my_py_pkg/build install --record /home/prajesh/my_ws/build/my_py_pkg/install.log --single-version-externally-managed
[2.258s] Level 1:colcon.colcon_core.environment:checking '/home/prajesh/my_ws/install/my_py_pkg' for CMake module files
[2.260s] DEBUG:colcon.colcon_core.event_handler.log_command:Invoked command in '/home/prajesh/my_ws/src/my_py_pkg' returned '0': PYTHONPATH=/home/prajesh/my_ws/build/my_py_pkg/prefix_override:/home/prajesh/my_ws/install/my_py_pkg/lib/python3.10/site-packages:${PYTHONPATH} /usr/bin/python3 setup.py egg_info --egg-base ../../build/my_py_pkg build --build-base /home/prajesh/my_ws/build/my_py_pkg/build install --record /home/prajesh/my_ws/build/my_py_pkg/install.log --single-version-externally-managed
[2.261s] Level 1:colcon.colcon_core.environment:checking '/home/prajesh/my_ws/install/my_py_pkg' for CMake config files
[2.261s] Level 1:colcon.colcon_core.environment:checking '/home/prajesh/my_ws/install/my_py_pkg/lib'
[2.262s] Level 1:colcon.colcon_core.environment:checking '/home/prajesh/my_ws/install/my_py_pkg/bin'
[2.262s] Level 1:colcon.colcon_core.environment:checking '/home/prajesh/my_ws/install/my_py_pkg/lib/pkgconfig/my_py_pkg.pc'
[2.262s] Level 1:colcon.colcon_core.environment:checking '/home/prajesh/my_ws/install/my_py_pkg/lib/python3.10/site-packages'
[2.262s] Level 1:colcon.colcon_core.shell:create_environment_hook('my_py_pkg', 'pythonpath')
[2.264s] INFO:colcon.colcon_core.shell:Creating environment hook '/home/prajesh/my_ws/install/my_py_pkg/share/my_py_pkg/hook/pythonpath.ps1'
[2.265s] INFO:colcon.colcon_core.shell:Creating environment descriptor '/home/prajesh/my_ws/install/my_py_pkg/share/my_py_pkg/hook/pythonpath.dsv'
[2.266s] INFO:colcon.colcon_core.shell:Creating environment hook '/home/prajesh/my_ws/install/my_py_pkg/share/my_py_pkg/hook/pythonpath.sh'
[2.267s] Level 1:colcon.colcon_core.environment:checking '/home/prajesh/my_ws/install/my_py_pkg/bin'
[2.267s] Level 1:colcon.colcon_core.environment:create_environment_scripts_only(my_py_pkg)
[2.271s] INFO:colcon.colcon_core.shell:Creating package script '/home/prajesh/my_ws/install/my_py_pkg/share/my_py_pkg/package.ps1'
[2.273s] INFO:colcon.colcon_core.shell:Creating package descriptor '/home/prajesh/my_ws/install/my_py_pkg/share/my_py_pkg/package.dsv'
[2.273s] INFO:colcon.colcon_core.shell:Creating package script '/home/prajesh/my_ws/install/my_py_pkg/share/my_py_pkg/package.sh'
[2.274s] INFO:colcon.colcon_core.shell:Creating package script '/home/prajesh/my_ws/install/my_py_pkg/share/my_py_pkg/package.bash'
[2.275s] INFO:colcon.colcon_core.shell:Creating package script '/home/prajesh/my_ws/install/my_py_pkg/share/my_py_pkg/package.zsh'
[2.275s] Level 1:colcon.colcon_core.environment:create_file_with_runtime_dependencies(/home/prajesh/my_ws/install/my_py_pkg/share/colcon-core/packages/my_py_pkg)
[14.814s] DEBUG:colcon.colcon_core.event_handler.log_command:Invoked command in '/home/prajesh/my_ws/build/cpp_practice' returned '0': CMAKE_PREFIX_PATH=${CMAKE_PREFIX_PATH}:/home/prajesh/my_ws/install/my_py_pkg:/opt/ros/humble /usr/bin/cmake --build /home/prajesh/my_ws/build/cpp_practice -- -j4 -l4
[14.850s] DEBUG:colcon.colcon_core.event_handler.log_command:Invoking command in '/home/prajesh/my_ws/build/cpp_practice': CMAKE_PREFIX_PATH=${CMAKE_PREFIX_PATH}:/home/prajesh/my_ws/install/my_py_pkg:/opt/ros/humble /usr/bin/cmake --install /home/prajesh/my_ws/build/cpp_practice
[14.877s] Level 1:colcon.colcon_core.environment:create_environment_scripts_only(cpp_practice)
[14.880s] Level 1:colcon.colcon_core.environment:checking '/home/prajesh/my_ws/install/cpp_practice' for CMake module files
[14.881s] DEBUG:colcon.colcon_core.event_handler.log_command:Invoked command in '/home/prajesh/my_ws/build/cpp_practice' returned '0': CMAKE_PREFIX_PATH=${CMAKE_PREFIX_PATH}:/home/prajesh/my_ws/install/my_py_pkg:/opt/ros/humble /usr/bin/cmake --install /home/prajesh/my_ws/build/cpp_practice
[14.881s] Level 1:colcon.colcon_core.environment:checking '/home/prajesh/my_ws/install/cpp_practice' for CMake config files
[14.882s] Level 1:colcon.colcon_core.shell:create_environment_hook('cpp_practice', 'cmake_prefix_path')
[14.883s] INFO:colcon.colcon_core.shell:Creating environment hook '/home/prajesh/my_ws/install/cpp_practice/share/cpp_practice/hook/cmake_prefix_path.ps1'
[14.884s] INFO:colcon.colcon_core.shell:Creating environment descriptor '/home/prajesh/my_ws/install/cpp_practice/share/cpp_practice/hook/cmake_prefix_path.dsv'
[14.885s] INFO:colcon.colcon_core.shell:Creating environment hook '/home/prajesh/my_ws/install/cpp_practice/share/cpp_practice/hook/cmake_prefix_path.sh'
[14.886s] Level 1:colcon.colcon_core.environment:checking '/home/prajesh/my_ws/install/cpp_practice/lib'
[14.886s] Level 1:colcon.colcon_core.environment:checking '/home/prajesh/my_ws/install/cpp_practice/bin'
[14.886s] Level 1:colcon.colcon_core.environment:checking '/home/prajesh/my_ws/install/cpp_practice/lib/pkgconfig/cpp_practice.pc'
[14.886s] Level 1:colcon.colcon_core.environment:checking '/home/prajesh/my_ws/install/cpp_practice/lib/python3.10/site-packages'
[14.886s] Level 1:colcon.colcon_core.environment:checking '/home/prajesh/my_ws/install/cpp_practice/bin'
[14.888s] INFO:colcon.colcon_core.shell:Creating package script '/home/prajesh/my_ws/install/cpp_practice/share/cpp_practice/package.ps1'
[14.889s] INFO:colcon.colcon_core.shell:Creating package descriptor '/home/prajesh/my_ws/install/cpp_practice/share/cpp_practice/package.dsv'
[14.889s] INFO:colcon.colcon_core.shell:Creating package script '/home/prajesh/my_ws/install/cpp_practice/share/cpp_practice/package.sh'
[14.890s] INFO:colcon.colcon_core.shell:Creating package script '/home/prajesh/my_ws/install/cpp_practice/share/cpp_practice/package.bash'
[14.891s] INFO:colcon.colcon_core.shell:Creating package script '/home/prajesh/my_ws/install/cpp_practice/share/cpp_practice/package.zsh'
[14.891s] Level 1:colcon.colcon_core.environment:create_file_with_runtime_dependencies(/home/prajesh/my_ws/install/cpp_practice/share/colcon-core/packages/cpp_practice)
[14.935s] Level 1:colcon.colcon_core.environment:create_environment_scripts_only(cpp_practice)
[14.939s] Level 1:colcon.colcon_core.environment:checking '/home/prajesh/my_ws/install/cpp_practice' for CMake module files
[14.940s] Level 1:colcon.colcon_core.environment:checking '/home/prajesh/my_ws/install/cpp_practice' for CMake config files
[14.941s] Level 1:colcon.colcon_core.shell:create_environment_hook('cpp_practice', 'cmake_prefix_path')
[14.944s] INFO:colcon.colcon_core.shell:Creating environment hook '/home/prajesh/my_ws/install/cpp_practice/share/cpp_practice/hook/cmake_prefix_path.ps1'
[14.945s] INFO:colcon.colcon_core.shell:Creating environment descriptor '/home/prajesh/my_ws/install/cpp_practice/share/cpp_practice/hook/cmake_prefix_path.dsv'
[14.946s] INFO:colcon.colcon_core.shell:Creating environment hook '/home/prajesh/my_ws/install/cpp_practice/share/cpp_practice/hook/cmake_prefix_path.sh'
[14.947s] Level 1:colcon.colcon_core.environment:checking '/home/prajesh/my_ws/install/cpp_practice/lib'
[14.948s] Level 1:colcon.colcon_core.environment:checking '/home/prajesh/my_ws/install/cpp_practice/bin'
[14.948s] Level 1:colcon.colcon_core.environment:checking '/home/prajesh/my_ws/install/cpp_practice/lib/pkgconfig/cpp_practice.pc'
[14.949s] Level 1:colcon.colcon_core.environment:checking '/home/prajesh/my_ws/install/cpp_practice/lib/python3.10/site-packages'
[14.949s] Level 1:colcon.colcon_core.environment:checking '/home/prajesh/my_ws/install/cpp_practice/bin'
[14.952s] INFO:colcon.colcon_core.shell:Creating package script '/home/prajesh/my_ws/install/cpp_practice/share/cpp_practice/package.ps1'
[14.954s] INFO:colcon.colcon_core.shell:Creating package descriptor '/home/prajesh/my_ws/install/cpp_practice/share/cpp_practice/package.dsv'
[14.955s] INFO:colcon.colcon_core.shell:Creating package script '/home/prajesh/my_ws/install/cpp_practice/share/cpp_practice/package.sh'
[14.956s] INFO:colcon.colcon_core.shell:Creating package script '/home/prajesh/my_ws/install/cpp_practice/share/cpp_practice/package.bash'
[14.958s] INFO:colcon.colcon_core.shell:Creating package script '/home/prajesh/my_ws/install/cpp_practice/share/cpp_practice/package.zsh'
[14.959s] Level 1:colcon.colcon_core.environment:create_file_with_runtime_dependencies(/home/prajesh/my_ws/install/cpp_practice/share/colcon-core/packages/cpp_practice)
[14.960s] DEBUG:colcon.colcon_parallel_executor.executor.parallel:closing loop
[14.961s] DEBUG:colcon.colcon_parallel_executor.executor.parallel:loop closed
[14.961s] DEBUG:colcon.colcon_parallel_executor.executor.parallel:run_until_complete finished with '0'
[14.962s] DEBUG:colcon.colcon_core.event_reactor:joining thread
[14.977s] INFO:colcon.colcon_core.plugin_system:Skipping extension 'colcon_notification.desktop_notification.terminal_notifier': Not used on non-Darwin systems
[14.977s] INFO:colcon.colcon_core.plugin_system:Skipping extension 'colcon_notification.desktop_notification.win32': Not used on non-Windows systems
[14.977s] INFO:colcon.colcon_notification.desktop_notification:Sending desktop notification using 'notify2'
[15.014s] DEBUG:colcon.colcon_core.event_reactor:joined thread
[15.021s] INFO:colcon.colcon_core.shell:Creating prefix script '/home/prajesh/my_ws/install/local_setup.ps1'
[15.025s] INFO:colcon.colcon_core.shell:Creating prefix util module '/home/prajesh/my_ws/install/_local_setup_util_ps1.py'
[15.032s] INFO:colcon.colcon_core.shell:Creating prefix chain script '/home/prajesh/my_ws/install/setup.ps1'
[15.044s] INFO:colcon.colcon_core.shell:Creating prefix script '/home/prajesh/my_ws/install/local_setup.sh'
[15.047s] INFO:colcon.colcon_core.shell:Creating prefix util module '/home/prajesh/my_ws/install/_local_setup_util_sh.py'
[15.050s] INFO:colcon.colcon_core.shell:Creating prefix chain script '/home/prajesh/my_ws/install/setup.sh'
[15.058s] INFO:colcon.colcon_core.shell:Creating prefix script '/home/prajesh/my_ws/install/local_setup.bash'
[15.064s] INFO:colcon.colcon_core.shell:Creating prefix chain script '/home/prajesh/my_ws/install/setup.bash'
[15.072s] INFO:colcon.colcon_core.shell:Creating prefix script '/home/prajesh/my_ws/install/local_setup.zsh'
[15.077s] INFO:colcon.colcon_core.shell:Creating prefix chain script '/home/prajesh/my_ws/install/setup.zsh'
