[0.709s] Invoking command in '/home/prajesh/my_ws/src/py_final_project': PYTHONPATH=/home/prajesh/my_ws/build/py_final_project/prefix_override:/home/prajesh/my_ws/install/py_final_project/lib/python3.10/site-packages:${PYTHONPATH} /usr/bin/python3 setup.py egg_info --egg-base ../../build/py_final_project build --build-base /home/prajesh/my_ws/build/py_final_project/build install --record /home/prajesh/my_ws/build/py_final_project/install.log --single-version-externally-managed
[0.979s] running egg_info
[0.979s] writing ../../build/py_final_project/py_final_project.egg-info/PKG-INFO
[0.979s] writing dependency_links to ../../build/py_final_project/py_final_project.egg-info/dependency_links.txt
[0.979s] writing entry points to ../../build/py_final_project/py_final_project.egg-info/entry_points.txt
[0.979s] writing requirements to ../../build/py_final_project/py_final_project.egg-info/requires.txt
[0.979s] writing top-level names to ../../build/py_final_project/py_final_project.egg-info/top_level.txt
[0.981s] reading manifest file '../../build/py_final_project/py_final_project.egg-info/SOURCES.txt'
[0.981s] writing manifest file '../../build/py_final_project/py_final_project.egg-info/SOURCES.txt'
[0.981s] running build
[0.981s] running build_py
[0.981s] copying py_final_project/turtle_controller.py -> /home/prajesh/my_ws/build/py_final_project/build/lib/py_final_project
[0.981s] running install
[0.984s] running install_lib
[0.984s] copying /home/prajesh/my_ws/build/py_final_project/build/lib/py_final_project/turtle_controller.py -> /home/prajesh/my_ws/install/py_final_project/lib/python3.10/site-packages/py_final_project
[0.984s] byte-compiling /home/prajesh/my_ws/install/py_final_project/lib/python3.10/site-packages/py_final_project/turtle_controller.py to turtle_controller.cpython-310.pyc
[0.984s] running install_data
[0.985s] running install_egg_info
[0.987s] removing '/home/prajesh/my_ws/install/py_final_project/lib/python3.10/site-packages/py_final_project-0.0.0-py3.10.egg-info' (and everything under it)
[0.988s] Copying ../../build/py_final_project/py_final_project.egg-info to /home/prajesh/my_ws/install/py_final_project/lib/python3.10/site-packages/py_final_project-0.0.0-py3.10.egg-info
[0.988s] running install_scripts
[1.008s] Installing turtle_controller_node script to /home/prajesh/my_ws/install/py_final_project/lib/py_final_project
[1.009s] Installing turtle_generator_node script to /home/prajesh/my_ws/install/py_final_project/lib/py_final_project
[1.010s] writing list of installed files to '/home/prajesh/my_ws/build/py_final_project/install.log'
[1.041s] Invoked command in '/home/prajesh/my_ws/src/py_final_project' returned '0': PYTHONPATH=/home/prajesh/my_ws/build/py_final_project/prefix_override:/home/prajesh/my_ws/install/py_final_project/lib/python3.10/site-packages:${PYTHONPATH} /usr/bin/python3 setup.py egg_info --egg-base ../../build/py_final_project build --build-base /home/prajesh/my_ws/build/py_final_project/build install --record /home/prajesh/my_ws/build/py_final_project/install.log --single-version-externally-managed
