[0.010s] Invoking command in '/home/prajesh/my_ws/build/led_system': AMENT_PREFIX_PATH=/home/prajesh/my_ws/install/battery_interfaces:${AMENT_PREFIX_PATH} CMAKE_PREFIX_PATH=/home/prajesh/my_ws/install/battery_interfaces:/home/prajesh/my_ws/install/my_robot_interfaces:/home/prajesh/my_ws/install/my_cpp_pkg:/home/prajesh/my_ws/install/cpp_test_pkg:/home/prajesh/my_ws/install/cpp_service_test:/home/prajesh/my_ws/install/cpp_practice:/home/prajesh/tbot_ws/install/turtlebot3_simulations:/home/prajesh/tbot_ws/install/turtlebot3_gazebo:/home/prajesh/tbot_ws/install/turtlebot3_fake_node:/home/prajesh/my_ws/install/py_server_test:/home/prajesh/my_ws/install/my_py_pkg:/opt/ros/humble LD_LIBRARY_PATH=/home/prajesh/my_ws/install/battery_interfaces/lib:${LD_LIBRARY_PATH} PYTHONPATH=/home/prajesh/my_ws/install/battery_interfaces/local/lib/python3.10/dist-packages:${PYTHONPATH} /usr/bin/cmake --build /home/prajesh/my_ws/build/led_system -- -j4 -l4
[0.032s] -- Found ament_cmake: 1.3.4 (/opt/ros/humble/share/ament_cmake/cmake)
[0.161s] -- Found rclcpp: 16.0.4 (/opt/ros/humble/share/rclcpp/cmake)
[0.189s] -- Found rosidl_generator_c: 3.1.4 (/opt/ros/humble/share/rosidl_generator_c/cmake)
[0.191s] -- Found rosidl_adapter: 3.1.4 (/opt/ros/humble/share/rosidl_adapter/cmake)
[0.196s] -- Found rosidl_generator_cpp: 3.1.4 (/opt/ros/humble/share/rosidl_generator_cpp/cmake)
[0.206s] -- Using all available rosidl_typesupport_c: rosidl_typesupport_fastrtps_c;rosidl_typesupport_introspection_c
[0.220s] -- Using all available rosidl_typesupport_cpp: rosidl_typesupport_fastrtps_cpp;rosidl_typesupport_introspection_cpp
[0.274s] -- Found rmw_implementation_cmake: 6.1.1 (/opt/ros/humble/share/rmw_implementation_cmake/cmake)
[0.276s] -- Found rmw_cyclonedds_cpp: 1.3.4 (/opt/ros/humble/share/rmw_cyclonedds_cpp/cmake)
[0.301s] -- Using RMW implementation 'rmw_cyclonedds_cpp' as default
[0.446s] -- Found example_interfaces: 0.9.3 (/opt/ros/humble/share/example_interfaces/cmake)
[0.574s] -- Found battery_interfaces: 0.0.0 (/home/prajesh/my_ws/install/battery_interfaces/share/battery_interfaces/cmake)
[0.650s] -- Configuring done
[0.662s] -- Generating done
[0.662s] -- Build files have been written to: /home/prajesh/my_ws/build/led_system
[0.683s] [35m[1mConsolidate compiler generated dependencies of target led_client[0m
[0.708s] [ 50%] [32mBuilding CXX object CMakeFiles/led_client.dir/src/led_client.cpp.o[0m
[2.800s] [01m[K/home/prajesh/my_ws/src/led_system/src/led_client.cpp:14:5:[m[K [01;31m[Kerror: [m[Knon-static data member declared with placeholder ‘[01m[Kauto[m[K’
[2.800s]    14 |     [01;31m[Kauto[m[K srv = battery_interfaces::srv::BatteryStatus();
[2.800s]       |     [01;31m[K^~~~[m[K
[2.815s] [01m[K/home/prajesh/my_ws/src/led_system/src/led_client.cpp:[m[K In member function ‘[01m[Kvoid BatteryStateClass::client_callback()[m[K’:
[2.816s] [01m[K/home/prajesh/my_ws/src/led_system/src/led_client.cpp:34:29:[m[K [01;31m[Kerror: [m[K‘[01m[KTrue[m[K’ was not declared in this scope
[2.816s]    34 |                 srv.state = [01;31m[KTrue[m[K;
[2.816s]       |                             [01;31m[K^~~~[m[K
[3.351s] gmake[2]: *** [CMakeFiles/led_client.dir/build.make:76: CMakeFiles/led_client.dir/src/led_client.cpp.o] Error 1
[3.351s] gmake[1]: *** [CMakeFiles/Makefile2:137: CMakeFiles/led_client.dir/all] Error 2
[3.352s] gmake: *** [Makefile:146: all] Error 2
[3.353s] Invoked command in '/home/prajesh/my_ws/build/led_system' returned '2': AMENT_PREFIX_PATH=/home/prajesh/my_ws/install/battery_interfaces:${AMENT_PREFIX_PATH} CMAKE_PREFIX_PATH=/home/prajesh/my_ws/install/battery_interfaces:/home/prajesh/my_ws/install/my_robot_interfaces:/home/prajesh/my_ws/install/my_cpp_pkg:/home/prajesh/my_ws/install/cpp_test_pkg:/home/prajesh/my_ws/install/cpp_service_test:/home/prajesh/my_ws/install/cpp_practice:/home/prajesh/tbot_ws/install/turtlebot3_simulations:/home/prajesh/tbot_ws/install/turtlebot3_gazebo:/home/prajesh/tbot_ws/install/turtlebot3_fake_node:/home/prajesh/my_ws/install/py_server_test:/home/prajesh/my_ws/install/my_py_pkg:/opt/ros/humble LD_LIBRARY_PATH=/home/prajesh/my_ws/install/battery_interfaces/lib:${LD_LIBRARY_PATH} PYTHONPATH=/home/prajesh/my_ws/install/battery_interfaces/local/lib/python3.10/dist-packages:${PYTHONPATH} /usr/bin/cmake --build /home/prajesh/my_ws/build/led_system -- -j4 -l4
