[0.458s] DEBUG:colcon:Command line arguments: ['/usr/bin/colcon', 'build']
[0.458s] DEBUG:colcon:Parsed command line arguments: Namespace(log_base=None, log_level=None, verb_name='build', build_base='build', install_base='install', merge_install=False, symlink_install=False, test_result_base=None, continue_on_error=False, executor='parallel', parallel_workers=4, event_handlers=None, ignore_user_meta=False, metas=['./colcon.meta'], base_paths=['.'], packages_ignore=None, packages_ignore_regex=None, paths=None, packages_up_to=None, packages_up_to_regex=None, packages_above=None, packages_above_and_dependencies=None, packages_above_depth=None, packages_select_by_dep=None, packages_skip_by_dep=None, packages_skip_up_to=None, packages_select_build_failed=False, packages_skip_build_finished=False, packages_select_test_failures=False, packages_skip_test_passed=False, packages_select=None, packages_skip=None, packages_select_regex=None, packages_skip_regex=None, packages_start=None, packages_end=None, allow_overriding=[], cmake_args=None, cmake_target=None, cmake_target_skip_unavailable=False, cmake_clean_cache=False, cmake_clean_first=False, cmake_force_configure=False, ament_cmake_args=None, catkin_cmake_args=None, catkin_skip_building_tests=False, verb_parser=<colcon_defaults.argument_parser.defaults.DefaultArgumentsDecorator object at 0x7fbe1a33bc70>, verb_extension=<colcon_core.verb.build.BuildVerb object at 0x7fbe1a33b790>, main=<bound method BuildVerb.main of <colcon_core.verb.build.BuildVerb object at 0x7fbe1a33b790>>)
[0.500s] Level 1:colcon.colcon_core.package_discovery:discover_packages(colcon_meta) check parameters
[0.500s] Level 1:colcon.colcon_core.package_discovery:discover_packages(recursive) check parameters
[0.500s] Level 1:colcon.colcon_core.package_discovery:discover_packages(ignore) check parameters
[0.500s] Level 1:colcon.colcon_core.package_discovery:discover_packages(path) check parameters
[0.500s] Level 1:colcon.colcon_core.package_discovery:discover_packages(colcon_meta) discover
[0.500s] Level 1:colcon.colcon_core.package_discovery:discover_packages(recursive) discover
[0.500s] INFO:colcon.colcon_core.package_discovery:Crawling recursively for packages in '/home/prajesh/my_ws'
[0.500s] Level 1:colcon.colcon_core.package_identification:_identify(.) by extensions ['ignore', 'ignore_ament_install']
[0.500s] Level 1:colcon.colcon_core.package_identification:_identify(.) by extension 'ignore'
[0.501s] Level 1:colcon.colcon_core.package_identification:_identify(.) by extension 'ignore_ament_install'
[0.501s] Level 1:colcon.colcon_core.package_identification:_identify(.) by extensions ['colcon_pkg']
[0.501s] Level 1:colcon.colcon_core.package_identification:_identify(.) by extension 'colcon_pkg'
[0.501s] Level 1:colcon.colcon_core.package_identification:_identify(.) by extensions ['colcon_meta']
[0.501s] Level 1:colcon.colcon_core.package_identification:_identify(.) by extension 'colcon_meta'
[0.501s] Level 1:colcon.colcon_core.package_identification:_identify(.) by extensions ['ros']
[0.501s] Level 1:colcon.colcon_core.package_identification:_identify(.) by extension 'ros'
[0.510s] Level 1:colcon.colcon_core.package_identification:_identify(.) by extensions ['cmake', 'python']
[0.510s] Level 1:colcon.colcon_core.package_identification:_identify(.) by extension 'cmake'
[0.510s] Level 1:colcon.colcon_core.package_identification:_identify(.) by extension 'python'
[0.510s] Level 1:colcon.colcon_core.package_identification:_identify(.) by extensions ['python_setup_py']
[0.510s] Level 1:colcon.colcon_core.package_identification:_identify(.) by extension 'python_setup_py'
[0.510s] Level 1:colcon.colcon_core.package_identification:_identify(build) by extensions ['ignore', 'ignore_ament_install']
[0.510s] Level 1:colcon.colcon_core.package_identification:_identify(build) by extension 'ignore'
[0.510s] Level 1:colcon.colcon_core.package_identification:_identify(build) ignored
[0.510s] Level 1:colcon.colcon_core.package_identification:_identify(install) by extensions ['ignore', 'ignore_ament_install']
[0.510s] Level 1:colcon.colcon_core.package_identification:_identify(install) by extension 'ignore'
[0.510s] Level 1:colcon.colcon_core.package_identification:_identify(install) ignored
[0.511s] Level 1:colcon.colcon_core.package_identification:_identify(log) by extensions ['ignore', 'ignore_ament_install']
[0.511s] Level 1:colcon.colcon_core.package_identification:_identify(log) by extension 'ignore'
[0.511s] Level 1:colcon.colcon_core.package_identification:_identify(log) ignored
[0.511s] Level 1:colcon.colcon_core.package_identification:_identify(src) by extensions ['ignore', 'ignore_ament_install']
[0.511s] Level 1:colcon.colcon_core.package_identification:_identify(src) by extension 'ignore'
[0.511s] Level 1:colcon.colcon_core.package_identification:_identify(src) by extension 'ignore_ament_install'
[0.511s] Level 1:colcon.colcon_core.package_identification:_identify(src) by extensions ['colcon_pkg']
[0.511s] Level 1:colcon.colcon_core.package_identification:_identify(src) by extension 'colcon_pkg'
[0.511s] Level 1:colcon.colcon_core.package_identification:_identify(src) by extensions ['colcon_meta']
[0.511s] Level 1:colcon.colcon_core.package_identification:_identify(src) by extension 'colcon_meta'
[0.511s] Level 1:colcon.colcon_core.package_identification:_identify(src) by extensions ['ros']
[0.511s] Level 1:colcon.colcon_core.package_identification:_identify(src) by extension 'ros'
[0.511s] Level 1:colcon.colcon_core.package_identification:_identify(src) by extensions ['cmake', 'python']
[0.511s] Level 1:colcon.colcon_core.package_identification:_identify(src) by extension 'cmake'
[0.511s] Level 1:colcon.colcon_core.package_identification:_identify(src) by extension 'python'
[0.511s] Level 1:colcon.colcon_core.package_identification:_identify(src) by extensions ['python_setup_py']
[0.511s] Level 1:colcon.colcon_core.package_identification:_identify(src) by extension 'python_setup_py'
[0.512s] Level 1:colcon.colcon_core.package_identification:_identify(src/cpp_practice) by extensions ['ignore', 'ignore_ament_install']
[0.512s] Level 1:colcon.colcon_core.package_identification:_identify(src/cpp_practice) by extension 'ignore'
[0.512s] Level 1:colcon.colcon_core.package_identification:_identify(src/cpp_practice) by extension 'ignore_ament_install'
[0.512s] Level 1:colcon.colcon_core.package_identification:_identify(src/cpp_practice) by extensions ['colcon_pkg']
[0.512s] Level 1:colcon.colcon_core.package_identification:_identify(src/cpp_practice) by extension 'colcon_pkg'
[0.512s] Level 1:colcon.colcon_core.package_identification:_identify(src/cpp_practice) by extensions ['colcon_meta']
[0.512s] Level 1:colcon.colcon_core.package_identification:_identify(src/cpp_practice) by extension 'colcon_meta'
[0.512s] Level 1:colcon.colcon_core.package_identification:_identify(src/cpp_practice) by extensions ['ros']
[0.512s] Level 1:colcon.colcon_core.package_identification:_identify(src/cpp_practice) by extension 'ros'
[0.515s] DEBUG:colcon.colcon_core.package_identification:Package 'src/cpp_practice' with type 'ros.ament_cmake' and name 'cpp_practice'
[0.515s] Level 1:colcon.colcon_core.package_identification:_identify(src/cpp_service_test) by extensions ['ignore', 'ignore_ament_install']
[0.515s] Level 1:colcon.colcon_core.package_identification:_identify(src/cpp_service_test) by extension 'ignore'
[0.515s] Level 1:colcon.colcon_core.package_identification:_identify(src/cpp_service_test) by extension 'ignore_ament_install'
[0.516s] Level 1:colcon.colcon_core.package_identification:_identify(src/cpp_service_test) by extensions ['colcon_pkg']
[0.516s] Level 1:colcon.colcon_core.package_identification:_identify(src/cpp_service_test) by extension 'colcon_pkg'
[0.516s] Level 1:colcon.colcon_core.package_identification:_identify(src/cpp_service_test) by extensions ['colcon_meta']
[0.516s] Level 1:colcon.colcon_core.package_identification:_identify(src/cpp_service_test) by extension 'colcon_meta'
[0.516s] Level 1:colcon.colcon_core.package_identification:_identify(src/cpp_service_test) by extensions ['ros']
[0.516s] Level 1:colcon.colcon_core.package_identification:_identify(src/cpp_service_test) by extension 'ros'
[0.516s] DEBUG:colcon.colcon_core.package_identification:Package 'src/cpp_service_test' with type 'ros.ament_cmake' and name 'cpp_service_test'
[0.517s] Level 1:colcon.colcon_core.package_identification:_identify(src/cpp_test_pkg) by extensions ['ignore', 'ignore_ament_install']
[0.517s] Level 1:colcon.colcon_core.package_identification:_identify(src/cpp_test_pkg) by extension 'ignore'
[0.517s] Level 1:colcon.colcon_core.package_identification:_identify(src/cpp_test_pkg) by extension 'ignore_ament_install'
[0.517s] Level 1:colcon.colcon_core.package_identification:_identify(src/cpp_test_pkg) by extensions ['colcon_pkg']
[0.517s] Level 1:colcon.colcon_core.package_identification:_identify(src/cpp_test_pkg) by extension 'colcon_pkg'
[0.517s] Level 1:colcon.colcon_core.package_identification:_identify(src/cpp_test_pkg) by extensions ['colcon_meta']
[0.517s] Level 1:colcon.colcon_core.package_identification:_identify(src/cpp_test_pkg) by extension 'colcon_meta'
[0.517s] Level 1:colcon.colcon_core.package_identification:_identify(src/cpp_test_pkg) by extensions ['ros']
[0.517s] Level 1:colcon.colcon_core.package_identification:_identify(src/cpp_test_pkg) by extension 'ros'
[0.518s] DEBUG:colcon.colcon_core.package_identification:Package 'src/cpp_test_pkg' with type 'ros.ament_cmake' and name 'cpp_test_pkg'
[0.518s] Level 1:colcon.colcon_core.package_identification:_identify(src/led_system) by extensions ['ignore', 'ignore_ament_install']
[0.518s] Level 1:colcon.colcon_core.package_identification:_identify(src/led_system) by extension 'ignore'
[0.518s] Level 1:colcon.colcon_core.package_identification:_identify(src/led_system) by extension 'ignore_ament_install'
[0.518s] Level 1:colcon.colcon_core.package_identification:_identify(src/led_system) by extensions ['colcon_pkg']
[0.518s] Level 1:colcon.colcon_core.package_identification:_identify(src/led_system) by extension 'colcon_pkg'
[0.518s] Level 1:colcon.colcon_core.package_identification:_identify(src/led_system) by extensions ['colcon_meta']
[0.518s] Level 1:colcon.colcon_core.package_identification:_identify(src/led_system) by extension 'colcon_meta'
[0.518s] Level 1:colcon.colcon_core.package_identification:_identify(src/led_system) by extensions ['ros']
[0.518s] Level 1:colcon.colcon_core.package_identification:_identify(src/led_system) by extension 'ros'
[0.519s] DEBUG:colcon.colcon_core.package_identification:Package 'src/led_system' with type 'ros.ament_cmake' and name 'led_system'
[0.519s] Level 1:colcon.colcon_core.package_identification:_identify(src/my_cpp_pkg) by extensions ['ignore', 'ignore_ament_install']
[0.519s] Level 1:colcon.colcon_core.package_identification:_identify(src/my_cpp_pkg) by extension 'ignore'
[0.519s] Level 1:colcon.colcon_core.package_identification:_identify(src/my_cpp_pkg) by extension 'ignore_ament_install'
[0.519s] Level 1:colcon.colcon_core.package_identification:_identify(src/my_cpp_pkg) by extensions ['colcon_pkg']
[0.519s] Level 1:colcon.colcon_core.package_identification:_identify(src/my_cpp_pkg) by extension 'colcon_pkg'
[0.519s] Level 1:colcon.colcon_core.package_identification:_identify(src/my_cpp_pkg) by extensions ['colcon_meta']
[0.519s] Level 1:colcon.colcon_core.package_identification:_identify(src/my_cpp_pkg) by extension 'colcon_meta'
[0.519s] Level 1:colcon.colcon_core.package_identification:_identify(src/my_cpp_pkg) by extensions ['ros']
[0.519s] Level 1:colcon.colcon_core.package_identification:_identify(src/my_cpp_pkg) by extension 'ros'
[0.520s] DEBUG:colcon.colcon_core.package_identification:Package 'src/my_cpp_pkg' with type 'ros.ament_cmake' and name 'my_cpp_pkg'
[0.520s] Level 1:colcon.colcon_core.package_identification:_identify(src/my_py_pkg) by extensions ['ignore', 'ignore_ament_install']
[0.520s] Level 1:colcon.colcon_core.package_identification:_identify(src/my_py_pkg) by extension 'ignore'
[0.520s] Level 1:colcon.colcon_core.package_identification:_identify(src/my_py_pkg) by extension 'ignore_ament_install'
[0.520s] Level 1:colcon.colcon_core.package_identification:_identify(src/my_py_pkg) by extensions ['colcon_pkg']
[0.520s] Level 1:colcon.colcon_core.package_identification:_identify(src/my_py_pkg) by extension 'colcon_pkg'
[0.520s] Level 1:colcon.colcon_core.package_identification:_identify(src/my_py_pkg) by extensions ['colcon_meta']
[0.520s] Level 1:colcon.colcon_core.package_identification:_identify(src/my_py_pkg) by extension 'colcon_meta'
[0.520s] Level 1:colcon.colcon_core.package_identification:_identify(src/my_py_pkg) by extensions ['ros']
[0.520s] Level 1:colcon.colcon_core.package_identification:_identify(src/my_py_pkg) by extension 'ros'
[0.521s] DEBUG:colcon.colcon_core.package_identification:Package 'src/my_py_pkg' with type 'ros.ament_python' and name 'my_py_pkg'
[0.522s] Level 1:colcon.colcon_core.package_identification:_identify(src/my_robot_interfaces) by extensions ['ignore', 'ignore_ament_install']
[0.522s] Level 1:colcon.colcon_core.package_identification:_identify(src/my_robot_interfaces) by extension 'ignore'
[0.522s] Level 1:colcon.colcon_core.package_identification:_identify(src/my_robot_interfaces) by extension 'ignore_ament_install'
[0.522s] Level 1:colcon.colcon_core.package_identification:_identify(src/my_robot_interfaces) by extensions ['colcon_pkg']
[0.522s] Level 1:colcon.colcon_core.package_identification:_identify(src/my_robot_interfaces) by extension 'colcon_pkg'
[0.522s] Level 1:colcon.colcon_core.package_identification:_identify(src/my_robot_interfaces) by extensions ['colcon_meta']
[0.522s] Level 1:colcon.colcon_core.package_identification:_identify(src/my_robot_interfaces) by extension 'colcon_meta'
[0.522s] Level 1:colcon.colcon_core.package_identification:_identify(src/my_robot_interfaces) by extensions ['ros']
[0.522s] Level 1:colcon.colcon_core.package_identification:_identify(src/my_robot_interfaces) by extension 'ros'
[0.522s] DEBUG:colcon.colcon_core.package_identification:Package 'src/my_robot_interfaces' with type 'ros.ament_cmake' and name 'my_robot_interfaces'
[0.523s] Level 1:colcon.colcon_core.package_identification:_identify(src/py_server_test) by extensions ['ignore', 'ignore_ament_install']
[0.523s] Level 1:colcon.colcon_core.package_identification:_identify(src/py_server_test) by extension 'ignore'
[0.523s] Level 1:colcon.colcon_core.package_identification:_identify(src/py_server_test) by extension 'ignore_ament_install'
[0.523s] Level 1:colcon.colcon_core.package_identification:_identify(src/py_server_test) by extensions ['colcon_pkg']
[0.523s] Level 1:colcon.colcon_core.package_identification:_identify(src/py_server_test) by extension 'colcon_pkg'
[0.523s] Level 1:colcon.colcon_core.package_identification:_identify(src/py_server_test) by extensions ['colcon_meta']
[0.523s] Level 1:colcon.colcon_core.package_identification:_identify(src/py_server_test) by extension 'colcon_meta'
[0.523s] Level 1:colcon.colcon_core.package_identification:_identify(src/py_server_test) by extensions ['ros']
[0.523s] Level 1:colcon.colcon_core.package_identification:_identify(src/py_server_test) by extension 'ros'
[0.524s] DEBUG:colcon.colcon_core.package_identification:Package 'src/py_server_test' with type 'ros.ament_python' and name 'py_server_test'
[0.524s] Level 1:colcon.colcon_core.package_discovery:discover_packages(recursive) using defaults
[0.524s] Level 1:colcon.colcon_core.package_discovery:discover_packages(ignore) discover
[0.524s] Level 1:colcon.colcon_core.package_discovery:discover_packages(ignore) using defaults
[0.524s] Level 1:colcon.colcon_core.package_discovery:discover_packages(path) discover
[0.524s] Level 1:colcon.colcon_core.package_discovery:discover_packages(path) using defaults
[0.553s] Level 1:colcon.colcon_core.package_discovery:discover_packages(prefix_path) check parameters
[0.553s] Level 1:colcon.colcon_core.package_discovery:discover_packages(prefix_path) discover
[0.559s] DEBUG:colcon.colcon_installed_package_information.package_discovery:Found 7 installed packages in /home/prajesh/my_ws/install
[0.560s] DEBUG:colcon.colcon_installed_package_information.package_discovery:Found 3 installed packages in /home/prajesh/tbot_ws/install
[0.562s] DEBUG:colcon.colcon_installed_package_information.package_discovery:Found 383 installed packages in /opt/ros/humble
[0.564s] Level 1:colcon.colcon_core.package_discovery:discover_packages(prefix_path) using defaults
[0.630s] Level 5:colcon.colcon_core.verb:set package 'cpp_practice' build argument 'cmake_args' from command line to 'None'
[0.630s] Level 5:colcon.colcon_core.verb:set package 'cpp_practice' build argument 'cmake_target' from command line to 'None'
[0.630s] Level 5:colcon.colcon_core.verb:set package 'cpp_practice' build argument 'cmake_target_skip_unavailable' from command line to 'False'
[0.630s] Level 5:colcon.colcon_core.verb:set package 'cpp_practice' build argument 'cmake_clean_cache' from command line to 'False'
[0.630s] Level 5:colcon.colcon_core.verb:set package 'cpp_practice' build argument 'cmake_clean_first' from command line to 'False'
[0.630s] Level 5:colcon.colcon_core.verb:set package 'cpp_practice' build argument 'cmake_force_configure' from command line to 'False'
[0.630s] Level 5:colcon.colcon_core.verb:set package 'cpp_practice' build argument 'ament_cmake_args' from command line to 'None'
[0.630s] Level 5:colcon.colcon_core.verb:set package 'cpp_practice' build argument 'catkin_cmake_args' from command line to 'None'
[0.630s] Level 5:colcon.colcon_core.verb:set package 'cpp_practice' build argument 'catkin_skip_building_tests' from command line to 'False'
[0.630s] DEBUG:colcon.colcon_core.verb:Building package 'cpp_practice' with the following arguments: {'ament_cmake_args': None, 'build_base': '/home/prajesh/my_ws/build/cpp_practice', 'catkin_cmake_args': None, 'catkin_skip_building_tests': False, 'cmake_args': None, 'cmake_clean_cache': False, 'cmake_clean_first': False, 'cmake_force_configure': False, 'cmake_target': None, 'cmake_target_skip_unavailable': False, 'install_base': '/home/prajesh/my_ws/install/cpp_practice', 'merge_install': False, 'path': '/home/prajesh/my_ws/src/cpp_practice', 'symlink_install': False, 'test_result_base': None}
[0.631s] Level 5:colcon.colcon_core.verb:set package 'cpp_service_test' build argument 'cmake_args' from command line to 'None'
[0.631s] Level 5:colcon.colcon_core.verb:set package 'cpp_service_test' build argument 'cmake_target' from command line to 'None'
[0.631s] Level 5:colcon.colcon_core.verb:set package 'cpp_service_test' build argument 'cmake_target_skip_unavailable' from command line to 'False'
[0.631s] Level 5:colcon.colcon_core.verb:set package 'cpp_service_test' build argument 'cmake_clean_cache' from command line to 'False'
[0.631s] Level 5:colcon.colcon_core.verb:set package 'cpp_service_test' build argument 'cmake_clean_first' from command line to 'False'
[0.631s] Level 5:colcon.colcon_core.verb:set package 'cpp_service_test' build argument 'cmake_force_configure' from command line to 'False'
[0.631s] Level 5:colcon.colcon_core.verb:set package 'cpp_service_test' build argument 'ament_cmake_args' from command line to 'None'
[0.631s] Level 5:colcon.colcon_core.verb:set package 'cpp_service_test' build argument 'catkin_cmake_args' from command line to 'None'
[0.631s] Level 5:colcon.colcon_core.verb:set package 'cpp_service_test' build argument 'catkin_skip_building_tests' from command line to 'False'
[0.631s] DEBUG:colcon.colcon_core.verb:Building package 'cpp_service_test' with the following arguments: {'ament_cmake_args': None, 'build_base': '/home/prajesh/my_ws/build/cpp_service_test', 'catkin_cmake_args': None, 'catkin_skip_building_tests': False, 'cmake_args': None, 'cmake_clean_cache': False, 'cmake_clean_first': False, 'cmake_force_configure': False, 'cmake_target': None, 'cmake_target_skip_unavailable': False, 'install_base': '/home/prajesh/my_ws/install/cpp_service_test', 'merge_install': False, 'path': '/home/prajesh/my_ws/src/cpp_service_test', 'symlink_install': False, 'test_result_base': None}
[0.632s] Level 5:colcon.colcon_core.verb:set package 'cpp_test_pkg' build argument 'cmake_args' from command line to 'None'
[0.632s] Level 5:colcon.colcon_core.verb:set package 'cpp_test_pkg' build argument 'cmake_target' from command line to 'None'
[0.632s] Level 5:colcon.colcon_core.verb:set package 'cpp_test_pkg' build argument 'cmake_target_skip_unavailable' from command line to 'False'
[0.632s] Level 5:colcon.colcon_core.verb:set package 'cpp_test_pkg' build argument 'cmake_clean_cache' from command line to 'False'
[0.632s] Level 5:colcon.colcon_core.verb:set package 'cpp_test_pkg' build argument 'cmake_clean_first' from command line to 'False'
[0.632s] Level 5:colcon.colcon_core.verb:set package 'cpp_test_pkg' build argument 'cmake_force_configure' from command line to 'False'
[0.632s] Level 5:colcon.colcon_core.verb:set package 'cpp_test_pkg' build argument 'ament_cmake_args' from command line to 'None'
[0.632s] Level 5:colcon.colcon_core.verb:set package 'cpp_test_pkg' build argument 'catkin_cmake_args' from command line to 'None'
[0.632s] Level 5:colcon.colcon_core.verb:set package 'cpp_test_pkg' build argument 'catkin_skip_building_tests' from command line to 'False'
[0.632s] DEBUG:colcon.colcon_core.verb:Building package 'cpp_test_pkg' with the following arguments: {'ament_cmake_args': None, 'build_base': '/home/prajesh/my_ws/build/cpp_test_pkg', 'catkin_cmake_args': None, 'catkin_skip_building_tests': False, 'cmake_args': None, 'cmake_clean_cache': False, 'cmake_clean_first': False, 'cmake_force_configure': False, 'cmake_target': None, 'cmake_target_skip_unavailable': False, 'install_base': '/home/prajesh/my_ws/install/cpp_test_pkg', 'merge_install': False, 'path': '/home/prajesh/my_ws/src/cpp_test_pkg', 'symlink_install': False, 'test_result_base': None}
[0.633s] Level 5:colcon.colcon_core.verb:set package 'led_system' build argument 'cmake_args' from command line to 'None'
[0.633s] Level 5:colcon.colcon_core.verb:set package 'led_system' build argument 'cmake_target' from command line to 'None'
[0.633s] Level 5:colcon.colcon_core.verb:set package 'led_system' build argument 'cmake_target_skip_unavailable' from command line to 'False'
[0.633s] Level 5:colcon.colcon_core.verb:set package 'led_system' build argument 'cmake_clean_cache' from command line to 'False'
[0.633s] Level 5:colcon.colcon_core.verb:set package 'led_system' build argument 'cmake_clean_first' from command line to 'False'
[0.633s] Level 5:colcon.colcon_core.verb:set package 'led_system' build argument 'cmake_force_configure' from command line to 'False'
[0.633s] Level 5:colcon.colcon_core.verb:set package 'led_system' build argument 'ament_cmake_args' from command line to 'None'
[0.633s] Level 5:colcon.colcon_core.verb:set package 'led_system' build argument 'catkin_cmake_args' from command line to 'None'
[0.633s] Level 5:colcon.colcon_core.verb:set package 'led_system' build argument 'catkin_skip_building_tests' from command line to 'False'
[0.633s] DEBUG:colcon.colcon_core.verb:Building package 'led_system' with the following arguments: {'ament_cmake_args': None, 'build_base': '/home/prajesh/my_ws/build/led_system', 'catkin_cmake_args': None, 'catkin_skip_building_tests': False, 'cmake_args': None, 'cmake_clean_cache': False, 'cmake_clean_first': False, 'cmake_force_configure': False, 'cmake_target': None, 'cmake_target_skip_unavailable': False, 'install_base': '/home/prajesh/my_ws/install/led_system', 'merge_install': False, 'path': '/home/prajesh/my_ws/src/led_system', 'symlink_install': False, 'test_result_base': None}
[0.634s] Level 5:colcon.colcon_core.verb:set package 'my_cpp_pkg' build argument 'cmake_args' from command line to 'None'
[0.634s] Level 5:colcon.colcon_core.verb:set package 'my_cpp_pkg' build argument 'cmake_target' from command line to 'None'
[0.634s] Level 5:colcon.colcon_core.verb:set package 'my_cpp_pkg' build argument 'cmake_target_skip_unavailable' from command line to 'False'
[0.634s] Level 5:colcon.colcon_core.verb:set package 'my_cpp_pkg' build argument 'cmake_clean_cache' from command line to 'False'
[0.634s] Level 5:colcon.colcon_core.verb:set package 'my_cpp_pkg' build argument 'cmake_clean_first' from command line to 'False'
[0.634s] Level 5:colcon.colcon_core.verb:set package 'my_cpp_pkg' build argument 'cmake_force_configure' from command line to 'False'
[0.634s] Level 5:colcon.colcon_core.verb:set package 'my_cpp_pkg' build argument 'ament_cmake_args' from command line to 'None'
[0.634s] Level 5:colcon.colcon_core.verb:set package 'my_cpp_pkg' build argument 'catkin_cmake_args' from command line to 'None'
[0.634s] Level 5:colcon.colcon_core.verb:set package 'my_cpp_pkg' build argument 'catkin_skip_building_tests' from command line to 'False'
[0.634s] DEBUG:colcon.colcon_core.verb:Building package 'my_cpp_pkg' with the following arguments: {'ament_cmake_args': None, 'build_base': '/home/prajesh/my_ws/build/my_cpp_pkg', 'catkin_cmake_args': None, 'catkin_skip_building_tests': False, 'cmake_args': None, 'cmake_clean_cache': False, 'cmake_clean_first': False, 'cmake_force_configure': False, 'cmake_target': None, 'cmake_target_skip_unavailable': False, 'install_base': '/home/prajesh/my_ws/install/my_cpp_pkg', 'merge_install': False, 'path': '/home/prajesh/my_ws/src/my_cpp_pkg', 'symlink_install': False, 'test_result_base': None}
[0.635s] Level 5:colcon.colcon_core.verb:set package 'my_robot_interfaces' build argument 'cmake_args' from command line to 'None'
[0.635s] Level 5:colcon.colcon_core.verb:set package 'my_robot_interfaces' build argument 'cmake_target' from command line to 'None'
[0.635s] Level 5:colcon.colcon_core.verb:set package 'my_robot_interfaces' build argument 'cmake_target_skip_unavailable' from command line to 'False'
[0.635s] Level 5:colcon.colcon_core.verb:set package 'my_robot_interfaces' build argument 'cmake_clean_cache' from command line to 'False'
[0.635s] Level 5:colcon.colcon_core.verb:set package 'my_robot_interfaces' build argument 'cmake_clean_first' from command line to 'False'
[0.635s] Level 5:colcon.colcon_core.verb:set package 'my_robot_interfaces' build argument 'cmake_force_configure' from command line to 'False'
[0.635s] Level 5:colcon.colcon_core.verb:set package 'my_robot_interfaces' build argument 'ament_cmake_args' from command line to 'None'
[0.635s] Level 5:colcon.colcon_core.verb:set package 'my_robot_interfaces' build argument 'catkin_cmake_args' from command line to 'None'
[0.635s] Level 5:colcon.colcon_core.verb:set package 'my_robot_interfaces' build argument 'catkin_skip_building_tests' from command line to 'False'
[0.635s] DEBUG:colcon.colcon_core.verb:Building package 'my_robot_interfaces' with the following arguments: {'ament_cmake_args': None, 'build_base': '/home/prajesh/my_ws/build/my_robot_interfaces', 'catkin_cmake_args': None, 'catkin_skip_building_tests': False, 'cmake_args': None, 'cmake_clean_cache': False, 'cmake_clean_first': False, 'cmake_force_configure': False, 'cmake_target': None, 'cmake_target_skip_unavailable': False, 'install_base': '/home/prajesh/my_ws/install/my_robot_interfaces', 'merge_install': False, 'path': '/home/prajesh/my_ws/src/my_robot_interfaces', 'symlink_install': False, 'test_result_base': None}
[0.636s] Level 5:colcon.colcon_core.verb:set package 'py_server_test' build argument 'cmake_args' from command line to 'None'
[0.636s] Level 5:colcon.colcon_core.verb:set package 'py_server_test' build argument 'cmake_target' from command line to 'None'
[0.636s] Level 5:colcon.colcon_core.verb:set package 'py_server_test' build argument 'cmake_target_skip_unavailable' from command line to 'False'
[0.636s] Level 5:colcon.colcon_core.verb:set package 'py_server_test' build argument 'cmake_clean_cache' from command line to 'False'
[0.636s] Level 5:colcon.colcon_core.verb:set package 'py_server_test' build argument 'cmake_clean_first' from command line to 'False'
[0.636s] Level 5:colcon.colcon_core.verb:set package 'py_server_test' build argument 'cmake_force_configure' from command line to 'False'
[0.636s] Level 5:colcon.colcon_core.verb:set package 'py_server_test' build argument 'ament_cmake_args' from command line to 'None'
[0.636s] Level 5:colcon.colcon_core.verb:set package 'py_server_test' build argument 'catkin_cmake_args' from command line to 'None'
[0.636s] Level 5:colcon.colcon_core.verb:set package 'py_server_test' build argument 'catkin_skip_building_tests' from command line to 'False'
[0.636s] DEBUG:colcon.colcon_core.verb:Building package 'py_server_test' with the following arguments: {'ament_cmake_args': None, 'build_base': '/home/prajesh/my_ws/build/py_server_test', 'catkin_cmake_args': None, 'catkin_skip_building_tests': False, 'cmake_args': None, 'cmake_clean_cache': False, 'cmake_clean_first': False, 'cmake_force_configure': False, 'cmake_target': None, 'cmake_target_skip_unavailable': False, 'install_base': '/home/prajesh/my_ws/install/py_server_test', 'merge_install': False, 'path': '/home/prajesh/my_ws/src/py_server_test', 'symlink_install': False, 'test_result_base': None}
[0.637s] Level 5:colcon.colcon_core.verb:set package 'my_py_pkg' build argument 'cmake_args' from command line to 'None'
[0.637s] Level 5:colcon.colcon_core.verb:set package 'my_py_pkg' build argument 'cmake_target' from command line to 'None'
[0.637s] Level 5:colcon.colcon_core.verb:set package 'my_py_pkg' build argument 'cmake_target_skip_unavailable' from command line to 'False'
[0.637s] Level 5:colcon.colcon_core.verb:set package 'my_py_pkg' build argument 'cmake_clean_cache' from command line to 'False'
[0.637s] Level 5:colcon.colcon_core.verb:set package 'my_py_pkg' build argument 'cmake_clean_first' from command line to 'False'
[0.637s] Level 5:colcon.colcon_core.verb:set package 'my_py_pkg' build argument 'cmake_force_configure' from command line to 'False'
[0.637s] Level 5:colcon.colcon_core.verb:set package 'my_py_pkg' build argument 'ament_cmake_args' from command line to 'None'
[0.637s] Level 5:colcon.colcon_core.verb:set package 'my_py_pkg' build argument 'catkin_cmake_args' from command line to 'None'
[0.637s] Level 5:colcon.colcon_core.verb:set package 'my_py_pkg' build argument 'catkin_skip_building_tests' from command line to 'False'
[0.637s] DEBUG:colcon.colcon_core.verb:Building package 'my_py_pkg' with the following arguments: {'ament_cmake_args': None, 'build_base': '/home/prajesh/my_ws/build/my_py_pkg', 'catkin_cmake_args': None, 'catkin_skip_building_tests': False, 'cmake_args': None, 'cmake_clean_cache': False, 'cmake_clean_first': False, 'cmake_force_configure': False, 'cmake_target': None, 'cmake_target_skip_unavailable': False, 'install_base': '/home/prajesh/my_ws/install/my_py_pkg', 'merge_install': False, 'path': '/home/prajesh/my_ws/src/my_py_pkg', 'symlink_install': False, 'test_result_base': None}
[0.638s] INFO:colcon.colcon_core.executor:Executing jobs using 'parallel' executor
[0.640s] DEBUG:colcon.colcon_parallel_executor.executor.parallel:run_until_complete
[0.640s] INFO:colcon.colcon_ros.task.ament_cmake.build:Building ROS package in '/home/prajesh/my_ws/src/my_robot_interfaces' with build type 'ament_cmake'
[0.640s] INFO:colcon.colcon_cmake.task.cmake.build:Building CMake package in '/home/prajesh/my_ws/src/my_robot_interfaces'
[0.648s] INFO:colcon.colcon_core.plugin_system:Skipping extension 'colcon_core.shell.bat': Not used on non-Windows systems
[0.648s] INFO:colcon.colcon_core.shell:Skip shell extension 'powershell' for command environment: Not usable outside of PowerShell
[0.648s] DEBUG:colcon.colcon_core.shell:Skip shell extension 'dsv' for command environment
[0.654s] INFO:colcon.colcon_ros.task.ament_cmake.build:Building ROS package in '/home/prajesh/my_ws/src/cpp_practice' with build type 'ament_cmake'
[0.654s] INFO:colcon.colcon_cmake.task.cmake.build:Building CMake package in '/home/prajesh/my_ws/src/cpp_practice'
[0.655s] INFO:colcon.colcon_core.shell:Skip shell extension 'powershell' for command environment: Not usable outside of PowerShell
[0.655s] DEBUG:colcon.colcon_core.shell:Skip shell extension 'dsv' for command environment
[0.660s] INFO:colcon.colcon_ros.task.ament_cmake.build:Building ROS package in '/home/prajesh/my_ws/src/cpp_service_test' with build type 'ament_cmake'
[0.660s] INFO:colcon.colcon_cmake.task.cmake.build:Building CMake package in '/home/prajesh/my_ws/src/cpp_service_test'
[0.661s] INFO:colcon.colcon_core.shell:Skip shell extension 'powershell' for command environment: Not usable outside of PowerShell
[0.661s] DEBUG:colcon.colcon_core.shell:Skip shell extension 'dsv' for command environment
[0.667s] INFO:colcon.colcon_ros.task.ament_cmake.build:Building ROS package in '/home/prajesh/my_ws/src/cpp_test_pkg' with build type 'ament_cmake'
[0.667s] INFO:colcon.colcon_cmake.task.cmake.build:Building CMake package in '/home/prajesh/my_ws/src/cpp_test_pkg'
[0.669s] INFO:colcon.colcon_core.shell:Skip shell extension 'powershell' for command environment: Not usable outside of PowerShell
[0.669s] DEBUG:colcon.colcon_core.shell:Skip shell extension 'dsv' for command environment
[0.679s] DEBUG:colcon.colcon_core.event_handler.log_command:Invoking command in '/home/prajesh/my_ws/build/my_robot_interfaces': CMAKE_PREFIX_PATH=${CMAKE_PREFIX_PATH}:/home/prajesh/my_ws/install/py_server_test:/home/prajesh/my_ws/install/my_py_pkg:/opt/ros/humble /usr/bin/cmake --build /home/prajesh/my_ws/build/my_robot_interfaces -- -j4 -l4
[0.685s] DEBUG:colcon.colcon_core.event_handler.log_command:Invoking command in '/home/prajesh/my_ws/build/cpp_practice': CMAKE_PREFIX_PATH=${CMAKE_PREFIX_PATH}:/home/prajesh/my_ws/install/py_server_test:/home/prajesh/my_ws/install/my_py_pkg:/opt/ros/humble /usr/bin/cmake --build /home/prajesh/my_ws/build/cpp_practice -- -j4 -l4
[0.689s] DEBUG:colcon.colcon_core.event_handler.log_command:Invoking command in '/home/prajesh/my_ws/build/cpp_service_test': CMAKE_PREFIX_PATH=${CMAKE_PREFIX_PATH}:/home/prajesh/my_ws/install/py_server_test:/home/prajesh/my_ws/install/my_py_pkg:/opt/ros/humble /usr/bin/cmake --build /home/prajesh/my_ws/build/cpp_service_test -- -j4 -l4
[0.693s] DEBUG:colcon.colcon_core.event_handler.log_command:Invoking command in '/home/prajesh/my_ws/build/cpp_test_pkg': CMAKE_PREFIX_PATH=${CMAKE_PREFIX_PATH}:/home/prajesh/my_ws/install/py_server_test:/home/prajesh/my_ws/install/my_py_pkg:/opt/ros/humble /usr/bin/cmake --build /home/prajesh/my_ws/build/cpp_test_pkg -- -j4 -l4
[0.843s] DEBUG:colcon.colcon_core.event_handler.log_command:Invoked command in '/home/prajesh/my_ws/build/cpp_test_pkg' returned '0': CMAKE_PREFIX_PATH=${CMAKE_PREFIX_PATH}:/home/prajesh/my_ws/install/py_server_test:/home/prajesh/my_ws/install/my_py_pkg:/opt/ros/humble /usr/bin/cmake --build /home/prajesh/my_ws/build/cpp_test_pkg -- -j4 -l4
[0.852s] DEBUG:colcon.colcon_core.event_handler.log_command:Invoked command in '/home/prajesh/my_ws/build/cpp_practice' returned '0': CMAKE_PREFIX_PATH=${CMAKE_PREFIX_PATH}:/home/prajesh/my_ws/install/py_server_test:/home/prajesh/my_ws/install/my_py_pkg:/opt/ros/humble /usr/bin/cmake --build /home/prajesh/my_ws/build/cpp_practice -- -j4 -l4
[0.858s] DEBUG:colcon.colcon_core.event_handler.log_command:Invoked command in '/home/prajesh/my_ws/build/cpp_service_test' returned '0': CMAKE_PREFIX_PATH=${CMAKE_PREFIX_PATH}:/home/prajesh/my_ws/install/py_server_test:/home/prajesh/my_ws/install/my_py_pkg:/opt/ros/humble /usr/bin/cmake --build /home/prajesh/my_ws/build/cpp_service_test -- -j4 -l4
[0.896s] DEBUG:colcon.colcon_core.event_handler.log_command:Invoking command in '/home/prajesh/my_ws/build/cpp_service_test': CMAKE_PREFIX_PATH=${CMAKE_PREFIX_PATH}:/home/prajesh/my_ws/install/py_server_test:/home/prajesh/my_ws/install/my_py_pkg:/opt/ros/humble /usr/bin/cmake --install /home/prajesh/my_ws/build/cpp_service_test
[0.901s] DEBUG:colcon.colcon_core.event_handler.log_command:Invoking command in '/home/prajesh/my_ws/build/cpp_practice': CMAKE_PREFIX_PATH=${CMAKE_PREFIX_PATH}:/home/prajesh/my_ws/install/py_server_test:/home/prajesh/my_ws/install/my_py_pkg:/opt/ros/humble /usr/bin/cmake --install /home/prajesh/my_ws/build/cpp_practice
[0.911s] DEBUG:colcon.colcon_core.event_handler.log_command:Invoking command in '/home/prajesh/my_ws/build/cpp_test_pkg': CMAKE_PREFIX_PATH=${CMAKE_PREFIX_PATH}:/home/prajesh/my_ws/install/py_server_test:/home/prajesh/my_ws/install/my_py_pkg:/opt/ros/humble /usr/bin/cmake --install /home/prajesh/my_ws/build/cpp_test_pkg
[0.913s] Level 1:colcon.colcon_core.environment:create_environment_scripts_only(cpp_service_test)
[0.913s] DEBUG:colcon.colcon_core.event_handler.log_command:Invoked command in '/home/prajesh/my_ws/build/cpp_service_test' returned '0': CMAKE_PREFIX_PATH=${CMAKE_PREFIX_PATH}:/home/prajesh/my_ws/install/py_server_test:/home/prajesh/my_ws/install/my_py_pkg:/opt/ros/humble /usr/bin/cmake --install /home/prajesh/my_ws/build/cpp_service_test
[0.925s] Level 1:colcon.colcon_core.environment:checking '/home/prajesh/my_ws/install/cpp_service_test' for CMake module files
[0.926s] Level 1:colcon.colcon_core.environment:checking '/home/prajesh/my_ws/install/cpp_service_test' for CMake config files
[0.926s] Level 1:colcon.colcon_core.shell:create_environment_hook('cpp_service_test', 'cmake_prefix_path')
[0.927s] INFO:colcon.colcon_core.shell:Creating environment hook '/home/prajesh/my_ws/install/cpp_service_test/share/cpp_service_test/hook/cmake_prefix_path.ps1'
[0.929s] INFO:colcon.colcon_core.shell:Creating environment descriptor '/home/prajesh/my_ws/install/cpp_service_test/share/cpp_service_test/hook/cmake_prefix_path.dsv'
[0.930s] INFO:colcon.colcon_core.shell:Creating environment hook '/home/prajesh/my_ws/install/cpp_service_test/share/cpp_service_test/hook/cmake_prefix_path.sh'
[0.933s] Level 1:colcon.colcon_core.environment:checking '/home/prajesh/my_ws/install/cpp_service_test/lib'
[0.933s] Level 1:colcon.colcon_core.environment:checking '/home/prajesh/my_ws/install/cpp_service_test/bin'
[0.933s] Level 1:colcon.colcon_core.environment:checking '/home/prajesh/my_ws/install/cpp_service_test/lib/pkgconfig/cpp_service_test.pc'
[0.933s] Level 1:colcon.colcon_core.environment:checking '/home/prajesh/my_ws/install/cpp_service_test/lib/python3.10/site-packages'
[0.934s] Level 1:colcon.colcon_core.environment:checking '/home/prajesh/my_ws/install/cpp_service_test/bin'
[0.935s] INFO:colcon.colcon_core.shell:Creating package script '/home/prajesh/my_ws/install/cpp_service_test/share/cpp_service_test/package.ps1'
[0.936s] INFO:colcon.colcon_core.shell:Creating package descriptor '/home/prajesh/my_ws/install/cpp_service_test/share/cpp_service_test/package.dsv'
[0.937s] INFO:colcon.colcon_core.shell:Creating package script '/home/prajesh/my_ws/install/cpp_service_test/share/cpp_service_test/package.sh'
[0.938s] INFO:colcon.colcon_core.shell:Creating package script '/home/prajesh/my_ws/install/cpp_service_test/share/cpp_service_test/package.bash'
[0.939s] INFO:colcon.colcon_core.shell:Creating package script '/home/prajesh/my_ws/install/cpp_service_test/share/cpp_service_test/package.zsh'
[0.940s] Level 1:colcon.colcon_core.environment:create_file_with_runtime_dependencies(/home/prajesh/my_ws/install/cpp_service_test/share/colcon-core/packages/cpp_service_test)
[0.942s] Level 1:colcon.colcon_core.environment:create_environment_scripts_only(cpp_practice)
[0.944s] Level 1:colcon.colcon_core.environment:checking '/home/prajesh/my_ws/install/cpp_practice' for CMake module files
[0.945s] DEBUG:colcon.colcon_core.event_handler.log_command:Invoked command in '/home/prajesh/my_ws/build/cpp_practice' returned '0': CMAKE_PREFIX_PATH=${CMAKE_PREFIX_PATH}:/home/prajesh/my_ws/install/py_server_test:/home/prajesh/my_ws/install/my_py_pkg:/opt/ros/humble /usr/bin/cmake --install /home/prajesh/my_ws/build/cpp_practice
[0.945s] Level 1:colcon.colcon_core.environment:checking '/home/prajesh/my_ws/install/cpp_practice' for CMake config files
[0.945s] Level 1:colcon.colcon_core.shell:create_environment_hook('cpp_practice', 'cmake_prefix_path')
[0.946s] INFO:colcon.colcon_core.shell:Creating environment hook '/home/prajesh/my_ws/install/cpp_practice/share/cpp_practice/hook/cmake_prefix_path.ps1'
[0.947s] INFO:colcon.colcon_core.shell:Creating environment descriptor '/home/prajesh/my_ws/install/cpp_practice/share/cpp_practice/hook/cmake_prefix_path.dsv'
[0.947s] INFO:colcon.colcon_core.shell:Creating environment hook '/home/prajesh/my_ws/install/cpp_practice/share/cpp_practice/hook/cmake_prefix_path.sh'
[0.947s] Level 1:colcon.colcon_core.environment:checking '/home/prajesh/my_ws/install/cpp_practice/lib'
[0.948s] Level 1:colcon.colcon_core.environment:checking '/home/prajesh/my_ws/install/cpp_practice/bin'
[0.948s] Level 1:colcon.colcon_core.environment:checking '/home/prajesh/my_ws/install/cpp_practice/lib/pkgconfig/cpp_practice.pc'
[0.948s] Level 1:colcon.colcon_core.environment:checking '/home/prajesh/my_ws/install/cpp_practice/lib/python3.10/site-packages'
[0.948s] Level 1:colcon.colcon_core.environment:checking '/home/prajesh/my_ws/install/cpp_practice/bin'
[0.949s] INFO:colcon.colcon_core.shell:Creating package script '/home/prajesh/my_ws/install/cpp_practice/share/cpp_practice/package.ps1'
[0.950s] INFO:colcon.colcon_core.shell:Creating package descriptor '/home/prajesh/my_ws/install/cpp_practice/share/cpp_practice/package.dsv'
[0.950s] INFO:colcon.colcon_core.shell:Creating package script '/home/prajesh/my_ws/install/cpp_practice/share/cpp_practice/package.sh'
[0.950s] INFO:colcon.colcon_core.shell:Creating package script '/home/prajesh/my_ws/install/cpp_practice/share/cpp_practice/package.bash'
[0.951s] INFO:colcon.colcon_core.shell:Creating package script '/home/prajesh/my_ws/install/cpp_practice/share/cpp_practice/package.zsh'
[0.951s] Level 1:colcon.colcon_core.environment:create_file_with_runtime_dependencies(/home/prajesh/my_ws/install/cpp_practice/share/colcon-core/packages/cpp_practice)
[0.953s] Level 1:colcon.colcon_core.environment:create_environment_scripts_only(cpp_test_pkg)
[0.955s] Level 1:colcon.colcon_core.environment:checking '/home/prajesh/my_ws/install/cpp_test_pkg' for CMake module files
[0.956s] DEBUG:colcon.colcon_core.event_handler.log_command:Invoked command in '/home/prajesh/my_ws/build/cpp_test_pkg' returned '0': CMAKE_PREFIX_PATH=${CMAKE_PREFIX_PATH}:/home/prajesh/my_ws/install/py_server_test:/home/prajesh/my_ws/install/my_py_pkg:/opt/ros/humble /usr/bin/cmake --install /home/prajesh/my_ws/build/cpp_test_pkg
[0.957s] Level 1:colcon.colcon_core.environment:checking '/home/prajesh/my_ws/install/cpp_test_pkg' for CMake config files
[0.957s] Level 1:colcon.colcon_core.shell:create_environment_hook('cpp_test_pkg', 'cmake_prefix_path')
[0.958s] INFO:colcon.colcon_core.shell:Creating environment hook '/home/prajesh/my_ws/install/cpp_test_pkg/share/cpp_test_pkg/hook/cmake_prefix_path.ps1'
[0.958s] INFO:colcon.colcon_core.shell:Creating environment descriptor '/home/prajesh/my_ws/install/cpp_test_pkg/share/cpp_test_pkg/hook/cmake_prefix_path.dsv'
[0.959s] INFO:colcon.colcon_core.shell:Creating environment hook '/home/prajesh/my_ws/install/cpp_test_pkg/share/cpp_test_pkg/hook/cmake_prefix_path.sh'
[0.960s] Level 1:colcon.colcon_core.environment:checking '/home/prajesh/my_ws/install/cpp_test_pkg/lib'
[0.960s] Level 1:colcon.colcon_core.environment:checking '/home/prajesh/my_ws/install/cpp_test_pkg/bin'
[0.960s] Level 1:colcon.colcon_core.environment:checking '/home/prajesh/my_ws/install/cpp_test_pkg/lib/pkgconfig/cpp_test_pkg.pc'
[0.960s] Level 1:colcon.colcon_core.environment:checking '/home/prajesh/my_ws/install/cpp_test_pkg/lib/python3.10/site-packages'
[0.960s] Level 1:colcon.colcon_core.environment:checking '/home/prajesh/my_ws/install/cpp_test_pkg/bin'
[0.961s] INFO:colcon.colcon_core.shell:Creating package script '/home/prajesh/my_ws/install/cpp_test_pkg/share/cpp_test_pkg/package.ps1'
[0.962s] INFO:colcon.colcon_core.shell:Creating package descriptor '/home/prajesh/my_ws/install/cpp_test_pkg/share/cpp_test_pkg/package.dsv'
[0.962s] INFO:colcon.colcon_core.shell:Creating package script '/home/prajesh/my_ws/install/cpp_test_pkg/share/cpp_test_pkg/package.sh'
[0.962s] INFO:colcon.colcon_core.shell:Creating package script '/home/prajesh/my_ws/install/cpp_test_pkg/share/cpp_test_pkg/package.bash'
[0.963s] INFO:colcon.colcon_core.shell:Creating package script '/home/prajesh/my_ws/install/cpp_test_pkg/share/cpp_test_pkg/package.zsh'
[0.963s] Level 1:colcon.colcon_core.environment:create_file_with_runtime_dependencies(/home/prajesh/my_ws/install/cpp_test_pkg/share/colcon-core/packages/cpp_test_pkg)
[0.976s] Level 1:colcon.colcon_core.environment:create_environment_scripts_only(cpp_service_test)
[0.977s] Level 1:colcon.colcon_core.environment:checking '/home/prajesh/my_ws/install/cpp_service_test' for CMake module files
[0.978s] Level 1:colcon.colcon_core.environment:checking '/home/prajesh/my_ws/install/cpp_service_test' for CMake config files
[0.978s] Level 1:colcon.colcon_core.shell:create_environment_hook('cpp_service_test', 'cmake_prefix_path')
[0.979s] INFO:colcon.colcon_core.shell:Creating environment hook '/home/prajesh/my_ws/install/cpp_service_test/share/cpp_service_test/hook/cmake_prefix_path.ps1'
[0.979s] INFO:colcon.colcon_core.shell:Creating environment descriptor '/home/prajesh/my_ws/install/cpp_service_test/share/cpp_service_test/hook/cmake_prefix_path.dsv'
[0.980s] INFO:colcon.colcon_core.shell:Creating environment hook '/home/prajesh/my_ws/install/cpp_service_test/share/cpp_service_test/hook/cmake_prefix_path.sh'
[0.980s] Level 1:colcon.colcon_core.environment:checking '/home/prajesh/my_ws/install/cpp_service_test/lib'
[0.981s] Level 1:colcon.colcon_core.environment:checking '/home/prajesh/my_ws/install/cpp_service_test/bin'
[0.981s] Level 1:colcon.colcon_core.environment:checking '/home/prajesh/my_ws/install/cpp_service_test/lib/pkgconfig/cpp_service_test.pc'
[0.981s] Level 1:colcon.colcon_core.environment:checking '/home/prajesh/my_ws/install/cpp_service_test/lib/python3.10/site-packages'
[0.981s] Level 1:colcon.colcon_core.environment:checking '/home/prajesh/my_ws/install/cpp_service_test/bin'
[0.983s] INFO:colcon.colcon_core.shell:Creating package script '/home/prajesh/my_ws/install/cpp_service_test/share/cpp_service_test/package.ps1'
[0.984s] INFO:colcon.colcon_core.shell:Creating package descriptor '/home/prajesh/my_ws/install/cpp_service_test/share/cpp_service_test/package.dsv'
[0.985s] INFO:colcon.colcon_core.shell:Creating package script '/home/prajesh/my_ws/install/cpp_service_test/share/cpp_service_test/package.sh'
[0.986s] INFO:colcon.colcon_core.shell:Creating package script '/home/prajesh/my_ws/install/cpp_service_test/share/cpp_service_test/package.bash'
[0.986s] INFO:colcon.colcon_core.shell:Creating package script '/home/prajesh/my_ws/install/cpp_service_test/share/cpp_service_test/package.zsh'
[0.987s] Level 1:colcon.colcon_core.environment:create_file_with_runtime_dependencies(/home/prajesh/my_ws/install/cpp_service_test/share/colcon-core/packages/cpp_service_test)
[0.987s] INFO:colcon.colcon_ros.task.ament_cmake.build:Building ROS package in '/home/prajesh/my_ws/src/led_system' with build type 'ament_cmake'
[0.987s] INFO:colcon.colcon_cmake.task.cmake.build:Building CMake package in '/home/prajesh/my_ws/src/led_system'
[0.988s] INFO:colcon.colcon_core.shell:Skip shell extension 'powershell' for command environment: Not usable outside of PowerShell
[0.988s] DEBUG:colcon.colcon_core.shell:Skip shell extension 'dsv' for command environment
[1.009s] Level 1:colcon.colcon_core.environment:create_environment_scripts_only(cpp_practice)
[1.011s] Level 1:colcon.colcon_core.environment:checking '/home/prajesh/my_ws/install/cpp_practice' for CMake module files
[1.012s] Level 1:colcon.colcon_core.environment:checking '/home/prajesh/my_ws/install/cpp_practice' for CMake config files
[1.013s] Level 1:colcon.colcon_core.shell:create_environment_hook('cpp_practice', 'cmake_prefix_path')
[1.014s] INFO:colcon.colcon_core.shell:Creating environment hook '/home/prajesh/my_ws/install/cpp_practice/share/cpp_practice/hook/cmake_prefix_path.ps1'
[1.014s] INFO:colcon.colcon_core.shell:Creating environment descriptor '/home/prajesh/my_ws/install/cpp_practice/share/cpp_practice/hook/cmake_prefix_path.dsv'
[1.015s] INFO:colcon.colcon_core.shell:Creating environment hook '/home/prajesh/my_ws/install/cpp_practice/share/cpp_practice/hook/cmake_prefix_path.sh'
[1.015s] Level 1:colcon.colcon_core.environment:checking '/home/prajesh/my_ws/install/cpp_practice/lib'
[1.015s] Level 1:colcon.colcon_core.environment:checking '/home/prajesh/my_ws/install/cpp_practice/bin'
[1.015s] Level 1:colcon.colcon_core.environment:checking '/home/prajesh/my_ws/install/cpp_practice/lib/pkgconfig/cpp_practice.pc'
[1.015s] Level 1:colcon.colcon_core.environment:checking '/home/prajesh/my_ws/install/cpp_practice/lib/python3.10/site-packages'
[1.016s] Level 1:colcon.colcon_core.environment:checking '/home/prajesh/my_ws/install/cpp_practice/bin'
[1.017s] INFO:colcon.colcon_core.shell:Creating package script '/home/prajesh/my_ws/install/cpp_practice/share/cpp_practice/package.ps1'
[1.017s] INFO:colcon.colcon_core.shell:Creating package descriptor '/home/prajesh/my_ws/install/cpp_practice/share/cpp_practice/package.dsv'
[1.018s] INFO:colcon.colcon_core.shell:Creating package script '/home/prajesh/my_ws/install/cpp_practice/share/cpp_practice/package.sh'
[1.019s] INFO:colcon.colcon_core.shell:Creating package script '/home/prajesh/my_ws/install/cpp_practice/share/cpp_practice/package.bash'
[1.019s] INFO:colcon.colcon_core.shell:Creating package script '/home/prajesh/my_ws/install/cpp_practice/share/cpp_practice/package.zsh'
[1.020s] Level 1:colcon.colcon_core.environment:create_file_with_runtime_dependencies(/home/prajesh/my_ws/install/cpp_practice/share/colcon-core/packages/cpp_practice)
[1.021s] INFO:colcon.colcon_ros.task.ament_cmake.build:Building ROS package in '/home/prajesh/my_ws/src/my_cpp_pkg' with build type 'ament_cmake'
[1.021s] INFO:colcon.colcon_cmake.task.cmake.build:Building CMake package in '/home/prajesh/my_ws/src/my_cpp_pkg'
[1.022s] INFO:colcon.colcon_core.shell:Skip shell extension 'powershell' for command environment: Not usable outside of PowerShell
[1.022s] DEBUG:colcon.colcon_core.shell:Skip shell extension 'dsv' for command environment
[1.034s] Level 1:colcon.colcon_core.environment:create_environment_scripts_only(cpp_test_pkg)
[1.036s] Level 1:colcon.colcon_core.environment:checking '/home/prajesh/my_ws/install/cpp_test_pkg' for CMake module files
[1.037s] DEBUG:colcon.colcon_core.event_handler.log_command:Invoking command in '/home/prajesh/my_ws/build/led_system': CMAKE_PREFIX_PATH=${CMAKE_PREFIX_PATH}:/home/prajesh/my_ws/install/py_server_test:/home/prajesh/my_ws/install/my_py_pkg:/opt/ros/humble /usr/bin/cmake /home/prajesh/my_ws/src/led_system -DCMAKE_INSTALL_PREFIX=/home/prajesh/my_ws/install/led_system
[1.037s] Level 1:colcon.colcon_core.environment:checking '/home/prajesh/my_ws/install/cpp_test_pkg' for CMake config files
[1.037s] Level 1:colcon.colcon_core.shell:create_environment_hook('cpp_test_pkg', 'cmake_prefix_path')
[1.038s] INFO:colcon.colcon_core.shell:Creating environment hook '/home/prajesh/my_ws/install/cpp_test_pkg/share/cpp_test_pkg/hook/cmake_prefix_path.ps1'
[1.039s] INFO:colcon.colcon_core.shell:Creating environment descriptor '/home/prajesh/my_ws/install/cpp_test_pkg/share/cpp_test_pkg/hook/cmake_prefix_path.dsv'
[1.040s] INFO:colcon.colcon_core.shell:Creating environment hook '/home/prajesh/my_ws/install/cpp_test_pkg/share/cpp_test_pkg/hook/cmake_prefix_path.sh'
[1.040s] Level 1:colcon.colcon_core.environment:checking '/home/prajesh/my_ws/install/cpp_test_pkg/lib'
[1.040s] Level 1:colcon.colcon_core.environment:checking '/home/prajesh/my_ws/install/cpp_test_pkg/bin'
[1.040s] Level 1:colcon.colcon_core.environment:checking '/home/prajesh/my_ws/install/cpp_test_pkg/lib/pkgconfig/cpp_test_pkg.pc'
[1.041s] Level 1:colcon.colcon_core.environment:checking '/home/prajesh/my_ws/install/cpp_test_pkg/lib/python3.10/site-packages'
[1.041s] Level 1:colcon.colcon_core.environment:checking '/home/prajesh/my_ws/install/cpp_test_pkg/bin'
[1.042s] INFO:colcon.colcon_core.shell:Creating package script '/home/prajesh/my_ws/install/cpp_test_pkg/share/cpp_test_pkg/package.ps1'
[1.043s] INFO:colcon.colcon_core.shell:Creating package descriptor '/home/prajesh/my_ws/install/cpp_test_pkg/share/cpp_test_pkg/package.dsv'
[1.043s] INFO:colcon.colcon_core.shell:Creating package script '/home/prajesh/my_ws/install/cpp_test_pkg/share/cpp_test_pkg/package.sh'
[1.044s] INFO:colcon.colcon_core.shell:Creating package script '/home/prajesh/my_ws/install/cpp_test_pkg/share/cpp_test_pkg/package.bash'
[1.044s] INFO:colcon.colcon_core.shell:Creating package script '/home/prajesh/my_ws/install/cpp_test_pkg/share/cpp_test_pkg/package.zsh'
[1.045s] Level 1:colcon.colcon_core.environment:create_file_with_runtime_dependencies(/home/prajesh/my_ws/install/cpp_test_pkg/share/colcon-core/packages/cpp_test_pkg)
[1.049s] DEBUG:colcon.colcon_core.event_handler.log_command:Invoking command in '/home/prajesh/my_ws/build/my_cpp_pkg': CMAKE_PREFIX_PATH=${CMAKE_PREFIX_PATH}:/home/prajesh/my_ws/install/py_server_test:/home/prajesh/my_ws/install/my_py_pkg:/opt/ros/humble /usr/bin/cmake --build /home/prajesh/my_ws/build/my_cpp_pkg -- -j4 -l4
[1.050s] INFO:colcon.colcon_ros.task.ament_python.build:Building ROS package in '/home/prajesh/my_ws/src/py_server_test' with build type 'ament_python'
[1.050s] Level 1:colcon.colcon_core.shell:create_environment_hook('py_server_test', 'ament_prefix_path')
[1.051s] INFO:colcon.colcon_core.shell:Creating environment hook '/home/prajesh/my_ws/install/py_server_test/share/py_server_test/hook/ament_prefix_path.ps1'
[1.052s] INFO:colcon.colcon_core.shell:Creating environment descriptor '/home/prajesh/my_ws/install/py_server_test/share/py_server_test/hook/ament_prefix_path.dsv'
[1.052s] INFO:colcon.colcon_core.shell:Creating environment hook '/home/prajesh/my_ws/install/py_server_test/share/py_server_test/hook/ament_prefix_path.sh'
[1.054s] INFO:colcon.colcon_core.shell:Skip shell extension 'powershell' for command environment: Not usable outside of PowerShell
[1.054s] DEBUG:colcon.colcon_core.shell:Skip shell extension 'dsv' for command environment
[1.371s] INFO:colcon.colcon_core.task.python.build:Building Python package in '/home/prajesh/my_ws/src/py_server_test'
[1.373s] INFO:colcon.colcon_core.shell:Skip shell extension 'powershell' for command environment: Not usable outside of PowerShell
[1.373s] DEBUG:colcon.colcon_core.shell:Skip shell extension 'dsv' for command environment
[1.381s] DEBUG:colcon.colcon_core.event_handler.log_command:Invoked command in '/home/prajesh/my_ws/build/my_robot_interfaces' returned '0': CMAKE_PREFIX_PATH=${CMAKE_PREFIX_PATH}:/home/prajesh/my_ws/install/py_server_test:/home/prajesh/my_ws/install/my_py_pkg:/opt/ros/humble /usr/bin/cmake --build /home/prajesh/my_ws/build/my_robot_interfaces -- -j4 -l4
[1.471s] DEBUG:colcon.colcon_core.event_handler.log_command:Invoking command in '/home/prajesh/my_ws/build/my_robot_interfaces': CMAKE_PREFIX_PATH=${CMAKE_PREFIX_PATH}:/home/prajesh/my_ws/install/py_server_test:/home/prajesh/my_ws/install/my_py_pkg:/opt/ros/humble /usr/bin/cmake --install /home/prajesh/my_ws/build/my_robot_interfaces
[1.551s] Level 1:colcon.colcon_core.environment:create_environment_scripts_only(my_robot_interfaces)
[1.553s] Level 1:colcon.colcon_core.environment:checking '/home/prajesh/my_ws/install/my_robot_interfaces' for CMake module files
[1.553s] DEBUG:colcon.colcon_core.event_handler.log_command:Invoked command in '/home/prajesh/my_ws/build/my_robot_interfaces' returned '0': CMAKE_PREFIX_PATH=${CMAKE_PREFIX_PATH}:/home/prajesh/my_ws/install/py_server_test:/home/prajesh/my_ws/install/my_py_pkg:/opt/ros/humble /usr/bin/cmake --install /home/prajesh/my_ws/build/my_robot_interfaces
[1.554s] Level 1:colcon.colcon_core.environment:checking '/home/prajesh/my_ws/install/my_robot_interfaces' for CMake config files
[1.555s] Level 1:colcon.colcon_core.shell:create_environment_hook('my_robot_interfaces', 'cmake_prefix_path')
[1.556s] INFO:colcon.colcon_core.shell:Creating environment hook '/home/prajesh/my_ws/install/my_robot_interfaces/share/my_robot_interfaces/hook/cmake_prefix_path.ps1'
[1.556s] INFO:colcon.colcon_core.shell:Creating environment descriptor '/home/prajesh/my_ws/install/my_robot_interfaces/share/my_robot_interfaces/hook/cmake_prefix_path.dsv'
[1.556s] INFO:colcon.colcon_core.shell:Creating environment hook '/home/prajesh/my_ws/install/my_robot_interfaces/share/my_robot_interfaces/hook/cmake_prefix_path.sh'
[1.557s] Level 1:colcon.colcon_core.environment:checking '/home/prajesh/my_ws/install/my_robot_interfaces/lib'
[1.557s] Level 1:colcon.colcon_core.shell:create_environment_hook('my_robot_interfaces', 'ld_library_path_lib')
[1.558s] INFO:colcon.colcon_core.shell:Creating environment hook '/home/prajesh/my_ws/install/my_robot_interfaces/share/my_robot_interfaces/hook/ld_library_path_lib.ps1'
[1.558s] INFO:colcon.colcon_core.shell:Creating environment descriptor '/home/prajesh/my_ws/install/my_robot_interfaces/share/my_robot_interfaces/hook/ld_library_path_lib.dsv'
[1.559s] INFO:colcon.colcon_core.shell:Creating environment hook '/home/prajesh/my_ws/install/my_robot_interfaces/share/my_robot_interfaces/hook/ld_library_path_lib.sh'
[1.559s] Level 1:colcon.colcon_core.environment:checking '/home/prajesh/my_ws/install/my_robot_interfaces/bin'
[1.559s] Level 1:colcon.colcon_core.environment:checking '/home/prajesh/my_ws/install/my_robot_interfaces/lib/pkgconfig/my_robot_interfaces.pc'
[1.560s] Level 1:colcon.colcon_core.environment:checking '/home/prajesh/my_ws/install/my_robot_interfaces/lib/python3.10/site-packages'
[1.560s] Level 1:colcon.colcon_core.environment:checking '/home/prajesh/my_ws/install/my_robot_interfaces/bin'
[1.561s] INFO:colcon.colcon_core.shell:Creating package script '/home/prajesh/my_ws/install/my_robot_interfaces/share/my_robot_interfaces/package.ps1'
[1.561s] INFO:colcon.colcon_core.shell:Creating package descriptor '/home/prajesh/my_ws/install/my_robot_interfaces/share/my_robot_interfaces/package.dsv'
[1.562s] INFO:colcon.colcon_core.shell:Creating package script '/home/prajesh/my_ws/install/my_robot_interfaces/share/my_robot_interfaces/package.sh'
[1.562s] INFO:colcon.colcon_core.shell:Creating package script '/home/prajesh/my_ws/install/my_robot_interfaces/share/my_robot_interfaces/package.bash'
[1.562s] INFO:colcon.colcon_core.shell:Creating package script '/home/prajesh/my_ws/install/my_robot_interfaces/share/my_robot_interfaces/package.zsh'
[1.563s] Level 1:colcon.colcon_core.environment:create_file_with_runtime_dependencies(/home/prajesh/my_ws/install/my_robot_interfaces/share/colcon-core/packages/my_robot_interfaces)
[1.646s] Level 1:colcon.colcon_core.environment:create_environment_scripts_only(my_robot_interfaces)
[1.647s] Level 1:colcon.colcon_core.environment:checking '/home/prajesh/my_ws/install/my_robot_interfaces' for CMake module files
[1.648s] Level 1:colcon.colcon_core.environment:checking '/home/prajesh/my_ws/install/my_robot_interfaces' for CMake config files
[1.649s] Level 1:colcon.colcon_core.shell:create_environment_hook('my_robot_interfaces', 'cmake_prefix_path')
[1.650s] INFO:colcon.colcon_core.shell:Creating environment hook '/home/prajesh/my_ws/install/my_robot_interfaces/share/my_robot_interfaces/hook/cmake_prefix_path.ps1'
[1.650s] INFO:colcon.colcon_core.shell:Creating environment descriptor '/home/prajesh/my_ws/install/my_robot_interfaces/share/my_robot_interfaces/hook/cmake_prefix_path.dsv'
[1.651s] INFO:colcon.colcon_core.shell:Creating environment hook '/home/prajesh/my_ws/install/my_robot_interfaces/share/my_robot_interfaces/hook/cmake_prefix_path.sh'
[1.651s] Level 1:colcon.colcon_core.environment:checking '/home/prajesh/my_ws/install/my_robot_interfaces/lib'
[1.651s] Level 1:colcon.colcon_core.shell:create_environment_hook('my_robot_interfaces', 'ld_library_path_lib')
[1.652s] INFO:colcon.colcon_core.shell:Creating environment hook '/home/prajesh/my_ws/install/my_robot_interfaces/share/my_robot_interfaces/hook/ld_library_path_lib.ps1'
[1.653s] INFO:colcon.colcon_core.shell:Creating environment descriptor '/home/prajesh/my_ws/install/my_robot_interfaces/share/my_robot_interfaces/hook/ld_library_path_lib.dsv'
[1.653s] INFO:colcon.colcon_core.shell:Creating environment hook '/home/prajesh/my_ws/install/my_robot_interfaces/share/my_robot_interfaces/hook/ld_library_path_lib.sh'
[1.654s] Level 1:colcon.colcon_core.environment:checking '/home/prajesh/my_ws/install/my_robot_interfaces/bin'
[1.654s] Level 1:colcon.colcon_core.environment:checking '/home/prajesh/my_ws/install/my_robot_interfaces/lib/pkgconfig/my_robot_interfaces.pc'
[1.654s] Level 1:colcon.colcon_core.environment:checking '/home/prajesh/my_ws/install/my_robot_interfaces/lib/python3.10/site-packages'
[1.654s] Level 1:colcon.colcon_core.environment:checking '/home/prajesh/my_ws/install/my_robot_interfaces/bin'
[1.655s] INFO:colcon.colcon_core.shell:Creating package script '/home/prajesh/my_ws/install/my_robot_interfaces/share/my_robot_interfaces/package.ps1'
[1.656s] INFO:colcon.colcon_core.shell:Creating package descriptor '/home/prajesh/my_ws/install/my_robot_interfaces/share/my_robot_interfaces/package.dsv'
[1.656s] INFO:colcon.colcon_core.shell:Creating package script '/home/prajesh/my_ws/install/my_robot_interfaces/share/my_robot_interfaces/package.sh'
[1.657s] INFO:colcon.colcon_core.shell:Creating package script '/home/prajesh/my_ws/install/my_robot_interfaces/share/my_robot_interfaces/package.bash'
[1.658s] INFO:colcon.colcon_core.shell:Creating package script '/home/prajesh/my_ws/install/my_robot_interfaces/share/my_robot_interfaces/package.zsh'
[1.658s] Level 1:colcon.colcon_core.environment:create_file_with_runtime_dependencies(/home/prajesh/my_ws/install/my_robot_interfaces/share/colcon-core/packages/my_robot_interfaces)
[1.659s] INFO:colcon.colcon_ros.task.ament_python.build:Building ROS package in '/home/prajesh/my_ws/src/my_py_pkg' with build type 'ament_python'
[1.659s] Level 1:colcon.colcon_core.shell:create_environment_hook('my_py_pkg', 'ament_prefix_path')
[1.661s] INFO:colcon.colcon_core.shell:Creating environment hook '/home/prajesh/my_ws/install/my_py_pkg/share/my_py_pkg/hook/ament_prefix_path.ps1'
[1.662s] INFO:colcon.colcon_core.shell:Creating environment descriptor '/home/prajesh/my_ws/install/my_py_pkg/share/my_py_pkg/hook/ament_prefix_path.dsv'
[1.663s] INFO:colcon.colcon_core.shell:Creating environment hook '/home/prajesh/my_ws/install/my_py_pkg/share/my_py_pkg/hook/ament_prefix_path.sh'
[1.664s] INFO:colcon.colcon_core.shell:Skip shell extension 'powershell' for command environment: Not usable outside of PowerShell
[1.665s] DEBUG:colcon.colcon_core.shell:Skip shell extension 'dsv' for command environment
[1.991s] INFO:colcon.colcon_core.task.python.build:Building Python package in '/home/prajesh/my_ws/src/my_py_pkg'
[1.993s] INFO:colcon.colcon_core.shell:Skip shell extension 'powershell' for command environment: Not usable outside of PowerShell
[1.993s] DEBUG:colcon.colcon_core.shell:Skip shell extension 'dsv' for command environment
[2.029s] DEBUG:colcon.colcon_core.event_handler.log_command:Invoking command in '/home/prajesh/my_ws/src/py_server_test': PYTHONPATH=/home/prajesh/my_ws/build/py_server_test/prefix_override:/home/prajesh/my_ws/install/py_server_test/lib/python3.10/site-packages:${PYTHONPATH} /usr/bin/python3 setup.py egg_info --egg-base ../../build/py_server_test build --build-base /home/prajesh/my_ws/build/py_server_test/build install --record /home/prajesh/my_ws/build/py_server_test/install.log --single-version-externally-managed
[2.375s] Level 1:colcon.colcon_core.environment:checking '/home/prajesh/my_ws/install/py_server_test' for CMake module files
[2.375s] DEBUG:colcon.colcon_core.event_handler.log_command:Invoked command in '/home/prajesh/my_ws/src/py_server_test' returned '0': PYTHONPATH=/home/prajesh/my_ws/build/py_server_test/prefix_override:/home/prajesh/my_ws/install/py_server_test/lib/python3.10/site-packages:${PYTHONPATH} /usr/bin/python3 setup.py egg_info --egg-base ../../build/py_server_test build --build-base /home/prajesh/my_ws/build/py_server_test/build install --record /home/prajesh/my_ws/build/py_server_test/install.log --single-version-externally-managed
[2.376s] Level 1:colcon.colcon_core.environment:checking '/home/prajesh/my_ws/install/py_server_test' for CMake config files
[2.376s] Level 1:colcon.colcon_core.environment:checking '/home/prajesh/my_ws/install/py_server_test/lib'
[2.376s] Level 1:colcon.colcon_core.environment:checking '/home/prajesh/my_ws/install/py_server_test/bin'
[2.376s] Level 1:colcon.colcon_core.environment:checking '/home/prajesh/my_ws/install/py_server_test/lib/pkgconfig/py_server_test.pc'
[2.377s] Level 1:colcon.colcon_core.environment:checking '/home/prajesh/my_ws/install/py_server_test/lib/python3.10/site-packages'
[2.377s] Level 1:colcon.colcon_core.shell:create_environment_hook('py_server_test', 'pythonpath')
[2.379s] INFO:colcon.colcon_core.shell:Creating environment hook '/home/prajesh/my_ws/install/py_server_test/share/py_server_test/hook/pythonpath.ps1'
[2.380s] INFO:colcon.colcon_core.shell:Creating environment descriptor '/home/prajesh/my_ws/install/py_server_test/share/py_server_test/hook/pythonpath.dsv'
[2.380s] INFO:colcon.colcon_core.shell:Creating environment hook '/home/prajesh/my_ws/install/py_server_test/share/py_server_test/hook/pythonpath.sh'
[2.381s] Level 1:colcon.colcon_core.environment:checking '/home/prajesh/my_ws/install/py_server_test/bin'
[2.381s] Level 1:colcon.colcon_core.environment:create_environment_scripts_only(py_server_test)
[2.383s] INFO:colcon.colcon_core.shell:Creating package script '/home/prajesh/my_ws/install/py_server_test/share/py_server_test/package.ps1'
[2.384s] INFO:colcon.colcon_core.shell:Creating package descriptor '/home/prajesh/my_ws/install/py_server_test/share/py_server_test/package.dsv'
[2.385s] INFO:colcon.colcon_core.shell:Creating package script '/home/prajesh/my_ws/install/py_server_test/share/py_server_test/package.sh'
[2.386s] INFO:colcon.colcon_core.shell:Creating package script '/home/prajesh/my_ws/install/py_server_test/share/py_server_test/package.bash'
[2.386s] INFO:colcon.colcon_core.shell:Creating package script '/home/prajesh/my_ws/install/py_server_test/share/py_server_test/package.zsh'
[2.387s] Level 1:colcon.colcon_core.environment:create_file_with_runtime_dependencies(/home/prajesh/my_ws/install/py_server_test/share/colcon-core/packages/py_server_test)
[2.435s] DEBUG:colcon.colcon_core.event_handler.log_command:Invoking command in '/home/prajesh/my_ws/src/my_py_pkg': PYTHONPATH=/home/prajesh/my_ws/build/my_py_pkg/prefix_override:/home/prajesh/my_ws/install/my_py_pkg/lib/python3.10/site-packages:${PYTHONPATH} /usr/bin/python3 setup.py egg_info --egg-base ../../build/my_py_pkg build --build-base /home/prajesh/my_ws/build/my_py_pkg/build install --record /home/prajesh/my_ws/build/my_py_pkg/install.log --single-version-externally-managed
[2.619s] DEBUG:colcon.colcon_core.event_handler.log_command:Invoked command in '/home/prajesh/my_ws/build/led_system' returned '0': CMAKE_PREFIX_PATH=${CMAKE_PREFIX_PATH}:/home/prajesh/my_ws/install/py_server_test:/home/prajesh/my_ws/install/my_py_pkg:/opt/ros/humble /usr/bin/cmake /home/prajesh/my_ws/src/led_system -DCMAKE_INSTALL_PREFIX=/home/prajesh/my_ws/install/led_system
[2.620s] DEBUG:colcon.colcon_core.event_handler.log_command:Invoking command in '/home/prajesh/my_ws/build/led_system': CMAKE_PREFIX_PATH=${CMAKE_PREFIX_PATH}:/home/prajesh/my_ws/install/py_server_test:/home/prajesh/my_ws/install/my_py_pkg:/opt/ros/humble /usr/bin/cmake --build /home/prajesh/my_ws/build/led_system -- -j4 -l4
[2.651s] DEBUG:colcon.colcon_core.event_handler.log_command:Invoked command in '/home/prajesh/my_ws/build/led_system' returned '0': CMAKE_PREFIX_PATH=${CMAKE_PREFIX_PATH}:/home/prajesh/my_ws/install/py_server_test:/home/prajesh/my_ws/install/my_py_pkg:/opt/ros/humble /usr/bin/cmake --build /home/prajesh/my_ws/build/led_system -- -j4 -l4
[2.668s] DEBUG:colcon.colcon_core.event_handler.log_command:Invoking command in '/home/prajesh/my_ws/build/led_system': CMAKE_PREFIX_PATH=${CMAKE_PREFIX_PATH}:/home/prajesh/my_ws/install/py_server_test:/home/prajesh/my_ws/install/my_py_pkg:/opt/ros/humble /usr/bin/cmake --install /home/prajesh/my_ws/build/led_system
[2.678s] Level 1:colcon.colcon_core.environment:create_environment_scripts_only(led_system)
[2.681s] Level 1:colcon.colcon_core.environment:checking '/home/prajesh/my_ws/install/led_system' for CMake module files
[2.682s] Level 1:colcon.colcon_core.environment:checking '/home/prajesh/my_ws/install/led_system' for CMake config files
[2.682s] Level 1:colcon.colcon_core.shell:create_environment_hook('led_system', 'cmake_prefix_path')
[2.683s] INFO:colcon.colcon_core.shell:Creating environment hook '/home/prajesh/my_ws/install/led_system/share/led_system/hook/cmake_prefix_path.ps1'
[2.684s] INFO:colcon.colcon_core.shell:Creating environment descriptor '/home/prajesh/my_ws/install/led_system/share/led_system/hook/cmake_prefix_path.dsv'
[2.685s] INFO:colcon.colcon_core.shell:Creating environment hook '/home/prajesh/my_ws/install/led_system/share/led_system/hook/cmake_prefix_path.sh'
[2.685s] Level 1:colcon.colcon_core.environment:checking '/home/prajesh/my_ws/install/led_system/bin'
[2.685s] Level 1:colcon.colcon_core.environment:checking '/home/prajesh/my_ws/install/led_system/lib/pkgconfig/led_system.pc'
[2.685s] Level 1:colcon.colcon_core.environment:checking '/home/prajesh/my_ws/install/led_system/lib/python3.10/site-packages'
[2.686s] Level 1:colcon.colcon_core.environment:checking '/home/prajesh/my_ws/install/led_system/bin'
[2.687s] INFO:colcon.colcon_core.shell:Creating package script '/home/prajesh/my_ws/install/led_system/share/led_system/package.ps1'
[2.688s] DEBUG:colcon.colcon_core.event_handler.log_command:Invoked command in '/home/prajesh/my_ws/build/led_system' returned '0': CMAKE_PREFIX_PATH=${CMAKE_PREFIX_PATH}:/home/prajesh/my_ws/install/py_server_test:/home/prajesh/my_ws/install/my_py_pkg:/opt/ros/humble /usr/bin/cmake --install /home/prajesh/my_ws/build/led_system
[2.689s] INFO:colcon.colcon_core.shell:Creating package descriptor '/home/prajesh/my_ws/install/led_system/share/led_system/package.dsv'
[2.689s] INFO:colcon.colcon_core.shell:Creating package script '/home/prajesh/my_ws/install/led_system/share/led_system/package.sh'
[2.689s] INFO:colcon.colcon_core.shell:Creating package script '/home/prajesh/my_ws/install/led_system/share/led_system/package.bash'
[2.690s] INFO:colcon.colcon_core.shell:Creating package script '/home/prajesh/my_ws/install/led_system/share/led_system/package.zsh'
[2.690s] Level 1:colcon.colcon_core.environment:create_file_with_runtime_dependencies(/home/prajesh/my_ws/install/led_system/share/colcon-core/packages/led_system)
[2.708s] Level 1:colcon.colcon_core.environment:create_environment_scripts_only(led_system)
[2.710s] Level 1:colcon.colcon_core.environment:checking '/home/prajesh/my_ws/install/led_system' for CMake module files
[2.710s] Level 1:colcon.colcon_core.environment:checking '/home/prajesh/my_ws/install/led_system' for CMake config files
[2.710s] Level 1:colcon.colcon_core.shell:create_environment_hook('led_system', 'cmake_prefix_path')
[2.711s] INFO:colcon.colcon_core.shell:Creating environment hook '/home/prajesh/my_ws/install/led_system/share/led_system/hook/cmake_prefix_path.ps1'
[2.712s] INFO:colcon.colcon_core.shell:Creating environment descriptor '/home/prajesh/my_ws/install/led_system/share/led_system/hook/cmake_prefix_path.dsv'
[2.712s] INFO:colcon.colcon_core.shell:Creating environment hook '/home/prajesh/my_ws/install/led_system/share/led_system/hook/cmake_prefix_path.sh'
[2.713s] Level 1:colcon.colcon_core.environment:checking '/home/prajesh/my_ws/install/led_system/bin'
[2.713s] Level 1:colcon.colcon_core.environment:checking '/home/prajesh/my_ws/install/led_system/lib/pkgconfig/led_system.pc'
[2.713s] Level 1:colcon.colcon_core.environment:checking '/home/prajesh/my_ws/install/led_system/lib/python3.10/site-packages'
[2.713s] Level 1:colcon.colcon_core.environment:checking '/home/prajesh/my_ws/install/led_system/bin'
[2.714s] INFO:colcon.colcon_core.shell:Creating package script '/home/prajesh/my_ws/install/led_system/share/led_system/package.ps1'
[2.714s] INFO:colcon.colcon_core.shell:Creating package descriptor '/home/prajesh/my_ws/install/led_system/share/led_system/package.dsv'
[2.715s] INFO:colcon.colcon_core.shell:Creating package script '/home/prajesh/my_ws/install/led_system/share/led_system/package.sh'
[2.715s] INFO:colcon.colcon_core.shell:Creating package script '/home/prajesh/my_ws/install/led_system/share/led_system/package.bash'
[2.716s] INFO:colcon.colcon_core.shell:Creating package script '/home/prajesh/my_ws/install/led_system/share/led_system/package.zsh'
[2.716s] Level 1:colcon.colcon_core.environment:create_file_with_runtime_dependencies(/home/prajesh/my_ws/install/led_system/share/colcon-core/packages/led_system)
[2.744s] Level 1:colcon.colcon_core.environment:checking '/home/prajesh/my_ws/install/my_py_pkg' for CMake module files
[2.745s] DEBUG:colcon.colcon_core.event_handler.log_command:Invoked command in '/home/prajesh/my_ws/src/my_py_pkg' returned '0': PYTHONPATH=/home/prajesh/my_ws/build/my_py_pkg/prefix_override:/home/prajesh/my_ws/install/my_py_pkg/lib/python3.10/site-packages:${PYTHONPATH} /usr/bin/python3 setup.py egg_info --egg-base ../../build/my_py_pkg build --build-base /home/prajesh/my_ws/build/my_py_pkg/build install --record /home/prajesh/my_ws/build/my_py_pkg/install.log --single-version-externally-managed
[2.745s] Level 1:colcon.colcon_core.environment:checking '/home/prajesh/my_ws/install/my_py_pkg' for CMake config files
[2.746s] Level 1:colcon.colcon_core.environment:checking '/home/prajesh/my_ws/install/my_py_pkg/lib'
[2.746s] Level 1:colcon.colcon_core.environment:checking '/home/prajesh/my_ws/install/my_py_pkg/bin'
[2.746s] Level 1:colcon.colcon_core.environment:checking '/home/prajesh/my_ws/install/my_py_pkg/lib/pkgconfig/my_py_pkg.pc'
[2.746s] Level 1:colcon.colcon_core.environment:checking '/home/prajesh/my_ws/install/my_py_pkg/lib/python3.10/site-packages'
[2.746s] Level 1:colcon.colcon_core.shell:create_environment_hook('my_py_pkg', 'pythonpath')
[2.748s] INFO:colcon.colcon_core.shell:Creating environment hook '/home/prajesh/my_ws/install/my_py_pkg/share/my_py_pkg/hook/pythonpath.ps1'
[2.748s] INFO:colcon.colcon_core.shell:Creating environment descriptor '/home/prajesh/my_ws/install/my_py_pkg/share/my_py_pkg/hook/pythonpath.dsv'
[2.748s] INFO:colcon.colcon_core.shell:Creating environment hook '/home/prajesh/my_ws/install/my_py_pkg/share/my_py_pkg/hook/pythonpath.sh'
[2.749s] Level 1:colcon.colcon_core.environment:checking '/home/prajesh/my_ws/install/my_py_pkg/bin'
[2.749s] Level 1:colcon.colcon_core.environment:create_environment_scripts_only(my_py_pkg)
[2.750s] INFO:colcon.colcon_core.shell:Creating package script '/home/prajesh/my_ws/install/my_py_pkg/share/my_py_pkg/package.ps1'
[2.751s] INFO:colcon.colcon_core.shell:Creating package descriptor '/home/prajesh/my_ws/install/my_py_pkg/share/my_py_pkg/package.dsv'
[2.751s] INFO:colcon.colcon_core.shell:Creating package script '/home/prajesh/my_ws/install/my_py_pkg/share/my_py_pkg/package.sh'
[2.752s] INFO:colcon.colcon_core.shell:Creating package script '/home/prajesh/my_ws/install/my_py_pkg/share/my_py_pkg/package.bash'
[2.752s] INFO:colcon.colcon_core.shell:Creating package script '/home/prajesh/my_ws/install/my_py_pkg/share/my_py_pkg/package.zsh'
[2.752s] Level 1:colcon.colcon_core.environment:create_file_with_runtime_dependencies(/home/prajesh/my_ws/install/my_py_pkg/share/colcon-core/packages/my_py_pkg)
[8.292s] DEBUG:colcon.colcon_core.event_handler.log_command:Invoked command in '/home/prajesh/my_ws/build/my_cpp_pkg' returned '0': CMAKE_PREFIX_PATH=${CMAKE_PREFIX_PATH}:/home/prajesh/my_ws/install/py_server_test:/home/prajesh/my_ws/install/my_py_pkg:/opt/ros/humble /usr/bin/cmake --build /home/prajesh/my_ws/build/my_cpp_pkg -- -j4 -l4
[8.317s] DEBUG:colcon.colcon_core.event_handler.log_command:Invoking command in '/home/prajesh/my_ws/build/my_cpp_pkg': CMAKE_PREFIX_PATH=${CMAKE_PREFIX_PATH}:/home/prajesh/my_ws/install/py_server_test:/home/prajesh/my_ws/install/my_py_pkg:/opt/ros/humble /usr/bin/cmake --install /home/prajesh/my_ws/build/my_cpp_pkg
[8.332s] Level 1:colcon.colcon_core.environment:create_environment_scripts_only(my_cpp_pkg)
[8.333s] Level 1:colcon.colcon_core.environment:checking '/home/prajesh/my_ws/install/my_cpp_pkg' for CMake module files
[8.334s] DEBUG:colcon.colcon_core.event_handler.log_command:Invoked command in '/home/prajesh/my_ws/build/my_cpp_pkg' returned '0': CMAKE_PREFIX_PATH=${CMAKE_PREFIX_PATH}:/home/prajesh/my_ws/install/py_server_test:/home/prajesh/my_ws/install/my_py_pkg:/opt/ros/humble /usr/bin/cmake --install /home/prajesh/my_ws/build/my_cpp_pkg
[8.334s] Level 1:colcon.colcon_core.environment:checking '/home/prajesh/my_ws/install/my_cpp_pkg' for CMake config files
[8.334s] Level 1:colcon.colcon_core.shell:create_environment_hook('my_cpp_pkg', 'cmake_prefix_path')
[8.335s] INFO:colcon.colcon_core.shell:Creating environment hook '/home/prajesh/my_ws/install/my_cpp_pkg/share/my_cpp_pkg/hook/cmake_prefix_path.ps1'
[8.336s] INFO:colcon.colcon_core.shell:Creating environment descriptor '/home/prajesh/my_ws/install/my_cpp_pkg/share/my_cpp_pkg/hook/cmake_prefix_path.dsv'
[8.336s] INFO:colcon.colcon_core.shell:Creating environment hook '/home/prajesh/my_ws/install/my_cpp_pkg/share/my_cpp_pkg/hook/cmake_prefix_path.sh'
[8.337s] Level 1:colcon.colcon_core.environment:checking '/home/prajesh/my_ws/install/my_cpp_pkg/lib'
[8.337s] Level 1:colcon.colcon_core.environment:checking '/home/prajesh/my_ws/install/my_cpp_pkg/bin'
[8.337s] Level 1:colcon.colcon_core.environment:checking '/home/prajesh/my_ws/install/my_cpp_pkg/lib/pkgconfig/my_cpp_pkg.pc'
[8.337s] Level 1:colcon.colcon_core.environment:checking '/home/prajesh/my_ws/install/my_cpp_pkg/lib/python3.10/site-packages'
[8.338s] Level 1:colcon.colcon_core.environment:checking '/home/prajesh/my_ws/install/my_cpp_pkg/bin'
[8.339s] INFO:colcon.colcon_core.shell:Creating package script '/home/prajesh/my_ws/install/my_cpp_pkg/share/my_cpp_pkg/package.ps1'
[8.339s] INFO:colcon.colcon_core.shell:Creating package descriptor '/home/prajesh/my_ws/install/my_cpp_pkg/share/my_cpp_pkg/package.dsv'
[8.339s] INFO:colcon.colcon_core.shell:Creating package script '/home/prajesh/my_ws/install/my_cpp_pkg/share/my_cpp_pkg/package.sh'
[8.340s] INFO:colcon.colcon_core.shell:Creating package script '/home/prajesh/my_ws/install/my_cpp_pkg/share/my_cpp_pkg/package.bash'
[8.340s] INFO:colcon.colcon_core.shell:Creating package script '/home/prajesh/my_ws/install/my_cpp_pkg/share/my_cpp_pkg/package.zsh'
[8.340s] Level 1:colcon.colcon_core.environment:create_file_with_runtime_dependencies(/home/prajesh/my_ws/install/my_cpp_pkg/share/colcon-core/packages/my_cpp_pkg)
[8.366s] Level 1:colcon.colcon_core.environment:create_environment_scripts_only(my_cpp_pkg)
[8.368s] Level 1:colcon.colcon_core.environment:checking '/home/prajesh/my_ws/install/my_cpp_pkg' for CMake module files
[8.368s] Level 1:colcon.colcon_core.environment:checking '/home/prajesh/my_ws/install/my_cpp_pkg' for CMake config files
[8.368s] Level 1:colcon.colcon_core.shell:create_environment_hook('my_cpp_pkg', 'cmake_prefix_path')
[8.369s] INFO:colcon.colcon_core.shell:Creating environment hook '/home/prajesh/my_ws/install/my_cpp_pkg/share/my_cpp_pkg/hook/cmake_prefix_path.ps1'
[8.370s] INFO:colcon.colcon_core.shell:Creating environment descriptor '/home/prajesh/my_ws/install/my_cpp_pkg/share/my_cpp_pkg/hook/cmake_prefix_path.dsv'
[8.370s] INFO:colcon.colcon_core.shell:Creating environment hook '/home/prajesh/my_ws/install/my_cpp_pkg/share/my_cpp_pkg/hook/cmake_prefix_path.sh'
[8.371s] Level 1:colcon.colcon_core.environment:checking '/home/prajesh/my_ws/install/my_cpp_pkg/lib'
[8.371s] Level 1:colcon.colcon_core.environment:checking '/home/prajesh/my_ws/install/my_cpp_pkg/bin'
[8.371s] Level 1:colcon.colcon_core.environment:checking '/home/prajesh/my_ws/install/my_cpp_pkg/lib/pkgconfig/my_cpp_pkg.pc'
[8.371s] Level 1:colcon.colcon_core.environment:checking '/home/prajesh/my_ws/install/my_cpp_pkg/lib/python3.10/site-packages'
[8.371s] Level 1:colcon.colcon_core.environment:checking '/home/prajesh/my_ws/install/my_cpp_pkg/bin'
[8.372s] INFO:colcon.colcon_core.shell:Creating package script '/home/prajesh/my_ws/install/my_cpp_pkg/share/my_cpp_pkg/package.ps1'
[8.372s] INFO:colcon.colcon_core.shell:Creating package descriptor '/home/prajesh/my_ws/install/my_cpp_pkg/share/my_cpp_pkg/package.dsv'
[8.373s] INFO:colcon.colcon_core.shell:Creating package script '/home/prajesh/my_ws/install/my_cpp_pkg/share/my_cpp_pkg/package.sh'
[8.373s] INFO:colcon.colcon_core.shell:Creating package script '/home/prajesh/my_ws/install/my_cpp_pkg/share/my_cpp_pkg/package.bash'
[8.373s] INFO:colcon.colcon_core.shell:Creating package script '/home/prajesh/my_ws/install/my_cpp_pkg/share/my_cpp_pkg/package.zsh'
[8.374s] Level 1:colcon.colcon_core.environment:create_file_with_runtime_dependencies(/home/prajesh/my_ws/install/my_cpp_pkg/share/colcon-core/packages/my_cpp_pkg)
[8.374s] DEBUG:colcon.colcon_parallel_executor.executor.parallel:closing loop
[8.374s] DEBUG:colcon.colcon_parallel_executor.executor.parallel:loop closed
[8.375s] DEBUG:colcon.colcon_parallel_executor.executor.parallel:run_until_complete finished with '0'
[8.375s] DEBUG:colcon.colcon_core.event_reactor:joining thread
[8.382s] INFO:colcon.colcon_core.plugin_system:Skipping extension 'colcon_notification.desktop_notification.terminal_notifier': Not used on non-Darwin systems
[8.382s] INFO:colcon.colcon_core.plugin_system:Skipping extension 'colcon_notification.desktop_notification.win32': Not used on non-Windows systems
[8.382s] INFO:colcon.colcon_notification.desktop_notification:Sending desktop notification using 'notify2'
[8.402s] DEBUG:colcon.colcon_core.event_reactor:joined thread
[8.403s] INFO:colcon.colcon_core.shell:Creating prefix script '/home/prajesh/my_ws/install/local_setup.ps1'
[8.404s] INFO:colcon.colcon_core.shell:Creating prefix util module '/home/prajesh/my_ws/install/_local_setup_util_ps1.py'
[8.406s] INFO:colcon.colcon_core.shell:Creating prefix chain script '/home/prajesh/my_ws/install/setup.ps1'
[8.408s] INFO:colcon.colcon_core.shell:Creating prefix script '/home/prajesh/my_ws/install/local_setup.sh'
[8.410s] INFO:colcon.colcon_core.shell:Creating prefix util module '/home/prajesh/my_ws/install/_local_setup_util_sh.py'
[8.411s] INFO:colcon.colcon_core.shell:Creating prefix chain script '/home/prajesh/my_ws/install/setup.sh'
[8.414s] INFO:colcon.colcon_core.shell:Creating prefix script '/home/prajesh/my_ws/install/local_setup.bash'
[8.415s] INFO:colcon.colcon_core.shell:Creating prefix chain script '/home/prajesh/my_ws/install/setup.bash'
[8.417s] INFO:colcon.colcon_core.shell:Creating prefix script '/home/prajesh/my_ws/install/local_setup.zsh'
[8.418s] INFO:colcon.colcon_core.shell:Creating prefix chain script '/home/prajesh/my_ws/install/setup.zsh'
