[0.033s] Invoking command in '/home/prajesh/my_ws/build/my_robot_interfaces': CMAKE_PREFIX_PATH=${CMAKE_PREFIX_PATH}:/home/prajesh/my_ws/install/py_server_test:/home/prajesh/my_ws/install/py_final_project:/home/prajesh/my_ws/install/my_py_pkg:/opt/ros/humble /usr/bin/cmake --build /home/prajesh/my_ws/build/my_robot_interfaces -- -j4 -l4
[0.063s] -- Found ament_cmake: 1.3.4 (/opt/ros/humble/share/ament_cmake/cmake)
[0.245s] -- Found rosidl_default_generators: 1.2.0 (/opt/ros/humble/share/rosidl_default_generators/cmake)
[0.249s] -- Using all available rosidl_typesupport_c: rosidl_typesupport_fastrtps_c;rosidl_typesupport_introspection_c
[0.251s] -- Found rosidl_adapter: 3.1.4 (/opt/ros/humble/share/rosidl_adapter/cmake)
[0.298s] -- Using all available rosidl_typesupport_cpp: rosidl_typesupport_fastrtps_cpp;rosidl_typesupport_introspection_cpp
[0.650s] -- Found ament_cmake_ros: 0.10.0 (/opt/ros/humble/share/ament_cmake_ros/cmake)
[0.811s] -- Using all available rosidl_typesupport_c: rosidl_typesupport_fastrtps_c;rosidl_typesupport_introspection_c
[1.038s] -- Using all available rosidl_typesupport_cpp: rosidl_typesupport_fastrtps_cpp;rosidl_typesupport_introspection_cpp
[1.061s] -- Found python_cmake_module: 0.10.0 (/opt/ros/humble/share/python_cmake_module/cmake)
[1.090s] -- Using PYTHON_EXECUTABLE: /usr/bin/python3
[1.090s] -- Using PYTHON_INCLUDE_DIRS: /usr/include/python3.10
[1.090s] -- Using PYTHON_LIBRARIES: /usr/lib/x86_64-linux-gnu/libpython3.10.so
[1.127s] -- Configuring done
[1.174s] -- Generating done
[1.180s] -- Build files have been written to: /home/prajesh/my_ws/build/my_robot_interfaces
[1.222s] [  1%] [34m[1mGenerating C code for ROS interfaces[0m
[1.251s] [  3%] [34m[1mGenerating C++ code for ROS interfaces[0m
[1.285s] [  3%] Built target ament_cmake_python_copy_my_robot_interfaces
[1.609s] running egg_info
[1.610s] writing my_robot_interfaces.egg-info/PKG-INFO
[1.610s] writing dependency_links to my_robot_interfaces.egg-info/dependency_links.txt
[1.619s] writing top-level names to my_robot_interfaces.egg-info/top_level.txt
[1.622s] reading manifest file 'my_robot_interfaces.egg-info/SOURCES.txt'
[1.622s] writing manifest file 'my_robot_interfaces.egg-info/SOURCES.txt'
[1.679s] [  3%] Built target ament_cmake_python_build_my_robot_interfaces_egg
[2.007s] [35m[1mConsolidate compiler generated dependencies of target my_robot_interfaces__rosidl_generator_c[0m
[2.040s] [  5%] [32mBuilding C object CMakeFiles/my_robot_interfaces__rosidl_generator_c.dir/rosidl_generator_c/my_robot_interfaces/msg/detail/hardware_status__functions.c.o[0m
[2.064s] [  7%] [32mBuilding C object CMakeFiles/my_robot_interfaces__rosidl_generator_c.dir/rosidl_generator_c/my_robot_interfaces/msg/detail/turtle__functions.c.o[0m
[2.077s] [  9%] [32mBuilding C object CMakeFiles/my_robot_interfaces__rosidl_generator_c.dir/rosidl_generator_c/my_robot_interfaces/msg/detail/turtle_array__functions.c.o[0m
[2.161s] [ 10%] [32mBuilding C object CMakeFiles/my_robot_interfaces__rosidl_generator_c.dir/rosidl_generator_c/my_robot_interfaces/srv/detail/compute_rect_area__functions.c.o[0m
[2.237s] [ 12%] [32m[1mLinking C shared library libmy_robot_interfaces__rosidl_generator_c.so[0m
[2.246s] [ 12%] Built target my_robot_interfaces__cpp
[2.263s] [ 14%] [34m[1mGenerating C++ type support for eProsima Fast-RTPS[0m
[2.263s] [ 16%] [34m[1mGenerating C++ introspection for ROS interfaces[0m
[2.275s] [ 18%] [34m[1mGenerating C++ type support dispatch for ROS interfaces[0m
[2.351s] [ 18%] Built target my_robot_interfaces__rosidl_generator_c
[2.439s] [ 20%] [34m[1mGenerating C type support for eProsima Fast-RTPS[0m
[2.791s] [35m[1mConsolidate compiler generated dependencies of target my_robot_interfaces__rosidl_typesupport_cpp[0m
[2.843s] [ 21%] [32mBuilding CXX object CMakeFiles/my_robot_interfaces__rosidl_typesupport_cpp.dir/rosidl_typesupport_cpp/my_robot_interfaces/msg/hardware_status__type_support.cpp.o[0m
[2.894s] [35m[1mConsolidate compiler generated dependencies of target my_robot_interfaces__rosidl_typesupport_introspection_cpp[0m
[2.920s] [ 23%] [32mBuilding CXX object CMakeFiles/my_robot_interfaces__rosidl_typesupport_introspection_cpp.dir/rosidl_typesupport_introspection_cpp/my_robot_interfaces/msg/detail/hardware_status__type_support.cpp.o[0m
[3.018s] [35m[1mConsolidate compiler generated dependencies of target my_robot_interfaces__rosidl_typesupport_fastrtps_cpp[0m
[3.049s] [ 25%] [32mBuilding CXX object CMakeFiles/my_robot_interfaces__rosidl_typesupport_fastrtps_cpp.dir/rosidl_typesupport_fastrtps_cpp/my_robot_interfaces/msg/detail/dds_fastrtps/hardware_status__type_support.cpp.o[0m
[3.109s] [35m[1mConsolidate compiler generated dependencies of target my_robot_interfaces__rosidl_typesupport_fastrtps_c[0m
[3.166s] [ 27%] [32mBuilding CXX object CMakeFiles/my_robot_interfaces__rosidl_typesupport_fastrtps_c.dir/rosidl_typesupport_fastrtps_c/my_robot_interfaces/msg/detail/hardware_status__type_support_c.cpp.o[0m
[3.761s] [ 29%] [32mBuilding CXX object CMakeFiles/my_robot_interfaces__rosidl_typesupport_cpp.dir/rosidl_typesupport_cpp/my_robot_interfaces/msg/turtle__type_support.cpp.o[0m
[4.465s] [ 30%] [32mBuilding CXX object CMakeFiles/my_robot_interfaces__rosidl_typesupport_introspection_cpp.dir/rosidl_typesupport_introspection_cpp/my_robot_interfaces/msg/detail/turtle__type_support.cpp.o[0m
[4.511s] [ 32%] [32mBuilding CXX object CMakeFiles/my_robot_interfaces__rosidl_typesupport_fastrtps_cpp.dir/rosidl_typesupport_fastrtps_cpp/my_robot_interfaces/msg/detail/dds_fastrtps/turtle__type_support.cpp.o[0m
[4.557s] [ 34%] [32mBuilding CXX object CMakeFiles/my_robot_interfaces__rosidl_typesupport_fastrtps_c.dir/rosidl_typesupport_fastrtps_c/my_robot_interfaces/msg/detail/turtle__type_support_c.cpp.o[0m
[4.624s] [ 36%] [32mBuilding CXX object CMakeFiles/my_robot_interfaces__rosidl_typesupport_cpp.dir/rosidl_typesupport_cpp/my_robot_interfaces/msg/turtle_array__type_support.cpp.o[0m
[4.904s] [ 38%] [32mBuilding CXX object CMakeFiles/my_robot_interfaces__rosidl_typesupport_fastrtps_cpp.dir/rosidl_typesupport_fastrtps_cpp/my_robot_interfaces/msg/detail/dds_fastrtps/turtle_array__type_support.cpp.o[0m
[4.912s] [ 40%] [32mBuilding CXX object CMakeFiles/my_robot_interfaces__rosidl_typesupport_cpp.dir/rosidl_typesupport_cpp/my_robot_interfaces/srv/compute_rect_area__type_support.cpp.o[0m
[4.942s] [ 41%] [32mBuilding CXX object CMakeFiles/my_robot_interfaces__rosidl_typesupport_introspection_cpp.dir/rosidl_typesupport_introspection_cpp/my_robot_interfaces/msg/detail/turtle_array__type_support.cpp.o[0m
[4.999s] [ 43%] [32mBuilding CXX object CMakeFiles/my_robot_interfaces__rosidl_typesupport_fastrtps_c.dir/rosidl_typesupport_fastrtps_c/my_robot_interfaces/msg/detail/turtle_array__type_support_c.cpp.o[0m
[5.270s] [ 45%] [32m[1mLinking CXX shared library libmy_robot_interfaces__rosidl_typesupport_cpp.so[0m
[5.280s] [ 47%] [32mBuilding CXX object CMakeFiles/my_robot_interfaces__rosidl_typesupport_fastrtps_cpp.dir/rosidl_typesupport_fastrtps_cpp/my_robot_interfaces/srv/detail/dds_fastrtps/compute_rect_area__type_support.cpp.o[0m
[5.333s] [ 47%] Built target my_robot_interfaces__rosidl_typesupport_cpp
[5.347s] [ 49%] [32mBuilding CXX object CMakeFiles/my_robot_interfaces__rosidl_typesupport_introspection_cpp.dir/rosidl_typesupport_introspection_cpp/my_robot_interfaces/srv/detail/compute_rect_area__type_support.cpp.o[0m
[5.355s] [ 50%] [34m[1mGenerating C introspection for ROS interfaces[0m
[5.440s] [ 52%] [32mBuilding CXX object CMakeFiles/my_robot_interfaces__rosidl_typesupport_fastrtps_c.dir/rosidl_typesupport_fastrtps_c/my_robot_interfaces/srv/detail/compute_rect_area__type_support_c.cpp.o[0m
[5.670s] [ 54%] [32m[1mLinking CXX shared library libmy_robot_interfaces__rosidl_typesupport_fastrtps_cpp.so[0m
[5.763s] [ 54%] Built target my_robot_interfaces__rosidl_typesupport_fastrtps_cpp
[5.779s] [35m[1mConsolidate compiler generated dependencies of target my_robot_interfaces__rosidl_typesupport_introspection_c[0m
[5.786s] [ 56%] [34m[1mGenerating C type support dispatch for ROS interfaces[0m
[5.817s] [ 58%] [32mBuilding C object CMakeFiles/my_robot_interfaces__rosidl_typesupport_introspection_c.dir/rosidl_typesupport_introspection_c/my_robot_interfaces/msg/detail/hardware_status__type_support.c.o[0m
[5.842s] [ 60%] [32m[1mLinking CXX shared library libmy_robot_interfaces__rosidl_typesupport_fastrtps_c.so[0m
[5.856s] [ 61%] [32mBuilding C object CMakeFiles/my_robot_interfaces__rosidl_typesupport_introspection_c.dir/rosidl_typesupport_introspection_c/my_robot_interfaces/msg/detail/turtle__type_support.c.o[0m
[5.857s] [ 63%] [32m[1mLinking CXX shared library libmy_robot_interfaces__rosidl_typesupport_introspection_cpp.so[0m
[5.911s] [ 65%] [32mBuilding C object CMakeFiles/my_robot_interfaces__rosidl_typesupport_introspection_c.dir/rosidl_typesupport_introspection_c/my_robot_interfaces/msg/detail/turtle_array__type_support.c.o[0m
[5.931s] [ 65%] Built target my_robot_interfaces__rosidl_typesupport_introspection_cpp
[5.944s] [ 65%] Built target my_robot_interfaces__rosidl_typesupport_fastrtps_c
[5.951s] [ 67%] [32mBuilding C object CMakeFiles/my_robot_interfaces__rosidl_typesupport_introspection_c.dir/rosidl_typesupport_introspection_c/my_robot_interfaces/srv/detail/compute_rect_area__type_support.c.o[0m
[5.981s] [ 69%] [32m[1mLinking C shared library libmy_robot_interfaces__rosidl_typesupport_introspection_c.so[0m
[6.011s] [ 69%] Built target my_robot_interfaces__rosidl_typesupport_introspection_c
[6.054s] [35m[1mConsolidate compiler generated dependencies of target my_robot_interfaces__rosidl_typesupport_c[0m
[6.062s] [ 70%] [32mBuilding CXX object CMakeFiles/my_robot_interfaces__rosidl_typesupport_c.dir/rosidl_typesupport_c/my_robot_interfaces/msg/hardware_status__type_support.cpp.o[0m
[6.063s] [ 72%] [32mBuilding CXX object CMakeFiles/my_robot_interfaces__rosidl_typesupport_c.dir/rosidl_typesupport_c/my_robot_interfaces/msg/turtle__type_support.cpp.o[0m
[6.064s] [ 74%] [32mBuilding CXX object CMakeFiles/my_robot_interfaces__rosidl_typesupport_c.dir/rosidl_typesupport_c/my_robot_interfaces/srv/compute_rect_area__type_support.cpp.o[0m
[6.067s] [ 76%] [32mBuilding CXX object CMakeFiles/my_robot_interfaces__rosidl_typesupport_c.dir/rosidl_typesupport_c/my_robot_interfaces/msg/turtle_array__type_support.cpp.o[0m
[6.104s] [ 78%] [32m[1mLinking CXX shared library libmy_robot_interfaces__rosidl_typesupport_c.so[0m
[6.137s] [ 78%] Built target my_robot_interfaces__rosidl_typesupport_c
[6.153s] [ 78%] Built target my_robot_interfaces
[6.169s] [ 80%] [34m[1mGenerating Python code for ROS interfaces[0m
[6.685s] [ 80%] Built target my_robot_interfaces__py
[6.695s] [35m[1mConsolidate compiler generated dependencies of target my_robot_interfaces__rosidl_generator_py[0m
[6.704s] [ 83%] [32mBuilding C object CMakeFiles/my_robot_interfaces__rosidl_generator_py.dir/rosidl_generator_py/my_robot_interfaces/msg/_hardware_status_s.c.o[0m
[6.705s] [ 83%] [32mBuilding C object CMakeFiles/my_robot_interfaces__rosidl_generator_py.dir/rosidl_generator_py/my_robot_interfaces/msg/_turtle_s.c.o[0m
[6.710s] [ 85%] [32mBuilding C object CMakeFiles/my_robot_interfaces__rosidl_generator_py.dir/rosidl_generator_py/my_robot_interfaces/msg/_turtle_array_s.c.o[0m
[6.713s] [ 87%] [32mBuilding C object CMakeFiles/my_robot_interfaces__rosidl_generator_py.dir/rosidl_generator_py/my_robot_interfaces/srv/_compute_rect_area_s.c.o[0m
[6.828s] [ 89%] [32m[1mLinking C shared library rosidl_generator_py/my_robot_interfaces/libmy_robot_interfaces__rosidl_generator_py.so[0m
[6.860s] [ 89%] Built target my_robot_interfaces__rosidl_generator_py
[6.870s] [35m[1mConsolidate compiler generated dependencies of target my_robot_interfaces__rosidl_typesupport_introspection_c__pyext[0m
[6.874s] [35m[1mConsolidate compiler generated dependencies of target my_robot_interfaces__rosidl_typesupport_c__pyext[0m
[6.874s] [35m[1mConsolidate compiler generated dependencies of target my_robot_interfaces__rosidl_typesupport_fastrtps_c__pyext[0m
[6.894s] [ 90%] [32mBuilding C object CMakeFiles/my_robot_interfaces__rosidl_typesupport_c__pyext.dir/rosidl_generator_py/my_robot_interfaces/_my_robot_interfaces_s.ep.rosidl_typesupport_c.c.o[0m
[6.895s] [ 92%] [32mBuilding C object CMakeFiles/my_robot_interfaces__rosidl_typesupport_fastrtps_c__pyext.dir/rosidl_generator_py/my_robot_interfaces/_my_robot_interfaces_s.ep.rosidl_typesupport_fastrtps_c.c.o[0m
[6.896s] [ 94%] [32mBuilding C object CMakeFiles/my_robot_interfaces__rosidl_typesupport_introspection_c__pyext.dir/rosidl_generator_py/my_robot_interfaces/_my_robot_interfaces_s.ep.rosidl_typesupport_introspection_c.c.o[0m
[7.016s] [ 96%] [32m[1mLinking C shared library rosidl_generator_py/my_robot_interfaces/my_robot_interfaces_s__rosidl_typesupport_c.cpython-310-x86_64-linux-gnu.so[0m
[7.029s] [ 98%] [32m[1mLinking C shared library rosidl_generator_py/my_robot_interfaces/my_robot_interfaces_s__rosidl_typesupport_fastrtps_c.cpython-310-x86_64-linux-gnu.so[0m
[7.040s] [100%] [32m[1mLinking C shared library rosidl_generator_py/my_robot_interfaces/my_robot_interfaces_s__rosidl_typesupport_introspection_c.cpython-310-x86_64-linux-gnu.so[0m
[7.063s] [100%] Built target my_robot_interfaces__rosidl_typesupport_c__pyext
[7.063s] [100%] Built target my_robot_interfaces__rosidl_typesupport_fastrtps_c__pyext
[7.072s] [100%] Built target my_robot_interfaces__rosidl_typesupport_introspection_c__pyext
[7.088s] Invoked command in '/home/prajesh/my_ws/build/my_robot_interfaces' returned '0': CMAKE_PREFIX_PATH=${CMAKE_PREFIX_PATH}:/home/prajesh/my_ws/install/py_server_test:/home/prajesh/my_ws/install/py_final_project:/home/prajesh/my_ws/install/my_py_pkg:/opt/ros/humble /usr/bin/cmake --build /home/prajesh/my_ws/build/my_robot_interfaces -- -j4 -l4
[7.182s] Invoking command in '/home/prajesh/my_ws/build/my_robot_interfaces': CMAKE_PREFIX_PATH=${CMAKE_PREFIX_PATH}:/home/prajesh/my_ws/install/py_server_test:/home/prajesh/my_ws/install/py_final_project:/home/prajesh/my_ws/install/my_py_pkg:/opt/ros/humble /usr/bin/cmake --install /home/prajesh/my_ws/build/my_robot_interfaces
[7.194s] -- Install configuration: ""
[7.194s] -- Installing: /home/prajesh/my_ws/install/my_robot_interfaces/share/ament_index/resource_index/rosidl_interfaces/my_robot_interfaces
[7.194s] -- Up-to-date: /home/prajesh/my_ws/install/my_robot_interfaces/include/my_robot_interfaces/my_robot_interfaces
[7.194s] -- Up-to-date: /home/prajesh/my_ws/install/my_robot_interfaces/include/my_robot_interfaces/my_robot_interfaces/msg
[7.194s] -- Installing: /home/prajesh/my_ws/install/my_robot_interfaces/include/my_robot_interfaces/my_robot_interfaces/msg/turtle_array.h
[7.195s] -- Installing: /home/prajesh/my_ws/install/my_robot_interfaces/include/my_robot_interfaces/my_robot_interfaces/msg/hardware_status.h
[7.195s] -- Up-to-date: /home/prajesh/my_ws/install/my_robot_interfaces/include/my_robot_interfaces/my_robot_interfaces/msg/detail
[7.203s] -- Installing: /home/prajesh/my_ws/install/my_robot_interfaces/include/my_robot_interfaces/my_robot_interfaces/msg/detail/turtle_array__struct.h
[7.203s] -- Installing: /home/prajesh/my_ws/install/my_robot_interfaces/include/my_robot_interfaces/my_robot_interfaces/msg/detail/hardware_status__functions.h
[7.203s] -- Installing: /home/prajesh/my_ws/install/my_robot_interfaces/include/my_robot_interfaces/my_robot_interfaces/msg/detail/hardware_status__type_support.h
[7.203s] -- Installing: /home/prajesh/my_ws/install/my_robot_interfaces/include/my_robot_interfaces/my_robot_interfaces/msg/detail/hardware_status__functions.c
[7.204s] -- Installing: /home/prajesh/my_ws/install/my_robot_interfaces/include/my_robot_interfaces/my_robot_interfaces/msg/detail/hardware_status__struct.h
[7.205s] -- Installing: /home/prajesh/my_ws/install/my_robot_interfaces/include/my_robot_interfaces/my_robot_interfaces/msg/detail/turtle_array__type_support.h
[7.205s] -- Installing: /home/prajesh/my_ws/install/my_robot_interfaces/include/my_robot_interfaces/my_robot_interfaces/msg/detail/turtle__functions.h
[7.205s] -- Installing: /home/prajesh/my_ws/install/my_robot_interfaces/include/my_robot_interfaces/my_robot_interfaces/msg/detail/turtle__functions.c
[7.205s] -- Installing: /home/prajesh/my_ws/install/my_robot_interfaces/include/my_robot_interfaces/my_robot_interfaces/msg/detail/turtle__struct.h
[7.206s] -- Installing: /home/prajesh/my_ws/install/my_robot_interfaces/include/my_robot_interfaces/my_robot_interfaces/msg/detail/turtle_array__functions.h
[7.206s] -- Installing: /home/prajesh/my_ws/install/my_robot_interfaces/include/my_robot_interfaces/my_robot_interfaces/msg/detail/turtle__type_support.h
[7.206s] -- Installing: /home/prajesh/my_ws/install/my_robot_interfaces/include/my_robot_interfaces/my_robot_interfaces/msg/detail/turtle_array__functions.c
[7.206s] -- Installing: /home/prajesh/my_ws/install/my_robot_interfaces/include/my_robot_interfaces/my_robot_interfaces/msg/turtle.h
[7.206s] -- Up-to-date: /home/prajesh/my_ws/install/my_robot_interfaces/include/my_robot_interfaces/my_robot_interfaces/msg/rosidl_generator_c__visibility_control.h
[7.206s] -- Up-to-date: /home/prajesh/my_ws/install/my_robot_interfaces/include/my_robot_interfaces/my_robot_interfaces/srv
[7.206s] -- Up-to-date: /home/prajesh/my_ws/install/my_robot_interfaces/include/my_robot_interfaces/my_robot_interfaces/srv/detail
[7.206s] -- Installing: /home/prajesh/my_ws/install/my_robot_interfaces/include/my_robot_interfaces/my_robot_interfaces/srv/detail/compute_rect_area__functions.h
[7.206s] -- Installing: /home/prajesh/my_ws/install/my_robot_interfaces/include/my_robot_interfaces/my_robot_interfaces/srv/detail/compute_rect_area__struct.h
[7.207s] -- Installing: /home/prajesh/my_ws/install/my_robot_interfaces/include/my_robot_interfaces/my_robot_interfaces/srv/detail/compute_rect_area__type_support.h
[7.207s] -- Installing: /home/prajesh/my_ws/install/my_robot_interfaces/include/my_robot_interfaces/my_robot_interfaces/srv/detail/compute_rect_area__functions.c
[7.207s] -- Installing: /home/prajesh/my_ws/install/my_robot_interfaces/include/my_robot_interfaces/my_robot_interfaces/srv/compute_rect_area.h
[7.207s] -- Up-to-date: /home/prajesh/my_ws/install/my_robot_interfaces/share/my_robot_interfaces/environment/library_path.sh
[7.207s] -- Installing: /home/prajesh/my_ws/install/my_robot_interfaces/share/my_robot_interfaces/environment/library_path.dsv
[7.207s] -- Installing: /home/prajesh/my_ws/install/my_robot_interfaces/lib/libmy_robot_interfaces__rosidl_generator_c.so
[7.207s] -- Set runtime path of "/home/prajesh/my_ws/install/my_robot_interfaces/lib/libmy_robot_interfaces__rosidl_generator_c.so" to ""
[7.207s] -- Up-to-date: /home/prajesh/my_ws/install/my_robot_interfaces/include/my_robot_interfaces/my_robot_interfaces
[7.207s] -- Up-to-date: /home/prajesh/my_ws/install/my_robot_interfaces/include/my_robot_interfaces/my_robot_interfaces/msg
[7.207s] -- Up-to-date: /home/prajesh/my_ws/install/my_robot_interfaces/include/my_robot_interfaces/my_robot_interfaces/msg/detail
[7.207s] -- Installing: /home/prajesh/my_ws/install/my_robot_interfaces/include/my_robot_interfaces/my_robot_interfaces/msg/detail/turtle__rosidl_typesupport_fastrtps_c.h
[7.207s] -- Installing: /home/prajesh/my_ws/install/my_robot_interfaces/include/my_robot_interfaces/my_robot_interfaces/msg/detail/turtle_array__rosidl_typesupport_fastrtps_c.h
[7.207s] -- Installing: /home/prajesh/my_ws/install/my_robot_interfaces/include/my_robot_interfaces/my_robot_interfaces/msg/detail/hardware_status__rosidl_typesupport_fastrtps_c.h
[7.207s] -- Up-to-date: /home/prajesh/my_ws/install/my_robot_interfaces/include/my_robot_interfaces/my_robot_interfaces/msg/rosidl_typesupport_fastrtps_c__visibility_control.h
[7.207s] -- Up-to-date: /home/prajesh/my_ws/install/my_robot_interfaces/include/my_robot_interfaces/my_robot_interfaces/srv
[7.207s] -- Up-to-date: /home/prajesh/my_ws/install/my_robot_interfaces/include/my_robot_interfaces/my_robot_interfaces/srv/detail
[7.207s] -- Installing: /home/prajesh/my_ws/install/my_robot_interfaces/include/my_robot_interfaces/my_robot_interfaces/srv/detail/compute_rect_area__rosidl_typesupport_fastrtps_c.h
[7.207s] -- Installing: /home/prajesh/my_ws/install/my_robot_interfaces/lib/libmy_robot_interfaces__rosidl_typesupport_fastrtps_c.so
[7.207s] -- Set runtime path of "/home/prajesh/my_ws/install/my_robot_interfaces/lib/libmy_robot_interfaces__rosidl_typesupport_fastrtps_c.so" to ""
[7.207s] -- Up-to-date: /home/prajesh/my_ws/install/my_robot_interfaces/include/my_robot_interfaces/my_robot_interfaces
[7.208s] -- Up-to-date: /home/prajesh/my_ws/install/my_robot_interfaces/include/my_robot_interfaces/my_robot_interfaces/msg
[7.208s] -- Up-to-date: /home/prajesh/my_ws/install/my_robot_interfaces/include/my_robot_interfaces/my_robot_interfaces/msg/rosidl_typesupport_introspection_c__visibility_control.h
[7.208s] -- Up-to-date: /home/prajesh/my_ws/install/my_robot_interfaces/include/my_robot_interfaces/my_robot_interfaces/msg/detail
[7.208s] -- Installing: /home/prajesh/my_ws/install/my_robot_interfaces/include/my_robot_interfaces/my_robot_interfaces/msg/detail/turtle_array__rosidl_typesupport_introspection_c.h
[7.208s] -- Installing: /home/prajesh/my_ws/install/my_robot_interfaces/include/my_robot_interfaces/my_robot_interfaces/msg/detail/turtle__rosidl_typesupport_introspection_c.h
[7.208s] -- Installing: /home/prajesh/my_ws/install/my_robot_interfaces/include/my_robot_interfaces/my_robot_interfaces/msg/detail/hardware_status__type_support.c
[7.208s] -- Installing: /home/prajesh/my_ws/install/my_robot_interfaces/include/my_robot_interfaces/my_robot_interfaces/msg/detail/turtle_array__type_support.c
[7.208s] -- Installing: /home/prajesh/my_ws/install/my_robot_interfaces/include/my_robot_interfaces/my_robot_interfaces/msg/detail/turtle__type_support.c
[7.208s] -- Installing: /home/prajesh/my_ws/install/my_robot_interfaces/include/my_robot_interfaces/my_robot_interfaces/msg/detail/hardware_status__rosidl_typesupport_introspection_c.h
[7.208s] -- Up-to-date: /home/prajesh/my_ws/install/my_robot_interfaces/include/my_robot_interfaces/my_robot_interfaces/srv
[7.208s] -- Up-to-date: /home/prajesh/my_ws/install/my_robot_interfaces/include/my_robot_interfaces/my_robot_interfaces/srv/detail
[7.208s] -- Installing: /home/prajesh/my_ws/install/my_robot_interfaces/include/my_robot_interfaces/my_robot_interfaces/srv/detail/compute_rect_area__rosidl_typesupport_introspection_c.h
[7.208s] -- Installing: /home/prajesh/my_ws/install/my_robot_interfaces/include/my_robot_interfaces/my_robot_interfaces/srv/detail/compute_rect_area__type_support.c
[7.208s] -- Installing: /home/prajesh/my_ws/install/my_robot_interfaces/lib/libmy_robot_interfaces__rosidl_typesupport_introspection_c.so
[7.208s] -- Set runtime path of "/home/prajesh/my_ws/install/my_robot_interfaces/lib/libmy_robot_interfaces__rosidl_typesupport_introspection_c.so" to ""
[7.208s] -- Installing: /home/prajesh/my_ws/install/my_robot_interfaces/lib/libmy_robot_interfaces__rosidl_typesupport_c.so
[7.208s] -- Set runtime path of "/home/prajesh/my_ws/install/my_robot_interfaces/lib/libmy_robot_interfaces__rosidl_typesupport_c.so" to ""
[7.208s] -- Up-to-date: /home/prajesh/my_ws/install/my_robot_interfaces/include/my_robot_interfaces/my_robot_interfaces
[7.208s] -- Up-to-date: /home/prajesh/my_ws/install/my_robot_interfaces/include/my_robot_interfaces/my_robot_interfaces/msg
[7.208s] -- Installing: /home/prajesh/my_ws/install/my_robot_interfaces/include/my_robot_interfaces/my_robot_interfaces/msg/turtle_array.hpp
[7.209s] -- Installing: /home/prajesh/my_ws/install/my_robot_interfaces/include/my_robot_interfaces/my_robot_interfaces/msg/hardware_status.hpp
[7.209s] -- Installing: /home/prajesh/my_ws/install/my_robot_interfaces/include/my_robot_interfaces/my_robot_interfaces/msg/turtle.hpp
[7.209s] -- Up-to-date: /home/prajesh/my_ws/install/my_robot_interfaces/include/my_robot_interfaces/my_robot_interfaces/msg/detail
[7.209s] -- Installing: /home/prajesh/my_ws/install/my_robot_interfaces/include/my_robot_interfaces/my_robot_interfaces/msg/detail/turtle_array__builder.hpp
[7.209s] -- Installing: /home/prajesh/my_ws/install/my_robot_interfaces/include/my_robot_interfaces/my_robot_interfaces/msg/detail/hardware_status__traits.hpp
[7.209s] -- Installing: /home/prajesh/my_ws/install/my_robot_interfaces/include/my_robot_interfaces/my_robot_interfaces/msg/detail/turtle__builder.hpp
[7.209s] -- Installing: /home/prajesh/my_ws/install/my_robot_interfaces/include/my_robot_interfaces/my_robot_interfaces/msg/detail/hardware_status__struct.hpp
[7.209s] -- Installing: /home/prajesh/my_ws/install/my_robot_interfaces/include/my_robot_interfaces/my_robot_interfaces/msg/detail/turtle_array__struct.hpp
[7.209s] -- Installing: /home/prajesh/my_ws/install/my_robot_interfaces/include/my_robot_interfaces/my_robot_interfaces/msg/detail/turtle__traits.hpp
[7.209s] -- Installing: /home/prajesh/my_ws/install/my_robot_interfaces/include/my_robot_interfaces/my_robot_interfaces/msg/detail/turtle_array__traits.hpp
[7.209s] -- Installing: /home/prajesh/my_ws/install/my_robot_interfaces/include/my_robot_interfaces/my_robot_interfaces/msg/detail/hardware_status__builder.hpp
[7.209s] -- Installing: /home/prajesh/my_ws/install/my_robot_interfaces/include/my_robot_interfaces/my_robot_interfaces/msg/detail/turtle__struct.hpp
[7.209s] -- Up-to-date: /home/prajesh/my_ws/install/my_robot_interfaces/include/my_robot_interfaces/my_robot_interfaces/srv
[7.209s] -- Up-to-date: /home/prajesh/my_ws/install/my_robot_interfaces/include/my_robot_interfaces/my_robot_interfaces/srv/detail
[7.209s] -- Installing: /home/prajesh/my_ws/install/my_robot_interfaces/include/my_robot_interfaces/my_robot_interfaces/srv/detail/compute_rect_area__builder.hpp
[7.209s] -- Installing: /home/prajesh/my_ws/install/my_robot_interfaces/include/my_robot_interfaces/my_robot_interfaces/srv/detail/compute_rect_area__struct.hpp
[7.209s] -- Installing: /home/prajesh/my_ws/install/my_robot_interfaces/include/my_robot_interfaces/my_robot_interfaces/srv/detail/compute_rect_area__traits.hpp
[7.209s] -- Installing: /home/prajesh/my_ws/install/my_robot_interfaces/include/my_robot_interfaces/my_robot_interfaces/srv/compute_rect_area.hpp
[7.209s] -- Up-to-date: /home/prajesh/my_ws/install/my_robot_interfaces/include/my_robot_interfaces/my_robot_interfaces
[7.209s] -- Up-to-date: /home/prajesh/my_ws/install/my_robot_interfaces/include/my_robot_interfaces/my_robot_interfaces/msg
[7.210s] -- Up-to-date: /home/prajesh/my_ws/install/my_robot_interfaces/include/my_robot_interfaces/my_robot_interfaces/msg/rosidl_typesupport_fastrtps_cpp__visibility_control.h
[7.210s] -- Up-to-date: /home/prajesh/my_ws/install/my_robot_interfaces/include/my_robot_interfaces/my_robot_interfaces/msg/detail
[7.210s] -- Installing: /home/prajesh/my_ws/install/my_robot_interfaces/include/my_robot_interfaces/my_robot_interfaces/msg/detail/hardware_status__rosidl_typesupport_fastrtps_cpp.hpp
[7.210s] -- Up-to-date: /home/prajesh/my_ws/install/my_robot_interfaces/include/my_robot_interfaces/my_robot_interfaces/msg/detail/dds_fastrtps
[7.210s] -- Installing: /home/prajesh/my_ws/install/my_robot_interfaces/include/my_robot_interfaces/my_robot_interfaces/msg/detail/turtle__rosidl_typesupport_fastrtps_cpp.hpp
[7.210s] -- Installing: /home/prajesh/my_ws/install/my_robot_interfaces/include/my_robot_interfaces/my_robot_interfaces/msg/detail/turtle_array__rosidl_typesupport_fastrtps_cpp.hpp
[7.210s] -- Up-to-date: /home/prajesh/my_ws/install/my_robot_interfaces/include/my_robot_interfaces/my_robot_interfaces/srv
[7.210s] -- Up-to-date: /home/prajesh/my_ws/install/my_robot_interfaces/include/my_robot_interfaces/my_robot_interfaces/srv/detail
[7.210s] -- Up-to-date: /home/prajesh/my_ws/install/my_robot_interfaces/include/my_robot_interfaces/my_robot_interfaces/srv/detail/dds_fastrtps
[7.210s] -- Installing: /home/prajesh/my_ws/install/my_robot_interfaces/include/my_robot_interfaces/my_robot_interfaces/srv/detail/compute_rect_area__rosidl_typesupport_fastrtps_cpp.hpp
[7.210s] -- Installing: /home/prajesh/my_ws/install/my_robot_interfaces/lib/libmy_robot_interfaces__rosidl_typesupport_fastrtps_cpp.so
[7.210s] -- Set runtime path of "/home/prajesh/my_ws/install/my_robot_interfaces/lib/libmy_robot_interfaces__rosidl_typesupport_fastrtps_cpp.so" to ""
[7.210s] -- Up-to-date: /home/prajesh/my_ws/install/my_robot_interfaces/include/my_robot_interfaces/my_robot_interfaces
[7.210s] -- Up-to-date: /home/prajesh/my_ws/install/my_robot_interfaces/include/my_robot_interfaces/my_robot_interfaces/msg
[7.210s] -- Up-to-date: /home/prajesh/my_ws/install/my_robot_interfaces/include/my_robot_interfaces/my_robot_interfaces/msg/detail
[7.210s] -- Installing: /home/prajesh/my_ws/install/my_robot_interfaces/include/my_robot_interfaces/my_robot_interfaces/msg/detail/hardware_status__rosidl_typesupport_introspection_cpp.hpp
[7.210s] -- Installing: /home/prajesh/my_ws/install/my_robot_interfaces/include/my_robot_interfaces/my_robot_interfaces/msg/detail/turtle_array__rosidl_typesupport_introspection_cpp.hpp
[7.210s] -- Installing: /home/prajesh/my_ws/install/my_robot_interfaces/include/my_robot_interfaces/my_robot_interfaces/msg/detail/turtle__rosidl_typesupport_introspection_cpp.hpp
[7.210s] -- Installing: /home/prajesh/my_ws/install/my_robot_interfaces/include/my_robot_interfaces/my_robot_interfaces/msg/detail/turtle_array__type_support.cpp
[7.210s] -- Installing: /home/prajesh/my_ws/install/my_robot_interfaces/include/my_robot_interfaces/my_robot_interfaces/msg/detail/hardware_status__type_support.cpp
[7.223s] -- Installing: /home/prajesh/my_ws/install/my_robot_interfaces/include/my_robot_interfaces/my_robot_interfaces/msg/detail/turtle__type_support.cpp
[7.223s] -- Up-to-date: /home/prajesh/my_ws/install/my_robot_interfaces/include/my_robot_interfaces/my_robot_interfaces/srv
[7.223s] -- Up-to-date: /home/prajesh/my_ws/install/my_robot_interfaces/include/my_robot_interfaces/my_robot_interfaces/srv/detail
[7.223s] -- Installing: /home/prajesh/my_ws/install/my_robot_interfaces/include/my_robot_interfaces/my_robot_interfaces/srv/detail/compute_rect_area__type_support.cpp
[7.223s] -- Installing: /home/prajesh/my_ws/install/my_robot_interfaces/include/my_robot_interfaces/my_robot_interfaces/srv/detail/compute_rect_area__rosidl_typesupport_introspection_cpp.hpp
[7.223s] -- Installing: /home/prajesh/my_ws/install/my_robot_interfaces/lib/libmy_robot_interfaces__rosidl_typesupport_introspection_cpp.so
[7.223s] -- Set runtime path of "/home/prajesh/my_ws/install/my_robot_interfaces/lib/libmy_robot_interfaces__rosidl_typesupport_introspection_cpp.so" to ""
[7.223s] -- Installing: /home/prajesh/my_ws/install/my_robot_interfaces/lib/libmy_robot_interfaces__rosidl_typesupport_cpp.so
[7.223s] -- Set runtime path of "/home/prajesh/my_ws/install/my_robot_interfaces/lib/libmy_robot_interfaces__rosidl_typesupport_cpp.so" to ""
[7.223s] -- Up-to-date: /home/prajesh/my_ws/install/my_robot_interfaces/share/my_robot_interfaces/environment/pythonpath.sh
[7.223s] -- Installing: /home/prajesh/my_ws/install/my_robot_interfaces/share/my_robot_interfaces/environment/pythonpath.dsv
[7.223s] -- Up-to-date: /home/prajesh/my_ws/install/my_robot_interfaces/local/lib/python3.10/dist-packages/my_robot_interfaces-0.0.0-py3.10.egg-info
[7.223s] -- Installing: /home/prajesh/my_ws/install/my_robot_interfaces/local/lib/python3.10/dist-packages/my_robot_interfaces-0.0.0-py3.10.egg-info/SOURCES.txt
[7.223s] -- Installing: /home/prajesh/my_ws/install/my_robot_interfaces/local/lib/python3.10/dist-packages/my_robot_interfaces-0.0.0-py3.10.egg-info/top_level.txt
[7.223s] -- Installing: /home/prajesh/my_ws/install/my_robot_interfaces/local/lib/python3.10/dist-packages/my_robot_interfaces-0.0.0-py3.10.egg-info/dependency_links.txt
[7.223s] -- Installing: /home/prajesh/my_ws/install/my_robot_interfaces/local/lib/python3.10/dist-packages/my_robot_interfaces-0.0.0-py3.10.egg-info/PKG-INFO
[7.223s] -- Up-to-date: /home/prajesh/my_ws/install/my_robot_interfaces/local/lib/python3.10/dist-packages/my_robot_interfaces
[7.223s] -- Installing: /home/prajesh/my_ws/install/my_robot_interfaces/local/lib/python3.10/dist-packages/my_robot_interfaces/_my_robot_interfaces_s.ep.rosidl_typesupport_introspection_c.c
[7.224s] -- Installing: /home/prajesh/my_ws/install/my_robot_interfaces/local/lib/python3.10/dist-packages/my_robot_interfaces/my_robot_interfaces_s__rosidl_typesupport_introspection_c.cpython-310-x86_64-linux-gnu.so
[7.224s] -- Installing: /home/prajesh/my_ws/install/my_robot_interfaces/local/lib/python3.10/dist-packages/my_robot_interfaces/my_robot_interfaces_s__rosidl_typesupport_c.cpython-310-x86_64-linux-gnu.so
[7.224s] -- Up-to-date: /home/prajesh/my_ws/install/my_robot_interfaces/local/lib/python3.10/dist-packages/my_robot_interfaces/msg
[7.224s] -- Installing: /home/prajesh/my_ws/install/my_robot_interfaces/local/lib/python3.10/dist-packages/my_robot_interfaces/msg/__init__.py
[7.224s] -- Installing: /home/prajesh/my_ws/install/my_robot_interfaces/local/lib/python3.10/dist-packages/my_robot_interfaces/msg/_turtle.py
[7.224s] -- Installing: /home/prajesh/my_ws/install/my_robot_interfaces/local/lib/python3.10/dist-packages/my_robot_interfaces/msg/_turtle_array_s.c
[7.224s] -- Installing: /home/prajesh/my_ws/install/my_robot_interfaces/local/lib/python3.10/dist-packages/my_robot_interfaces/msg/_turtle_array.py
[7.224s] -- Installing: /home/prajesh/my_ws/install/my_robot_interfaces/local/lib/python3.10/dist-packages/my_robot_interfaces/msg/_hardware_status.py
[7.224s] -- Installing: /home/prajesh/my_ws/install/my_robot_interfaces/local/lib/python3.10/dist-packages/my_robot_interfaces/msg/_turtle_s.c
[7.224s] -- Installing: /home/prajesh/my_ws/install/my_robot_interfaces/local/lib/python3.10/dist-packages/my_robot_interfaces/msg/_hardware_status_s.c
[7.224s] -- Installing: /home/prajesh/my_ws/install/my_robot_interfaces/local/lib/python3.10/dist-packages/my_robot_interfaces/__init__.py
[7.224s] -- Installing: /home/prajesh/my_ws/install/my_robot_interfaces/local/lib/python3.10/dist-packages/my_robot_interfaces/_my_robot_interfaces_s.ep.rosidl_typesupport_c.c
[7.224s] -- Installing: /home/prajesh/my_ws/install/my_robot_interfaces/local/lib/python3.10/dist-packages/my_robot_interfaces/libmy_robot_interfaces__rosidl_generator_py.so
[7.224s] -- Installing: /home/prajesh/my_ws/install/my_robot_interfaces/local/lib/python3.10/dist-packages/my_robot_interfaces/_my_robot_interfaces_s.ep.rosidl_typesupport_fastrtps_c.c
[7.224s] -- Installing: /home/prajesh/my_ws/install/my_robot_interfaces/local/lib/python3.10/dist-packages/my_robot_interfaces/my_robot_interfaces_s__rosidl_typesupport_fastrtps_c.cpython-310-x86_64-linux-gnu.so
[7.224s] -- Up-to-date: /home/prajesh/my_ws/install/my_robot_interfaces/local/lib/python3.10/dist-packages/my_robot_interfaces/srv
[7.224s] -- Installing: /home/prajesh/my_ws/install/my_robot_interfaces/local/lib/python3.10/dist-packages/my_robot_interfaces/srv/__init__.py
[7.224s] -- Installing: /home/prajesh/my_ws/install/my_robot_interfaces/local/lib/python3.10/dist-packages/my_robot_interfaces/srv/_compute_rect_area_s.c
[7.224s] -- Installing: /home/prajesh/my_ws/install/my_robot_interfaces/local/lib/python3.10/dist-packages/my_robot_interfaces/srv/_compute_rect_area.py
[7.239s] Listing '/home/prajesh/my_ws/install/my_robot_interfaces/local/lib/python3.10/dist-packages/my_robot_interfaces'...
[7.239s] Compiling '/home/prajesh/my_ws/install/my_robot_interfaces/local/lib/python3.10/dist-packages/my_robot_interfaces/__init__.py'...
[7.239s] Listing '/home/prajesh/my_ws/install/my_robot_interfaces/local/lib/python3.10/dist-packages/my_robot_interfaces/msg'...
[7.239s] Compiling '/home/prajesh/my_ws/install/my_robot_interfaces/local/lib/python3.10/dist-packages/my_robot_interfaces/msg/__init__.py'...
[7.239s] Compiling '/home/prajesh/my_ws/install/my_robot_interfaces/local/lib/python3.10/dist-packages/my_robot_interfaces/msg/_hardware_status.py'...
[7.239s] Compiling '/home/prajesh/my_ws/install/my_robot_interfaces/local/lib/python3.10/dist-packages/my_robot_interfaces/msg/_turtle.py'...
[7.240s] Compiling '/home/prajesh/my_ws/install/my_robot_interfaces/local/lib/python3.10/dist-packages/my_robot_interfaces/msg/_turtle_array.py'...
[7.240s] Listing '/home/prajesh/my_ws/install/my_robot_interfaces/local/lib/python3.10/dist-packages/my_robot_interfaces/srv'...
[7.240s] Compiling '/home/prajesh/my_ws/install/my_robot_interfaces/local/lib/python3.10/dist-packages/my_robot_interfaces/srv/__init__.py'...
[7.240s] Compiling '/home/prajesh/my_ws/install/my_robot_interfaces/local/lib/python3.10/dist-packages/my_robot_interfaces/srv/_compute_rect_area.py'...
[7.244s] -- Installing: /home/prajesh/my_ws/install/my_robot_interfaces/local/lib/python3.10/dist-packages/my_robot_interfaces/my_robot_interfaces_s__rosidl_typesupport_fastrtps_c.cpython-310-x86_64-linux-gnu.so
[7.244s] -- Set runtime path of "/home/prajesh/my_ws/install/my_robot_interfaces/local/lib/python3.10/dist-packages/my_robot_interfaces/my_robot_interfaces_s__rosidl_typesupport_fastrtps_c.cpython-310-x86_64-linux-gnu.so" to ""
[7.244s] -- Installing: /home/prajesh/my_ws/install/my_robot_interfaces/local/lib/python3.10/dist-packages/my_robot_interfaces/my_robot_interfaces_s__rosidl_typesupport_introspection_c.cpython-310-x86_64-linux-gnu.so
[7.245s] -- Set runtime path of "/home/prajesh/my_ws/install/my_robot_interfaces/local/lib/python3.10/dist-packages/my_robot_interfaces/my_robot_interfaces_s__rosidl_typesupport_introspection_c.cpython-310-x86_64-linux-gnu.so" to ""
[7.245s] -- Installing: /home/prajesh/my_ws/install/my_robot_interfaces/local/lib/python3.10/dist-packages/my_robot_interfaces/my_robot_interfaces_s__rosidl_typesupport_c.cpython-310-x86_64-linux-gnu.so
[7.245s] -- Set runtime path of "/home/prajesh/my_ws/install/my_robot_interfaces/local/lib/python3.10/dist-packages/my_robot_interfaces/my_robot_interfaces_s__rosidl_typesupport_c.cpython-310-x86_64-linux-gnu.so" to ""
[7.245s] -- Installing: /home/prajesh/my_ws/install/my_robot_interfaces/lib/libmy_robot_interfaces__rosidl_generator_py.so
[7.246s] -- Set runtime path of "/home/prajesh/my_ws/install/my_robot_interfaces/lib/libmy_robot_interfaces__rosidl_generator_py.so" to ""
[7.246s] -- Up-to-date: /home/prajesh/my_ws/install/my_robot_interfaces/share/my_robot_interfaces/msg/HardwareStatus.idl
[7.246s] -- Installing: /home/prajesh/my_ws/install/my_robot_interfaces/share/my_robot_interfaces/msg/Turtle.idl
[7.246s] -- Installing: /home/prajesh/my_ws/install/my_robot_interfaces/share/my_robot_interfaces/msg/TurtleArray.idl
[7.246s] -- Up-to-date: /home/prajesh/my_ws/install/my_robot_interfaces/share/my_robot_interfaces/srv/ComputeRectArea.idl
[7.246s] -- Up-to-date: /home/prajesh/my_ws/install/my_robot_interfaces/share/my_robot_interfaces/msg/HardwareStatus.msg
[7.247s] -- Installing: /home/prajesh/my_ws/install/my_robot_interfaces/share/my_robot_interfaces/msg/Turtle.msg
[7.247s] -- Installing: /home/prajesh/my_ws/install/my_robot_interfaces/share/my_robot_interfaces/msg/TurtleArray.msg
[7.247s] -- Up-to-date: /home/prajesh/my_ws/install/my_robot_interfaces/share/my_robot_interfaces/srv/ComputeRectArea.srv
[7.247s] -- Up-to-date: /home/prajesh/my_ws/install/my_robot_interfaces/share/my_robot_interfaces/srv/ComputeRectArea_Request.msg
[7.247s] -- Up-to-date: /home/prajesh/my_ws/install/my_robot_interfaces/share/my_robot_interfaces/srv/ComputeRectArea_Response.msg
[7.247s] -- Up-to-date: /home/prajesh/my_ws/install/my_robot_interfaces/share/ament_index/resource_index/package_run_dependencies/my_robot_interfaces
[7.247s] -- Installing: /home/prajesh/my_ws/install/my_robot_interfaces/share/ament_index/resource_index/parent_prefix_path/my_robot_interfaces
[7.247s] -- Up-to-date: /home/prajesh/my_ws/install/my_robot_interfaces/share/my_robot_interfaces/environment/ament_prefix_path.sh
[7.247s] -- Installing: /home/prajesh/my_ws/install/my_robot_interfaces/share/my_robot_interfaces/environment/ament_prefix_path.dsv
[7.248s] -- Up-to-date: /home/prajesh/my_ws/install/my_robot_interfaces/share/my_robot_interfaces/environment/path.sh
[7.248s] -- Installing: /home/prajesh/my_ws/install/my_robot_interfaces/share/my_robot_interfaces/environment/path.dsv
[7.248s] -- Up-to-date: /home/prajesh/my_ws/install/my_robot_interfaces/share/my_robot_interfaces/local_setup.bash
[7.248s] -- Up-to-date: /home/prajesh/my_ws/install/my_robot_interfaces/share/my_robot_interfaces/local_setup.sh
[7.248s] -- Up-to-date: /home/prajesh/my_ws/install/my_robot_interfaces/share/my_robot_interfaces/local_setup.zsh
[7.248s] -- Installing: /home/prajesh/my_ws/install/my_robot_interfaces/share/my_robot_interfaces/local_setup.dsv
[7.248s] -- Installing: /home/prajesh/my_ws/install/my_robot_interfaces/share/my_robot_interfaces/package.dsv
[7.248s] -- Up-to-date: /home/prajesh/my_ws/install/my_robot_interfaces/share/ament_index/resource_index/packages/my_robot_interfaces
[7.249s] -- Up-to-date: /home/prajesh/my_ws/install/my_robot_interfaces/share/my_robot_interfaces/cmake/export_my_robot_interfaces__rosidl_generator_cExport.cmake
[7.249s] -- Up-to-date: /home/prajesh/my_ws/install/my_robot_interfaces/share/my_robot_interfaces/cmake/export_my_robot_interfaces__rosidl_generator_cExport-noconfig.cmake
[7.249s] -- Up-to-date: /home/prajesh/my_ws/install/my_robot_interfaces/share/my_robot_interfaces/cmake/export_my_robot_interfaces__rosidl_typesupport_fastrtps_cExport.cmake
[7.249s] -- Up-to-date: /home/prajesh/my_ws/install/my_robot_interfaces/share/my_robot_interfaces/cmake/export_my_robot_interfaces__rosidl_typesupport_fastrtps_cExport-noconfig.cmake
[7.249s] -- Up-to-date: /home/prajesh/my_ws/install/my_robot_interfaces/share/my_robot_interfaces/cmake/my_robot_interfaces__rosidl_typesupport_introspection_cExport.cmake
[7.249s] -- Up-to-date: /home/prajesh/my_ws/install/my_robot_interfaces/share/my_robot_interfaces/cmake/my_robot_interfaces__rosidl_typesupport_introspection_cExport-noconfig.cmake
[7.249s] -- Up-to-date: /home/prajesh/my_ws/install/my_robot_interfaces/share/my_robot_interfaces/cmake/my_robot_interfaces__rosidl_typesupport_cExport.cmake
[7.249s] -- Up-to-date: /home/prajesh/my_ws/install/my_robot_interfaces/share/my_robot_interfaces/cmake/my_robot_interfaces__rosidl_typesupport_cExport-noconfig.cmake
[7.250s] -- Up-to-date: /home/prajesh/my_ws/install/my_robot_interfaces/share/my_robot_interfaces/cmake/export_my_robot_interfaces__rosidl_generator_cppExport.cmake
[7.251s] -- Up-to-date: /home/prajesh/my_ws/install/my_robot_interfaces/share/my_robot_interfaces/cmake/export_my_robot_interfaces__rosidl_typesupport_fastrtps_cppExport.cmake
[7.251s] -- Up-to-date: /home/prajesh/my_ws/install/my_robot_interfaces/share/my_robot_interfaces/cmake/export_my_robot_interfaces__rosidl_typesupport_fastrtps_cppExport-noconfig.cmake
[7.252s] -- Up-to-date: /home/prajesh/my_ws/install/my_robot_interfaces/share/my_robot_interfaces/cmake/my_robot_interfaces__rosidl_typesupport_introspection_cppExport.cmake
[7.252s] -- Up-to-date: /home/prajesh/my_ws/install/my_robot_interfaces/share/my_robot_interfaces/cmake/my_robot_interfaces__rosidl_typesupport_introspection_cppExport-noconfig.cmake
[7.252s] -- Up-to-date: /home/prajesh/my_ws/install/my_robot_interfaces/share/my_robot_interfaces/cmake/my_robot_interfaces__rosidl_typesupport_cppExport.cmake
[7.252s] -- Up-to-date: /home/prajesh/my_ws/install/my_robot_interfaces/share/my_robot_interfaces/cmake/my_robot_interfaces__rosidl_typesupport_cppExport-noconfig.cmake
[7.253s] -- Up-to-date: /home/prajesh/my_ws/install/my_robot_interfaces/share/my_robot_interfaces/cmake/export_my_robot_interfaces__rosidl_generator_pyExport.cmake
[7.253s] -- Up-to-date: /home/prajesh/my_ws/install/my_robot_interfaces/share/my_robot_interfaces/cmake/export_my_robot_interfaces__rosidl_generator_pyExport-noconfig.cmake
[7.253s] -- Installing: /home/prajesh/my_ws/install/my_robot_interfaces/share/my_robot_interfaces/cmake/rosidl_cmake-extras.cmake
[7.253s] -- Up-to-date: /home/prajesh/my_ws/install/my_robot_interfaces/share/my_robot_interfaces/cmake/ament_cmake_export_include_directories-extras.cmake
[7.253s] -- Up-to-date: /home/prajesh/my_ws/install/my_robot_interfaces/share/my_robot_interfaces/cmake/ament_cmake_export_libraries-extras.cmake
[7.255s] -- Up-to-date: /home/prajesh/my_ws/install/my_robot_interfaces/share/my_robot_interfaces/cmake/ament_cmake_export_targets-extras.cmake
[7.256s] -- Up-to-date: /home/prajesh/my_ws/install/my_robot_interfaces/share/my_robot_interfaces/cmake/rosidl_cmake_export_typesupport_targets-extras.cmake
[7.256s] -- Up-to-date: /home/prajesh/my_ws/install/my_robot_interfaces/share/my_robot_interfaces/cmake/ament_cmake_export_dependencies-extras.cmake
[7.256s] -- Up-to-date: /home/prajesh/my_ws/install/my_robot_interfaces/share/my_robot_interfaces/cmake/rosidl_cmake_export_typesupport_libraries-extras.cmake
[7.256s] -- Up-to-date: /home/prajesh/my_ws/install/my_robot_interfaces/share/my_robot_interfaces/cmake/my_robot_interfacesConfig.cmake
[7.256s] -- Up-to-date: /home/prajesh/my_ws/install/my_robot_interfaces/share/my_robot_interfaces/cmake/my_robot_interfacesConfig-version.cmake
[7.256s] -- Up-to-date: /home/prajesh/my_ws/install/my_robot_interfaces/share/my_robot_interfaces/package.xml
[7.256s] Invoked command in '/home/prajesh/my_ws/build/my_robot_interfaces' returned '0': CMAKE_PREFIX_PATH=${CMAKE_PREFIX_PATH}:/home/prajesh/my_ws/install/py_server_test:/home/prajesh/my_ws/install/py_final_project:/home/prajesh/my_ws/install/my_py_pkg:/opt/ros/humble /usr/bin/cmake --install /home/prajesh/my_ws/build/my_robot_interfaces
