[0.138s] Invoking command in '/home/prajesh/my_ws/build/cpp_practice': CMAKE_PREFIX_PATH=${CMAKE_PREFIX_PATH}:/home/prajesh/my_ws/install/py_server_test:/home/prajesh/my_ws/install/my_py_pkg:/opt/ros/humble /usr/bin/cmake --build /home/prajesh/my_ws/build/cpp_practice -- -j4 -l4
[0.253s] [ 50%] Built target number_generator
[0.273s] [100%] Built target add_cpp
[0.771s] Invoked command in '/home/prajesh/my_ws/build/cpp_practice' returned '0': CMAKE_PREFIX_PATH=${CMAKE_PREFIX_PATH}:/home/prajesh/my_ws/install/py_server_test:/home/prajesh/my_ws/install/my_py_pkg:/opt/ros/humble /usr/bin/cmake --build /home/prajesh/my_ws/build/cpp_practice -- -j4 -l4
[0.932s] Invoking command in '/home/prajesh/my_ws/build/cpp_practice': CMAKE_PREFIX_PATH=${CMAKE_PREFIX_PATH}:/home/prajesh/my_ws/install/py_server_test:/home/prajesh/my_ws/install/my_py_pkg:/opt/ros/humble /usr/bin/cmake --install /home/prajesh/my_ws/build/cpp_practice
[1.001s] -- Install configuration: ""
[1.003s] -- Up-to-date: /home/prajesh/my_ws/install/cpp_practice/lib/cpp_practice/number_generator
[1.004s] -- Up-to-date: /home/prajesh/my_ws/install/cpp_practice/lib/cpp_practice/add_cpp
[1.004s] -- Up-to-date: /home/prajesh/my_ws/install/cpp_practice/share/ament_index/resource_index/package_run_dependencies/cpp_practice
[1.005s] -- Up-to-date: /home/prajesh/my_ws/install/cpp_practice/share/ament_index/resource_index/parent_prefix_path/cpp_practice
[1.005s] -- Up-to-date: /home/prajesh/my_ws/install/cpp_practice/share/cpp_practice/environment/ament_prefix_path.sh
[1.006s] -- Up-to-date: /home/prajesh/my_ws/install/cpp_practice/share/cpp_practice/environment/ament_prefix_path.dsv
[1.019s] -- Up-to-date: /home/prajesh/my_ws/install/cpp_practice/share/cpp_practice/environment/path.sh
[1.020s] -- Up-to-date: /home/prajesh/my_ws/install/cpp_practice/share/cpp_practice/environment/path.dsv
[1.020s] -- Up-to-date: /home/prajesh/my_ws/install/cpp_practice/share/cpp_practice/local_setup.bash
[1.031s] -- Up-to-date: /home/prajesh/my_ws/install/cpp_practice/share/cpp_practice/local_setup.sh
[1.031s] -- Up-to-date: /home/prajesh/my_ws/install/cpp_practice/share/cpp_practice/local_setup.zsh
[1.031s] -- Up-to-date: /home/prajesh/my_ws/install/cpp_practice/share/cpp_practice/local_setup.dsv
[1.031s] -- Installing: /home/prajesh/my_ws/install/cpp_practice/share/cpp_practice/package.dsv
[1.031s] -- Up-to-date: /home/prajesh/my_ws/install/cpp_practice/share/ament_index/resource_index/packages/cpp_practice
[1.031s] -- Up-to-date: /home/prajesh/my_ws/install/cpp_practice/share/cpp_practice/cmake/cpp_practiceConfig.cmake
[1.032s] -- Up-to-date: /home/prajesh/my_ws/install/cpp_practice/share/cpp_practice/cmake/cpp_practiceConfig-version.cmake
[1.032s] -- Up-to-date: /home/prajesh/my_ws/install/cpp_practice/share/cpp_practice/package.xml
[1.092s] Invoked command in '/home/prajesh/my_ws/build/cpp_practice' returned '0': CMAKE_PREFIX_PATH=${CMAKE_PREFIX_PATH}:/home/prajesh/my_ws/install/py_server_test:/home/prajesh/my_ws/install/my_py_pkg:/opt/ros/humble /usr/bin/cmake --install /home/prajesh/my_ws/build/cpp_practice
