[0.820s] Invoking command in '/home/prajesh/my_ws/src/my_py_pkg': PYTHONPATH=/home/prajesh/my_ws/build/my_py_pkg/prefix_override:/home/prajesh/my_ws/install/my_py_pkg/lib/python3.10/site-packages:${PYTHONPATH} /usr/bin/python3 setup.py egg_info --egg-base ../../build/my_py_pkg build --build-base /home/prajesh/my_ws/build/my_py_pkg/build install --record /home/prajesh/my_ws/build/my_py_pkg/install.log --single-version-externally-managed
[1.077s] running egg_info
[1.077s] writing ../../build/my_py_pkg/my_py_pkg.egg-info/PKG-INFO
[1.078s] writing dependency_links to ../../build/my_py_pkg/my_py_pkg.egg-info/dependency_links.txt
[1.078s] writing entry points to ../../build/my_py_pkg/my_py_pkg.egg-info/entry_points.txt
[1.078s] writing requirements to ../../build/my_py_pkg/my_py_pkg.egg-info/requires.txt
[1.078s] writing top-level names to ../../build/my_py_pkg/my_py_pkg.egg-info/top_level.txt
[1.080s] reading manifest file '../../build/my_py_pkg/my_py_pkg.egg-info/SOURCES.txt'
[1.081s] writing manifest file '../../build/my_py_pkg/my_py_pkg.egg-info/SOURCES.txt'
[1.081s] running build
[1.081s] running build_py
[1.081s] running install
[1.082s] running install_lib
[1.083s] running install_data
[1.083s] running install_egg_info
[1.085s] removing '/home/prajesh/my_ws/install/my_py_pkg/lib/python3.10/site-packages/my_py_pkg-0.0.0-py3.10.egg-info' (and everything under it)
[1.085s] Copying ../../build/my_py_pkg/my_py_pkg.egg-info to /home/prajesh/my_ws/install/my_py_pkg/lib/python3.10/site-packages/my_py_pkg-0.0.0-py3.10.egg-info
[1.086s] running install_scripts
[1.104s] Installing hw_status_publisher script to /home/prajesh/my_ws/install/my_py_pkg/lib/my_py_pkg
[1.104s] Installing py_node script to /home/prajesh/my_ws/install/my_py_pkg/lib/my_py_pkg
[1.104s] Installing robot_news_station script to /home/prajesh/my_ws/install/my_py_pkg/lib/my_py_pkg
[1.104s] Installing smartphone script to /home/prajesh/my_ws/install/my_py_pkg/lib/my_py_pkg
[1.105s] writing list of installed files to '/home/prajesh/my_ws/build/my_py_pkg/install.log'
[1.136s] Invoked command in '/home/prajesh/my_ws/src/my_py_pkg' returned '0': PYTHONPATH=/home/prajesh/my_ws/build/my_py_pkg/prefix_override:/home/prajesh/my_ws/install/my_py_pkg/lib/python3.10/site-packages:${PYTHONPATH} /usr/bin/python3 setup.py egg_info --egg-base ../../build/my_py_pkg build --build-base /home/prajesh/my_ws/build/my_py_pkg/build install --record /home/prajesh/my_ws/build/my_py_pkg/install.log --single-version-externally-managed
