[0.678s] Invoking command in '/home/prajesh/my_ws/src/my_py_pkg': PYTHONPATH=/home/prajesh/my_ws/build/my_py_pkg/prefix_override:/home/prajesh/my_ws/install/my_py_pkg/lib/python3.10/site-packages:${PYTHONPATH} /usr/bin/python3 setup.py egg_info --egg-base ../../build/my_py_pkg build --build-base /home/prajesh/my_ws/build/my_py_pkg/build install --record /home/prajesh/my_ws/build/my_py_pkg/install.log --single-version-externally-managed
[0.922s] running egg_info
[0.922s] writing ../../build/my_py_pkg/my_py_pkg.egg-info/PKG-INFO
[0.923s] writing dependency_links to ../../build/my_py_pkg/my_py_pkg.egg-info/dependency_links.txt
[0.923s] writing entry points to ../../build/my_py_pkg/my_py_pkg.egg-info/entry_points.txt
[0.923s] writing requirements to ../../build/my_py_pkg/my_py_pkg.egg-info/requires.txt
[0.923s] writing top-level names to ../../build/my_py_pkg/my_py_pkg.egg-info/top_level.txt
[0.925s] reading manifest file '../../build/my_py_pkg/my_py_pkg.egg-info/SOURCES.txt'
[0.926s] writing manifest file '../../build/my_py_pkg/my_py_pkg.egg-info/SOURCES.txt'
[0.926s] running build
[0.926s] running build_py
[0.927s] copying my_py_pkg/robot_news_station.py -> /home/prajesh/my_ws/build/my_py_pkg/build/lib/my_py_pkg
[0.927s] copying my_py_pkg/smartphone.py -> /home/prajesh/my_ws/build/my_py_pkg/build/lib/my_py_pkg
[0.927s] running install
[0.928s] running install_lib
[0.930s] copying /home/prajesh/my_ws/build/my_py_pkg/build/lib/my_py_pkg/robot_news_station.py -> /home/prajesh/my_ws/install/my_py_pkg/lib/python3.10/site-packages/my_py_pkg
[0.930s] copying /home/prajesh/my_ws/build/my_py_pkg/build/lib/my_py_pkg/smartphone.py -> /home/prajesh/my_ws/install/my_py_pkg/lib/python3.10/site-packages/my_py_pkg
[0.931s] byte-compiling /home/prajesh/my_ws/install/my_py_pkg/lib/python3.10/site-packages/my_py_pkg/robot_news_station.py to robot_news_station.cpython-310.pyc
[0.932s] byte-compiling /home/prajesh/my_ws/install/my_py_pkg/lib/python3.10/site-packages/my_py_pkg/smartphone.py to smartphone.cpython-310.pyc
[0.932s] running install_data
[0.933s] running install_egg_info
[0.934s] removing '/home/prajesh/my_ws/install/my_py_pkg/lib/python3.10/site-packages/my_py_pkg-0.0.0-py3.10.egg-info' (and everything under it)
[0.939s] Copying ../../build/my_py_pkg/my_py_pkg.egg-info to /home/prajesh/my_ws/install/my_py_pkg/lib/python3.10/site-packages/my_py_pkg-0.0.0-py3.10.egg-info
[0.940s] running install_scripts
[0.958s] Installing py_node script to /home/prajesh/my_ws/install/my_py_pkg/lib/my_py_pkg
[0.958s] Installing robot_news_station script to /home/prajesh/my_ws/install/my_py_pkg/lib/my_py_pkg
[0.958s] Installing smartphone script to /home/prajesh/my_ws/install/my_py_pkg/lib/my_py_pkg
[0.959s] writing list of installed files to '/home/prajesh/my_ws/build/my_py_pkg/install.log'
[0.988s] Invoked command in '/home/prajesh/my_ws/src/my_py_pkg' returned '0': PYTHONPATH=/home/prajesh/my_ws/build/my_py_pkg/prefix_override:/home/prajesh/my_ws/install/my_py_pkg/lib/python3.10/site-packages:${PYTHONPATH} /usr/bin/python3 setup.py egg_info --egg-base ../../build/my_py_pkg build --build-base /home/prajesh/my_ws/build/my_py_pkg/build install --record /home/prajesh/my_ws/build/my_py_pkg/install.log --single-version-externally-managed
