[0.016s] Invoking command in '/home/prajesh/my_ws/build/led_system': AMENT_PREFIX_PATH=/home/prajesh/my_ws/install/battery_interfaces:${AMENT_PREFIX_PATH} CMAKE_PREFIX_PATH=/home/prajesh/my_ws/install/battery_interfaces:/home/prajesh/my_ws/install/my_robot_interfaces:/home/prajesh/my_ws/install/my_cpp_pkg:/home/prajesh/my_ws/install/cpp_test_pkg:/home/prajesh/my_ws/install/cpp_service_test:/home/prajesh/my_ws/install/cpp_practice:/home/prajesh/tbot_ws/install/turtlebot3_simulations:/home/prajesh/tbot_ws/install/turtlebot3_gazebo:/home/prajesh/tbot_ws/install/turtlebot3_fake_node:/home/prajesh/my_ws/install/py_server_test:/home/prajesh/my_ws/install/my_py_pkg:/opt/ros/humble LD_LIBRARY_PATH=/home/prajesh/my_ws/install/battery_interfaces/lib:${LD_LIBRARY_PATH} PYTHONPATH=/home/prajesh/my_ws/install/battery_interfaces/local/lib/python3.10/dist-packages:${PYTHONPATH} /usr/bin/cmake --build /home/prajesh/my_ws/build/led_system -- -j4 -l4
[0.088s] [35m[1mConsolidate compiler generated dependencies of target battery_server[0m
[0.088s] [35m[1mConsolidate compiler generated dependencies of target led_client[0m
[0.102s] [ 25%] [32mBuilding CXX object CMakeFiles/battery_server.dir/src/battery_server.cpp.o[0m
[0.145s] [ 50%] [32mBuilding CXX object CMakeFiles/led_client.dir/src/led_client.cpp.o[0m
[2.811s] [01m[K/home/prajesh/my_ws/src/led_system/src/led_client.cpp:[m[K In member function ‘[01m[Kvoid BatteryStateClass::client_callback()[m[K’:
[2.811s] [01m[K/home/prajesh/my_ws/src/led_system/src/led_client.cpp:34:21:[m[K [01;31m[Kerror: [m[K‘[01m[Kstruct battery_interfaces::srv::BatteryStatus[m[K’ has no member named ‘[01m[Kled_number[m[K’
[2.811s]    34 |                 srv.[01;31m[Kled_number[m[K = 2;
[2.811s]       |                     [01;31m[K^~~~~~~~~~[m[K
[2.811s] [01m[K/home/prajesh/my_ws/src/led_system/src/led_client.cpp:35:21:[m[K [01;31m[Kerror: [m[K‘[01m[Kstruct battery_interfaces::srv::BatteryStatus[m[K’ has no member named ‘[01m[Kstate[m[K’
[2.811s]    35 |                 srv.[01;31m[Kstate[m[K = true;
[2.811s]       |                     [01;31m[K^~~~~[m[K
[2.812s] [01m[K/home/prajesh/my_ws/src/led_system/src/led_client.cpp:39:57:[m[K [01;31m[Kerror: [m[Kno matching function for call to ‘[01m[Krclcpp::Client<battery_interfaces::srv::BatteryStatus>::async_send_request(battery_interfaces::srv::BatteryStatus&)[m[K’
[2.812s]    39 |                 auto future = [01;31m[Kclient->async_send_request(srv)[m[K;
[2.812s]       |                               [01;31m[K~~~~~~~~~~~~~~~~~~~~~~~~~~^~~~~[m[K
[2.812s] In file included from [01m[K/opt/ros/humble/include/rclcpp/rclcpp/callback_group.hpp:24[m[K,
[2.812s]                  from [01m[K/opt/ros/humble/include/rclcpp/rclcpp/any_executable.hpp:20[m[K,
[2.812s]                  from [01m[K/opt/ros/humble/include/rclcpp/rclcpp/memory_strategy.hpp:25[m[K,
[2.812s]                  from [01m[K/opt/ros/humble/include/rclcpp/rclcpp/memory_strategies.hpp:18[m[K,
[2.812s]                  from [01m[K/opt/ros/humble/include/rclcpp/rclcpp/executor_options.hpp:20[m[K,
[2.813s]                  from [01m[K/opt/ros/humble/include/rclcpp/rclcpp/executor.hpp:37[m[K,
[2.813s]                  from [01m[K/opt/ros/humble/include/rclcpp/rclcpp/executors/multi_threaded_executor.hpp:25[m[K,
[2.813s]                  from [01m[K/opt/ros/humble/include/rclcpp/rclcpp/executors.hpp:21[m[K,
[2.813s]                  from [01m[K/opt/ros/humble/include/rclcpp/rclcpp/rclcpp.hpp:155[m[K,
[2.813s]                  from [01m[K/home/prajesh/my_ws/src/led_system/src/led_client.cpp:2[m[K:
[2.813s] [01m[K/opt/ros/humble/include/rclcpp/rclcpp/client.hpp:643:3:[m[K [01;36m[Knote: [m[Kcandidate: ‘[01m[Ktemplate<class CallbackT, typename std::enable_if<rclcpp::function_traits::same_arguments<CallbackT, std::function<void(std::shared_future<std::shared_ptr<battery_interfaces::srv::BatteryStatus_Response_<std::allocator<void> > > >)> >::value, void>::type* <anonymous> > rclcpp::Client<ServiceT>::SharedFutureAndRequestId rclcpp::Client<ServiceT>::async_send_request(rclcpp::Client<ServiceT>::SharedRequest, CallbackT&&) [with CallbackT = CallbackT; typename std::enable_if<rclcpp::function_traits::same_arguments<CallbackT, std::function<void(std::shared_future<typename ServiceT::Response::SharedPtr>)> >::value>::type* <anonymous> = <anonymous>; ServiceT = battery_interfaces::srv::BatteryStatus][m[K’
[2.814s]   643 |   [01;36m[Kasync_send_request[m[K(SharedRequest request, CallbackT && cb)
[2.814s]       |   [01;36m[K^~~~~~~~~~~~~~~~~~[m[K
[2.814s] [01m[K/opt/ros/humble/include/rclcpp/rclcpp/client.hpp:643:3:[m[K [01;36m[Knote: [m[K  template argument deduction/substitution failed:
[2.814s] [01m[K/home/prajesh/my_ws/src/led_system/src/led_client.cpp:39:57:[m[K [01;36m[Knote: [m[K  candidate expects 2 arguments, 1 provided
[2.814s]    39 |                 auto future = [01;36m[Kclient->async_send_request(srv)[m[K;
[2.814s]       |                               [01;36m[K~~~~~~~~~~~~~~~~~~~~~~~~~~^~~~~[m[K
[2.818s] In file included from [01m[K/opt/ros/humble/include/rclcpp/rclcpp/callback_group.hpp:24[m[K,
[2.818s]                  from [01m[K/opt/ros/humble/include/rclcpp/rclcpp/any_executable.hpp:20[m[K,
[2.818s]                  from [01m[K/opt/ros/humble/include/rclcpp/rclcpp/memory_strategy.hpp:25[m[K,
[2.818s]                  from [01m[K/opt/ros/humble/include/rclcpp/rclcpp/memory_strategies.hpp:18[m[K,
[2.818s]                  from [01m[K/opt/ros/humble/include/rclcpp/rclcpp/executor_options.hpp:20[m[K,
[2.818s]                  from [01m[K/opt/ros/humble/include/rclcpp/rclcpp/executor.hpp:37[m[K,
[2.818s]                  from [01m[K/opt/ros/humble/include/rclcpp/rclcpp/executors/multi_threaded_executor.hpp:25[m[K,
[2.818s]                  from [01m[K/opt/ros/humble/include/rclcpp/rclcpp/executors.hpp:21[m[K,
[2.818s]                  from [01m[K/opt/ros/humble/include/rclcpp/rclcpp/rclcpp.hpp:155[m[K,
[2.818s]                  from [01m[K/home/prajesh/my_ws/src/led_system/src/led_client.cpp:2[m[K:
[2.818s] [01m[K/opt/ros/humble/include/rclcpp/rclcpp/client.hpp:674:3:[m[K [01;36m[Knote: [m[Kcandidate: ‘[01m[Ktemplate<class CallbackT, typename std::enable_if<rclcpp::function_traits::same_arguments<CallbackT, std::function<void(std::shared_future<std::pair<std::shared_ptr<battery_interfaces::srv::BatteryStatus_Request_<std::allocator<void> > >, std::shared_ptr<battery_interfaces::srv::BatteryStatus_Response_<std::allocator<void> > > > >)> >::value, void>::type* <anonymous> > rclcpp::Client<ServiceT>::SharedFutureWithRequestAndRequestId rclcpp::Client<ServiceT>::async_send_request(rclcpp::Client<ServiceT>::SharedRequest, CallbackT&&) [with CallbackT = CallbackT; typename std::enable_if<rclcpp::function_traits::same_arguments<CallbackT, std::function<void(std::shared_future<std::pair<typename ServiceT::Request::SharedPtr, typename ServiceT::Response::SharedPtr> >)> >::value>::type* <anonymous> = <anonymous>; ServiceT = battery_interfaces::srv::BatteryStatus][m[K’
[2.818s]   674 |   [01;36m[Kasync_send_request[m[K(SharedRequest request, CallbackT && cb)
[2.818s]       |   [01;36m[K^~~~~~~~~~~~~~~~~~[m[K
[2.818s] [01m[K/opt/ros/humble/include/rclcpp/rclcpp/client.hpp:674:3:[m[K [01;36m[Knote: [m[K  template argument deduction/substitution failed:
[2.818s] [01m[K/home/prajesh/my_ws/src/led_system/src/led_client.cpp:39:57:[m[K [01;36m[Knote: [m[K  candidate expects 2 arguments, 1 provided
[2.819s]    39 |                 auto future = [01;36m[Kclient->async_send_request(srv)[m[K;
[2.819s]       |                               [01;36m[K~~~~~~~~~~~~~~~~~~~~~~~~~~^~~~~[m[K
[2.819s] In file included from [01m[K/opt/ros/humble/include/rclcpp/rclcpp/callback_group.hpp:24[m[K,
[2.819s]                  from [01m[K/opt/ros/humble/include/rclcpp/rclcpp/any_executable.hpp:20[m[K,
[2.819s]                  from [01m[K/opt/ros/humble/include/rclcpp/rclcpp/memory_strategy.hpp:25[m[K,
[2.819s]                  from [01m[K/opt/ros/humble/include/rclcpp/rclcpp/memory_strategies.hpp:18[m[K,
[2.819s]                  from [01m[K/opt/ros/humble/include/rclcpp/rclcpp/executor_options.hpp:20[m[K,
[2.819s]                  from [01m[K/opt/ros/humble/include/rclcpp/rclcpp/executor.hpp:37[m[K,
[2.819s]                  from [01m[K/opt/ros/humble/include/rclcpp/rclcpp/executors/multi_threaded_executor.hpp:25[m[K,
[2.819s]                  from [01m[K/opt/ros/humble/include/rclcpp/rclcpp/executors.hpp:21[m[K,
[2.819s]                  from [01m[K/opt/ros/humble/include/rclcpp/rclcpp/rclcpp.hpp:155[m[K,
[2.819s]                  from [01m[K/home/prajesh/my_ws/src/led_system/src/led_client.cpp:2[m[K:
[2.819s] [01m[K/opt/ros/humble/include/rclcpp/rclcpp/client.hpp:608:3:[m[K [01;36m[Knote: [m[Kcandidate: ‘[01m[Krclcpp::Client<ServiceT>::FutureAndRequestId rclcpp::Client<ServiceT>::async_send_request(rclcpp::Client<ServiceT>::SharedRequest) [with ServiceT = battery_interfaces::srv::BatteryStatus; rclcpp::Client<ServiceT>::SharedRequest = std::shared_ptr<battery_interfaces::srv::BatteryStatus_Request_<std::allocator<void> > >][m[K’
[2.819s]   608 |   [01;36m[Kasync_send_request[m[K(SharedRequest request)
[2.819s]       |   [01;36m[K^~~~~~~~~~~~~~~~~~[m[K
[2.819s] [01m[K/opt/ros/humble/include/rclcpp/rclcpp/client.hpp:608:36:[m[K [01;36m[Knote: [m[K  no known conversion for argument 1 from ‘[01m[Kbattery_interfaces::srv::BatteryStatus[m[K’ to ‘[01m[Krclcpp::Client<battery_interfaces::srv::BatteryStatus>::SharedRequest[m[K’ {aka ‘[01m[Kstd::shared_ptr<battery_interfaces::srv::BatteryStatus_Request_<std::allocator<void> > >[m[K’}
[2.819s]   608 |   async_send_request([01;36m[KSharedRequest request[m[K)
[2.819s]       |                      [01;36m[K~~~~~~~~~~~~~~^~~~~~~[m[K
[2.820s] [01m[K/home/prajesh/my_ws/src/led_system/src/led_client.cpp:54:21:[m[K [01;31m[Kerror: [m[K‘[01m[Kstruct battery_interfaces::srv::BatteryStatus[m[K’ has no member named ‘[01m[Kled_number[m[K’
[2.820s]    54 |                 srv.[01;31m[Kled_number[m[K = 2;
[2.820s]       |                     [01;31m[K^~~~~~~~~~[m[K
[2.821s] [01m[K/home/prajesh/my_ws/src/led_system/src/led_client.cpp:55:21:[m[K [01;31m[Kerror: [m[K‘[01m[Kstruct battery_interfaces::srv::BatteryStatus[m[K’ has no member named ‘[01m[Kstate[m[K’
[2.821s]    55 |                 srv.[01;31m[Kstate[m[K = false;
[2.821s]       |                     [01;31m[K^~~~~[m[K
[2.821s] [01m[K/home/prajesh/my_ws/src/led_system/src/led_client.cpp:59:57:[m[K [01;31m[Kerror: [m[Kno matching function for call to ‘[01m[Krclcpp::Client<battery_interfaces::srv::BatteryStatus>::async_send_request(battery_interfaces::srv::BatteryStatus&)[m[K’
[2.821s]    59 |                 auto future = [01;31m[Kclient->async_send_request(srv)[m[K;
[2.821s]       |                               [01;31m[K~~~~~~~~~~~~~~~~~~~~~~~~~~^~~~~[m[K
[2.821s] In file included from [01m[K/opt/ros/humble/include/rclcpp/rclcpp/callback_group.hpp:24[m[K,
[2.821s]                  from [01m[K/opt/ros/humble/include/rclcpp/rclcpp/any_executable.hpp:20[m[K,
[2.821s]                  from [01m[K/opt/ros/humble/include/rclcpp/rclcpp/memory_strategy.hpp:25[m[K,
[2.821s]                  from [01m[K/opt/ros/humble/include/rclcpp/rclcpp/memory_strategies.hpp:18[m[K,
[2.821s]                  from [01m[K/opt/ros/humble/include/rclcpp/rclcpp/executor_options.hpp:20[m[K,
[2.821s]                  from [01m[K/opt/ros/humble/include/rclcpp/rclcpp/executor.hpp:37[m[K,
[2.821s]                  from [01m[K/opt/ros/humble/include/rclcpp/rclcpp/executors/multi_threaded_executor.hpp:25[m[K,
[2.822s]                  from [01m[K/opt/ros/humble/include/rclcpp/rclcpp/executors.hpp:21[m[K,
[2.822s]                  from [01m[K/opt/ros/humble/include/rclcpp/rclcpp/rclcpp.hpp:155[m[K,
[2.822s]                  from [01m[K/home/prajesh/my_ws/src/led_system/src/led_client.cpp:2[m[K:
[2.822s] [01m[K/opt/ros/humble/include/rclcpp/rclcpp/client.hpp:643:3:[m[K [01;36m[Knote: [m[Kcandidate: ‘[01m[Ktemplate<class CallbackT, typename std::enable_if<rclcpp::function_traits::same_arguments<CallbackT, std::function<void(std::shared_future<std::shared_ptr<battery_interfaces::srv::BatteryStatus_Response_<std::allocator<void> > > >)> >::value, void>::type* <anonymous> > rclcpp::Client<ServiceT>::SharedFutureAndRequestId rclcpp::Client<ServiceT>::async_send_request(rclcpp::Client<ServiceT>::SharedRequest, CallbackT&&) [with CallbackT = CallbackT; typename std::enable_if<rclcpp::function_traits::same_arguments<CallbackT, std::function<void(std::shared_future<typename ServiceT::Response::SharedPtr>)> >::value>::type* <anonymous> = <anonymous>; ServiceT = battery_interfaces::srv::BatteryStatus][m[K’
[2.822s]   643 |   [01;36m[Kasync_send_request[m[K(SharedRequest request, CallbackT && cb)
[2.822s]       |   [01;36m[K^~~~~~~~~~~~~~~~~~[m[K
[2.823s] [01m[K/opt/ros/humble/include/rclcpp/rclcpp/client.hpp:643:3:[m[K [01;36m[Knote: [m[K  template argument deduction/substitution failed:
[2.823s] [01m[K/home/prajesh/my_ws/src/led_system/src/led_client.cpp:59:57:[m[K [01;36m[Knote: [m[K  candidate expects 2 arguments, 1 provided
[2.823s]    59 |                 auto future = [01;36m[Kclient->async_send_request(srv)[m[K;
[2.823s]       |                               [01;36m[K~~~~~~~~~~~~~~~~~~~~~~~~~~^~~~~[m[K
[2.823s] In file included from [01m[K/opt/ros/humble/include/rclcpp/rclcpp/callback_group.hpp:24[m[K,
[2.823s]                  from [01m[K/opt/ros/humble/include/rclcpp/rclcpp/any_executable.hpp:20[m[K,
[2.823s]                  from [01m[K/opt/ros/humble/include/rclcpp/rclcpp/memory_strategy.hpp:25[m[K,
[2.823s]                  from [01m[K/opt/ros/humble/include/rclcpp/rclcpp/memory_strategies.hpp:18[m[K,
[2.823s]                  from [01m[K/opt/ros/humble/include/rclcpp/rclcpp/executor_options.hpp:20[m[K,
[2.823s]                  from [01m[K/opt/ros/humble/include/rclcpp/rclcpp/executor.hpp:37[m[K,
[2.823s]                  from [01m[K/opt/ros/humble/include/rclcpp/rclcpp/executors/multi_threaded_executor.hpp:25[m[K,
[2.823s]                  from [01m[K/opt/ros/humble/include/rclcpp/rclcpp/executors.hpp:21[m[K,
[2.823s]                  from [01m[K/opt/ros/humble/include/rclcpp/rclcpp/rclcpp.hpp:155[m[K,
[2.823s]                  from [01m[K/home/prajesh/my_ws/src/led_system/src/led_client.cpp:2[m[K:
[2.823s] [01m[K/opt/ros/humble/include/rclcpp/rclcpp/client.hpp:674:3:[m[K [01;36m[Knote: [m[Kcandidate: ‘[01m[Ktemplate<class CallbackT, typename std::enable_if<rclcpp::function_traits::same_arguments<CallbackT, std::function<void(std::shared_future<std::pair<std::shared_ptr<battery_interfaces::srv::BatteryStatus_Request_<std::allocator<void> > >, std::shared_ptr<battery_interfaces::srv::BatteryStatus_Response_<std::allocator<void> > > > >)> >::value, void>::type* <anonymous> > rclcpp::Client<ServiceT>::SharedFutureWithRequestAndRequestId rclcpp::Client<ServiceT>::async_send_request(rclcpp::Client<ServiceT>::SharedRequest, CallbackT&&) [with CallbackT = CallbackT; typename std::enable_if<rclcpp::function_traits::same_arguments<CallbackT, std::function<void(std::shared_future<std::pair<typename ServiceT::Request::SharedPtr, typename ServiceT::Response::SharedPtr> >)> >::value>::type* <anonymous> = <anonymous>; ServiceT = battery_interfaces::srv::BatteryStatus][m[K’
[2.823s]   674 |   [01;36m[Kasync_send_request[m[K(SharedRequest request, CallbackT && cb)
[2.824s]       |   [01;36m[K^~~~~~~~~~~~~~~~~~[m[K
[2.824s] [01m[K/opt/ros/humble/include/rclcpp/rclcpp/client.hpp:674:3:[m[K [01;36m[Knote: [m[K  template argument deduction/substitution failed:
[2.824s] [01m[K/home/prajesh/my_ws/src/led_system/src/led_client.cpp:59:57:[m[K [01;36m[Knote: [m[K  candidate expects 2 arguments, 1 provided
[2.824s]    59 |                 auto future = [01;36m[Kclient->async_send_request(srv)[m[K;
[2.824s]       |                               [01;36m[K~~~~~~~~~~~~~~~~~~~~~~~~~~^~~~~[m[K
[2.824s] In file included from [01m[K/opt/ros/humble/include/rclcpp/rclcpp/callback_group.hpp:24[m[K,
[2.824s]                  from [01m[K/opt/ros/humble/include/rclcpp/rclcpp/any_executable.hpp:20[m[K,
[2.824s]                  from [01m[K/opt/ros/humble/include/rclcpp/rclcpp/memory_strategy.hpp:25[m[K,
[2.824s]                  from [01m[K/opt/ros/humble/include/rclcpp/rclcpp/memory_strategies.hpp:18[m[K,
[2.824s]                  from [01m[K/opt/ros/humble/include/rclcpp/rclcpp/executor_options.hpp:20[m[K,
[2.824s]                  from [01m[K/opt/ros/humble/include/rclcpp/rclcpp/executor.hpp:37[m[K,
[2.824s]                  from [01m[K/opt/ros/humble/include/rclcpp/rclcpp/executors/multi_threaded_executor.hpp:25[m[K,
[2.824s]                  from [01m[K/opt/ros/humble/include/rclcpp/rclcpp/executors.hpp:21[m[K,
[2.824s]                  from [01m[K/opt/ros/humble/include/rclcpp/rclcpp/rclcpp.hpp:155[m[K,
[2.824s]                  from [01m[K/home/prajesh/my_ws/src/led_system/src/led_client.cpp:2[m[K:
[2.824s] [01m[K/opt/ros/humble/include/rclcpp/rclcpp/client.hpp:608:3:[m[K [01;36m[Knote: [m[Kcandidate: ‘[01m[Krclcpp::Client<ServiceT>::FutureAndRequestId rclcpp::Client<ServiceT>::async_send_request(rclcpp::Client<ServiceT>::SharedRequest) [with ServiceT = battery_interfaces::srv::BatteryStatus; rclcpp::Client<ServiceT>::SharedRequest = std::shared_ptr<battery_interfaces::srv::BatteryStatus_Request_<std::allocator<void> > >][m[K’
[2.824s]   608 |   [01;36m[Kasync_send_request[m[K(SharedRequest request)
[2.825s]       |   [01;36m[K^~~~~~~~~~~~~~~~~~[m[K
[2.825s] [01m[K/opt/ros/humble/include/rclcpp/rclcpp/client.hpp:608:36:[m[K [01;36m[Knote: [m[K  no known conversion for argument 1 from ‘[01m[Kbattery_interfaces::srv::BatteryStatus[m[K’ to ‘[01m[Krclcpp::Client<battery_interfaces::srv::BatteryStatus>::SharedRequest[m[K’ {aka ‘[01m[Kstd::shared_ptr<battery_interfaces::srv::BatteryStatus_Request_<std::allocator<void> > >[m[K’}
[2.825s]   608 |   async_send_request([01;36m[KSharedRequest request[m[K)
[2.825s]       |                      [01;36m[K~~~~~~~~~~~~~~^~~~~~~[m[K
[3.358s] gmake[2]: *** [CMakeFiles/led_client.dir/build.make:76: CMakeFiles/led_client.dir/src/led_client.cpp.o] Error 1
[3.358s] gmake[1]: *** [CMakeFiles/Makefile2:139: CMakeFiles/led_client.dir/all] Error 2
[3.358s] gmake[1]: *** Waiting for unfinished jobs....
[4.782s] [ 75%] [32m[1mLinking CXX executable battery_server[0m
[4.969s] [ 75%] Built target battery_server
[4.970s] gmake: *** [Makefile:146: all] Error 2
[4.972s] Invoked command in '/home/prajesh/my_ws/build/led_system' returned '2': AMENT_PREFIX_PATH=/home/prajesh/my_ws/install/battery_interfaces:${AMENT_PREFIX_PATH} CMAKE_PREFIX_PATH=/home/prajesh/my_ws/install/battery_interfaces:/home/prajesh/my_ws/install/my_robot_interfaces:/home/prajesh/my_ws/install/my_cpp_pkg:/home/prajesh/my_ws/install/cpp_test_pkg:/home/prajesh/my_ws/install/cpp_service_test:/home/prajesh/my_ws/install/cpp_practice:/home/prajesh/tbot_ws/install/turtlebot3_simulations:/home/prajesh/tbot_ws/install/turtlebot3_gazebo:/home/prajesh/tbot_ws/install/turtlebot3_fake_node:/home/prajesh/my_ws/install/py_server_test:/home/prajesh/my_ws/install/my_py_pkg:/opt/ros/humble LD_LIBRARY_PATH=/home/prajesh/my_ws/install/battery_interfaces/lib:${LD_LIBRARY_PATH} PYTHONPATH=/home/prajesh/my_ws/install/battery_interfaces/local/lib/python3.10/dist-packages:${PYTHONPATH} /usr/bin/cmake --build /home/prajesh/my_ws/build/led_system -- -j4 -l4
