[0.040s] Invoking command in '/home/prajesh/my_ws/build/my_robot_interfaces': CMAKE_PREFIX_PATH=${CMAKE_PREFIX_PATH}:/home/prajesh/my_ws/install/py_server_test:/home/prajesh/my_ws/install/my_py_pkg:/opt/ros/humble /usr/bin/cmake /home/prajesh/my_ws/src/my_robot_interfaces -DCMAKE_INSTALL_PREFIX=/home/prajesh/my_ws/install/my_robot_interfaces
[0.461s] -- The C compiler identification is GNU 11.3.0
[0.537s] -- The CXX compiler identification is GNU 11.3.0
[0.555s] -- Detecting C compiler ABI info
[0.687s] -- Detecting C compiler ABI info - done
[0.695s] -- Check for working C compiler: /usr/bin/cc - skipped
[0.705s] -- Detecting C compile features
[0.706s] -- Detecting C compile features - done
[0.717s] -- Detecting CXX compiler ABI info
[0.826s] -- Detecting CXX compiler ABI info - done
[0.832s] -- Check for working CXX compiler: /usr/bin/c++ - skipped
[0.833s] -- Detecting CXX compile features
[0.834s] -- Detecting CXX compile features - done
[0.843s] -- Found ament_cmake: 1.3.4 (/opt/ros/humble/share/ament_cmake/cmake)
[1.042s] -- Found Python3: /usr/bin/python3.10 (found version "3.10.6") found components: Interpreter 
[1.160s] -- Found rosidl_default_generators: 1.2.0 (/opt/ros/humble/share/rosidl_default_generators/cmake)
[1.171s] -- Using all available rosidl_typesupport_c: rosidl_typesupport_fastrtps_c;rosidl_typesupport_introspection_c
[1.186s] -- Found rosidl_adapter: 3.1.4 (/opt/ros/humble/share/rosidl_adapter/cmake)
[1.238s] -- Using all available rosidl_typesupport_cpp: rosidl_typesupport_fastrtps_cpp;rosidl_typesupport_introspection_cpp
[1.469s] [31mCMake Error at /opt/ros/humble/share/rosidl_cmake/cmake/rosidl_generate_interfaces.cmake:229 (message):
[1.469s]   Packages installing interfaces must include
[1.469s]   '<member_of_group>rosidl_interface_packages</member_of_group>' in their
[1.469s]   package.xml
[1.469s] Call Stack (most recent call first):
[1.469s]   CMakeLists.txt:12 (rosidl_generate_interfaces)
[1.469s] 
[1.469s] [0m
[1.469s] -- Configuring incomplete, errors occurred!
[1.469s] See also "/home/prajesh/my_ws/build/my_robot_interfaces/CMakeFiles/CMakeOutput.log".
[1.476s] Invoked command in '/home/prajesh/my_ws/build/my_robot_interfaces' returned '1': CMAKE_PREFIX_PATH=${CMAKE_PREFIX_PATH}:/home/prajesh/my_ws/install/py_server_test:/home/prajesh/my_ws/install/my_py_pkg:/opt/ros/humble /usr/bin/cmake /home/prajesh/my_ws/src/my_robot_interfaces -DCMAKE_INSTALL_PREFIX=/home/prajesh/my_ws/install/my_robot_interfaces
