[0.457s] DEBUG:colcon:Command line arguments: ['/usr/bin/colcon', 'build']
[0.457s] DEBUG:colcon:Parsed command line arguments: Namespace(log_base=None, log_level=None, verb_name='build', build_base='build', install_base='install', merge_install=False, symlink_install=False, test_result_base=None, continue_on_error=False, executor='parallel', parallel_workers=4, event_handlers=None, ignore_user_meta=False, metas=['./colcon.meta'], base_paths=['.'], packages_ignore=None, packages_ignore_regex=None, paths=None, packages_up_to=None, packages_up_to_regex=None, packages_above=None, packages_above_and_dependencies=None, packages_above_depth=None, packages_select_by_dep=None, packages_skip_by_dep=None, packages_skip_up_to=None, packages_select_build_failed=False, packages_skip_build_finished=False, packages_select_test_failures=False, packages_skip_test_passed=False, packages_select=None, packages_skip=None, packages_select_regex=None, packages_skip_regex=None, packages_start=None, packages_end=None, allow_overriding=[], cmake_args=None, cmake_target=None, cmake_target_skip_unavailable=False, cmake_clean_cache=False, cmake_clean_first=False, cmake_force_configure=False, ament_cmake_args=None, catkin_cmake_args=None, catkin_skip_building_tests=False, verb_parser=<colcon_defaults.argument_parser.defaults.DefaultArgumentsDecorator object at 0x7f9d5acd4460>, verb_extension=<colcon_core.verb.build.BuildVerb object at 0x7f9d5ac9bfd0>, main=<bound method BuildVerb.main of <colcon_core.verb.build.BuildVerb object at 0x7f9d5ac9bfd0>>)
[0.486s] Level 1:colcon.colcon_core.package_discovery:discover_packages(colcon_meta) check parameters
[0.486s] Level 1:colcon.colcon_core.package_discovery:discover_packages(recursive) check parameters
[0.486s] Level 1:colcon.colcon_core.package_discovery:discover_packages(ignore) check parameters
[0.486s] Level 1:colcon.colcon_core.package_discovery:discover_packages(path) check parameters
[0.486s] Level 1:colcon.colcon_core.package_discovery:discover_packages(colcon_meta) discover
[0.486s] Level 1:colcon.colcon_core.package_discovery:discover_packages(recursive) discover
[0.486s] INFO:colcon.colcon_core.package_discovery:Crawling recursively for packages in '/home/prajesh/my_ws'
[0.486s] Level 1:colcon.colcon_core.package_identification:_identify(.) by extensions ['ignore', 'ignore_ament_install']
[0.486s] Level 1:colcon.colcon_core.package_identification:_identify(.) by extension 'ignore'
[0.486s] Level 1:colcon.colcon_core.package_identification:_identify(.) by extension 'ignore_ament_install'
[0.487s] Level 1:colcon.colcon_core.package_identification:_identify(.) by extensions ['colcon_pkg']
[0.487s] Level 1:colcon.colcon_core.package_identification:_identify(.) by extension 'colcon_pkg'
[0.487s] Level 1:colcon.colcon_core.package_identification:_identify(.) by extensions ['colcon_meta']
[0.487s] Level 1:colcon.colcon_core.package_identification:_identify(.) by extension 'colcon_meta'
[0.487s] Level 1:colcon.colcon_core.package_identification:_identify(.) by extensions ['ros']
[0.487s] Level 1:colcon.colcon_core.package_identification:_identify(.) by extension 'ros'
[0.500s] Level 1:colcon.colcon_core.package_identification:_identify(.) by extensions ['cmake', 'python']
[0.501s] Level 1:colcon.colcon_core.package_identification:_identify(.) by extension 'cmake'
[0.501s] Level 1:colcon.colcon_core.package_identification:_identify(.) by extension 'python'
[0.501s] Level 1:colcon.colcon_core.package_identification:_identify(.) by extensions ['python_setup_py']
[0.501s] Level 1:colcon.colcon_core.package_identification:_identify(.) by extension 'python_setup_py'
[0.501s] Level 1:colcon.colcon_core.package_identification:_identify(build) by extensions ['ignore', 'ignore_ament_install']
[0.501s] Level 1:colcon.colcon_core.package_identification:_identify(build) by extension 'ignore'
[0.501s] Level 1:colcon.colcon_core.package_identification:_identify(build) ignored
[0.501s] Level 1:colcon.colcon_core.package_identification:_identify(install) by extensions ['ignore', 'ignore_ament_install']
[0.502s] Level 1:colcon.colcon_core.package_identification:_identify(install) by extension 'ignore'
[0.502s] Level 1:colcon.colcon_core.package_identification:_identify(install) ignored
[0.502s] Level 1:colcon.colcon_core.package_identification:_identify(log) by extensions ['ignore', 'ignore_ament_install']
[0.502s] Level 1:colcon.colcon_core.package_identification:_identify(log) by extension 'ignore'
[0.502s] Level 1:colcon.colcon_core.package_identification:_identify(log) ignored
[0.502s] Level 1:colcon.colcon_core.package_identification:_identify(src) by extensions ['ignore', 'ignore_ament_install']
[0.502s] Level 1:colcon.colcon_core.package_identification:_identify(src) by extension 'ignore'
[0.502s] Level 1:colcon.colcon_core.package_identification:_identify(src) by extension 'ignore_ament_install'
[0.502s] Level 1:colcon.colcon_core.package_identification:_identify(src) by extensions ['colcon_pkg']
[0.503s] Level 1:colcon.colcon_core.package_identification:_identify(src) by extension 'colcon_pkg'
[0.503s] Level 1:colcon.colcon_core.package_identification:_identify(src) by extensions ['colcon_meta']
[0.503s] Level 1:colcon.colcon_core.package_identification:_identify(src) by extension 'colcon_meta'
[0.503s] Level 1:colcon.colcon_core.package_identification:_identify(src) by extensions ['ros']
[0.503s] Level 1:colcon.colcon_core.package_identification:_identify(src) by extension 'ros'
[0.503s] Level 1:colcon.colcon_core.package_identification:_identify(src) by extensions ['cmake', 'python']
[0.503s] Level 1:colcon.colcon_core.package_identification:_identify(src) by extension 'cmake'
[0.503s] Level 1:colcon.colcon_core.package_identification:_identify(src) by extension 'python'
[0.503s] Level 1:colcon.colcon_core.package_identification:_identify(src) by extensions ['python_setup_py']
[0.503s] Level 1:colcon.colcon_core.package_identification:_identify(src) by extension 'python_setup_py'
[0.503s] Level 1:colcon.colcon_core.package_identification:_identify(src/cpp_practice) by extensions ['ignore', 'ignore_ament_install']
[0.503s] Level 1:colcon.colcon_core.package_identification:_identify(src/cpp_practice) by extension 'ignore'
[0.503s] Level 1:colcon.colcon_core.package_identification:_identify(src/cpp_practice) by extension 'ignore_ament_install'
[0.503s] Level 1:colcon.colcon_core.package_identification:_identify(src/cpp_practice) by extensions ['colcon_pkg']
[0.503s] Level 1:colcon.colcon_core.package_identification:_identify(src/cpp_practice) by extension 'colcon_pkg'
[0.504s] Level 1:colcon.colcon_core.package_identification:_identify(src/cpp_practice) by extensions ['colcon_meta']
[0.504s] Level 1:colcon.colcon_core.package_identification:_identify(src/cpp_practice) by extension 'colcon_meta'
[0.504s] Level 1:colcon.colcon_core.package_identification:_identify(src/cpp_practice) by extensions ['ros']
[0.504s] Level 1:colcon.colcon_core.package_identification:_identify(src/cpp_practice) by extension 'ros'
[0.507s] DEBUG:colcon.colcon_core.package_identification:Package 'src/cpp_practice' with type 'ros.ament_cmake' and name 'cpp_practice'
[0.507s] Level 1:colcon.colcon_core.package_identification:_identify(src/cpp_test_pkg) by extensions ['ignore', 'ignore_ament_install']
[0.507s] Level 1:colcon.colcon_core.package_identification:_identify(src/cpp_test_pkg) by extension 'ignore'
[0.507s] Level 1:colcon.colcon_core.package_identification:_identify(src/cpp_test_pkg) by extension 'ignore_ament_install'
[0.507s] Level 1:colcon.colcon_core.package_identification:_identify(src/cpp_test_pkg) by extensions ['colcon_pkg']
[0.507s] Level 1:colcon.colcon_core.package_identification:_identify(src/cpp_test_pkg) by extension 'colcon_pkg'
[0.507s] Level 1:colcon.colcon_core.package_identification:_identify(src/cpp_test_pkg) by extensions ['colcon_meta']
[0.507s] Level 1:colcon.colcon_core.package_identification:_identify(src/cpp_test_pkg) by extension 'colcon_meta'
[0.507s] Level 1:colcon.colcon_core.package_identification:_identify(src/cpp_test_pkg) by extensions ['ros']
[0.507s] Level 1:colcon.colcon_core.package_identification:_identify(src/cpp_test_pkg) by extension 'ros'
[0.508s] DEBUG:colcon.colcon_core.package_identification:Package 'src/cpp_test_pkg' with type 'ros.ament_cmake' and name 'cpp_test_pkg'
[0.508s] Level 1:colcon.colcon_core.package_identification:_identify(src/my_cpp_pkg) by extensions ['ignore', 'ignore_ament_install']
[0.508s] Level 1:colcon.colcon_core.package_identification:_identify(src/my_cpp_pkg) by extension 'ignore'
[0.509s] Level 1:colcon.colcon_core.package_identification:_identify(src/my_cpp_pkg) by extension 'ignore_ament_install'
[0.509s] Level 1:colcon.colcon_core.package_identification:_identify(src/my_cpp_pkg) by extensions ['colcon_pkg']
[0.509s] Level 1:colcon.colcon_core.package_identification:_identify(src/my_cpp_pkg) by extension 'colcon_pkg'
[0.509s] Level 1:colcon.colcon_core.package_identification:_identify(src/my_cpp_pkg) by extensions ['colcon_meta']
[0.509s] Level 1:colcon.colcon_core.package_identification:_identify(src/my_cpp_pkg) by extension 'colcon_meta'
[0.509s] Level 1:colcon.colcon_core.package_identification:_identify(src/my_cpp_pkg) by extensions ['ros']
[0.509s] Level 1:colcon.colcon_core.package_identification:_identify(src/my_cpp_pkg) by extension 'ros'
[0.510s] DEBUG:colcon.colcon_core.package_identification:Package 'src/my_cpp_pkg' with type 'ros.ament_cmake' and name 'my_cpp_pkg'
[0.510s] Level 1:colcon.colcon_core.package_identification:_identify(src/my_py_pkg) by extensions ['ignore', 'ignore_ament_install']
[0.510s] Level 1:colcon.colcon_core.package_identification:_identify(src/my_py_pkg) by extension 'ignore'
[0.510s] Level 1:colcon.colcon_core.package_identification:_identify(src/my_py_pkg) by extension 'ignore_ament_install'
[0.510s] Level 1:colcon.colcon_core.package_identification:_identify(src/my_py_pkg) by extensions ['colcon_pkg']
[0.510s] Level 1:colcon.colcon_core.package_identification:_identify(src/my_py_pkg) by extension 'colcon_pkg'
[0.510s] Level 1:colcon.colcon_core.package_identification:_identify(src/my_py_pkg) by extensions ['colcon_meta']
[0.510s] Level 1:colcon.colcon_core.package_identification:_identify(src/my_py_pkg) by extension 'colcon_meta'
[0.510s] Level 1:colcon.colcon_core.package_identification:_identify(src/my_py_pkg) by extensions ['ros']
[0.510s] Level 1:colcon.colcon_core.package_identification:_identify(src/my_py_pkg) by extension 'ros'
[0.511s] DEBUG:colcon.colcon_core.package_identification:Package 'src/my_py_pkg' with type 'ros.ament_python' and name 'my_py_pkg'
[0.511s] Level 1:colcon.colcon_core.package_identification:_identify(src/py_server_test) by extensions ['ignore', 'ignore_ament_install']
[0.511s] Level 1:colcon.colcon_core.package_identification:_identify(src/py_server_test) by extension 'ignore'
[0.511s] Level 1:colcon.colcon_core.package_identification:_identify(src/py_server_test) by extension 'ignore_ament_install'
[0.511s] Level 1:colcon.colcon_core.package_identification:_identify(src/py_server_test) by extensions ['colcon_pkg']
[0.511s] Level 1:colcon.colcon_core.package_identification:_identify(src/py_server_test) by extension 'colcon_pkg'
[0.512s] Level 1:colcon.colcon_core.package_identification:_identify(src/py_server_test) by extensions ['colcon_meta']
[0.512s] Level 1:colcon.colcon_core.package_identification:_identify(src/py_server_test) by extension 'colcon_meta'
[0.512s] Level 1:colcon.colcon_core.package_identification:_identify(src/py_server_test) by extensions ['ros']
[0.512s] Level 1:colcon.colcon_core.package_identification:_identify(src/py_server_test) by extension 'ros'
[0.512s] DEBUG:colcon.colcon_core.package_identification:Package 'src/py_server_test' with type 'ros.ament_python' and name 'py_server_test'
[0.512s] Level 1:colcon.colcon_core.package_discovery:discover_packages(recursive) using defaults
[0.513s] Level 1:colcon.colcon_core.package_discovery:discover_packages(ignore) discover
[0.513s] Level 1:colcon.colcon_core.package_discovery:discover_packages(ignore) using defaults
[0.513s] Level 1:colcon.colcon_core.package_discovery:discover_packages(path) discover
[0.513s] Level 1:colcon.colcon_core.package_discovery:discover_packages(path) using defaults
[0.543s] Level 1:colcon.colcon_core.package_discovery:discover_packages(prefix_path) check parameters
[0.543s] Level 1:colcon.colcon_core.package_discovery:discover_packages(prefix_path) discover
[0.547s] DEBUG:colcon.colcon_installed_package_information.package_discovery:Found 5 installed packages in /home/prajesh/my_ws/install
[0.549s] DEBUG:colcon.colcon_installed_package_information.package_discovery:Found 3 installed packages in /home/prajesh/tbot_ws/install
[0.551s] DEBUG:colcon.colcon_installed_package_information.package_discovery:Found 383 installed packages in /opt/ros/humble
[0.555s] Level 1:colcon.colcon_core.package_discovery:discover_packages(prefix_path) using defaults
[0.650s] Level 5:colcon.colcon_core.verb:set package 'cpp_practice' build argument 'cmake_args' from command line to 'None'
[0.650s] Level 5:colcon.colcon_core.verb:set package 'cpp_practice' build argument 'cmake_target' from command line to 'None'
[0.650s] Level 5:colcon.colcon_core.verb:set package 'cpp_practice' build argument 'cmake_target_skip_unavailable' from command line to 'False'
[0.650s] Level 5:colcon.colcon_core.verb:set package 'cpp_practice' build argument 'cmake_clean_cache' from command line to 'False'
[0.650s] Level 5:colcon.colcon_core.verb:set package 'cpp_practice' build argument 'cmake_clean_first' from command line to 'False'
[0.650s] Level 5:colcon.colcon_core.verb:set package 'cpp_practice' build argument 'cmake_force_configure' from command line to 'False'
[0.650s] Level 5:colcon.colcon_core.verb:set package 'cpp_practice' build argument 'ament_cmake_args' from command line to 'None'
[0.650s] Level 5:colcon.colcon_core.verb:set package 'cpp_practice' build argument 'catkin_cmake_args' from command line to 'None'
[0.650s] Level 5:colcon.colcon_core.verb:set package 'cpp_practice' build argument 'catkin_skip_building_tests' from command line to 'False'
[0.651s] DEBUG:colcon.colcon_core.verb:Building package 'cpp_practice' with the following arguments: {'ament_cmake_args': None, 'build_base': '/home/prajesh/my_ws/build/cpp_practice', 'catkin_cmake_args': None, 'catkin_skip_building_tests': False, 'cmake_args': None, 'cmake_clean_cache': False, 'cmake_clean_first': False, 'cmake_force_configure': False, 'cmake_target': None, 'cmake_target_skip_unavailable': False, 'install_base': '/home/prajesh/my_ws/install/cpp_practice', 'merge_install': False, 'path': '/home/prajesh/my_ws/src/cpp_practice', 'symlink_install': False, 'test_result_base': None}
[0.652s] Level 5:colcon.colcon_core.verb:set package 'cpp_test_pkg' build argument 'cmake_args' from command line to 'None'
[0.652s] Level 5:colcon.colcon_core.verb:set package 'cpp_test_pkg' build argument 'cmake_target' from command line to 'None'
[0.652s] Level 5:colcon.colcon_core.verb:set package 'cpp_test_pkg' build argument 'cmake_target_skip_unavailable' from command line to 'False'
[0.652s] Level 5:colcon.colcon_core.verb:set package 'cpp_test_pkg' build argument 'cmake_clean_cache' from command line to 'False'
[0.652s] Level 5:colcon.colcon_core.verb:set package 'cpp_test_pkg' build argument 'cmake_clean_first' from command line to 'False'
[0.652s] Level 5:colcon.colcon_core.verb:set package 'cpp_test_pkg' build argument 'cmake_force_configure' from command line to 'False'
[0.652s] Level 5:colcon.colcon_core.verb:set package 'cpp_test_pkg' build argument 'ament_cmake_args' from command line to 'None'
[0.652s] Level 5:colcon.colcon_core.verb:set package 'cpp_test_pkg' build argument 'catkin_cmake_args' from command line to 'None'
[0.652s] Level 5:colcon.colcon_core.verb:set package 'cpp_test_pkg' build argument 'catkin_skip_building_tests' from command line to 'False'
[0.652s] DEBUG:colcon.colcon_core.verb:Building package 'cpp_test_pkg' with the following arguments: {'ament_cmake_args': None, 'build_base': '/home/prajesh/my_ws/build/cpp_test_pkg', 'catkin_cmake_args': None, 'catkin_skip_building_tests': False, 'cmake_args': None, 'cmake_clean_cache': False, 'cmake_clean_first': False, 'cmake_force_configure': False, 'cmake_target': None, 'cmake_target_skip_unavailable': False, 'install_base': '/home/prajesh/my_ws/install/cpp_test_pkg', 'merge_install': False, 'path': '/home/prajesh/my_ws/src/cpp_test_pkg', 'symlink_install': False, 'test_result_base': None}
[0.653s] Level 5:colcon.colcon_core.verb:set package 'my_cpp_pkg' build argument 'cmake_args' from command line to 'None'
[0.653s] Level 5:colcon.colcon_core.verb:set package 'my_cpp_pkg' build argument 'cmake_target' from command line to 'None'
[0.653s] Level 5:colcon.colcon_core.verb:set package 'my_cpp_pkg' build argument 'cmake_target_skip_unavailable' from command line to 'False'
[0.653s] Level 5:colcon.colcon_core.verb:set package 'my_cpp_pkg' build argument 'cmake_clean_cache' from command line to 'False'
[0.654s] Level 5:colcon.colcon_core.verb:set package 'my_cpp_pkg' build argument 'cmake_clean_first' from command line to 'False'
[0.654s] Level 5:colcon.colcon_core.verb:set package 'my_cpp_pkg' build argument 'cmake_force_configure' from command line to 'False'
[0.654s] Level 5:colcon.colcon_core.verb:set package 'my_cpp_pkg' build argument 'ament_cmake_args' from command line to 'None'
[0.654s] Level 5:colcon.colcon_core.verb:set package 'my_cpp_pkg' build argument 'catkin_cmake_args' from command line to 'None'
[0.654s] Level 5:colcon.colcon_core.verb:set package 'my_cpp_pkg' build argument 'catkin_skip_building_tests' from command line to 'False'
[0.654s] DEBUG:colcon.colcon_core.verb:Building package 'my_cpp_pkg' with the following arguments: {'ament_cmake_args': None, 'build_base': '/home/prajesh/my_ws/build/my_cpp_pkg', 'catkin_cmake_args': None, 'catkin_skip_building_tests': False, 'cmake_args': None, 'cmake_clean_cache': False, 'cmake_clean_first': False, 'cmake_force_configure': False, 'cmake_target': None, 'cmake_target_skip_unavailable': False, 'install_base': '/home/prajesh/my_ws/install/my_cpp_pkg', 'merge_install': False, 'path': '/home/prajesh/my_ws/src/my_cpp_pkg', 'symlink_install': False, 'test_result_base': None}
[0.655s] Level 5:colcon.colcon_core.verb:set package 'my_py_pkg' build argument 'cmake_args' from command line to 'None'
[0.655s] Level 5:colcon.colcon_core.verb:set package 'my_py_pkg' build argument 'cmake_target' from command line to 'None'
[0.655s] Level 5:colcon.colcon_core.verb:set package 'my_py_pkg' build argument 'cmake_target_skip_unavailable' from command line to 'False'
[0.655s] Level 5:colcon.colcon_core.verb:set package 'my_py_pkg' build argument 'cmake_clean_cache' from command line to 'False'
[0.655s] Level 5:colcon.colcon_core.verb:set package 'my_py_pkg' build argument 'cmake_clean_first' from command line to 'False'
[0.655s] Level 5:colcon.colcon_core.verb:set package 'my_py_pkg' build argument 'cmake_force_configure' from command line to 'False'
[0.655s] Level 5:colcon.colcon_core.verb:set package 'my_py_pkg' build argument 'ament_cmake_args' from command line to 'None'
[0.655s] Level 5:colcon.colcon_core.verb:set package 'my_py_pkg' build argument 'catkin_cmake_args' from command line to 'None'
[0.655s] Level 5:colcon.colcon_core.verb:set package 'my_py_pkg' build argument 'catkin_skip_building_tests' from command line to 'False'
[0.655s] DEBUG:colcon.colcon_core.verb:Building package 'my_py_pkg' with the following arguments: {'ament_cmake_args': None, 'build_base': '/home/prajesh/my_ws/build/my_py_pkg', 'catkin_cmake_args': None, 'catkin_skip_building_tests': False, 'cmake_args': None, 'cmake_clean_cache': False, 'cmake_clean_first': False, 'cmake_force_configure': False, 'cmake_target': None, 'cmake_target_skip_unavailable': False, 'install_base': '/home/prajesh/my_ws/install/my_py_pkg', 'merge_install': False, 'path': '/home/prajesh/my_ws/src/my_py_pkg', 'symlink_install': False, 'test_result_base': None}
[0.656s] Level 5:colcon.colcon_core.verb:set package 'py_server_test' build argument 'cmake_args' from command line to 'None'
[0.656s] Level 5:colcon.colcon_core.verb:set package 'py_server_test' build argument 'cmake_target' from command line to 'None'
[0.656s] Level 5:colcon.colcon_core.verb:set package 'py_server_test' build argument 'cmake_target_skip_unavailable' from command line to 'False'
[0.656s] Level 5:colcon.colcon_core.verb:set package 'py_server_test' build argument 'cmake_clean_cache' from command line to 'False'
[0.656s] Level 5:colcon.colcon_core.verb:set package 'py_server_test' build argument 'cmake_clean_first' from command line to 'False'
[0.656s] Level 5:colcon.colcon_core.verb:set package 'py_server_test' build argument 'cmake_force_configure' from command line to 'False'
[0.657s] Level 5:colcon.colcon_core.verb:set package 'py_server_test' build argument 'ament_cmake_args' from command line to 'None'
[0.657s] Level 5:colcon.colcon_core.verb:set package 'py_server_test' build argument 'catkin_cmake_args' from command line to 'None'
[0.657s] Level 5:colcon.colcon_core.verb:set package 'py_server_test' build argument 'catkin_skip_building_tests' from command line to 'False'
[0.657s] DEBUG:colcon.colcon_core.verb:Building package 'py_server_test' with the following arguments: {'ament_cmake_args': None, 'build_base': '/home/prajesh/my_ws/build/py_server_test', 'catkin_cmake_args': None, 'catkin_skip_building_tests': False, 'cmake_args': None, 'cmake_clean_cache': False, 'cmake_clean_first': False, 'cmake_force_configure': False, 'cmake_target': None, 'cmake_target_skip_unavailable': False, 'install_base': '/home/prajesh/my_ws/install/py_server_test', 'merge_install': False, 'path': '/home/prajesh/my_ws/src/py_server_test', 'symlink_install': False, 'test_result_base': None}
[0.657s] INFO:colcon.colcon_core.executor:Executing jobs using 'parallel' executor
[0.661s] DEBUG:colcon.colcon_parallel_executor.executor.parallel:run_until_complete
[0.662s] INFO:colcon.colcon_ros.task.ament_cmake.build:Building ROS package in '/home/prajesh/my_ws/src/cpp_practice' with build type 'ament_cmake'
[0.662s] INFO:colcon.colcon_cmake.task.cmake.build:Building CMake package in '/home/prajesh/my_ws/src/cpp_practice'
[0.668s] INFO:colcon.colcon_core.plugin_system:Skipping extension 'colcon_core.shell.bat': Not used on non-Windows systems
[0.669s] INFO:colcon.colcon_core.shell:Skip shell extension 'powershell' for command environment: Not usable outside of PowerShell
[0.669s] DEBUG:colcon.colcon_core.shell:Skip shell extension 'dsv' for command environment
[0.677s] INFO:colcon.colcon_ros.task.ament_cmake.build:Building ROS package in '/home/prajesh/my_ws/src/cpp_test_pkg' with build type 'ament_cmake'
[0.677s] INFO:colcon.colcon_cmake.task.cmake.build:Building CMake package in '/home/prajesh/my_ws/src/cpp_test_pkg'
[0.678s] INFO:colcon.colcon_core.shell:Skip shell extension 'powershell' for command environment: Not usable outside of PowerShell
[0.679s] DEBUG:colcon.colcon_core.shell:Skip shell extension 'dsv' for command environment
[0.690s] INFO:colcon.colcon_ros.task.ament_cmake.build:Building ROS package in '/home/prajesh/my_ws/src/my_cpp_pkg' with build type 'ament_cmake'
[0.690s] INFO:colcon.colcon_cmake.task.cmake.build:Building CMake package in '/home/prajesh/my_ws/src/my_cpp_pkg'
[0.694s] INFO:colcon.colcon_core.shell:Skip shell extension 'powershell' for command environment: Not usable outside of PowerShell
[0.695s] DEBUG:colcon.colcon_core.shell:Skip shell extension 'dsv' for command environment
[0.705s] INFO:colcon.colcon_ros.task.ament_python.build:Building ROS package in '/home/prajesh/my_ws/src/my_py_pkg' with build type 'ament_python'
[0.705s] Level 1:colcon.colcon_core.shell:create_environment_hook('my_py_pkg', 'ament_prefix_path')
[0.707s] INFO:colcon.colcon_core.shell:Creating environment hook '/home/prajesh/my_ws/install/my_py_pkg/share/my_py_pkg/hook/ament_prefix_path.ps1'
[0.709s] INFO:colcon.colcon_core.shell:Creating environment descriptor '/home/prajesh/my_ws/install/my_py_pkg/share/my_py_pkg/hook/ament_prefix_path.dsv'
[0.710s] INFO:colcon.colcon_core.shell:Creating environment hook '/home/prajesh/my_ws/install/my_py_pkg/share/my_py_pkg/hook/ament_prefix_path.sh'
[0.713s] INFO:colcon.colcon_core.shell:Skip shell extension 'powershell' for command environment: Not usable outside of PowerShell
[0.713s] DEBUG:colcon.colcon_core.shell:Skip shell extension 'dsv' for command environment
[0.736s] DEBUG:colcon.colcon_core.event_handler.log_command:Invoking command in '/home/prajesh/my_ws/build/cpp_practice': CMAKE_PREFIX_PATH=${CMAKE_PREFIX_PATH}:/home/prajesh/my_ws/install/py_server_test:/home/prajesh/my_ws/install/my_py_pkg:/opt/ros/humble /usr/bin/cmake --build /home/prajesh/my_ws/build/cpp_practice -- -j4 -l4
[0.742s] DEBUG:colcon.colcon_core.event_handler.log_command:Invoking command in '/home/prajesh/my_ws/build/cpp_test_pkg': CMAKE_PREFIX_PATH=${CMAKE_PREFIX_PATH}:/home/prajesh/my_ws/install/py_server_test:/home/prajesh/my_ws/install/my_py_pkg:/opt/ros/humble /usr/bin/cmake --build /home/prajesh/my_ws/build/cpp_test_pkg -- -j4 -l4
[0.746s] DEBUG:colcon.colcon_core.event_handler.log_command:Invoking command in '/home/prajesh/my_ws/build/my_cpp_pkg': CMAKE_PREFIX_PATH=${CMAKE_PREFIX_PATH}:/home/prajesh/my_ws/install/py_server_test:/home/prajesh/my_ws/install/my_py_pkg:/opt/ros/humble /usr/bin/cmake --build /home/prajesh/my_ws/build/my_cpp_pkg -- -j4 -l4
[1.205s] INFO:colcon.colcon_core.task.python.build:Building Python package in '/home/prajesh/my_ws/src/my_py_pkg'
[1.207s] INFO:colcon.colcon_core.shell:Skip shell extension 'powershell' for command environment: Not usable outside of PowerShell
[1.207s] DEBUG:colcon.colcon_core.shell:Skip shell extension 'dsv' for command environment
[1.220s] DEBUG:colcon.colcon_core.event_handler.log_command:Invoked command in '/home/prajesh/my_ws/build/my_cpp_pkg' returned '0': CMAKE_PREFIX_PATH=${CMAKE_PREFIX_PATH}:/home/prajesh/my_ws/install/py_server_test:/home/prajesh/my_ws/install/my_py_pkg:/opt/ros/humble /usr/bin/cmake --build /home/prajesh/my_ws/build/my_cpp_pkg -- -j4 -l4
[1.221s] DEBUG:colcon.colcon_core.event_handler.log_command:Invoked command in '/home/prajesh/my_ws/build/cpp_test_pkg' returned '0': CMAKE_PREFIX_PATH=${CMAKE_PREFIX_PATH}:/home/prajesh/my_ws/install/py_server_test:/home/prajesh/my_ws/install/my_py_pkg:/opt/ros/humble /usr/bin/cmake --build /home/prajesh/my_ws/build/cpp_test_pkg -- -j4 -l4
[1.223s] DEBUG:colcon.colcon_core.event_handler.log_command:Invoked command in '/home/prajesh/my_ws/build/cpp_practice' returned '0': CMAKE_PREFIX_PATH=${CMAKE_PREFIX_PATH}:/home/prajesh/my_ws/install/py_server_test:/home/prajesh/my_ws/install/my_py_pkg:/opt/ros/humble /usr/bin/cmake --build /home/prajesh/my_ws/build/cpp_practice -- -j4 -l4
[1.272s] DEBUG:colcon.colcon_core.event_handler.log_command:Invoking command in '/home/prajesh/my_ws/build/cpp_practice': CMAKE_PREFIX_PATH=${CMAKE_PREFIX_PATH}:/home/prajesh/my_ws/install/py_server_test:/home/prajesh/my_ws/install/my_py_pkg:/opt/ros/humble /usr/bin/cmake --install /home/prajesh/my_ws/build/cpp_practice
[1.276s] DEBUG:colcon.colcon_core.event_handler.log_command:Invoking command in '/home/prajesh/my_ws/build/cpp_test_pkg': CMAKE_PREFIX_PATH=${CMAKE_PREFIX_PATH}:/home/prajesh/my_ws/install/py_server_test:/home/prajesh/my_ws/install/my_py_pkg:/opt/ros/humble /usr/bin/cmake --install /home/prajesh/my_ws/build/cpp_test_pkg
[1.278s] DEBUG:colcon.colcon_core.event_handler.log_command:Invoking command in '/home/prajesh/my_ws/build/my_cpp_pkg': CMAKE_PREFIX_PATH=${CMAKE_PREFIX_PATH}:/home/prajesh/my_ws/install/py_server_test:/home/prajesh/my_ws/install/my_py_pkg:/opt/ros/humble /usr/bin/cmake --install /home/prajesh/my_ws/build/my_cpp_pkg
[1.299s] Level 1:colcon.colcon_core.environment:create_environment_scripts_only(my_cpp_pkg)
[1.309s] DEBUG:colcon.colcon_core.event_handler.log_command:Invoked command in '/home/prajesh/my_ws/build/my_cpp_pkg' returned '0': CMAKE_PREFIX_PATH=${CMAKE_PREFIX_PATH}:/home/prajesh/my_ws/install/py_server_test:/home/prajesh/my_ws/install/my_py_pkg:/opt/ros/humble /usr/bin/cmake --install /home/prajesh/my_ws/build/my_cpp_pkg
[1.312s] Level 1:colcon.colcon_core.environment:checking '/home/prajesh/my_ws/install/my_cpp_pkg' for CMake module files
[1.313s] Level 1:colcon.colcon_core.environment:checking '/home/prajesh/my_ws/install/my_cpp_pkg' for CMake config files
[1.313s] Level 1:colcon.colcon_core.shell:create_environment_hook('my_cpp_pkg', 'cmake_prefix_path')
[1.315s] INFO:colcon.colcon_core.shell:Creating environment hook '/home/prajesh/my_ws/install/my_cpp_pkg/share/my_cpp_pkg/hook/cmake_prefix_path.ps1'
[1.315s] INFO:colcon.colcon_core.shell:Creating environment descriptor '/home/prajesh/my_ws/install/my_cpp_pkg/share/my_cpp_pkg/hook/cmake_prefix_path.dsv'
[1.316s] INFO:colcon.colcon_core.shell:Creating environment hook '/home/prajesh/my_ws/install/my_cpp_pkg/share/my_cpp_pkg/hook/cmake_prefix_path.sh'
[1.317s] Level 1:colcon.colcon_core.environment:checking '/home/prajesh/my_ws/install/my_cpp_pkg/lib'
[1.318s] Level 1:colcon.colcon_core.environment:checking '/home/prajesh/my_ws/install/my_cpp_pkg/bin'
[1.318s] Level 1:colcon.colcon_core.environment:checking '/home/prajesh/my_ws/install/my_cpp_pkg/lib/pkgconfig/my_cpp_pkg.pc'
[1.318s] Level 1:colcon.colcon_core.environment:checking '/home/prajesh/my_ws/install/my_cpp_pkg/lib/python3.10/site-packages'
[1.318s] Level 1:colcon.colcon_core.environment:checking '/home/prajesh/my_ws/install/my_cpp_pkg/bin'
[1.320s] INFO:colcon.colcon_core.shell:Creating package script '/home/prajesh/my_ws/install/my_cpp_pkg/share/my_cpp_pkg/package.ps1'
[1.321s] INFO:colcon.colcon_core.shell:Creating package descriptor '/home/prajesh/my_ws/install/my_cpp_pkg/share/my_cpp_pkg/package.dsv'
[1.323s] INFO:colcon.colcon_core.shell:Creating package script '/home/prajesh/my_ws/install/my_cpp_pkg/share/my_cpp_pkg/package.sh'
[1.324s] INFO:colcon.colcon_core.shell:Creating package script '/home/prajesh/my_ws/install/my_cpp_pkg/share/my_cpp_pkg/package.bash'
[1.325s] INFO:colcon.colcon_core.shell:Creating package script '/home/prajesh/my_ws/install/my_cpp_pkg/share/my_cpp_pkg/package.zsh'
[1.326s] Level 1:colcon.colcon_core.environment:create_file_with_runtime_dependencies(/home/prajesh/my_ws/install/my_cpp_pkg/share/colcon-core/packages/my_cpp_pkg)
[1.329s] Level 1:colcon.colcon_core.environment:create_environment_scripts_only(cpp_test_pkg)
[1.332s] Level 1:colcon.colcon_core.environment:checking '/home/prajesh/my_ws/install/cpp_test_pkg' for CMake module files
[1.332s] DEBUG:colcon.colcon_core.event_handler.log_command:Invoked command in '/home/prajesh/my_ws/build/cpp_test_pkg' returned '0': CMAKE_PREFIX_PATH=${CMAKE_PREFIX_PATH}:/home/prajesh/my_ws/install/py_server_test:/home/prajesh/my_ws/install/my_py_pkg:/opt/ros/humble /usr/bin/cmake --install /home/prajesh/my_ws/build/cpp_test_pkg
[1.333s] Level 1:colcon.colcon_core.environment:checking '/home/prajesh/my_ws/install/cpp_test_pkg' for CMake config files
[1.333s] Level 1:colcon.colcon_core.shell:create_environment_hook('cpp_test_pkg', 'cmake_prefix_path')
[1.335s] INFO:colcon.colcon_core.shell:Creating environment hook '/home/prajesh/my_ws/install/cpp_test_pkg/share/cpp_test_pkg/hook/cmake_prefix_path.ps1'
[1.336s] INFO:colcon.colcon_core.shell:Creating environment descriptor '/home/prajesh/my_ws/install/cpp_test_pkg/share/cpp_test_pkg/hook/cmake_prefix_path.dsv'
[1.337s] INFO:colcon.colcon_core.shell:Creating environment hook '/home/prajesh/my_ws/install/cpp_test_pkg/share/cpp_test_pkg/hook/cmake_prefix_path.sh'
[1.338s] Level 1:colcon.colcon_core.environment:checking '/home/prajesh/my_ws/install/cpp_test_pkg/lib'
[1.338s] Level 1:colcon.colcon_core.environment:checking '/home/prajesh/my_ws/install/cpp_test_pkg/bin'
[1.338s] Level 1:colcon.colcon_core.environment:checking '/home/prajesh/my_ws/install/cpp_test_pkg/lib/pkgconfig/cpp_test_pkg.pc'
[1.338s] Level 1:colcon.colcon_core.environment:checking '/home/prajesh/my_ws/install/cpp_test_pkg/lib/python3.10/site-packages'
[1.339s] Level 1:colcon.colcon_core.environment:checking '/home/prajesh/my_ws/install/cpp_test_pkg/bin'
[1.341s] INFO:colcon.colcon_core.shell:Creating package script '/home/prajesh/my_ws/install/cpp_test_pkg/share/cpp_test_pkg/package.ps1'
[1.341s] INFO:colcon.colcon_core.shell:Creating package descriptor '/home/prajesh/my_ws/install/cpp_test_pkg/share/cpp_test_pkg/package.dsv'
[1.342s] INFO:colcon.colcon_core.shell:Creating package script '/home/prajesh/my_ws/install/cpp_test_pkg/share/cpp_test_pkg/package.sh'
[1.343s] INFO:colcon.colcon_core.shell:Creating package script '/home/prajesh/my_ws/install/cpp_test_pkg/share/cpp_test_pkg/package.bash'
[1.343s] INFO:colcon.colcon_core.shell:Creating package script '/home/prajesh/my_ws/install/cpp_test_pkg/share/cpp_test_pkg/package.zsh'
[1.344s] Level 1:colcon.colcon_core.environment:create_file_with_runtime_dependencies(/home/prajesh/my_ws/install/cpp_test_pkg/share/colcon-core/packages/cpp_test_pkg)
[1.346s] Level 1:colcon.colcon_core.environment:create_environment_scripts_only(cpp_practice)
[1.348s] Level 1:colcon.colcon_core.environment:checking '/home/prajesh/my_ws/install/cpp_practice' for CMake module files
[1.349s] DEBUG:colcon.colcon_core.event_handler.log_command:Invoked command in '/home/prajesh/my_ws/build/cpp_practice' returned '0': CMAKE_PREFIX_PATH=${CMAKE_PREFIX_PATH}:/home/prajesh/my_ws/install/py_server_test:/home/prajesh/my_ws/install/my_py_pkg:/opt/ros/humble /usr/bin/cmake --install /home/prajesh/my_ws/build/cpp_practice
[1.350s] Level 1:colcon.colcon_core.environment:checking '/home/prajesh/my_ws/install/cpp_practice' for CMake config files
[1.350s] Level 1:colcon.colcon_core.shell:create_environment_hook('cpp_practice', 'cmake_prefix_path')
[1.352s] INFO:colcon.colcon_core.shell:Creating environment hook '/home/prajesh/my_ws/install/cpp_practice/share/cpp_practice/hook/cmake_prefix_path.ps1'
[1.353s] INFO:colcon.colcon_core.shell:Creating environment descriptor '/home/prajesh/my_ws/install/cpp_practice/share/cpp_practice/hook/cmake_prefix_path.dsv'
[1.353s] INFO:colcon.colcon_core.shell:Creating environment hook '/home/prajesh/my_ws/install/cpp_practice/share/cpp_practice/hook/cmake_prefix_path.sh'
[1.354s] Level 1:colcon.colcon_core.environment:checking '/home/prajesh/my_ws/install/cpp_practice/lib'
[1.354s] Level 1:colcon.colcon_core.environment:checking '/home/prajesh/my_ws/install/cpp_practice/bin'
[1.354s] Level 1:colcon.colcon_core.environment:checking '/home/prajesh/my_ws/install/cpp_practice/lib/pkgconfig/cpp_practice.pc'
[1.355s] Level 1:colcon.colcon_core.environment:checking '/home/prajesh/my_ws/install/cpp_practice/lib/python3.10/site-packages'
[1.355s] Level 1:colcon.colcon_core.environment:checking '/home/prajesh/my_ws/install/cpp_practice/bin'
[1.357s] INFO:colcon.colcon_core.shell:Creating package script '/home/prajesh/my_ws/install/cpp_practice/share/cpp_practice/package.ps1'
[1.358s] INFO:colcon.colcon_core.shell:Creating package descriptor '/home/prajesh/my_ws/install/cpp_practice/share/cpp_practice/package.dsv'
[1.358s] INFO:colcon.colcon_core.shell:Creating package script '/home/prajesh/my_ws/install/cpp_practice/share/cpp_practice/package.sh'
[1.359s] INFO:colcon.colcon_core.shell:Creating package script '/home/prajesh/my_ws/install/cpp_practice/share/cpp_practice/package.bash'
[1.359s] INFO:colcon.colcon_core.shell:Creating package script '/home/prajesh/my_ws/install/cpp_practice/share/cpp_practice/package.zsh'
[1.360s] Level 1:colcon.colcon_core.environment:create_file_with_runtime_dependencies(/home/prajesh/my_ws/install/cpp_practice/share/colcon-core/packages/cpp_practice)
[1.380s] Level 1:colcon.colcon_core.environment:create_environment_scripts_only(my_cpp_pkg)
[1.383s] Level 1:colcon.colcon_core.environment:checking '/home/prajesh/my_ws/install/my_cpp_pkg' for CMake module files
[1.384s] Level 1:colcon.colcon_core.environment:checking '/home/prajesh/my_ws/install/my_cpp_pkg' for CMake config files
[1.384s] Level 1:colcon.colcon_core.shell:create_environment_hook('my_cpp_pkg', 'cmake_prefix_path')
[1.386s] INFO:colcon.colcon_core.shell:Creating environment hook '/home/prajesh/my_ws/install/my_cpp_pkg/share/my_cpp_pkg/hook/cmake_prefix_path.ps1'
[1.387s] INFO:colcon.colcon_core.shell:Creating environment descriptor '/home/prajesh/my_ws/install/my_cpp_pkg/share/my_cpp_pkg/hook/cmake_prefix_path.dsv'
[1.388s] INFO:colcon.colcon_core.shell:Creating environment hook '/home/prajesh/my_ws/install/my_cpp_pkg/share/my_cpp_pkg/hook/cmake_prefix_path.sh'
[1.388s] Level 1:colcon.colcon_core.environment:checking '/home/prajesh/my_ws/install/my_cpp_pkg/lib'
[1.389s] Level 1:colcon.colcon_core.environment:checking '/home/prajesh/my_ws/install/my_cpp_pkg/bin'
[1.389s] Level 1:colcon.colcon_core.environment:checking '/home/prajesh/my_ws/install/my_cpp_pkg/lib/pkgconfig/my_cpp_pkg.pc'
[1.389s] Level 1:colcon.colcon_core.environment:checking '/home/prajesh/my_ws/install/my_cpp_pkg/lib/python3.10/site-packages'
[1.389s] Level 1:colcon.colcon_core.environment:checking '/home/prajesh/my_ws/install/my_cpp_pkg/bin'
[1.391s] INFO:colcon.colcon_core.shell:Creating package script '/home/prajesh/my_ws/install/my_cpp_pkg/share/my_cpp_pkg/package.ps1'
[1.392s] INFO:colcon.colcon_core.shell:Creating package descriptor '/home/prajesh/my_ws/install/my_cpp_pkg/share/my_cpp_pkg/package.dsv'
[1.393s] INFO:colcon.colcon_core.shell:Creating package script '/home/prajesh/my_ws/install/my_cpp_pkg/share/my_cpp_pkg/package.sh'
[1.393s] INFO:colcon.colcon_core.shell:Creating package script '/home/prajesh/my_ws/install/my_cpp_pkg/share/my_cpp_pkg/package.bash'
[1.394s] INFO:colcon.colcon_core.shell:Creating package script '/home/prajesh/my_ws/install/my_cpp_pkg/share/my_cpp_pkg/package.zsh'
[1.395s] Level 1:colcon.colcon_core.environment:create_file_with_runtime_dependencies(/home/prajesh/my_ws/install/my_cpp_pkg/share/colcon-core/packages/my_cpp_pkg)
[1.396s] INFO:colcon.colcon_ros.task.ament_python.build:Building ROS package in '/home/prajesh/my_ws/src/py_server_test' with build type 'ament_python'
[1.396s] Level 1:colcon.colcon_core.shell:create_environment_hook('py_server_test', 'ament_prefix_path')
[1.399s] INFO:colcon.colcon_core.shell:Creating environment hook '/home/prajesh/my_ws/install/py_server_test/share/py_server_test/hook/ament_prefix_path.ps1'
[1.400s] INFO:colcon.colcon_core.shell:Creating environment descriptor '/home/prajesh/my_ws/install/py_server_test/share/py_server_test/hook/ament_prefix_path.dsv'
[1.402s] INFO:colcon.colcon_core.shell:Creating environment hook '/home/prajesh/my_ws/install/py_server_test/share/py_server_test/hook/ament_prefix_path.sh'
[1.405s] INFO:colcon.colcon_core.shell:Skip shell extension 'powershell' for command environment: Not usable outside of PowerShell
[1.405s] DEBUG:colcon.colcon_core.shell:Skip shell extension 'dsv' for command environment
[1.417s] Level 1:colcon.colcon_core.environment:create_environment_scripts_only(cpp_test_pkg)
[1.419s] Level 1:colcon.colcon_core.environment:checking '/home/prajesh/my_ws/install/cpp_test_pkg' for CMake module files
[1.420s] Level 1:colcon.colcon_core.environment:checking '/home/prajesh/my_ws/install/cpp_test_pkg' for CMake config files
[1.420s] Level 1:colcon.colcon_core.shell:create_environment_hook('cpp_test_pkg', 'cmake_prefix_path')
[1.422s] INFO:colcon.colcon_core.shell:Creating environment hook '/home/prajesh/my_ws/install/cpp_test_pkg/share/cpp_test_pkg/hook/cmake_prefix_path.ps1'
[1.423s] INFO:colcon.colcon_core.shell:Creating environment descriptor '/home/prajesh/my_ws/install/cpp_test_pkg/share/cpp_test_pkg/hook/cmake_prefix_path.dsv'
[1.424s] INFO:colcon.colcon_core.shell:Creating environment hook '/home/prajesh/my_ws/install/cpp_test_pkg/share/cpp_test_pkg/hook/cmake_prefix_path.sh'
[1.425s] Level 1:colcon.colcon_core.environment:checking '/home/prajesh/my_ws/install/cpp_test_pkg/lib'
[1.425s] Level 1:colcon.colcon_core.environment:checking '/home/prajesh/my_ws/install/cpp_test_pkg/bin'
[1.426s] Level 1:colcon.colcon_core.environment:checking '/home/prajesh/my_ws/install/cpp_test_pkg/lib/pkgconfig/cpp_test_pkg.pc'
[1.426s] Level 1:colcon.colcon_core.environment:checking '/home/prajesh/my_ws/install/cpp_test_pkg/lib/python3.10/site-packages'
[1.426s] Level 1:colcon.colcon_core.environment:checking '/home/prajesh/my_ws/install/cpp_test_pkg/bin'
[1.428s] INFO:colcon.colcon_core.shell:Creating package script '/home/prajesh/my_ws/install/cpp_test_pkg/share/cpp_test_pkg/package.ps1'
[1.429s] INFO:colcon.colcon_core.shell:Creating package descriptor '/home/prajesh/my_ws/install/cpp_test_pkg/share/cpp_test_pkg/package.dsv'
[1.430s] INFO:colcon.colcon_core.shell:Creating package script '/home/prajesh/my_ws/install/cpp_test_pkg/share/cpp_test_pkg/package.sh'
[1.431s] INFO:colcon.colcon_core.shell:Creating package script '/home/prajesh/my_ws/install/cpp_test_pkg/share/cpp_test_pkg/package.bash'
[1.432s] INFO:colcon.colcon_core.shell:Creating package script '/home/prajesh/my_ws/install/cpp_test_pkg/share/cpp_test_pkg/package.zsh'
[1.432s] Level 1:colcon.colcon_core.environment:create_file_with_runtime_dependencies(/home/prajesh/my_ws/install/cpp_test_pkg/share/colcon-core/packages/cpp_test_pkg)
[1.435s] Level 1:colcon.colcon_core.environment:create_environment_scripts_only(cpp_practice)
[1.438s] Level 1:colcon.colcon_core.environment:checking '/home/prajesh/my_ws/install/cpp_practice' for CMake module files
[1.440s] Level 1:colcon.colcon_core.environment:checking '/home/prajesh/my_ws/install/cpp_practice' for CMake config files
[1.440s] Level 1:colcon.colcon_core.shell:create_environment_hook('cpp_practice', 'cmake_prefix_path')
[1.442s] INFO:colcon.colcon_core.shell:Creating environment hook '/home/prajesh/my_ws/install/cpp_practice/share/cpp_practice/hook/cmake_prefix_path.ps1'
[1.443s] INFO:colcon.colcon_core.shell:Creating environment descriptor '/home/prajesh/my_ws/install/cpp_practice/share/cpp_practice/hook/cmake_prefix_path.dsv'
[1.444s] INFO:colcon.colcon_core.shell:Creating environment hook '/home/prajesh/my_ws/install/cpp_practice/share/cpp_practice/hook/cmake_prefix_path.sh'
[1.445s] Level 1:colcon.colcon_core.environment:checking '/home/prajesh/my_ws/install/cpp_practice/lib'
[1.445s] Level 1:colcon.colcon_core.environment:checking '/home/prajesh/my_ws/install/cpp_practice/bin'
[1.445s] Level 1:colcon.colcon_core.environment:checking '/home/prajesh/my_ws/install/cpp_practice/lib/pkgconfig/cpp_practice.pc'
[1.446s] Level 1:colcon.colcon_core.environment:checking '/home/prajesh/my_ws/install/cpp_practice/lib/python3.10/site-packages'
[1.446s] Level 1:colcon.colcon_core.environment:checking '/home/prajesh/my_ws/install/cpp_practice/bin'
[1.448s] INFO:colcon.colcon_core.shell:Creating package script '/home/prajesh/my_ws/install/cpp_practice/share/cpp_practice/package.ps1'
[1.449s] INFO:colcon.colcon_core.shell:Creating package descriptor '/home/prajesh/my_ws/install/cpp_practice/share/cpp_practice/package.dsv'
[1.450s] INFO:colcon.colcon_core.shell:Creating package script '/home/prajesh/my_ws/install/cpp_practice/share/cpp_practice/package.sh'
[1.450s] INFO:colcon.colcon_core.shell:Creating package script '/home/prajesh/my_ws/install/cpp_practice/share/cpp_practice/package.bash'
[1.451s] INFO:colcon.colcon_core.shell:Creating package script '/home/prajesh/my_ws/install/cpp_practice/share/cpp_practice/package.zsh'
[1.451s] Level 1:colcon.colcon_core.environment:create_file_with_runtime_dependencies(/home/prajesh/my_ws/install/cpp_practice/share/colcon-core/packages/cpp_practice)
[1.874s] INFO:colcon.colcon_core.task.python.build:Building Python package in '/home/prajesh/my_ws/src/py_server_test'
[1.875s] INFO:colcon.colcon_core.shell:Skip shell extension 'powershell' for command environment: Not usable outside of PowerShell
[1.876s] DEBUG:colcon.colcon_core.shell:Skip shell extension 'dsv' for command environment
[1.889s] DEBUG:colcon.colcon_core.event_handler.log_command:Invoking command in '/home/prajesh/my_ws/src/my_py_pkg': PYTHONPATH=/home/prajesh/my_ws/build/my_py_pkg/prefix_override:/home/prajesh/my_ws/install/my_py_pkg/lib/python3.10/site-packages:${PYTHONPATH} /usr/bin/python3 setup.py egg_info --egg-base ../../build/my_py_pkg build --build-base /home/prajesh/my_ws/build/my_py_pkg/build install --record /home/prajesh/my_ws/build/my_py_pkg/install.log --single-version-externally-managed
[2.288s] Level 1:colcon.colcon_core.environment:checking '/home/prajesh/my_ws/install/my_py_pkg' for CMake module files
[2.289s] DEBUG:colcon.colcon_core.event_handler.log_command:Invoked command in '/home/prajesh/my_ws/src/my_py_pkg' returned '0': PYTHONPATH=/home/prajesh/my_ws/build/my_py_pkg/prefix_override:/home/prajesh/my_ws/install/my_py_pkg/lib/python3.10/site-packages:${PYTHONPATH} /usr/bin/python3 setup.py egg_info --egg-base ../../build/my_py_pkg build --build-base /home/prajesh/my_ws/build/my_py_pkg/build install --record /home/prajesh/my_ws/build/my_py_pkg/install.log --single-version-externally-managed
[2.290s] Level 1:colcon.colcon_core.environment:checking '/home/prajesh/my_ws/install/my_py_pkg' for CMake config files
[2.291s] Level 1:colcon.colcon_core.environment:checking '/home/prajesh/my_ws/install/my_py_pkg/lib'
[2.291s] Level 1:colcon.colcon_core.environment:checking '/home/prajesh/my_ws/install/my_py_pkg/bin'
[2.291s] Level 1:colcon.colcon_core.environment:checking '/home/prajesh/my_ws/install/my_py_pkg/lib/pkgconfig/my_py_pkg.pc'
[2.291s] Level 1:colcon.colcon_core.environment:checking '/home/prajesh/my_ws/install/my_py_pkg/lib/python3.10/site-packages'
[2.292s] Level 1:colcon.colcon_core.shell:create_environment_hook('my_py_pkg', 'pythonpath')
[2.293s] INFO:colcon.colcon_core.shell:Creating environment hook '/home/prajesh/my_ws/install/my_py_pkg/share/my_py_pkg/hook/pythonpath.ps1'
[2.294s] INFO:colcon.colcon_core.shell:Creating environment descriptor '/home/prajesh/my_ws/install/my_py_pkg/share/my_py_pkg/hook/pythonpath.dsv'
[2.295s] INFO:colcon.colcon_core.shell:Creating environment hook '/home/prajesh/my_ws/install/my_py_pkg/share/my_py_pkg/hook/pythonpath.sh'
[2.296s] Level 1:colcon.colcon_core.environment:checking '/home/prajesh/my_ws/install/my_py_pkg/bin'
[2.296s] Level 1:colcon.colcon_core.environment:create_environment_scripts_only(my_py_pkg)
[2.298s] INFO:colcon.colcon_core.shell:Creating package script '/home/prajesh/my_ws/install/my_py_pkg/share/my_py_pkg/package.ps1'
[2.299s] INFO:colcon.colcon_core.shell:Creating package descriptor '/home/prajesh/my_ws/install/my_py_pkg/share/my_py_pkg/package.dsv'
[2.299s] INFO:colcon.colcon_core.shell:Creating package script '/home/prajesh/my_ws/install/my_py_pkg/share/my_py_pkg/package.sh'
[2.300s] INFO:colcon.colcon_core.shell:Creating package script '/home/prajesh/my_ws/install/my_py_pkg/share/my_py_pkg/package.bash'
[2.301s] INFO:colcon.colcon_core.shell:Creating package script '/home/prajesh/my_ws/install/my_py_pkg/share/my_py_pkg/package.zsh'
[2.301s] Level 1:colcon.colcon_core.environment:create_file_with_runtime_dependencies(/home/prajesh/my_ws/install/my_py_pkg/share/colcon-core/packages/my_py_pkg)
[2.367s] DEBUG:colcon.colcon_core.event_handler.log_command:Invoking command in '/home/prajesh/my_ws/src/py_server_test': PYTHONPATH=/home/prajesh/my_ws/build/py_server_test/prefix_override:/home/prajesh/my_ws/install/py_server_test/lib/python3.10/site-packages:${PYTHONPATH} /usr/bin/python3 setup.py egg_info --egg-base ../../build/py_server_test build --build-base /home/prajesh/my_ws/build/py_server_test/build install --record /home/prajesh/my_ws/build/py_server_test/install.log --single-version-externally-managed
[2.790s] Level 1:colcon.colcon_core.environment:checking '/home/prajesh/my_ws/install/py_server_test' for CMake module files
[2.791s] DEBUG:colcon.colcon_core.event_handler.log_command:Invoked command in '/home/prajesh/my_ws/src/py_server_test' returned '0': PYTHONPATH=/home/prajesh/my_ws/build/py_server_test/prefix_override:/home/prajesh/my_ws/install/py_server_test/lib/python3.10/site-packages:${PYTHONPATH} /usr/bin/python3 setup.py egg_info --egg-base ../../build/py_server_test build --build-base /home/prajesh/my_ws/build/py_server_test/build install --record /home/prajesh/my_ws/build/py_server_test/install.log --single-version-externally-managed
[2.791s] Level 1:colcon.colcon_core.environment:checking '/home/prajesh/my_ws/install/py_server_test' for CMake config files
[2.792s] Level 1:colcon.colcon_core.environment:checking '/home/prajesh/my_ws/install/py_server_test/lib'
[2.793s] Level 1:colcon.colcon_core.environment:checking '/home/prajesh/my_ws/install/py_server_test/bin'
[2.793s] Level 1:colcon.colcon_core.environment:checking '/home/prajesh/my_ws/install/py_server_test/lib/pkgconfig/py_server_test.pc'
[2.793s] Level 1:colcon.colcon_core.environment:checking '/home/prajesh/my_ws/install/py_server_test/lib/python3.10/site-packages'
[2.793s] Level 1:colcon.colcon_core.shell:create_environment_hook('py_server_test', 'pythonpath')
[2.796s] INFO:colcon.colcon_core.shell:Creating environment hook '/home/prajesh/my_ws/install/py_server_test/share/py_server_test/hook/pythonpath.ps1'
[2.797s] INFO:colcon.colcon_core.shell:Creating environment descriptor '/home/prajesh/my_ws/install/py_server_test/share/py_server_test/hook/pythonpath.dsv'
[2.798s] INFO:colcon.colcon_core.shell:Creating environment hook '/home/prajesh/my_ws/install/py_server_test/share/py_server_test/hook/pythonpath.sh'
[2.799s] Level 1:colcon.colcon_core.environment:checking '/home/prajesh/my_ws/install/py_server_test/bin'
[2.799s] Level 1:colcon.colcon_core.environment:create_environment_scripts_only(py_server_test)
[2.802s] INFO:colcon.colcon_core.shell:Creating package script '/home/prajesh/my_ws/install/py_server_test/share/py_server_test/package.ps1'
[2.803s] INFO:colcon.colcon_core.shell:Creating package descriptor '/home/prajesh/my_ws/install/py_server_test/share/py_server_test/package.dsv'
[2.805s] INFO:colcon.colcon_core.shell:Creating package script '/home/prajesh/my_ws/install/py_server_test/share/py_server_test/package.sh'
[2.806s] INFO:colcon.colcon_core.shell:Creating package script '/home/prajesh/my_ws/install/py_server_test/share/py_server_test/package.bash'
[2.807s] INFO:colcon.colcon_core.shell:Creating package script '/home/prajesh/my_ws/install/py_server_test/share/py_server_test/package.zsh'
[2.809s] Level 1:colcon.colcon_core.environment:create_file_with_runtime_dependencies(/home/prajesh/my_ws/install/py_server_test/share/colcon-core/packages/py_server_test)
[2.810s] DEBUG:colcon.colcon_parallel_executor.executor.parallel:closing loop
[2.810s] DEBUG:colcon.colcon_parallel_executor.executor.parallel:loop closed
[2.811s] DEBUG:colcon.colcon_parallel_executor.executor.parallel:run_until_complete finished with '0'
[2.811s] DEBUG:colcon.colcon_core.event_reactor:joining thread
[2.833s] INFO:colcon.colcon_core.plugin_system:Skipping extension 'colcon_notification.desktop_notification.terminal_notifier': Not used on non-Darwin systems
[2.834s] INFO:colcon.colcon_core.plugin_system:Skipping extension 'colcon_notification.desktop_notification.win32': Not used on non-Windows systems
[2.834s] INFO:colcon.colcon_notification.desktop_notification:Sending desktop notification using 'notify2'
[2.882s] DEBUG:colcon.colcon_core.event_reactor:joined thread
[2.887s] INFO:colcon.colcon_core.shell:Creating prefix script '/home/prajesh/my_ws/install/local_setup.ps1'
[2.891s] INFO:colcon.colcon_core.shell:Creating prefix util module '/home/prajesh/my_ws/install/_local_setup_util_ps1.py'
[2.897s] INFO:colcon.colcon_core.shell:Creating prefix chain script '/home/prajesh/my_ws/install/setup.ps1'
[2.905s] INFO:colcon.colcon_core.shell:Creating prefix script '/home/prajesh/my_ws/install/local_setup.sh'
[2.907s] INFO:colcon.colcon_core.shell:Creating prefix util module '/home/prajesh/my_ws/install/_local_setup_util_sh.py'
[2.910s] INFO:colcon.colcon_core.shell:Creating prefix chain script '/home/prajesh/my_ws/install/setup.sh'
[2.917s] INFO:colcon.colcon_core.shell:Creating prefix script '/home/prajesh/my_ws/install/local_setup.bash'
[2.919s] INFO:colcon.colcon_core.shell:Creating prefix chain script '/home/prajesh/my_ws/install/setup.bash'
[2.927s] INFO:colcon.colcon_core.shell:Creating prefix script '/home/prajesh/my_ws/install/local_setup.zsh'
[2.929s] INFO:colcon.colcon_core.shell:Creating prefix chain script '/home/prajesh/my_ws/install/setup.zsh'
