[1.374s] Invoking command in '/home/prajesh/my_ws/src/my_py_pkg': PYTHONPATH=/home/prajesh/my_ws/build/my_py_pkg/prefix_override:/home/prajesh/my_ws/install/my_py_pkg/lib/python3.10/site-packages:${PYTHONPATH} /usr/bin/python3 setup.py egg_info --egg-base ../../build/my_py_pkg build --build-base /home/prajesh/my_ws/build/my_py_pkg/build install --record /home/prajesh/my_ws/build/my_py_pkg/install.log --single-version-externally-managed
[1.761s] running egg_info
[1.762s] writing ../../build/my_py_pkg/my_py_pkg.egg-info/PKG-INFO
[1.762s] writing dependency_links to ../../build/my_py_pkg/my_py_pkg.egg-info/dependency_links.txt
[1.763s] writing entry points to ../../build/my_py_pkg/my_py_pkg.egg-info/entry_points.txt
[1.763s] writing requirements to ../../build/my_py_pkg/my_py_pkg.egg-info/requires.txt
[1.764s] writing top-level names to ../../build/my_py_pkg/my_py_pkg.egg-info/top_level.txt
[1.768s] reading manifest file '../../build/my_py_pkg/my_py_pkg.egg-info/SOURCES.txt'
[1.768s] writing manifest file '../../build/my_py_pkg/my_py_pkg.egg-info/SOURCES.txt'
[1.769s] running build
[1.769s] running build_py
[1.769s] running install
[1.769s] running install_lib
[1.770s] running install_data
[1.770s] running install_egg_info
[1.772s] removing '/home/prajesh/my_ws/install/my_py_pkg/lib/python3.10/site-packages/my_py_pkg-0.0.0-py3.10.egg-info' (and everything under it)
[1.773s] Copying ../../build/my_py_pkg/my_py_pkg.egg-info to /home/prajesh/my_ws/install/my_py_pkg/lib/python3.10/site-packages/my_py_pkg-0.0.0-py3.10.egg-info
[1.774s] running install_scripts
[1.801s] Installing py_node script to /home/prajesh/my_ws/install/my_py_pkg/lib/my_py_pkg
[1.802s] Installing robot_news_station script to /home/prajesh/my_ws/install/my_py_pkg/lib/my_py_pkg
[1.803s] Installing smartphone script to /home/prajesh/my_ws/install/my_py_pkg/lib/my_py_pkg
[1.804s] writing list of installed files to '/home/prajesh/my_ws/build/my_py_pkg/install.log'
[1.838s] Invoked command in '/home/prajesh/my_ws/src/my_py_pkg' returned '0': PYTHONPATH=/home/prajesh/my_ws/build/my_py_pkg/prefix_override:/home/prajesh/my_ws/install/my_py_pkg/lib/python3.10/site-packages:${PYTHONPATH} /usr/bin/python3 setup.py egg_info --egg-base ../../build/my_py_pkg build --build-base /home/prajesh/my_ws/build/my_py_pkg/build install --record /home/prajesh/my_ws/build/my_py_pkg/install.log --single-version-externally-managed
