[0.609s] Invoking command in '/home/prajesh/my_ws/src/my_py_pkg': PYTHONPATH=/home/prajesh/my_ws/build/my_py_pkg/prefix_override:/home/prajesh/my_ws/install/my_py_pkg/lib/python3.10/site-packages:${PYTHONPATH} /usr/bin/python3 setup.py egg_info --egg-base ../../build/my_py_pkg build --build-base /home/prajesh/my_ws/build/my_py_pkg/build install --record /home/prajesh/my_ws/build/my_py_pkg/install.log --single-version-externally-managed
[0.818s] running egg_info
[0.818s] writing ../../build/my_py_pkg/my_py_pkg.egg-info/PKG-INFO
[0.819s] writing dependency_links to ../../build/my_py_pkg/my_py_pkg.egg-info/dependency_links.txt
[0.819s] writing entry points to ../../build/my_py_pkg/my_py_pkg.egg-info/entry_points.txt
[0.820s] writing requirements to ../../build/my_py_pkg/my_py_pkg.egg-info/requires.txt
[0.820s] writing top-level names to ../../build/my_py_pkg/my_py_pkg.egg-info/top_level.txt
[0.823s] reading manifest file '../../build/my_py_pkg/my_py_pkg.egg-info/SOURCES.txt'
[0.824s] writing manifest file '../../build/my_py_pkg/my_py_pkg.egg-info/SOURCES.txt'
[0.825s] running build
[0.825s] running build_py
[0.826s] copying my_py_pkg/my_first_node.py -> /home/prajesh/my_ws/build/my_py_pkg/build/lib/my_py_pkg
[0.826s] running install
[0.827s] /usr/lib/python3/dist-packages/setuptools/command/install.py:34: SetuptoolsDeprecationWarning: setup.py install is deprecated. Use build and pip and other standards-based tools.
[0.827s]   warnings.warn(
[0.827s] running install_lib
[0.829s] copying /home/prajesh/my_ws/build/my_py_pkg/build/lib/my_py_pkg/my_first_node.py -> /home/prajesh/my_ws/install/my_py_pkg/lib/python3.10/site-packages/my_py_pkg
[0.830s] byte-compiling /home/prajesh/my_ws/install/my_py_pkg/lib/python3.10/site-packages/my_py_pkg/my_first_node.py to my_first_node.cpython-310.pyc
[0.830s] running install_data
[0.830s] running install_egg_info
[0.833s] removing '/home/prajesh/my_ws/install/my_py_pkg/lib/python3.10/site-packages/my_py_pkg-0.0.0-py3.10.egg-info' (and everything under it)
[0.833s] Copying ../../build/my_py_pkg/my_py_pkg.egg-info to /home/prajesh/my_ws/install/my_py_pkg/lib/python3.10/site-packages/my_py_pkg-0.0.0-py3.10.egg-info
[0.834s] running install_scripts
[0.852s] writing list of installed files to '/home/prajesh/my_ws/build/my_py_pkg/install.log'
[0.874s] Invoked command in '/home/prajesh/my_ws/src/my_py_pkg' returned '0': PYTHONPATH=/home/prajesh/my_ws/build/my_py_pkg/prefix_override:/home/prajesh/my_ws/install/my_py_pkg/lib/python3.10/site-packages:${PYTHONPATH} /usr/bin/python3 setup.py egg_info --egg-base ../../build/my_py_pkg build --build-base /home/prajesh/my_ws/build/my_py_pkg/build install --record /home/prajesh/my_ws/build/my_py_pkg/install.log --single-version-externally-managed
