[0.042s] Invoking command in '/home/prajesh/my_ws/build/my_robot_interfaces': CMAKE_PREFIX_PATH=${CMAKE_PREFIX_PATH}:/home/prajesh/my_ws/install/py_server_test:/home/prajesh/my_ws/install/my_py_pkg:/opt/ros/humble /usr/bin/cmake --build /home/prajesh/my_ws/build/my_robot_interfaces -- -j4 -l4
[0.094s] [  2%] Built target my_robot_interfaces__cpp
[0.103s] [ 12%] Built target my_robot_interfaces__rosidl_generator_c
[0.134s] [ 12%] Built target ament_cmake_python_copy_my_robot_interfaces
[0.163s] [ 23%] Built target my_robot_interfaces__rosidl_typesupport_fastrtps_cpp
[0.167s] [ 33%] Built target my_robot_interfaces__rosidl_typesupport_introspection_cpp
[0.181s] [ 43%] Built target my_robot_interfaces__rosidl_typesupport_cpp
[0.184s] [ 53%] Built target my_robot_interfaces__rosidl_typesupport_fastrtps_c
[0.211s] [ 66%] Built target my_robot_interfaces__rosidl_typesupport_introspection_c
[0.213s] [ 74%] Built target my_robot_interfaces__rosidl_typesupport_c
[0.248s] [ 74%] Built target my_robot_interfaces
[0.272s] [ 76%] Built target my_robot_interfaces__py
[0.332s] [ 84%] Built target my_robot_interfaces__rosidl_generator_py
[0.353s] [ 89%] Built target my_robot_interfaces__rosidl_typesupport_fastrtps_c__pyext
[0.374s] [ 94%] Built target my_robot_interfaces__rosidl_typesupport_introspection_c__pyext
[0.387s] [100%] Built target my_robot_interfaces__rosidl_typesupport_c__pyext
[0.474s] running egg_info
[0.474s] writing my_robot_interfaces.egg-info/PKG-INFO
[0.474s] writing dependency_links to my_robot_interfaces.egg-info/dependency_links.txt
[0.474s] writing top-level names to my_robot_interfaces.egg-info/top_level.txt
[0.474s] reading manifest file 'my_robot_interfaces.egg-info/SOURCES.txt'
[0.474s] writing manifest file 'my_robot_interfaces.egg-info/SOURCES.txt'
[0.497s] [100%] Built target ament_cmake_python_build_my_robot_interfaces_egg
[0.512s] Invoked command in '/home/prajesh/my_ws/build/my_robot_interfaces' returned '0': CMAKE_PREFIX_PATH=${CMAKE_PREFIX_PATH}:/home/prajesh/my_ws/install/py_server_test:/home/prajesh/my_ws/install/my_py_pkg:/opt/ros/humble /usr/bin/cmake --build /home/prajesh/my_ws/build/my_robot_interfaces -- -j4 -l4
[0.668s] Invoking command in '/home/prajesh/my_ws/build/my_robot_interfaces': CMAKE_PREFIX_PATH=${CMAKE_PREFIX_PATH}:/home/prajesh/my_ws/install/py_server_test:/home/prajesh/my_ws/install/my_py_pkg:/opt/ros/humble /usr/bin/cmake --install /home/prajesh/my_ws/build/my_robot_interfaces
[0.683s] -- Install configuration: ""
[0.683s] -- Up-to-date: /home/prajesh/my_ws/install/my_robot_interfaces/share/ament_index/resource_index/rosidl_interfaces/my_robot_interfaces
[0.683s] -- Up-to-date: /home/prajesh/my_ws/install/my_robot_interfaces/include/my_robot_interfaces/my_robot_interfaces
[0.683s] -- Up-to-date: /home/prajesh/my_ws/install/my_robot_interfaces/include/my_robot_interfaces/my_robot_interfaces/msg
[0.683s] -- Up-to-date: /home/prajesh/my_ws/install/my_robot_interfaces/include/my_robot_interfaces/my_robot_interfaces/msg/hardware_status.h
[0.683s] -- Up-to-date: /home/prajesh/my_ws/install/my_robot_interfaces/include/my_robot_interfaces/my_robot_interfaces/msg/detail
[0.683s] -- Up-to-date: /home/prajesh/my_ws/install/my_robot_interfaces/include/my_robot_interfaces/my_robot_interfaces/msg/detail/hardware_status__functions.h
[0.683s] -- Up-to-date: /home/prajesh/my_ws/install/my_robot_interfaces/include/my_robot_interfaces/my_robot_interfaces/msg/detail/hardware_status__type_support.h
[0.683s] -- Up-to-date: /home/prajesh/my_ws/install/my_robot_interfaces/include/my_robot_interfaces/my_robot_interfaces/msg/detail/hardware_status__functions.c
[0.684s] -- Up-to-date: /home/prajesh/my_ws/install/my_robot_interfaces/include/my_robot_interfaces/my_robot_interfaces/msg/detail/hardware_status__struct.h
[0.684s] -- Up-to-date: /home/prajesh/my_ws/install/my_robot_interfaces/include/my_robot_interfaces/my_robot_interfaces/msg/rosidl_generator_c__visibility_control.h
[0.684s] -- Up-to-date: /home/prajesh/my_ws/install/my_robot_interfaces/include/my_robot_interfaces/my_robot_interfaces/srv
[0.684s] -- Up-to-date: /home/prajesh/my_ws/install/my_robot_interfaces/include/my_robot_interfaces/my_robot_interfaces/srv/detail
[0.684s] -- Up-to-date: /home/prajesh/my_ws/install/my_robot_interfaces/include/my_robot_interfaces/my_robot_interfaces/srv/detail/compute_rect_area__functions.h
[0.684s] -- Up-to-date: /home/prajesh/my_ws/install/my_robot_interfaces/include/my_robot_interfaces/my_robot_interfaces/srv/detail/compute_rect_area__struct.h
[0.684s] -- Up-to-date: /home/prajesh/my_ws/install/my_robot_interfaces/include/my_robot_interfaces/my_robot_interfaces/srv/detail/compute_rect_area__type_support.h
[0.685s] -- Up-to-date: /home/prajesh/my_ws/install/my_robot_interfaces/include/my_robot_interfaces/my_robot_interfaces/srv/detail/compute_rect_area__functions.c
[0.685s] -- Up-to-date: /home/prajesh/my_ws/install/my_robot_interfaces/include/my_robot_interfaces/my_robot_interfaces/srv/compute_rect_area.h
[0.685s] -- Up-to-date: /home/prajesh/my_ws/install/my_robot_interfaces/share/my_robot_interfaces/environment/library_path.sh
[0.685s] -- Up-to-date: /home/prajesh/my_ws/install/my_robot_interfaces/share/my_robot_interfaces/environment/library_path.dsv
[0.685s] -- Up-to-date: /home/prajesh/my_ws/install/my_robot_interfaces/lib/libmy_robot_interfaces__rosidl_generator_c.so
[0.686s] -- Up-to-date: /home/prajesh/my_ws/install/my_robot_interfaces/include/my_robot_interfaces/my_robot_interfaces
[0.686s] -- Up-to-date: /home/prajesh/my_ws/install/my_robot_interfaces/include/my_robot_interfaces/my_robot_interfaces/msg
[0.686s] -- Up-to-date: /home/prajesh/my_ws/install/my_robot_interfaces/include/my_robot_interfaces/my_robot_interfaces/msg/detail
[0.686s] -- Up-to-date: /home/prajesh/my_ws/install/my_robot_interfaces/include/my_robot_interfaces/my_robot_interfaces/msg/detail/hardware_status__rosidl_typesupport_fastrtps_c.h
[0.686s] -- Up-to-date: /home/prajesh/my_ws/install/my_robot_interfaces/include/my_robot_interfaces/my_robot_interfaces/msg/rosidl_typesupport_fastrtps_c__visibility_control.h
[0.686s] -- Up-to-date: /home/prajesh/my_ws/install/my_robot_interfaces/include/my_robot_interfaces/my_robot_interfaces/srv
[0.686s] -- Up-to-date: /home/prajesh/my_ws/install/my_robot_interfaces/include/my_robot_interfaces/my_robot_interfaces/srv/detail
[0.686s] -- Up-to-date: /home/prajesh/my_ws/install/my_robot_interfaces/include/my_robot_interfaces/my_robot_interfaces/srv/detail/compute_rect_area__rosidl_typesupport_fastrtps_c.h
[0.687s] -- Up-to-date: /home/prajesh/my_ws/install/my_robot_interfaces/lib/libmy_robot_interfaces__rosidl_typesupport_fastrtps_c.so
[0.687s] -- Up-to-date: /home/prajesh/my_ws/install/my_robot_interfaces/include/my_robot_interfaces/my_robot_interfaces
[0.687s] -- Up-to-date: /home/prajesh/my_ws/install/my_robot_interfaces/include/my_robot_interfaces/my_robot_interfaces/msg
[0.687s] -- Up-to-date: /home/prajesh/my_ws/install/my_robot_interfaces/include/my_robot_interfaces/my_robot_interfaces/msg/rosidl_typesupport_introspection_c__visibility_control.h
[0.687s] -- Up-to-date: /home/prajesh/my_ws/install/my_robot_interfaces/include/my_robot_interfaces/my_robot_interfaces/msg/detail
[0.687s] -- Up-to-date: /home/prajesh/my_ws/install/my_robot_interfaces/include/my_robot_interfaces/my_robot_interfaces/msg/detail/hardware_status__type_support.c
[0.687s] -- Up-to-date: /home/prajesh/my_ws/install/my_robot_interfaces/include/my_robot_interfaces/my_robot_interfaces/msg/detail/hardware_status__rosidl_typesupport_introspection_c.h
[0.687s] -- Up-to-date: /home/prajesh/my_ws/install/my_robot_interfaces/include/my_robot_interfaces/my_robot_interfaces/srv
[0.688s] -- Up-to-date: /home/prajesh/my_ws/install/my_robot_interfaces/include/my_robot_interfaces/my_robot_interfaces/srv/detail
[0.688s] -- Up-to-date: /home/prajesh/my_ws/install/my_robot_interfaces/include/my_robot_interfaces/my_robot_interfaces/srv/detail/compute_rect_area__rosidl_typesupport_introspection_c.h
[0.688s] -- Up-to-date: /home/prajesh/my_ws/install/my_robot_interfaces/include/my_robot_interfaces/my_robot_interfaces/srv/detail/compute_rect_area__type_support.c
[0.688s] -- Up-to-date: /home/prajesh/my_ws/install/my_robot_interfaces/lib/libmy_robot_interfaces__rosidl_typesupport_introspection_c.so
[0.688s] -- Up-to-date: /home/prajesh/my_ws/install/my_robot_interfaces/lib/libmy_robot_interfaces__rosidl_typesupport_c.so
[0.688s] -- Up-to-date: /home/prajesh/my_ws/install/my_robot_interfaces/include/my_robot_interfaces/my_robot_interfaces
[0.688s] -- Up-to-date: /home/prajesh/my_ws/install/my_robot_interfaces/include/my_robot_interfaces/my_robot_interfaces/msg
[0.688s] -- Up-to-date: /home/prajesh/my_ws/install/my_robot_interfaces/include/my_robot_interfaces/my_robot_interfaces/msg/hardware_status.hpp
[0.688s] -- Up-to-date: /home/prajesh/my_ws/install/my_robot_interfaces/include/my_robot_interfaces/my_robot_interfaces/msg/detail
[0.689s] -- Up-to-date: /home/prajesh/my_ws/install/my_robot_interfaces/include/my_robot_interfaces/my_robot_interfaces/msg/detail/hardware_status__traits.hpp
[0.689s] -- Up-to-date: /home/prajesh/my_ws/install/my_robot_interfaces/include/my_robot_interfaces/my_robot_interfaces/msg/detail/hardware_status__struct.hpp
[0.689s] -- Up-to-date: /home/prajesh/my_ws/install/my_robot_interfaces/include/my_robot_interfaces/my_robot_interfaces/msg/detail/hardware_status__builder.hpp
[0.689s] -- Up-to-date: /home/prajesh/my_ws/install/my_robot_interfaces/include/my_robot_interfaces/my_robot_interfaces/srv
[0.689s] -- Up-to-date: /home/prajesh/my_ws/install/my_robot_interfaces/include/my_robot_interfaces/my_robot_interfaces/srv/detail
[0.689s] -- Up-to-date: /home/prajesh/my_ws/install/my_robot_interfaces/include/my_robot_interfaces/my_robot_interfaces/srv/detail/compute_rect_area__builder.hpp
[0.689s] -- Up-to-date: /home/prajesh/my_ws/install/my_robot_interfaces/include/my_robot_interfaces/my_robot_interfaces/srv/detail/compute_rect_area__struct.hpp
[0.689s] -- Up-to-date: /home/prajesh/my_ws/install/my_robot_interfaces/include/my_robot_interfaces/my_robot_interfaces/srv/detail/compute_rect_area__traits.hpp
[0.689s] -- Up-to-date: /home/prajesh/my_ws/install/my_robot_interfaces/include/my_robot_interfaces/my_robot_interfaces/srv/compute_rect_area.hpp
[0.689s] -- Up-to-date: /home/prajesh/my_ws/install/my_robot_interfaces/include/my_robot_interfaces/my_robot_interfaces
[0.689s] -- Up-to-date: /home/prajesh/my_ws/install/my_robot_interfaces/include/my_robot_interfaces/my_robot_interfaces/msg
[0.689s] -- Up-to-date: /home/prajesh/my_ws/install/my_robot_interfaces/include/my_robot_interfaces/my_robot_interfaces/msg/rosidl_typesupport_fastrtps_cpp__visibility_control.h
[0.689s] -- Up-to-date: /home/prajesh/my_ws/install/my_robot_interfaces/include/my_robot_interfaces/my_robot_interfaces/msg/detail
[0.689s] -- Up-to-date: /home/prajesh/my_ws/install/my_robot_interfaces/include/my_robot_interfaces/my_robot_interfaces/msg/detail/hardware_status__rosidl_typesupport_fastrtps_cpp.hpp
[0.689s] -- Up-to-date: /home/prajesh/my_ws/install/my_robot_interfaces/include/my_robot_interfaces/my_robot_interfaces/msg/detail/dds_fastrtps
[0.690s] -- Up-to-date: /home/prajesh/my_ws/install/my_robot_interfaces/include/my_robot_interfaces/my_robot_interfaces/srv
[0.690s] -- Up-to-date: /home/prajesh/my_ws/install/my_robot_interfaces/include/my_robot_interfaces/my_robot_interfaces/srv/detail
[0.690s] -- Up-to-date: /home/prajesh/my_ws/install/my_robot_interfaces/include/my_robot_interfaces/my_robot_interfaces/srv/detail/dds_fastrtps
[0.691s] -- Up-to-date: /home/prajesh/my_ws/install/my_robot_interfaces/include/my_robot_interfaces/my_robot_interfaces/srv/detail/compute_rect_area__rosidl_typesupport_fastrtps_cpp.hpp
[0.691s] -- Up-to-date: /home/prajesh/my_ws/install/my_robot_interfaces/lib/libmy_robot_interfaces__rosidl_typesupport_fastrtps_cpp.so
[0.691s] -- Up-to-date: /home/prajesh/my_ws/install/my_robot_interfaces/include/my_robot_interfaces/my_robot_interfaces
[0.691s] -- Up-to-date: /home/prajesh/my_ws/install/my_robot_interfaces/include/my_robot_interfaces/my_robot_interfaces/msg
[0.691s] -- Up-to-date: /home/prajesh/my_ws/install/my_robot_interfaces/include/my_robot_interfaces/my_robot_interfaces/msg/detail
[0.691s] -- Up-to-date: /home/prajesh/my_ws/install/my_robot_interfaces/include/my_robot_interfaces/my_robot_interfaces/msg/detail/hardware_status__rosidl_typesupport_introspection_cpp.hpp
[0.691s] -- Up-to-date: /home/prajesh/my_ws/install/my_robot_interfaces/include/my_robot_interfaces/my_robot_interfaces/msg/detail/hardware_status__type_support.cpp
[0.691s] -- Up-to-date: /home/prajesh/my_ws/install/my_robot_interfaces/include/my_robot_interfaces/my_robot_interfaces/srv
[0.692s] -- Up-to-date: /home/prajesh/my_ws/install/my_robot_interfaces/include/my_robot_interfaces/my_robot_interfaces/srv/detail
[0.692s] -- Up-to-date: /home/prajesh/my_ws/install/my_robot_interfaces/include/my_robot_interfaces/my_robot_interfaces/srv/detail/compute_rect_area__type_support.cpp
[0.692s] -- Up-to-date: /home/prajesh/my_ws/install/my_robot_interfaces/include/my_robot_interfaces/my_robot_interfaces/srv/detail/compute_rect_area__rosidl_typesupport_introspection_cpp.hpp
[0.692s] -- Up-to-date: /home/prajesh/my_ws/install/my_robot_interfaces/lib/libmy_robot_interfaces__rosidl_typesupport_introspection_cpp.so
[0.692s] -- Up-to-date: /home/prajesh/my_ws/install/my_robot_interfaces/lib/libmy_robot_interfaces__rosidl_typesupport_cpp.so
[0.692s] -- Up-to-date: /home/prajesh/my_ws/install/my_robot_interfaces/share/my_robot_interfaces/environment/pythonpath.sh
[0.692s] -- Up-to-date: /home/prajesh/my_ws/install/my_robot_interfaces/share/my_robot_interfaces/environment/pythonpath.dsv
[0.692s] -- Up-to-date: /home/prajesh/my_ws/install/my_robot_interfaces/local/lib/python3.10/dist-packages/my_robot_interfaces-0.0.0-py3.10.egg-info
[0.692s] -- Installing: /home/prajesh/my_ws/install/my_robot_interfaces/local/lib/python3.10/dist-packages/my_robot_interfaces-0.0.0-py3.10.egg-info/SOURCES.txt
[0.692s] -- Installing: /home/prajesh/my_ws/install/my_robot_interfaces/local/lib/python3.10/dist-packages/my_robot_interfaces-0.0.0-py3.10.egg-info/top_level.txt
[0.693s] -- Installing: /home/prajesh/my_ws/install/my_robot_interfaces/local/lib/python3.10/dist-packages/my_robot_interfaces-0.0.0-py3.10.egg-info/dependency_links.txt
[0.693s] -- Installing: /home/prajesh/my_ws/install/my_robot_interfaces/local/lib/python3.10/dist-packages/my_robot_interfaces-0.0.0-py3.10.egg-info/PKG-INFO
[0.693s] -- Up-to-date: /home/prajesh/my_ws/install/my_robot_interfaces/local/lib/python3.10/dist-packages/my_robot_interfaces
[0.693s] -- Up-to-date: /home/prajesh/my_ws/install/my_robot_interfaces/local/lib/python3.10/dist-packages/my_robot_interfaces/_my_robot_interfaces_s.ep.rosidl_typesupport_introspection_c.c
[0.693s] -- Up-to-date: /home/prajesh/my_ws/install/my_robot_interfaces/local/lib/python3.10/dist-packages/my_robot_interfaces/my_robot_interfaces_s__rosidl_typesupport_introspection_c.cpython-310-x86_64-linux-gnu.so
[0.693s] -- Up-to-date: /home/prajesh/my_ws/install/my_robot_interfaces/local/lib/python3.10/dist-packages/my_robot_interfaces/my_robot_interfaces_s__rosidl_typesupport_c.cpython-310-x86_64-linux-gnu.so
[0.693s] -- Up-to-date: /home/prajesh/my_ws/install/my_robot_interfaces/local/lib/python3.10/dist-packages/my_robot_interfaces/msg
[0.693s] -- Up-to-date: /home/prajesh/my_ws/install/my_robot_interfaces/local/lib/python3.10/dist-packages/my_robot_interfaces/msg/__init__.py
[0.693s] -- Up-to-date: /home/prajesh/my_ws/install/my_robot_interfaces/local/lib/python3.10/dist-packages/my_robot_interfaces/msg/_hardware_status.py
[0.694s] -- Up-to-date: /home/prajesh/my_ws/install/my_robot_interfaces/local/lib/python3.10/dist-packages/my_robot_interfaces/msg/_hardware_status_s.c
[0.694s] -- Up-to-date: /home/prajesh/my_ws/install/my_robot_interfaces/local/lib/python3.10/dist-packages/my_robot_interfaces/__init__.py
[0.694s] -- Up-to-date: /home/prajesh/my_ws/install/my_robot_interfaces/local/lib/python3.10/dist-packages/my_robot_interfaces/_my_robot_interfaces_s.ep.rosidl_typesupport_c.c
[0.694s] -- Up-to-date: /home/prajesh/my_ws/install/my_robot_interfaces/local/lib/python3.10/dist-packages/my_robot_interfaces/libmy_robot_interfaces__rosidl_generator_py.so
[0.695s] -- Up-to-date: /home/prajesh/my_ws/install/my_robot_interfaces/local/lib/python3.10/dist-packages/my_robot_interfaces/_my_robot_interfaces_s.ep.rosidl_typesupport_fastrtps_c.c
[0.696s] -- Up-to-date: /home/prajesh/my_ws/install/my_robot_interfaces/local/lib/python3.10/dist-packages/my_robot_interfaces/my_robot_interfaces_s__rosidl_typesupport_fastrtps_c.cpython-310-x86_64-linux-gnu.so
[0.696s] -- Up-to-date: /home/prajesh/my_ws/install/my_robot_interfaces/local/lib/python3.10/dist-packages/my_robot_interfaces/srv
[0.696s] -- Up-to-date: /home/prajesh/my_ws/install/my_robot_interfaces/local/lib/python3.10/dist-packages/my_robot_interfaces/srv/__init__.py
[0.696s] -- Up-to-date: /home/prajesh/my_ws/install/my_robot_interfaces/local/lib/python3.10/dist-packages/my_robot_interfaces/srv/_compute_rect_area_s.c
[0.696s] -- Up-to-date: /home/prajesh/my_ws/install/my_robot_interfaces/local/lib/python3.10/dist-packages/my_robot_interfaces/srv/_compute_rect_area.py
[0.726s] Listing '/home/prajesh/my_ws/install/my_robot_interfaces/local/lib/python3.10/dist-packages/my_robot_interfaces'...
[0.726s] Listing '/home/prajesh/my_ws/install/my_robot_interfaces/local/lib/python3.10/dist-packages/my_robot_interfaces/msg'...
[0.726s] Listing '/home/prajesh/my_ws/install/my_robot_interfaces/local/lib/python3.10/dist-packages/my_robot_interfaces/srv'...
[0.731s] -- Up-to-date: /home/prajesh/my_ws/install/my_robot_interfaces/local/lib/python3.10/dist-packages/my_robot_interfaces/my_robot_interfaces_s__rosidl_typesupport_fastrtps_c.cpython-310-x86_64-linux-gnu.so
[0.731s] -- Up-to-date: /home/prajesh/my_ws/install/my_robot_interfaces/local/lib/python3.10/dist-packages/my_robot_interfaces/my_robot_interfaces_s__rosidl_typesupport_introspection_c.cpython-310-x86_64-linux-gnu.so
[0.731s] -- Up-to-date: /home/prajesh/my_ws/install/my_robot_interfaces/local/lib/python3.10/dist-packages/my_robot_interfaces/my_robot_interfaces_s__rosidl_typesupport_c.cpython-310-x86_64-linux-gnu.so
[0.732s] -- Up-to-date: /home/prajesh/my_ws/install/my_robot_interfaces/lib/libmy_robot_interfaces__rosidl_generator_py.so
[0.732s] -- Up-to-date: /home/prajesh/my_ws/install/my_robot_interfaces/share/my_robot_interfaces/msg/HardwareStatus.idl
[0.732s] -- Up-to-date: /home/prajesh/my_ws/install/my_robot_interfaces/share/my_robot_interfaces/srv/ComputeRectArea.idl
[0.733s] -- Up-to-date: /home/prajesh/my_ws/install/my_robot_interfaces/share/my_robot_interfaces/msg/HardwareStatus.msg
[0.733s] -- Up-to-date: /home/prajesh/my_ws/install/my_robot_interfaces/share/my_robot_interfaces/srv/ComputeRectArea.srv
[0.734s] -- Up-to-date: /home/prajesh/my_ws/install/my_robot_interfaces/share/my_robot_interfaces/srv/ComputeRectArea_Request.msg
[0.734s] -- Up-to-date: /home/prajesh/my_ws/install/my_robot_interfaces/share/my_robot_interfaces/srv/ComputeRectArea_Response.msg
[0.735s] -- Up-to-date: /home/prajesh/my_ws/install/my_robot_interfaces/share/ament_index/resource_index/package_run_dependencies/my_robot_interfaces
[0.735s] -- Up-to-date: /home/prajesh/my_ws/install/my_robot_interfaces/share/ament_index/resource_index/parent_prefix_path/my_robot_interfaces
[0.736s] -- Up-to-date: /home/prajesh/my_ws/install/my_robot_interfaces/share/my_robot_interfaces/environment/ament_prefix_path.sh
[0.736s] -- Up-to-date: /home/prajesh/my_ws/install/my_robot_interfaces/share/my_robot_interfaces/environment/ament_prefix_path.dsv
[0.736s] -- Up-to-date: /home/prajesh/my_ws/install/my_robot_interfaces/share/my_robot_interfaces/environment/path.sh
[0.737s] -- Up-to-date: /home/prajesh/my_ws/install/my_robot_interfaces/share/my_robot_interfaces/environment/path.dsv
[0.737s] -- Up-to-date: /home/prajesh/my_ws/install/my_robot_interfaces/share/my_robot_interfaces/local_setup.bash
[0.737s] -- Up-to-date: /home/prajesh/my_ws/install/my_robot_interfaces/share/my_robot_interfaces/local_setup.sh
[0.737s] -- Up-to-date: /home/prajesh/my_ws/install/my_robot_interfaces/share/my_robot_interfaces/local_setup.zsh
[0.737s] -- Up-to-date: /home/prajesh/my_ws/install/my_robot_interfaces/share/my_robot_interfaces/local_setup.dsv
[0.743s] -- Installing: /home/prajesh/my_ws/install/my_robot_interfaces/share/my_robot_interfaces/package.dsv
[0.743s] -- Up-to-date: /home/prajesh/my_ws/install/my_robot_interfaces/share/ament_index/resource_index/packages/my_robot_interfaces
[0.743s] -- Up-to-date: /home/prajesh/my_ws/install/my_robot_interfaces/share/my_robot_interfaces/cmake/export_my_robot_interfaces__rosidl_generator_cExport.cmake
[0.745s] -- Up-to-date: /home/prajesh/my_ws/install/my_robot_interfaces/share/my_robot_interfaces/cmake/export_my_robot_interfaces__rosidl_generator_cExport-noconfig.cmake
[0.745s] -- Up-to-date: /home/prajesh/my_ws/install/my_robot_interfaces/share/my_robot_interfaces/cmake/export_my_robot_interfaces__rosidl_typesupport_fastrtps_cExport.cmake
[0.745s] -- Up-to-date: /home/prajesh/my_ws/install/my_robot_interfaces/share/my_robot_interfaces/cmake/export_my_robot_interfaces__rosidl_typesupport_fastrtps_cExport-noconfig.cmake
[0.745s] -- Up-to-date: /home/prajesh/my_ws/install/my_robot_interfaces/share/my_robot_interfaces/cmake/my_robot_interfaces__rosidl_typesupport_introspection_cExport.cmake
[0.745s] -- Up-to-date: /home/prajesh/my_ws/install/my_robot_interfaces/share/my_robot_interfaces/cmake/my_robot_interfaces__rosidl_typesupport_introspection_cExport-noconfig.cmake
[0.746s] -- Up-to-date: /home/prajesh/my_ws/install/my_robot_interfaces/share/my_robot_interfaces/cmake/my_robot_interfaces__rosidl_typesupport_cExport.cmake
[0.746s] -- Up-to-date: /home/prajesh/my_ws/install/my_robot_interfaces/share/my_robot_interfaces/cmake/my_robot_interfaces__rosidl_typesupport_cExport-noconfig.cmake
[0.746s] -- Up-to-date: /home/prajesh/my_ws/install/my_robot_interfaces/share/my_robot_interfaces/cmake/export_my_robot_interfaces__rosidl_generator_cppExport.cmake
[0.746s] -- Up-to-date: /home/prajesh/my_ws/install/my_robot_interfaces/share/my_robot_interfaces/cmake/export_my_robot_interfaces__rosidl_typesupport_fastrtps_cppExport.cmake
[0.746s] -- Up-to-date: /home/prajesh/my_ws/install/my_robot_interfaces/share/my_robot_interfaces/cmake/export_my_robot_interfaces__rosidl_typesupport_fastrtps_cppExport-noconfig.cmake
[0.746s] -- Up-to-date: /home/prajesh/my_ws/install/my_robot_interfaces/share/my_robot_interfaces/cmake/my_robot_interfaces__rosidl_typesupport_introspection_cppExport.cmake
[0.746s] -- Up-to-date: /home/prajesh/my_ws/install/my_robot_interfaces/share/my_robot_interfaces/cmake/my_robot_interfaces__rosidl_typesupport_introspection_cppExport-noconfig.cmake
[0.746s] -- Up-to-date: /home/prajesh/my_ws/install/my_robot_interfaces/share/my_robot_interfaces/cmake/my_robot_interfaces__rosidl_typesupport_cppExport.cmake
[0.746s] -- Up-to-date: /home/prajesh/my_ws/install/my_robot_interfaces/share/my_robot_interfaces/cmake/my_robot_interfaces__rosidl_typesupport_cppExport-noconfig.cmake
[0.746s] -- Up-to-date: /home/prajesh/my_ws/install/my_robot_interfaces/share/my_robot_interfaces/cmake/export_my_robot_interfaces__rosidl_generator_pyExport.cmake
[0.746s] -- Up-to-date: /home/prajesh/my_ws/install/my_robot_interfaces/share/my_robot_interfaces/cmake/export_my_robot_interfaces__rosidl_generator_pyExport-noconfig.cmake
[0.746s] -- Up-to-date: /home/prajesh/my_ws/install/my_robot_interfaces/share/my_robot_interfaces/cmake/rosidl_cmake-extras.cmake
[0.746s] -- Up-to-date: /home/prajesh/my_ws/install/my_robot_interfaces/share/my_robot_interfaces/cmake/ament_cmake_export_include_directories-extras.cmake
[0.746s] -- Up-to-date: /home/prajesh/my_ws/install/my_robot_interfaces/share/my_robot_interfaces/cmake/ament_cmake_export_libraries-extras.cmake
[0.746s] -- Up-to-date: /home/prajesh/my_ws/install/my_robot_interfaces/share/my_robot_interfaces/cmake/ament_cmake_export_targets-extras.cmake
[0.746s] -- Up-to-date: /home/prajesh/my_ws/install/my_robot_interfaces/share/my_robot_interfaces/cmake/rosidl_cmake_export_typesupport_targets-extras.cmake
[0.746s] -- Up-to-date: /home/prajesh/my_ws/install/my_robot_interfaces/share/my_robot_interfaces/cmake/ament_cmake_export_dependencies-extras.cmake
[0.746s] -- Up-to-date: /home/prajesh/my_ws/install/my_robot_interfaces/share/my_robot_interfaces/cmake/rosidl_cmake_export_typesupport_libraries-extras.cmake
[0.747s] -- Up-to-date: /home/prajesh/my_ws/install/my_robot_interfaces/share/my_robot_interfaces/cmake/my_robot_interfacesConfig.cmake
[0.747s] -- Up-to-date: /home/prajesh/my_ws/install/my_robot_interfaces/share/my_robot_interfaces/cmake/my_robot_interfacesConfig-version.cmake
[0.747s] -- Up-to-date: /home/prajesh/my_ws/install/my_robot_interfaces/share/my_robot_interfaces/package.xml
[1.022s] Invoked command in '/home/prajesh/my_ws/build/my_robot_interfaces' returned '0': CMAKE_PREFIX_PATH=${CMAKE_PREFIX_PATH}:/home/prajesh/my_ws/install/py_server_test:/home/prajesh/my_ws/install/my_py_pkg:/opt/ros/humble /usr/bin/cmake --install /home/prajesh/my_ws/build/my_robot_interfaces
