[0.661s] Invoking command in '/home/prajesh/my_ws/src/my_py_pkg': PYTHONPATH=/home/prajesh/my_ws/build/my_py_pkg/prefix_override:/home/prajesh/my_ws/install/my_py_pkg/lib/python3.10/site-packages:${PYTHONPATH} /usr/bin/python3 setup.py egg_info --egg-base ../../build/my_py_pkg build --build-base /home/prajesh/my_ws/build/my_py_pkg/build install --record /home/prajesh/my_ws/build/my_py_pkg/install.log --single-version-externally-managed
[0.890s] running egg_info
[0.891s] writing ../../build/my_py_pkg/my_py_pkg.egg-info/PKG-INFO
[0.891s] writing dependency_links to ../../build/my_py_pkg/my_py_pkg.egg-info/dependency_links.txt
[0.892s] writing entry points to ../../build/my_py_pkg/my_py_pkg.egg-info/entry_points.txt
[0.892s] writing requirements to ../../build/my_py_pkg/my_py_pkg.egg-info/requires.txt
[0.892s] writing top-level names to ../../build/my_py_pkg/my_py_pkg.egg-info/top_level.txt
[0.893s] reading manifest file '../../build/my_py_pkg/my_py_pkg.egg-info/SOURCES.txt'
[0.894s] writing manifest file '../../build/my_py_pkg/my_py_pkg.egg-info/SOURCES.txt'
[0.894s] running build
[0.894s] running build_py
[0.895s] running install
[0.895s] running install_lib
[0.896s] creating /home/prajesh/my_ws/install/my_py_pkg/lib/python3.10/site-packages/my_py_pkg
[0.896s] copying /home/prajesh/my_ws/build/my_py_pkg/build/lib/my_py_pkg/__init__.py -> /home/prajesh/my_ws/install/my_py_pkg/lib/python3.10/site-packages/my_py_pkg
[0.896s] copying /home/prajesh/my_ws/build/my_py_pkg/build/lib/my_py_pkg/robot_news_station.py -> /home/prajesh/my_ws/install/my_py_pkg/lib/python3.10/site-packages/my_py_pkg
[0.898s] copying /home/prajesh/my_ws/build/my_py_pkg/build/lib/my_py_pkg/my_first_node.py -> /home/prajesh/my_ws/install/my_py_pkg/lib/python3.10/site-packages/my_py_pkg
[0.898s] copying /home/prajesh/my_ws/build/my_py_pkg/build/lib/my_py_pkg/smartphone.py -> /home/prajesh/my_ws/install/my_py_pkg/lib/python3.10/site-packages/my_py_pkg
[0.904s] byte-compiling /home/prajesh/my_ws/install/my_py_pkg/lib/python3.10/site-packages/my_py_pkg/__init__.py to __init__.cpython-310.pyc
[0.904s] byte-compiling /home/prajesh/my_ws/install/my_py_pkg/lib/python3.10/site-packages/my_py_pkg/robot_news_station.py to robot_news_station.cpython-310.pyc
[0.905s] byte-compiling /home/prajesh/my_ws/install/my_py_pkg/lib/python3.10/site-packages/my_py_pkg/my_first_node.py to my_first_node.cpython-310.pyc
[0.905s] byte-compiling /home/prajesh/my_ws/install/my_py_pkg/lib/python3.10/site-packages/my_py_pkg/smartphone.py to smartphone.cpython-310.pyc
[0.905s] running install_data
[0.905s] creating /home/prajesh/my_ws/install/my_py_pkg/share/ament_index
[0.905s] creating /home/prajesh/my_ws/install/my_py_pkg/share/ament_index/resource_index
[0.905s] creating /home/prajesh/my_ws/install/my_py_pkg/share/ament_index/resource_index/packages
[0.905s] copying resource/my_py_pkg -> /home/prajesh/my_ws/install/my_py_pkg/share/ament_index/resource_index/packages
[0.905s] copying package.xml -> /home/prajesh/my_ws/install/my_py_pkg/share/my_py_pkg
[0.905s] running install_egg_info
[0.905s] Copying ../../build/my_py_pkg/my_py_pkg.egg-info to /home/prajesh/my_ws/install/my_py_pkg/lib/python3.10/site-packages/my_py_pkg-0.0.0-py3.10.egg-info
[0.905s] running install_scripts
[0.921s] Installing py_node script to /home/prajesh/my_ws/install/my_py_pkg/lib/my_py_pkg
[0.921s] Installing robot_news_station script to /home/prajesh/my_ws/install/my_py_pkg/lib/my_py_pkg
[0.921s] Installing smartphone script to /home/prajesh/my_ws/install/my_py_pkg/lib/my_py_pkg
[0.922s] writing list of installed files to '/home/prajesh/my_ws/build/my_py_pkg/install.log'
[0.953s] Invoked command in '/home/prajesh/my_ws/src/my_py_pkg' returned '0': PYTHONPATH=/home/prajesh/my_ws/build/my_py_pkg/prefix_override:/home/prajesh/my_ws/install/my_py_pkg/lib/python3.10/site-packages:${PYTHONPATH} /usr/bin/python3 setup.py egg_info --egg-base ../../build/my_py_pkg build --build-base /home/prajesh/my_ws/build/my_py_pkg/build install --record /home/prajesh/my_ws/build/my_py_pkg/install.log --single-version-externally-managed
