[0.045s] Invoking command in '/home/prajesh/my_ws/build/cpp_practice': CMAKE_PREFIX_PATH=${CMAKE_PREFIX_PATH}:/home/prajesh/my_ws/install/my_py_pkg:/opt/ros/humble /usr/bin/cmake --build /home/prajesh/my_ws/build/cpp_practice -- -j4 -l4
[0.087s] [35m[1mConsolidate compiler generated dependencies of target number_generator[0m
[0.100s] [100%] Built target number_generator
[0.355s] Invoked command in '/home/prajesh/my_ws/build/cpp_practice' returned '0': CMAKE_PREFIX_PATH=${CMAKE_PREFIX_PATH}:/home/prajesh/my_ws/install/my_py_pkg:/opt/ros/humble /usr/bin/cmake --build /home/prajesh/my_ws/build/cpp_practice -- -j4 -l4
[0.389s] Invoking command in '/home/prajesh/my_ws/build/cpp_practice': CMAKE_PREFIX_PATH=${CMAKE_PREFIX_PATH}:/home/prajesh/my_ws/install/my_py_pkg:/opt/ros/humble /usr/bin/cmake --install /home/prajesh/my_ws/build/cpp_practice
[0.395s] -- Install configuration: ""
[0.395s] -- Up-to-date: /home/prajesh/my_ws/install/cpp_practice/lib/cpp_practice/number_generator
[0.396s] -- Up-to-date: /home/prajesh/my_ws/install/cpp_practice/share/ament_index/resource_index/package_run_dependencies/cpp_practice
[0.396s] -- Up-to-date: /home/prajesh/my_ws/install/cpp_practice/share/ament_index/resource_index/parent_prefix_path/cpp_practice
[0.397s] -- Up-to-date: /home/prajesh/my_ws/install/cpp_practice/share/cpp_practice/environment/ament_prefix_path.sh
[0.400s] -- Up-to-date: /home/prajesh/my_ws/install/cpp_practice/share/cpp_practice/environment/ament_prefix_path.dsv
[0.403s] -- Up-to-date: /home/prajesh/my_ws/install/cpp_practice/share/cpp_practice/environment/path.sh
[0.404s] -- Up-to-date: /home/prajesh/my_ws/install/cpp_practice/share/cpp_practice/environment/path.dsv
[0.405s] -- Up-to-date: /home/prajesh/my_ws/install/cpp_practice/share/cpp_practice/local_setup.bash
[0.406s] -- Up-to-date: /home/prajesh/my_ws/install/cpp_practice/share/cpp_practice/local_setup.sh
[0.407s] -- Up-to-date: /home/prajesh/my_ws/install/cpp_practice/share/cpp_practice/local_setup.zsh
[0.409s] -- Up-to-date: /home/prajesh/my_ws/install/cpp_practice/share/cpp_practice/local_setup.dsv
[0.410s] -- Installing: /home/prajesh/my_ws/install/cpp_practice/share/cpp_practice/package.dsv
[0.413s] -- Up-to-date: /home/prajesh/my_ws/install/cpp_practice/share/ament_index/resource_index/packages/cpp_practice
[0.413s] -- Up-to-date: /home/prajesh/my_ws/install/cpp_practice/share/cpp_practice/cmake/cpp_practiceConfig.cmake
[0.413s] -- Up-to-date: /home/prajesh/my_ws/install/cpp_practice/share/cpp_practice/cmake/cpp_practiceConfig-version.cmake
[0.414s] -- Up-to-date: /home/prajesh/my_ws/install/cpp_practice/share/cpp_practice/package.xml
[0.417s] Invoked command in '/home/prajesh/my_ws/build/cpp_practice' returned '0': CMAKE_PREFIX_PATH=${CMAKE_PREFIX_PATH}:/home/prajesh/my_ws/install/my_py_pkg:/opt/ros/humble /usr/bin/cmake --install /home/prajesh/my_ws/build/cpp_practice
