[0.040s] Invoking command in '/home/prajesh/my_ws/build/my_cpp_pkg': CMAKE_PREFIX_PATH=${CMAKE_PREFIX_PATH}:/home/prajesh/my_ws/install/py_server_test:/home/prajesh/my_ws/install/my_py_pkg:/opt/ros/humble /usr/bin/cmake --build /home/prajesh/my_ws/build/my_cpp_pkg -- -j4 -l4
[0.126s] [ 25%] Built target cpp_node1
[0.134s] [ 50%] Built target robot_news_station
[0.141s] [ 75%] Built target smartphone
[0.148s] [100%] Built target hw_status_publisher
[0.164s] Invoked command in '/home/prajesh/my_ws/build/my_cpp_pkg' returned '0': CMAKE_PREFIX_PATH=${CMAKE_PREFIX_PATH}:/home/prajesh/my_ws/install/py_server_test:/home/prajesh/my_ws/install/my_py_pkg:/opt/ros/humble /usr/bin/cmake --build /home/prajesh/my_ws/build/my_cpp_pkg -- -j4 -l4
[0.201s] Invoking command in '/home/prajesh/my_ws/build/my_cpp_pkg': CMAKE_PREFIX_PATH=${CMAKE_PREFIX_PATH}:/home/prajesh/my_ws/install/py_server_test:/home/prajesh/my_ws/install/my_py_pkg:/opt/ros/humble /usr/bin/cmake --install /home/prajesh/my_ws/build/my_cpp_pkg
[0.209s] -- Install configuration: ""
[0.210s] -- Up-to-date: /home/prajesh/my_ws/install/my_cpp_pkg/lib/my_cpp_pkg/cpp_node1
[0.211s] -- Up-to-date: /home/prajesh/my_ws/install/my_cpp_pkg/lib/my_cpp_pkg/robot_news_station
[0.212s] -- Up-to-date: /home/prajesh/my_ws/install/my_cpp_pkg/lib/my_cpp_pkg/smartphone
[0.217s] -- Up-to-date: /home/prajesh/my_ws/install/my_cpp_pkg/lib/my_cpp_pkg/hw_status_publisher
[0.217s] -- Up-to-date: /home/prajesh/my_ws/install/my_cpp_pkg/share/ament_index/resource_index/package_run_dependencies/my_cpp_pkg
[0.217s] -- Up-to-date: /home/prajesh/my_ws/install/my_cpp_pkg/share/ament_index/resource_index/parent_prefix_path/my_cpp_pkg
[0.217s] -- Up-to-date: /home/prajesh/my_ws/install/my_cpp_pkg/share/my_cpp_pkg/environment/ament_prefix_path.sh
[0.217s] -- Up-to-date: /home/prajesh/my_ws/install/my_cpp_pkg/share/my_cpp_pkg/environment/ament_prefix_path.dsv
[0.217s] -- Up-to-date: /home/prajesh/my_ws/install/my_cpp_pkg/share/my_cpp_pkg/environment/path.sh
[0.217s] -- Up-to-date: /home/prajesh/my_ws/install/my_cpp_pkg/share/my_cpp_pkg/environment/path.dsv
[0.217s] -- Up-to-date: /home/prajesh/my_ws/install/my_cpp_pkg/share/my_cpp_pkg/local_setup.bash
[0.217s] -- Up-to-date: /home/prajesh/my_ws/install/my_cpp_pkg/share/my_cpp_pkg/local_setup.sh
[0.217s] -- Up-to-date: /home/prajesh/my_ws/install/my_cpp_pkg/share/my_cpp_pkg/local_setup.zsh
[0.217s] -- Up-to-date: /home/prajesh/my_ws/install/my_cpp_pkg/share/my_cpp_pkg/local_setup.dsv
[0.217s] -- Installing: /home/prajesh/my_ws/install/my_cpp_pkg/share/my_cpp_pkg/package.dsv
[0.217s] -- Up-to-date: /home/prajesh/my_ws/install/my_cpp_pkg/share/ament_index/resource_index/packages/my_cpp_pkg
[0.217s] -- Up-to-date: /home/prajesh/my_ws/install/my_cpp_pkg/share/my_cpp_pkg/cmake/my_cpp_pkgConfig.cmake
[0.217s] -- Up-to-date: /home/prajesh/my_ws/install/my_cpp_pkg/share/my_cpp_pkg/cmake/my_cpp_pkgConfig-version.cmake
[0.217s] -- Up-to-date: /home/prajesh/my_ws/install/my_cpp_pkg/share/my_cpp_pkg/package.xml
[0.233s] Invoked command in '/home/prajesh/my_ws/build/my_cpp_pkg' returned '0': CMAKE_PREFIX_PATH=${CMAKE_PREFIX_PATH}:/home/prajesh/my_ws/install/py_server_test:/home/prajesh/my_ws/install/my_py_pkg:/opt/ros/humble /usr/bin/cmake --install /home/prajesh/my_ws/build/my_cpp_pkg
