[0.032s] Invoking command in '/home/prajesh/my_ws/build/my_robot_interfaces': CMAKE_PREFIX_PATH=${CMAKE_PREFIX_PATH}:/home/prajesh/my_ws/install/py_server_test:/home/prajesh/my_ws/install/my_py_pkg:/opt/ros/humble /usr/bin/cmake --build /home/prajesh/my_ws/build/my_robot_interfaces -- -j4 -l4
[0.133s] [ 10%] Built target my_robot_interfaces__rosidl_generator_c
[0.135s] [ 10%] Built target ament_cmake_python_copy_my_robot_interfaces
[0.136s] [ 12%] Built target my_robot_interfaces__cpp
[0.185s] [ 23%] Built target my_robot_interfaces__rosidl_typesupport_c
[0.190s] [ 33%] Built target my_robot_interfaces__rosidl_typesupport_fastrtps_cpp
[0.196s] [ 43%] Built target my_robot_interfaces__rosidl_typesupport_fastrtps_c
[0.201s] [ 53%] Built target my_robot_interfaces__rosidl_typesupport_introspection_c
[0.219s] [ 71%] Built target my_robot_interfaces__rosidl_typesupport_introspection_cpp
[0.219s] [ 74%] Built target my_robot_interfaces__rosidl_typesupport_cpp
[0.248s] [ 74%] Built target my_robot_interfaces
[0.293s] [ 76%] Built target my_robot_interfaces__py
[0.340s] [ 84%] Built target my_robot_interfaces__rosidl_generator_py
[0.409s] [ 89%] Built target my_robot_interfaces__rosidl_typesupport_fastrtps_c__pyext
[0.423s] [ 94%] Built target my_robot_interfaces__rosidl_typesupport_introspection_c__pyext
[0.441s] [100%] Built target my_robot_interfaces__rosidl_typesupport_c__pyext
[0.583s] running egg_info
[0.584s] writing my_robot_interfaces.egg-info/PKG-INFO
[0.584s] writing dependency_links to my_robot_interfaces.egg-info/dependency_links.txt
[0.585s] writing top-level names to my_robot_interfaces.egg-info/top_level.txt
[0.590s] reading manifest file 'my_robot_interfaces.egg-info/SOURCES.txt'
[0.590s] writing manifest file 'my_robot_interfaces.egg-info/SOURCES.txt'
[0.622s] [100%] Built target ament_cmake_python_build_my_robot_interfaces_egg
[0.648s] Invoked command in '/home/prajesh/my_ws/build/my_robot_interfaces' returned '0': CMAKE_PREFIX_PATH=${CMAKE_PREFIX_PATH}:/home/prajesh/my_ws/install/py_server_test:/home/prajesh/my_ws/install/my_py_pkg:/opt/ros/humble /usr/bin/cmake --build /home/prajesh/my_ws/build/my_robot_interfaces -- -j4 -l4
[1.021s] Invoking command in '/home/prajesh/my_ws/build/my_robot_interfaces': CMAKE_PREFIX_PATH=${CMAKE_PREFIX_PATH}:/home/prajesh/my_ws/install/py_server_test:/home/prajesh/my_ws/install/my_py_pkg:/opt/ros/humble /usr/bin/cmake --install /home/prajesh/my_ws/build/my_robot_interfaces
[1.042s] -- Install configuration: ""
[1.042s] -- Up-to-date: /home/prajesh/my_ws/install/my_robot_interfaces/share/ament_index/resource_index/rosidl_interfaces/my_robot_interfaces
[1.042s] -- Up-to-date: /home/prajesh/my_ws/install/my_robot_interfaces/include/my_robot_interfaces/my_robot_interfaces
[1.042s] -- Up-to-date: /home/prajesh/my_ws/install/my_robot_interfaces/include/my_robot_interfaces/my_robot_interfaces/msg
[1.042s] -- Up-to-date: /home/prajesh/my_ws/install/my_robot_interfaces/include/my_robot_interfaces/my_robot_interfaces/msg/hardware_status.h
[1.042s] -- Up-to-date: /home/prajesh/my_ws/install/my_robot_interfaces/include/my_robot_interfaces/my_robot_interfaces/msg/detail
[1.042s] -- Up-to-date: /home/prajesh/my_ws/install/my_robot_interfaces/include/my_robot_interfaces/my_robot_interfaces/msg/detail/hardware_status__functions.h
[1.042s] -- Up-to-date: /home/prajesh/my_ws/install/my_robot_interfaces/include/my_robot_interfaces/my_robot_interfaces/msg/detail/hardware_status__type_support.h
[1.042s] -- Up-to-date: /home/prajesh/my_ws/install/my_robot_interfaces/include/my_robot_interfaces/my_robot_interfaces/msg/detail/hardware_status__functions.c
[1.043s] -- Up-to-date: /home/prajesh/my_ws/install/my_robot_interfaces/include/my_robot_interfaces/my_robot_interfaces/msg/detail/hardware_status__struct.h
[1.043s] -- Up-to-date: /home/prajesh/my_ws/install/my_robot_interfaces/include/my_robot_interfaces/my_robot_interfaces/msg/rosidl_generator_c__visibility_control.h
[1.043s] -- Up-to-date: /home/prajesh/my_ws/install/my_robot_interfaces/include/my_robot_interfaces/my_robot_interfaces/srv
[1.043s] -- Up-to-date: /home/prajesh/my_ws/install/my_robot_interfaces/include/my_robot_interfaces/my_robot_interfaces/srv/detail
[1.043s] -- Up-to-date: /home/prajesh/my_ws/install/my_robot_interfaces/include/my_robot_interfaces/my_robot_interfaces/srv/detail/compute_rect_area__functions.h
[1.043s] -- Up-to-date: /home/prajesh/my_ws/install/my_robot_interfaces/include/my_robot_interfaces/my_robot_interfaces/srv/detail/compute_rect_area__struct.h
[1.043s] -- Up-to-date: /home/prajesh/my_ws/install/my_robot_interfaces/include/my_robot_interfaces/my_robot_interfaces/srv/detail/compute_rect_area__type_support.h
[1.043s] -- Up-to-date: /home/prajesh/my_ws/install/my_robot_interfaces/include/my_robot_interfaces/my_robot_interfaces/srv/detail/compute_rect_area__functions.c
[1.044s] -- Up-to-date: /home/prajesh/my_ws/install/my_robot_interfaces/include/my_robot_interfaces/my_robot_interfaces/srv/compute_rect_area.h
[1.044s] -- Up-to-date: /home/prajesh/my_ws/install/my_robot_interfaces/share/my_robot_interfaces/environment/library_path.sh
[1.044s] -- Up-to-date: /home/prajesh/my_ws/install/my_robot_interfaces/share/my_robot_interfaces/environment/library_path.dsv
[1.044s] -- Up-to-date: /home/prajesh/my_ws/install/my_robot_interfaces/lib/libmy_robot_interfaces__rosidl_generator_c.so
[1.044s] -- Up-to-date: /home/prajesh/my_ws/install/my_robot_interfaces/include/my_robot_interfaces/my_robot_interfaces
[1.044s] -- Up-to-date: /home/prajesh/my_ws/install/my_robot_interfaces/include/my_robot_interfaces/my_robot_interfaces/msg
[1.045s] -- Up-to-date: /home/prajesh/my_ws/install/my_robot_interfaces/include/my_robot_interfaces/my_robot_interfaces/msg/detail
[1.045s] -- Up-to-date: /home/prajesh/my_ws/install/my_robot_interfaces/include/my_robot_interfaces/my_robot_interfaces/msg/detail/hardware_status__rosidl_typesupport_fastrtps_c.h
[1.045s] -- Up-to-date: /home/prajesh/my_ws/install/my_robot_interfaces/include/my_robot_interfaces/my_robot_interfaces/msg/rosidl_typesupport_fastrtps_c__visibility_control.h
[1.045s] -- Up-to-date: /home/prajesh/my_ws/install/my_robot_interfaces/include/my_robot_interfaces/my_robot_interfaces/srv
[1.045s] -- Up-to-date: /home/prajesh/my_ws/install/my_robot_interfaces/include/my_robot_interfaces/my_robot_interfaces/srv/detail
[1.045s] -- Up-to-date: /home/prajesh/my_ws/install/my_robot_interfaces/include/my_robot_interfaces/my_robot_interfaces/srv/detail/compute_rect_area__rosidl_typesupport_fastrtps_c.h
[1.045s] -- Up-to-date: /home/prajesh/my_ws/install/my_robot_interfaces/lib/libmy_robot_interfaces__rosidl_typesupport_fastrtps_c.so
[1.045s] -- Up-to-date: /home/prajesh/my_ws/install/my_robot_interfaces/include/my_robot_interfaces/my_robot_interfaces
[1.046s] -- Up-to-date: /home/prajesh/my_ws/install/my_robot_interfaces/include/my_robot_interfaces/my_robot_interfaces/msg
[1.046s] -- Up-to-date: /home/prajesh/my_ws/install/my_robot_interfaces/include/my_robot_interfaces/my_robot_interfaces/msg/rosidl_typesupport_introspection_c__visibility_control.h
[1.046s] -- Up-to-date: /home/prajesh/my_ws/install/my_robot_interfaces/include/my_robot_interfaces/my_robot_interfaces/msg/detail
[1.046s] -- Up-to-date: /home/prajesh/my_ws/install/my_robot_interfaces/include/my_robot_interfaces/my_robot_interfaces/msg/detail/hardware_status__type_support.c
[1.046s] -- Up-to-date: /home/prajesh/my_ws/install/my_robot_interfaces/include/my_robot_interfaces/my_robot_interfaces/msg/detail/hardware_status__rosidl_typesupport_introspection_c.h
[1.046s] -- Up-to-date: /home/prajesh/my_ws/install/my_robot_interfaces/include/my_robot_interfaces/my_robot_interfaces/srv
[1.046s] -- Up-to-date: /home/prajesh/my_ws/install/my_robot_interfaces/include/my_robot_interfaces/my_robot_interfaces/srv/detail
[1.046s] -- Up-to-date: /home/prajesh/my_ws/install/my_robot_interfaces/include/my_robot_interfaces/my_robot_interfaces/srv/detail/compute_rect_area__rosidl_typesupport_introspection_c.h
[1.046s] -- Up-to-date: /home/prajesh/my_ws/install/my_robot_interfaces/include/my_robot_interfaces/my_robot_interfaces/srv/detail/compute_rect_area__type_support.c
[1.047s] -- Up-to-date: /home/prajesh/my_ws/install/my_robot_interfaces/lib/libmy_robot_interfaces__rosidl_typesupport_introspection_c.so
[1.047s] -- Up-to-date: /home/prajesh/my_ws/install/my_robot_interfaces/lib/libmy_robot_interfaces__rosidl_typesupport_c.so
[1.047s] -- Up-to-date: /home/prajesh/my_ws/install/my_robot_interfaces/include/my_robot_interfaces/my_robot_interfaces
[1.047s] -- Up-to-date: /home/prajesh/my_ws/install/my_robot_interfaces/include/my_robot_interfaces/my_robot_interfaces/msg
[1.047s] -- Up-to-date: /home/prajesh/my_ws/install/my_robot_interfaces/include/my_robot_interfaces/my_robot_interfaces/msg/hardware_status.hpp
[1.047s] -- Up-to-date: /home/prajesh/my_ws/install/my_robot_interfaces/include/my_robot_interfaces/my_robot_interfaces/msg/detail
[1.047s] -- Up-to-date: /home/prajesh/my_ws/install/my_robot_interfaces/include/my_robot_interfaces/my_robot_interfaces/msg/detail/hardware_status__traits.hpp
[1.047s] -- Up-to-date: /home/prajesh/my_ws/install/my_robot_interfaces/include/my_robot_interfaces/my_robot_interfaces/msg/detail/hardware_status__struct.hpp
[1.048s] -- Up-to-date: /home/prajesh/my_ws/install/my_robot_interfaces/include/my_robot_interfaces/my_robot_interfaces/msg/detail/hardware_status__builder.hpp
[1.048s] -- Up-to-date: /home/prajesh/my_ws/install/my_robot_interfaces/include/my_robot_interfaces/my_robot_interfaces/srv
[1.048s] -- Up-to-date: /home/prajesh/my_ws/install/my_robot_interfaces/include/my_robot_interfaces/my_robot_interfaces/srv/detail
[1.051s] -- Up-to-date: /home/prajesh/my_ws/install/my_robot_interfaces/include/my_robot_interfaces/my_robot_interfaces/srv/detail/compute_rect_area__builder.hpp
[1.051s] -- Up-to-date: /home/prajesh/my_ws/install/my_robot_interfaces/include/my_robot_interfaces/my_robot_interfaces/srv/detail/compute_rect_area__struct.hpp
[1.051s] -- Up-to-date: /home/prajesh/my_ws/install/my_robot_interfaces/include/my_robot_interfaces/my_robot_interfaces/srv/detail/compute_rect_area__traits.hpp
[1.051s] -- Up-to-date: /home/prajesh/my_ws/install/my_robot_interfaces/include/my_robot_interfaces/my_robot_interfaces/srv/compute_rect_area.hpp
[1.051s] -- Up-to-date: /home/prajesh/my_ws/install/my_robot_interfaces/include/my_robot_interfaces/my_robot_interfaces
[1.051s] -- Up-to-date: /home/prajesh/my_ws/install/my_robot_interfaces/include/my_robot_interfaces/my_robot_interfaces/msg
[1.051s] -- Up-to-date: /home/prajesh/my_ws/install/my_robot_interfaces/include/my_robot_interfaces/my_robot_interfaces/msg/rosidl_typesupport_fastrtps_cpp__visibility_control.h
[1.051s] -- Up-to-date: /home/prajesh/my_ws/install/my_robot_interfaces/include/my_robot_interfaces/my_robot_interfaces/msg/detail
[1.052s] -- Up-to-date: /home/prajesh/my_ws/install/my_robot_interfaces/include/my_robot_interfaces/my_robot_interfaces/msg/detail/hardware_status__rosidl_typesupport_fastrtps_cpp.hpp
[1.052s] -- Up-to-date: /home/prajesh/my_ws/install/my_robot_interfaces/include/my_robot_interfaces/my_robot_interfaces/msg/detail/dds_fastrtps
[1.052s] -- Up-to-date: /home/prajesh/my_ws/install/my_robot_interfaces/include/my_robot_interfaces/my_robot_interfaces/srv
[1.052s] -- Up-to-date: /home/prajesh/my_ws/install/my_robot_interfaces/include/my_robot_interfaces/my_robot_interfaces/srv/detail
[1.053s] -- Up-to-date: /home/prajesh/my_ws/install/my_robot_interfaces/include/my_robot_interfaces/my_robot_interfaces/srv/detail/dds_fastrtps
[1.053s] -- Up-to-date: /home/prajesh/my_ws/install/my_robot_interfaces/include/my_robot_interfaces/my_robot_interfaces/srv/detail/compute_rect_area__rosidl_typesupport_fastrtps_cpp.hpp
[1.053s] -- Up-to-date: /home/prajesh/my_ws/install/my_robot_interfaces/lib/libmy_robot_interfaces__rosidl_typesupport_fastrtps_cpp.so
[1.053s] -- Up-to-date: /home/prajesh/my_ws/install/my_robot_interfaces/include/my_robot_interfaces/my_robot_interfaces
[1.053s] -- Up-to-date: /home/prajesh/my_ws/install/my_robot_interfaces/include/my_robot_interfaces/my_robot_interfaces/msg
[1.053s] -- Up-to-date: /home/prajesh/my_ws/install/my_robot_interfaces/include/my_robot_interfaces/my_robot_interfaces/msg/detail
[1.053s] -- Up-to-date: /home/prajesh/my_ws/install/my_robot_interfaces/include/my_robot_interfaces/my_robot_interfaces/msg/detail/hardware_status__rosidl_typesupport_introspection_cpp.hpp
[1.053s] -- Up-to-date: /home/prajesh/my_ws/install/my_robot_interfaces/include/my_robot_interfaces/my_robot_interfaces/msg/detail/hardware_status__type_support.cpp
[1.053s] -- Up-to-date: /home/prajesh/my_ws/install/my_robot_interfaces/include/my_robot_interfaces/my_robot_interfaces/srv
[1.054s] -- Up-to-date: /home/prajesh/my_ws/install/my_robot_interfaces/include/my_robot_interfaces/my_robot_interfaces/srv/detail
[1.054s] -- Up-to-date: /home/prajesh/my_ws/install/my_robot_interfaces/include/my_robot_interfaces/my_robot_interfaces/srv/detail/compute_rect_area__type_support.cpp
[1.054s] -- Up-to-date: /home/prajesh/my_ws/install/my_robot_interfaces/include/my_robot_interfaces/my_robot_interfaces/srv/detail/compute_rect_area__rosidl_typesupport_introspection_cpp.hpp
[1.054s] -- Up-to-date: /home/prajesh/my_ws/install/my_robot_interfaces/lib/libmy_robot_interfaces__rosidl_typesupport_introspection_cpp.so
[1.054s] -- Up-to-date: /home/prajesh/my_ws/install/my_robot_interfaces/lib/libmy_robot_interfaces__rosidl_typesupport_cpp.so
[1.062s] -- Up-to-date: /home/prajesh/my_ws/install/my_robot_interfaces/share/my_robot_interfaces/environment/pythonpath.sh
[1.062s] -- Up-to-date: /home/prajesh/my_ws/install/my_robot_interfaces/share/my_robot_interfaces/environment/pythonpath.dsv
[1.062s] -- Up-to-date: /home/prajesh/my_ws/install/my_robot_interfaces/local/lib/python3.10/dist-packages/my_robot_interfaces-0.0.0-py3.10.egg-info
[1.063s] -- Installing: /home/prajesh/my_ws/install/my_robot_interfaces/local/lib/python3.10/dist-packages/my_robot_interfaces-0.0.0-py3.10.egg-info/SOURCES.txt
[1.063s] -- Installing: /home/prajesh/my_ws/install/my_robot_interfaces/local/lib/python3.10/dist-packages/my_robot_interfaces-0.0.0-py3.10.egg-info/top_level.txt
[1.063s] -- Installing: /home/prajesh/my_ws/install/my_robot_interfaces/local/lib/python3.10/dist-packages/my_robot_interfaces-0.0.0-py3.10.egg-info/dependency_links.txt
[1.063s] -- Installing: /home/prajesh/my_ws/install/my_robot_interfaces/local/lib/python3.10/dist-packages/my_robot_interfaces-0.0.0-py3.10.egg-info/PKG-INFO
[1.063s] -- Up-to-date: /home/prajesh/my_ws/install/my_robot_interfaces/local/lib/python3.10/dist-packages/my_robot_interfaces
[1.063s] -- Up-to-date: /home/prajesh/my_ws/install/my_robot_interfaces/local/lib/python3.10/dist-packages/my_robot_interfaces/_my_robot_interfaces_s.ep.rosidl_typesupport_introspection_c.c
[1.063s] -- Up-to-date: /home/prajesh/my_ws/install/my_robot_interfaces/local/lib/python3.10/dist-packages/my_robot_interfaces/my_robot_interfaces_s__rosidl_typesupport_introspection_c.cpython-310-x86_64-linux-gnu.so
[1.063s] -- Up-to-date: /home/prajesh/my_ws/install/my_robot_interfaces/local/lib/python3.10/dist-packages/my_robot_interfaces/my_robot_interfaces_s__rosidl_typesupport_c.cpython-310-x86_64-linux-gnu.so
[1.063s] -- Up-to-date: /home/prajesh/my_ws/install/my_robot_interfaces/local/lib/python3.10/dist-packages/my_robot_interfaces/msg
[1.063s] -- Up-to-date: /home/prajesh/my_ws/install/my_robot_interfaces/local/lib/python3.10/dist-packages/my_robot_interfaces/msg/__init__.py
[1.063s] -- Up-to-date: /home/prajesh/my_ws/install/my_robot_interfaces/local/lib/python3.10/dist-packages/my_robot_interfaces/msg/_hardware_status.py
[1.064s] -- Up-to-date: /home/prajesh/my_ws/install/my_robot_interfaces/local/lib/python3.10/dist-packages/my_robot_interfaces/msg/_hardware_status_s.c
[1.064s] -- Up-to-date: /home/prajesh/my_ws/install/my_robot_interfaces/local/lib/python3.10/dist-packages/my_robot_interfaces/__init__.py
[1.064s] -- Up-to-date: /home/prajesh/my_ws/install/my_robot_interfaces/local/lib/python3.10/dist-packages/my_robot_interfaces/_my_robot_interfaces_s.ep.rosidl_typesupport_c.c
[1.064s] -- Up-to-date: /home/prajesh/my_ws/install/my_robot_interfaces/local/lib/python3.10/dist-packages/my_robot_interfaces/libmy_robot_interfaces__rosidl_generator_py.so
[1.064s] -- Up-to-date: /home/prajesh/my_ws/install/my_robot_interfaces/local/lib/python3.10/dist-packages/my_robot_interfaces/_my_robot_interfaces_s.ep.rosidl_typesupport_fastrtps_c.c
[1.064s] -- Up-to-date: /home/prajesh/my_ws/install/my_robot_interfaces/local/lib/python3.10/dist-packages/my_robot_interfaces/my_robot_interfaces_s__rosidl_typesupport_fastrtps_c.cpython-310-x86_64-linux-gnu.so
[1.064s] -- Up-to-date: /home/prajesh/my_ws/install/my_robot_interfaces/local/lib/python3.10/dist-packages/my_robot_interfaces/srv
[1.064s] -- Up-to-date: /home/prajesh/my_ws/install/my_robot_interfaces/local/lib/python3.10/dist-packages/my_robot_interfaces/srv/__init__.py
[1.064s] -- Up-to-date: /home/prajesh/my_ws/install/my_robot_interfaces/local/lib/python3.10/dist-packages/my_robot_interfaces/srv/_compute_rect_area_s.c
[1.065s] -- Up-to-date: /home/prajesh/my_ws/install/my_robot_interfaces/local/lib/python3.10/dist-packages/my_robot_interfaces/srv/_compute_rect_area.py
[1.095s] Listing '/home/prajesh/my_ws/install/my_robot_interfaces/local/lib/python3.10/dist-packages/my_robot_interfaces'...
[1.095s] Listing '/home/prajesh/my_ws/install/my_robot_interfaces/local/lib/python3.10/dist-packages/my_robot_interfaces/msg'...
[1.095s] Listing '/home/prajesh/my_ws/install/my_robot_interfaces/local/lib/python3.10/dist-packages/my_robot_interfaces/srv'...
[1.096s] -- Up-to-date: /home/prajesh/my_ws/install/my_robot_interfaces/local/lib/python3.10/dist-packages/my_robot_interfaces/my_robot_interfaces_s__rosidl_typesupport_fastrtps_c.cpython-310-x86_64-linux-gnu.so
[1.096s] -- Up-to-date: /home/prajesh/my_ws/install/my_robot_interfaces/local/lib/python3.10/dist-packages/my_robot_interfaces/my_robot_interfaces_s__rosidl_typesupport_introspection_c.cpython-310-x86_64-linux-gnu.so
[1.096s] -- Up-to-date: /home/prajesh/my_ws/install/my_robot_interfaces/local/lib/python3.10/dist-packages/my_robot_interfaces/my_robot_interfaces_s__rosidl_typesupport_c.cpython-310-x86_64-linux-gnu.so
[1.096s] -- Up-to-date: /home/prajesh/my_ws/install/my_robot_interfaces/lib/libmy_robot_interfaces__rosidl_generator_py.so
[1.096s] -- Up-to-date: /home/prajesh/my_ws/install/my_robot_interfaces/share/my_robot_interfaces/msg/HardwareStatus.idl
[1.096s] -- Up-to-date: /home/prajesh/my_ws/install/my_robot_interfaces/share/my_robot_interfaces/srv/ComputeRectArea.idl
[1.096s] -- Up-to-date: /home/prajesh/my_ws/install/my_robot_interfaces/share/my_robot_interfaces/msg/HardwareStatus.msg
[1.096s] -- Up-to-date: /home/prajesh/my_ws/install/my_robot_interfaces/share/my_robot_interfaces/srv/ComputeRectArea.srv
[1.096s] -- Up-to-date: /home/prajesh/my_ws/install/my_robot_interfaces/share/my_robot_interfaces/srv/ComputeRectArea_Request.msg
[1.096s] -- Up-to-date: /home/prajesh/my_ws/install/my_robot_interfaces/share/my_robot_interfaces/srv/ComputeRectArea_Response.msg
[1.096s] -- Up-to-date: /home/prajesh/my_ws/install/my_robot_interfaces/share/ament_index/resource_index/package_run_dependencies/my_robot_interfaces
[1.096s] -- Up-to-date: /home/prajesh/my_ws/install/my_robot_interfaces/share/ament_index/resource_index/parent_prefix_path/my_robot_interfaces
[1.096s] -- Up-to-date: /home/prajesh/my_ws/install/my_robot_interfaces/share/my_robot_interfaces/environment/ament_prefix_path.sh
[1.097s] -- Up-to-date: /home/prajesh/my_ws/install/my_robot_interfaces/share/my_robot_interfaces/environment/ament_prefix_path.dsv
[1.097s] -- Up-to-date: /home/prajesh/my_ws/install/my_robot_interfaces/share/my_robot_interfaces/environment/path.sh
[1.097s] -- Up-to-date: /home/prajesh/my_ws/install/my_robot_interfaces/share/my_robot_interfaces/environment/path.dsv
[1.097s] -- Up-to-date: /home/prajesh/my_ws/install/my_robot_interfaces/share/my_robot_interfaces/local_setup.bash
[1.097s] -- Up-to-date: /home/prajesh/my_ws/install/my_robot_interfaces/share/my_robot_interfaces/local_setup.sh
[1.097s] -- Up-to-date: /home/prajesh/my_ws/install/my_robot_interfaces/share/my_robot_interfaces/local_setup.zsh
[1.097s] -- Up-to-date: /home/prajesh/my_ws/install/my_robot_interfaces/share/my_robot_interfaces/local_setup.dsv
[1.097s] -- Installing: /home/prajesh/my_ws/install/my_robot_interfaces/share/my_robot_interfaces/package.dsv
[1.097s] -- Up-to-date: /home/prajesh/my_ws/install/my_robot_interfaces/share/ament_index/resource_index/packages/my_robot_interfaces
[1.097s] -- Up-to-date: /home/prajesh/my_ws/install/my_robot_interfaces/share/my_robot_interfaces/cmake/export_my_robot_interfaces__rosidl_generator_cExport.cmake
[1.097s] -- Up-to-date: /home/prajesh/my_ws/install/my_robot_interfaces/share/my_robot_interfaces/cmake/export_my_robot_interfaces__rosidl_generator_cExport-noconfig.cmake
[1.097s] -- Up-to-date: /home/prajesh/my_ws/install/my_robot_interfaces/share/my_robot_interfaces/cmake/export_my_robot_interfaces__rosidl_typesupport_fastrtps_cExport.cmake
[1.097s] -- Up-to-date: /home/prajesh/my_ws/install/my_robot_interfaces/share/my_robot_interfaces/cmake/export_my_robot_interfaces__rosidl_typesupport_fastrtps_cExport-noconfig.cmake
[1.097s] -- Up-to-date: /home/prajesh/my_ws/install/my_robot_interfaces/share/my_robot_interfaces/cmake/my_robot_interfaces__rosidl_typesupport_introspection_cExport.cmake
[1.097s] -- Up-to-date: /home/prajesh/my_ws/install/my_robot_interfaces/share/my_robot_interfaces/cmake/my_robot_interfaces__rosidl_typesupport_introspection_cExport-noconfig.cmake
[1.097s] -- Up-to-date: /home/prajesh/my_ws/install/my_robot_interfaces/share/my_robot_interfaces/cmake/my_robot_interfaces__rosidl_typesupport_cExport.cmake
[1.097s] -- Up-to-date: /home/prajesh/my_ws/install/my_robot_interfaces/share/my_robot_interfaces/cmake/my_robot_interfaces__rosidl_typesupport_cExport-noconfig.cmake
[1.097s] -- Up-to-date: /home/prajesh/my_ws/install/my_robot_interfaces/share/my_robot_interfaces/cmake/export_my_robot_interfaces__rosidl_generator_cppExport.cmake
[1.098s] -- Up-to-date: /home/prajesh/my_ws/install/my_robot_interfaces/share/my_robot_interfaces/cmake/export_my_robot_interfaces__rosidl_typesupport_fastrtps_cppExport.cmake
[1.098s] -- Up-to-date: /home/prajesh/my_ws/install/my_robot_interfaces/share/my_robot_interfaces/cmake/export_my_robot_interfaces__rosidl_typesupport_fastrtps_cppExport-noconfig.cmake
[1.098s] -- Up-to-date: /home/prajesh/my_ws/install/my_robot_interfaces/share/my_robot_interfaces/cmake/my_robot_interfaces__rosidl_typesupport_introspection_cppExport.cmake
[1.098s] -- Up-to-date: /home/prajesh/my_ws/install/my_robot_interfaces/share/my_robot_interfaces/cmake/my_robot_interfaces__rosidl_typesupport_introspection_cppExport-noconfig.cmake
[1.098s] -- Up-to-date: /home/prajesh/my_ws/install/my_robot_interfaces/share/my_robot_interfaces/cmake/my_robot_interfaces__rosidl_typesupport_cppExport.cmake
[1.098s] -- Up-to-date: /home/prajesh/my_ws/install/my_robot_interfaces/share/my_robot_interfaces/cmake/my_robot_interfaces__rosidl_typesupport_cppExport-noconfig.cmake
[1.098s] -- Up-to-date: /home/prajesh/my_ws/install/my_robot_interfaces/share/my_robot_interfaces/cmake/export_my_robot_interfaces__rosidl_generator_pyExport.cmake
[1.098s] -- Up-to-date: /home/prajesh/my_ws/install/my_robot_interfaces/share/my_robot_interfaces/cmake/export_my_robot_interfaces__rosidl_generator_pyExport-noconfig.cmake
[1.098s] -- Up-to-date: /home/prajesh/my_ws/install/my_robot_interfaces/share/my_robot_interfaces/cmake/rosidl_cmake-extras.cmake
[1.098s] -- Up-to-date: /home/prajesh/my_ws/install/my_robot_interfaces/share/my_robot_interfaces/cmake/ament_cmake_export_include_directories-extras.cmake
[1.098s] -- Up-to-date: /home/prajesh/my_ws/install/my_robot_interfaces/share/my_robot_interfaces/cmake/ament_cmake_export_libraries-extras.cmake
[1.098s] -- Up-to-date: /home/prajesh/my_ws/install/my_robot_interfaces/share/my_robot_interfaces/cmake/ament_cmake_export_targets-extras.cmake
[1.098s] -- Up-to-date: /home/prajesh/my_ws/install/my_robot_interfaces/share/my_robot_interfaces/cmake/rosidl_cmake_export_typesupport_targets-extras.cmake
[1.099s] -- Up-to-date: /home/prajesh/my_ws/install/my_robot_interfaces/share/my_robot_interfaces/cmake/ament_cmake_export_dependencies-extras.cmake
[1.099s] -- Up-to-date: /home/prajesh/my_ws/install/my_robot_interfaces/share/my_robot_interfaces/cmake/rosidl_cmake_export_typesupport_libraries-extras.cmake
[1.099s] -- Up-to-date: /home/prajesh/my_ws/install/my_robot_interfaces/share/my_robot_interfaces/cmake/my_robot_interfacesConfig.cmake
[1.099s] -- Up-to-date: /home/prajesh/my_ws/install/my_robot_interfaces/share/my_robot_interfaces/cmake/my_robot_interfacesConfig-version.cmake
[1.099s] -- Up-to-date: /home/prajesh/my_ws/install/my_robot_interfaces/share/my_robot_interfaces/package.xml
[1.110s] Invoked command in '/home/prajesh/my_ws/build/my_robot_interfaces' returned '0': CMAKE_PREFIX_PATH=${CMAKE_PREFIX_PATH}:/home/prajesh/my_ws/install/py_server_test:/home/prajesh/my_ws/install/my_py_pkg:/opt/ros/humble /usr/bin/cmake --install /home/prajesh/my_ws/build/my_robot_interfaces
