-- Found ament_cmake: 1.3.4 (/opt/ros/humble/share/ament_cmake/cmake)
-- Found rclcpp: 16.0.4 (/opt/ros/humble/share/rclcpp/cmake)
-- Found rosidl_generator_c: 3.1.4 (/opt/ros/humble/share/rosidl_generator_c/cmake)
-- Found rosidl_adapter: 3.1.4 (/opt/ros/humble/share/rosidl_adapter/cmake)
-- Found rosidl_generator_cpp: 3.1.4 (/opt/ros/humble/share/rosidl_generator_cpp/cmake)
-- Using all available rosidl_typesupport_c: rosidl_typesupport_fastrtps_c;rosidl_typesupport_introspection_c
-- Using all available rosidl_typesupport_cpp: rosidl_typesupport_fastrtps_cpp;rosidl_typesupport_introspection_cpp
-- Found rmw_implementation_cmake: 6.1.1 (/opt/ros/humble/share/rmw_implementation_cmake/cmake)
-- Found rmw_cyclonedds_cpp: 1.3.4 (/opt/ros/humble/share/rmw_cyclonedds_cpp/cmake)
-- Using RMW implementation 'rmw_cyclonedds_cpp' as default
-- Found example_interfaces: 0.9.3 (/opt/ros/humble/share/example_interfaces/cmake)
-- Found battery_interfaces: 0.0.0 (/home/prajesh/my_ws/install/battery_interfaces/share/battery_interfaces/cmake)
-- Configuring done
-- Generating done
-- Build files have been written to: /home/prajesh/my_ws/build/led_system
[ 50%] [32mBuilding CXX object CMakeFiles/led_client.dir/src/led_client.cpp.o[0m
[100%] [32m[1mLinking CXX executable led_client[0m
[100%] Built target led_client
-- Install configuration: ""
-- Installing: /home/prajesh/my_ws/install/led_system/share/ament_index/resource_index/package_run_dependencies/led_system
-- Installing: /home/prajesh/my_ws/install/led_system/share/ament_index/resource_index/parent_prefix_path/led_system
-- Up-to-date: /home/prajesh/my_ws/install/led_system/share/led_system/environment/ament_prefix_path.sh
-- Installing: /home/prajesh/my_ws/install/led_system/share/led_system/environment/ament_prefix_path.dsv
-- Up-to-date: /home/prajesh/my_ws/install/led_system/share/led_system/environment/path.sh
-- Installing: /home/prajesh/my_ws/install/led_system/share/led_system/environment/path.dsv
-- Up-to-date: /home/prajesh/my_ws/install/led_system/share/led_system/local_setup.bash
-- Up-to-date: /home/prajesh/my_ws/install/led_system/share/led_system/local_setup.sh
-- Up-to-date: /home/prajesh/my_ws/install/led_system/share/led_system/local_setup.zsh
-- Installing: /home/prajesh/my_ws/install/led_system/share/led_system/local_setup.dsv
-- Installing: /home/prajesh/my_ws/install/led_system/share/led_system/package.dsv
-- Up-to-date: /home/prajesh/my_ws/install/led_system/share/ament_index/resource_index/packages/led_system
-- Up-to-date: /home/prajesh/my_ws/install/led_system/share/led_system/cmake/led_systemConfig.cmake
-- Up-to-date: /home/prajesh/my_ws/install/led_system/share/led_system/cmake/led_systemConfig-version.cmake
-- Installing: /home/prajesh/my_ws/install/led_system/share/led_system/package.xml
