[0.011s] Invoking command in '/home/prajesh/my_ws/build/led_system': AMENT_PREFIX_PATH=/home/prajesh/my_ws/install/battery_interfaces:${AMENT_PREFIX_PATH} CMAKE_PREFIX_PATH=/home/prajesh/my_ws/install/battery_interfaces:/home/prajesh/my_ws/install/my_robot_interfaces:/home/prajesh/my_ws/install/my_cpp_pkg:/home/prajesh/my_ws/install/cpp_test_pkg:/home/prajesh/my_ws/install/cpp_service_test:/home/prajesh/my_ws/install/cpp_practice:/home/prajesh/tbot_ws/install/turtlebot3_simulations:/home/prajesh/tbot_ws/install/turtlebot3_gazebo:/home/prajesh/tbot_ws/install/turtlebot3_fake_node:/home/prajesh/my_ws/install/py_server_test:/home/prajesh/my_ws/install/my_py_pkg:/opt/ros/humble LD_LIBRARY_PATH=/home/prajesh/my_ws/install/battery_interfaces/lib:${LD_LIBRARY_PATH} PYTHONPATH=/home/prajesh/my_ws/install/battery_interfaces/local/lib/python3.10/dist-packages:${PYTHONPATH} /usr/bin/cmake --build /home/prajesh/my_ws/build/led_system -- -j4 -l4
[0.030s] -- Found ament_cmake: 1.3.4 (/opt/ros/humble/share/ament_cmake/cmake)
[0.143s] -- Found rclcpp: 16.0.4 (/opt/ros/humble/share/rclcpp/cmake)
[0.166s] -- Found rosidl_generator_c: 3.1.4 (/opt/ros/humble/share/rosidl_generator_c/cmake)
[0.168s] -- Found rosidl_adapter: 3.1.4 (/opt/ros/humble/share/rosidl_adapter/cmake)
[0.173s] -- Found rosidl_generator_cpp: 3.1.4 (/opt/ros/humble/share/rosidl_generator_cpp/cmake)
[0.183s] -- Using all available rosidl_typesupport_c: rosidl_typesupport_fastrtps_c;rosidl_typesupport_introspection_c
[0.195s] -- Using all available rosidl_typesupport_cpp: rosidl_typesupport_fastrtps_cpp;rosidl_typesupport_introspection_cpp
[0.242s] -- Found rmw_implementation_cmake: 6.1.1 (/opt/ros/humble/share/rmw_implementation_cmake/cmake)
[0.244s] -- Found rmw_cyclonedds_cpp: 1.3.4 (/opt/ros/humble/share/rmw_cyclonedds_cpp/cmake)
[0.269s] -- Using RMW implementation 'rmw_cyclonedds_cpp' as default
[0.410s] -- Found example_interfaces: 0.9.3 (/opt/ros/humble/share/example_interfaces/cmake)
[0.527s] -- Found battery_interfaces: 0.0.0 (/home/prajesh/my_ws/install/battery_interfaces/share/battery_interfaces/cmake)
[0.590s] -- Configuring done
[0.598s] -- Generating done
[0.609s] -- Build files have been written to: /home/prajesh/my_ws/build/led_system
[0.637s] [ 50%] [32mBuilding CXX object CMakeFiles/led_client.dir/src/led_client.cpp.o[0m
[3.955s] [100%] [32m[1mLinking CXX executable led_client[0m
[4.064s] [100%] Built target led_client
[4.072s] Invoked command in '/home/prajesh/my_ws/build/led_system' returned '0': AMENT_PREFIX_PATH=/home/prajesh/my_ws/install/battery_interfaces:${AMENT_PREFIX_PATH} CMAKE_PREFIX_PATH=/home/prajesh/my_ws/install/battery_interfaces:/home/prajesh/my_ws/install/my_robot_interfaces:/home/prajesh/my_ws/install/my_cpp_pkg:/home/prajesh/my_ws/install/cpp_test_pkg:/home/prajesh/my_ws/install/cpp_service_test:/home/prajesh/my_ws/install/cpp_practice:/home/prajesh/tbot_ws/install/turtlebot3_simulations:/home/prajesh/tbot_ws/install/turtlebot3_gazebo:/home/prajesh/tbot_ws/install/turtlebot3_fake_node:/home/prajesh/my_ws/install/py_server_test:/home/prajesh/my_ws/install/my_py_pkg:/opt/ros/humble LD_LIBRARY_PATH=/home/prajesh/my_ws/install/battery_interfaces/lib:${LD_LIBRARY_PATH} PYTHONPATH=/home/prajesh/my_ws/install/battery_interfaces/local/lib/python3.10/dist-packages:${PYTHONPATH} /usr/bin/cmake --build /home/prajesh/my_ws/build/led_system -- -j4 -l4
[4.090s] Invoking command in '/home/prajesh/my_ws/build/led_system': AMENT_PREFIX_PATH=/home/prajesh/my_ws/install/battery_interfaces:${AMENT_PREFIX_PATH} CMAKE_PREFIX_PATH=/home/prajesh/my_ws/install/battery_interfaces:/home/prajesh/my_ws/install/my_robot_interfaces:/home/prajesh/my_ws/install/my_cpp_pkg:/home/prajesh/my_ws/install/cpp_test_pkg:/home/prajesh/my_ws/install/cpp_service_test:/home/prajesh/my_ws/install/cpp_practice:/home/prajesh/tbot_ws/install/turtlebot3_simulations:/home/prajesh/tbot_ws/install/turtlebot3_gazebo:/home/prajesh/tbot_ws/install/turtlebot3_fake_node:/home/prajesh/my_ws/install/py_server_test:/home/prajesh/my_ws/install/my_py_pkg:/opt/ros/humble LD_LIBRARY_PATH=/home/prajesh/my_ws/install/battery_interfaces/lib:${LD_LIBRARY_PATH} PYTHONPATH=/home/prajesh/my_ws/install/battery_interfaces/local/lib/python3.10/dist-packages:${PYTHONPATH} /usr/bin/cmake --install /home/prajesh/my_ws/build/led_system
[4.096s] -- Install configuration: ""
[4.096s] -- Installing: /home/prajesh/my_ws/install/led_system/share/ament_index/resource_index/package_run_dependencies/led_system
[4.096s] -- Installing: /home/prajesh/my_ws/install/led_system/share/ament_index/resource_index/parent_prefix_path/led_system
[4.097s] -- Up-to-date: /home/prajesh/my_ws/install/led_system/share/led_system/environment/ament_prefix_path.sh
[4.097s] -- Installing: /home/prajesh/my_ws/install/led_system/share/led_system/environment/ament_prefix_path.dsv
[4.097s] -- Up-to-date: /home/prajesh/my_ws/install/led_system/share/led_system/environment/path.sh
[4.097s] -- Installing: /home/prajesh/my_ws/install/led_system/share/led_system/environment/path.dsv
[4.097s] -- Up-to-date: /home/prajesh/my_ws/install/led_system/share/led_system/local_setup.bash
[4.097s] -- Up-to-date: /home/prajesh/my_ws/install/led_system/share/led_system/local_setup.sh
[4.097s] -- Up-to-date: /home/prajesh/my_ws/install/led_system/share/led_system/local_setup.zsh
[4.098s] -- Installing: /home/prajesh/my_ws/install/led_system/share/led_system/local_setup.dsv
[4.098s] -- Installing: /home/prajesh/my_ws/install/led_system/share/led_system/package.dsv
[4.098s] -- Up-to-date: /home/prajesh/my_ws/install/led_system/share/ament_index/resource_index/packages/led_system
[4.098s] -- Up-to-date: /home/prajesh/my_ws/install/led_system/share/led_system/cmake/led_systemConfig.cmake
[4.098s] -- Up-to-date: /home/prajesh/my_ws/install/led_system/share/led_system/cmake/led_systemConfig-version.cmake
[4.098s] -- Installing: /home/prajesh/my_ws/install/led_system/share/led_system/package.xml
[4.102s] Invoked command in '/home/prajesh/my_ws/build/led_system' returned '0': AMENT_PREFIX_PATH=/home/prajesh/my_ws/install/battery_interfaces:${AMENT_PREFIX_PATH} CMAKE_PREFIX_PATH=/home/prajesh/my_ws/install/battery_interfaces:/home/prajesh/my_ws/install/my_robot_interfaces:/home/prajesh/my_ws/install/my_cpp_pkg:/home/prajesh/my_ws/install/cpp_test_pkg:/home/prajesh/my_ws/install/cpp_service_test:/home/prajesh/my_ws/install/cpp_practice:/home/prajesh/tbot_ws/install/turtlebot3_simulations:/home/prajesh/tbot_ws/install/turtlebot3_gazebo:/home/prajesh/tbot_ws/install/turtlebot3_fake_node:/home/prajesh/my_ws/install/py_server_test:/home/prajesh/my_ws/install/my_py_pkg:/opt/ros/humble LD_LIBRARY_PATH=/home/prajesh/my_ws/install/battery_interfaces/lib:${LD_LIBRARY_PATH} PYTHONPATH=/home/prajesh/my_ws/install/battery_interfaces/local/lib/python3.10/dist-packages:${PYTHONPATH} /usr/bin/cmake --install /home/prajesh/my_ws/build/led_system
