[0.047s] Invoking command in '/home/prajesh/my_ws/build/led_system': CMAKE_PREFIX_PATH=${CMAKE_PREFIX_PATH}:/home/prajesh/my_ws/install/py_server_test:/home/prajesh/my_ws/install/my_py_pkg:/opt/ros/humble /usr/bin/cmake /home/prajesh/my_ws/src/led_system -DCMAKE_INSTALL_PREFIX=/home/prajesh/my_ws/install/led_system
[0.156s] -- The C compiler identification is GNU 11.3.0
[0.266s] -- The CXX compiler identification is GNU 11.3.0
[0.273s] -- Detecting C compiler ABI info
[0.332s] -- Detecting C compiler ABI info - done
[0.338s] -- Check for working C compiler: /usr/bin/cc - skipped
[0.339s] -- Detecting C compile features
[0.339s] -- Detecting C compile features - done
[0.342s] -- Detecting CXX compiler ABI info
[0.412s] -- Detecting CXX compiler ABI info - done
[0.418s] -- Check for working CXX compiler: /usr/bin/c++ - skipped
[0.418s] -- Detecting CXX compile features
[0.419s] -- Detecting CXX compile features - done
[0.423s] -- Found ament_cmake: 1.3.4 (/opt/ros/humble/share/ament_cmake/cmake)
[0.608s] -- Found Python3: /usr/bin/python3.10 (found version "3.10.6") found components: Interpreter 
[0.711s] -- Found rclcpp: 16.0.4 (/opt/ros/humble/share/rclcpp/cmake)
[0.761s] -- Found rosidl_generator_c: 3.1.4 (/opt/ros/humble/share/rosidl_generator_c/cmake)
[0.768s] -- Found rosidl_adapter: 3.1.4 (/opt/ros/humble/share/rosidl_adapter/cmake)
[0.778s] -- Found rosidl_generator_cpp: 3.1.4 (/opt/ros/humble/share/rosidl_generator_cpp/cmake)
[0.795s] -- Using all available rosidl_typesupport_c: rosidl_typesupport_fastrtps_c;rosidl_typesupport_introspection_c
[0.816s] -- Using all available rosidl_typesupport_cpp: rosidl_typesupport_fastrtps_cpp;rosidl_typesupport_introspection_cpp
[0.894s] -- Found rmw_implementation_cmake: 6.1.1 (/opt/ros/humble/share/rmw_implementation_cmake/cmake)
[0.900s] -- Found rmw_cyclonedds_cpp: 1.3.4 (/opt/ros/humble/share/rmw_cyclonedds_cpp/cmake)
[0.953s] -- Using RMW implementation 'rmw_cyclonedds_cpp' as default
[0.965s] -- Looking for pthread.h
[1.068s] -- Looking for pthread.h - found
[1.068s] -- Performing Test CMAKE_HAVE_LIBC_PTHREAD
[1.165s] -- Performing Test CMAKE_HAVE_LIBC_PTHREAD - Success
[1.165s] -- Found Threads: TRUE  
[1.345s] -- Found example_interfaces: 0.9.3 (/opt/ros/humble/share/example_interfaces/cmake)
[1.516s] -- Found ament_lint_auto: 0.12.6 (/opt/ros/humble/share/ament_lint_auto/cmake)
[1.614s] -- Added test 'lint_cmake' to check CMake code style
[1.615s] -- Added test 'xmllint' to check XML markup files
[1.616s] -- Configuring done
[1.620s] -- Generating done
[1.621s] -- Build files have been written to: /home/prajesh/my_ws/build/led_system
[1.629s] Invoked command in '/home/prajesh/my_ws/build/led_system' returned '0': CMAKE_PREFIX_PATH=${CMAKE_PREFIX_PATH}:/home/prajesh/my_ws/install/py_server_test:/home/prajesh/my_ws/install/my_py_pkg:/opt/ros/humble /usr/bin/cmake /home/prajesh/my_ws/src/led_system -DCMAKE_INSTALL_PREFIX=/home/prajesh/my_ws/install/led_system
[1.630s] Invoking command in '/home/prajesh/my_ws/build/led_system': CMAKE_PREFIX_PATH=${CMAKE_PREFIX_PATH}:/home/prajesh/my_ws/install/py_server_test:/home/prajesh/my_ws/install/my_py_pkg:/opt/ros/humble /usr/bin/cmake --build /home/prajesh/my_ws/build/led_system -- -j4 -l4
[1.661s] Invoked command in '/home/prajesh/my_ws/build/led_system' returned '0': CMAKE_PREFIX_PATH=${CMAKE_PREFIX_PATH}:/home/prajesh/my_ws/install/py_server_test:/home/prajesh/my_ws/install/my_py_pkg:/opt/ros/humble /usr/bin/cmake --build /home/prajesh/my_ws/build/led_system -- -j4 -l4
[1.678s] Invoking command in '/home/prajesh/my_ws/build/led_system': CMAKE_PREFIX_PATH=${CMAKE_PREFIX_PATH}:/home/prajesh/my_ws/install/py_server_test:/home/prajesh/my_ws/install/my_py_pkg:/opt/ros/humble /usr/bin/cmake --install /home/prajesh/my_ws/build/led_system
[1.684s] -- Install configuration: ""
[1.684s] -- Installing: /home/prajesh/my_ws/install/led_system/share/ament_index/resource_index/package_run_dependencies/led_system
[1.685s] -- Installing: /home/prajesh/my_ws/install/led_system/share/ament_index/resource_index/parent_prefix_path/led_system
[1.685s] -- Installing: /home/prajesh/my_ws/install/led_system/share/led_system/environment/ament_prefix_path.sh
[1.685s] -- Installing: /home/prajesh/my_ws/install/led_system/share/led_system/environment/ament_prefix_path.dsv
[1.685s] -- Installing: /home/prajesh/my_ws/install/led_system/share/led_system/environment/path.sh
[1.685s] -- Installing: /home/prajesh/my_ws/install/led_system/share/led_system/environment/path.dsv
[1.685s] -- Installing: /home/prajesh/my_ws/install/led_system/share/led_system/local_setup.bash
[1.685s] -- Installing: /home/prajesh/my_ws/install/led_system/share/led_system/local_setup.sh
[1.686s] -- Installing: /home/prajesh/my_ws/install/led_system/share/led_system/local_setup.zsh
[1.686s] -- Installing: /home/prajesh/my_ws/install/led_system/share/led_system/local_setup.dsv
[1.686s] -- Installing: /home/prajesh/my_ws/install/led_system/share/led_system/package.dsv
[1.686s] -- Installing: /home/prajesh/my_ws/install/led_system/share/ament_index/resource_index/packages/led_system
[1.686s] -- Installing: /home/prajesh/my_ws/install/led_system/share/led_system/cmake/led_systemConfig.cmake
[1.686s] -- Installing: /home/prajesh/my_ws/install/led_system/share/led_system/cmake/led_systemConfig-version.cmake
[1.687s] -- Installing: /home/prajesh/my_ws/install/led_system/share/led_system/package.xml
[1.698s] Invoked command in '/home/prajesh/my_ws/build/led_system' returned '0': CMAKE_PREFIX_PATH=${CMAKE_PREFIX_PATH}:/home/prajesh/my_ws/install/py_server_test:/home/prajesh/my_ws/install/my_py_pkg:/opt/ros/humble /usr/bin/cmake --install /home/prajesh/my_ws/build/led_system
