[0.045s] Invoking command in '/home/prajesh/my_ws/build/my_robot_interfaces': CMAKE_PREFIX_PATH=${CMAKE_PREFIX_PATH}:/home/prajesh/my_ws/install/py_server_test:/home/prajesh/my_ws/install/py_final_project:/home/prajesh/my_ws/install/my_py_pkg:/opt/ros/humble /usr/bin/cmake --build /home/prajesh/my_ws/build/my_robot_interfaces -- -j4 -l4
[0.102s] [35m[1mConsolidate compiler generated dependencies of target my_robot_interfaces__rosidl_generator_c[0m
[0.137s] [  1%] Built target my_robot_interfaces__cpp
[0.144s] [ 12%] Built target my_robot_interfaces__rosidl_generator_c
[0.165s] [35m[1mConsolidate compiler generated dependencies of target my_robot_interfaces__rosidl_typesupport_fastrtps_cpp[0m
[0.173s] [35m[1mConsolidate compiler generated dependencies of target my_robot_interfaces__rosidl_typesupport_cpp[0m
[0.184s] [ 12%] Built target ament_cmake_python_copy_my_robot_interfaces
[0.201s] [ 23%] Built target my_robot_interfaces__rosidl_typesupport_fastrtps_cpp
[0.214s] [35m[1mConsolidate compiler generated dependencies of target my_robot_interfaces__rosidl_typesupport_introspection_cpp[0m
[0.214s] [ 34%] Built target my_robot_interfaces__rosidl_typesupport_cpp
[0.223s] [35m[1mConsolidate compiler generated dependencies of target my_robot_interfaces__rosidl_typesupport_fastrtps_c[0m
[0.226s] [35m[1mConsolidate compiler generated dependencies of target my_robot_interfaces__rosidl_typesupport_introspection_c[0m
[0.250s] [35m[1mConsolidate compiler generated dependencies of target my_robot_interfaces__rosidl_typesupport_c[0m
[0.274s] [ 46%] Built target my_robot_interfaces__rosidl_typesupport_introspection_c
[0.303s] [ 57%] Built target my_robot_interfaces__rosidl_typesupport_fastrtps_c
[0.304s] [ 68%] Built target my_robot_interfaces__rosidl_typesupport_introspection_cpp
[0.315s] [ 79%] Built target my_robot_interfaces__rosidl_typesupport_c
[0.415s] [ 79%] Built target my_robot_interfaces
[0.518s] [ 80%] Built target my_robot_interfaces__py
[0.550s] [35m[1mConsolidate compiler generated dependencies of target my_robot_interfaces__rosidl_generator_py[0m
[0.652s] [ 90%] Built target my_robot_interfaces__rosidl_generator_py
[0.716s] [35m[1mConsolidate compiler generated dependencies of target my_robot_interfaces__rosidl_typesupport_c__pyext[0m
[0.735s] [35m[1mConsolidate compiler generated dependencies of target my_robot_interfaces__rosidl_typesupport_introspection_c__pyext[0m
[0.735s] [35m[1mConsolidate compiler generated dependencies of target my_robot_interfaces__rosidl_typesupport_fastrtps_c__pyext[0m
[0.771s] running egg_info
[0.771s] writing my_robot_interfaces.egg-info/PKG-INFO
[0.771s] writing dependency_links to my_robot_interfaces.egg-info/dependency_links.txt
[0.771s] writing top-level names to my_robot_interfaces.egg-info/top_level.txt
[0.780s] reading manifest file 'my_robot_interfaces.egg-info/SOURCES.txt'
[0.781s] writing manifest file 'my_robot_interfaces.egg-info/SOURCES.txt'
[0.781s] [ 93%] Built target my_robot_interfaces__rosidl_typesupport_c__pyext
[0.813s] [ 96%] Built target my_robot_interfaces__rosidl_typesupport_fastrtps_c__pyext
[0.813s] [100%] Built target my_robot_interfaces__rosidl_typesupport_introspection_c__pyext
[0.826s] [100%] Built target ament_cmake_python_build_my_robot_interfaces_egg
[0.851s] Invoked command in '/home/prajesh/my_ws/build/my_robot_interfaces' returned '0': CMAKE_PREFIX_PATH=${CMAKE_PREFIX_PATH}:/home/prajesh/my_ws/install/py_server_test:/home/prajesh/my_ws/install/py_final_project:/home/prajesh/my_ws/install/my_py_pkg:/opt/ros/humble /usr/bin/cmake --build /home/prajesh/my_ws/build/my_robot_interfaces -- -j4 -l4
[1.414s] Invoking command in '/home/prajesh/my_ws/build/my_robot_interfaces': CMAKE_PREFIX_PATH=${CMAKE_PREFIX_PATH}:/home/prajesh/my_ws/install/py_server_test:/home/prajesh/my_ws/install/py_final_project:/home/prajesh/my_ws/install/my_py_pkg:/opt/ros/humble /usr/bin/cmake --install /home/prajesh/my_ws/build/my_robot_interfaces
[1.428s] -- Install configuration: ""
[1.428s] -- Up-to-date: /home/prajesh/my_ws/install/my_robot_interfaces/share/ament_index/resource_index/rosidl_interfaces/my_robot_interfaces
[1.429s] -- Up-to-date: /home/prajesh/my_ws/install/my_robot_interfaces/include/my_robot_interfaces/my_robot_interfaces
[1.429s] -- Up-to-date: /home/prajesh/my_ws/install/my_robot_interfaces/include/my_robot_interfaces/my_robot_interfaces/msg
[1.438s] -- Up-to-date: /home/prajesh/my_ws/install/my_robot_interfaces/include/my_robot_interfaces/my_robot_interfaces/msg/turtle_array.h
[1.439s] -- Up-to-date: /home/prajesh/my_ws/install/my_robot_interfaces/include/my_robot_interfaces/my_robot_interfaces/msg/hardware_status.h
[1.439s] -- Up-to-date: /home/prajesh/my_ws/install/my_robot_interfaces/include/my_robot_interfaces/my_robot_interfaces/msg/detail
[1.439s] -- Up-to-date: /home/prajesh/my_ws/install/my_robot_interfaces/include/my_robot_interfaces/my_robot_interfaces/msg/detail/turtle_array__struct.h
[1.439s] -- Up-to-date: /home/prajesh/my_ws/install/my_robot_interfaces/include/my_robot_interfaces/my_robot_interfaces/msg/detail/hardware_status__functions.h
[1.439s] -- Up-to-date: /home/prajesh/my_ws/install/my_robot_interfaces/include/my_robot_interfaces/my_robot_interfaces/msg/detail/hardware_status__type_support.h
[1.439s] -- Up-to-date: /home/prajesh/my_ws/install/my_robot_interfaces/include/my_robot_interfaces/my_robot_interfaces/msg/detail/hardware_status__functions.c
[1.439s] -- Up-to-date: /home/prajesh/my_ws/install/my_robot_interfaces/include/my_robot_interfaces/my_robot_interfaces/msg/detail/hardware_status__struct.h
[1.439s] -- Up-to-date: /home/prajesh/my_ws/install/my_robot_interfaces/include/my_robot_interfaces/my_robot_interfaces/msg/detail/turtle_array__type_support.h
[1.439s] -- Up-to-date: /home/prajesh/my_ws/install/my_robot_interfaces/include/my_robot_interfaces/my_robot_interfaces/msg/detail/turtle__functions.h
[1.439s] -- Up-to-date: /home/prajesh/my_ws/install/my_robot_interfaces/include/my_robot_interfaces/my_robot_interfaces/msg/detail/turtle__functions.c
[1.439s] -- Up-to-date: /home/prajesh/my_ws/install/my_robot_interfaces/include/my_robot_interfaces/my_robot_interfaces/msg/detail/turtle__struct.h
[1.440s] -- Up-to-date: /home/prajesh/my_ws/install/my_robot_interfaces/include/my_robot_interfaces/my_robot_interfaces/msg/detail/turtle_array__functions.h
[1.440s] -- Up-to-date: /home/prajesh/my_ws/install/my_robot_interfaces/include/my_robot_interfaces/my_robot_interfaces/msg/detail/turtle__type_support.h
[1.440s] -- Up-to-date: /home/prajesh/my_ws/install/my_robot_interfaces/include/my_robot_interfaces/my_robot_interfaces/msg/detail/turtle_array__functions.c
[1.440s] -- Up-to-date: /home/prajesh/my_ws/install/my_robot_interfaces/include/my_robot_interfaces/my_robot_interfaces/msg/turtle.h
[1.440s] -- Up-to-date: /home/prajesh/my_ws/install/my_robot_interfaces/include/my_robot_interfaces/my_robot_interfaces/msg/rosidl_generator_c__visibility_control.h
[1.440s] -- Up-to-date: /home/prajesh/my_ws/install/my_robot_interfaces/include/my_robot_interfaces/my_robot_interfaces/srv
[1.440s] -- Up-to-date: /home/prajesh/my_ws/install/my_robot_interfaces/include/my_robot_interfaces/my_robot_interfaces/srv/detail
[1.440s] -- Up-to-date: /home/prajesh/my_ws/install/my_robot_interfaces/include/my_robot_interfaces/my_robot_interfaces/srv/detail/catch_turtle__functions.h
[1.440s] -- Up-to-date: /home/prajesh/my_ws/install/my_robot_interfaces/include/my_robot_interfaces/my_robot_interfaces/srv/detail/compute_rect_area__functions.h
[1.440s] -- Up-to-date: /home/prajesh/my_ws/install/my_robot_interfaces/include/my_robot_interfaces/my_robot_interfaces/srv/detail/catch_turtle__functions.c
[1.440s] -- Up-to-date: /home/prajesh/my_ws/install/my_robot_interfaces/include/my_robot_interfaces/my_robot_interfaces/srv/detail/compute_rect_area__struct.h
[1.440s] -- Up-to-date: /home/prajesh/my_ws/install/my_robot_interfaces/include/my_robot_interfaces/my_robot_interfaces/srv/detail/catch_turtle__struct.h
[1.440s] -- Up-to-date: /home/prajesh/my_ws/install/my_robot_interfaces/include/my_robot_interfaces/my_robot_interfaces/srv/detail/catch_turtle__type_support.h
[1.441s] -- Up-to-date: /home/prajesh/my_ws/install/my_robot_interfaces/include/my_robot_interfaces/my_robot_interfaces/srv/detail/compute_rect_area__type_support.h
[1.441s] -- Up-to-date: /home/prajesh/my_ws/install/my_robot_interfaces/include/my_robot_interfaces/my_robot_interfaces/srv/detail/compute_rect_area__functions.c
[1.441s] -- Up-to-date: /home/prajesh/my_ws/install/my_robot_interfaces/include/my_robot_interfaces/my_robot_interfaces/srv/catch_turtle.h
[1.441s] -- Up-to-date: /home/prajesh/my_ws/install/my_robot_interfaces/include/my_robot_interfaces/my_robot_interfaces/srv/compute_rect_area.h
[1.441s] -- Up-to-date: /home/prajesh/my_ws/install/my_robot_interfaces/share/my_robot_interfaces/environment/library_path.sh
[1.441s] -- Up-to-date: /home/prajesh/my_ws/install/my_robot_interfaces/share/my_robot_interfaces/environment/library_path.dsv
[1.441s] -- Up-to-date: /home/prajesh/my_ws/install/my_robot_interfaces/lib/libmy_robot_interfaces__rosidl_generator_c.so
[1.441s] -- Up-to-date: /home/prajesh/my_ws/install/my_robot_interfaces/include/my_robot_interfaces/my_robot_interfaces
[1.441s] -- Up-to-date: /home/prajesh/my_ws/install/my_robot_interfaces/include/my_robot_interfaces/my_robot_interfaces/msg
[1.454s] -- Up-to-date: /home/prajesh/my_ws/install/my_robot_interfaces/include/my_robot_interfaces/my_robot_interfaces/msg/detail
[1.454s] -- Up-to-date: /home/prajesh/my_ws/install/my_robot_interfaces/include/my_robot_interfaces/my_robot_interfaces/msg/detail/turtle__rosidl_typesupport_fastrtps_c.h
[1.454s] -- Up-to-date: /home/prajesh/my_ws/install/my_robot_interfaces/include/my_robot_interfaces/my_robot_interfaces/msg/detail/turtle_array__rosidl_typesupport_fastrtps_c.h
[1.454s] -- Up-to-date: /home/prajesh/my_ws/install/my_robot_interfaces/include/my_robot_interfaces/my_robot_interfaces/msg/detail/hardware_status__rosidl_typesupport_fastrtps_c.h
[1.454s] -- Up-to-date: /home/prajesh/my_ws/install/my_robot_interfaces/include/my_robot_interfaces/my_robot_interfaces/msg/rosidl_typesupport_fastrtps_c__visibility_control.h
[1.454s] -- Up-to-date: /home/prajesh/my_ws/install/my_robot_interfaces/include/my_robot_interfaces/my_robot_interfaces/srv
[1.454s] -- Up-to-date: /home/prajesh/my_ws/install/my_robot_interfaces/include/my_robot_interfaces/my_robot_interfaces/srv/detail
[1.459s] -- Up-to-date: /home/prajesh/my_ws/install/my_robot_interfaces/include/my_robot_interfaces/my_robot_interfaces/srv/detail/compute_rect_area__rosidl_typesupport_fastrtps_c.h
[1.459s] -- Up-to-date: /home/prajesh/my_ws/install/my_robot_interfaces/include/my_robot_interfaces/my_robot_interfaces/srv/detail/catch_turtle__rosidl_typesupport_fastrtps_c.h
[1.459s] -- Up-to-date: /home/prajesh/my_ws/install/my_robot_interfaces/lib/libmy_robot_interfaces__rosidl_typesupport_fastrtps_c.so
[1.459s] -- Up-to-date: /home/prajesh/my_ws/install/my_robot_interfaces/include/my_robot_interfaces/my_robot_interfaces
[1.459s] -- Up-to-date: /home/prajesh/my_ws/install/my_robot_interfaces/include/my_robot_interfaces/my_robot_interfaces/msg
[1.459s] -- Up-to-date: /home/prajesh/my_ws/install/my_robot_interfaces/include/my_robot_interfaces/my_robot_interfaces/msg/rosidl_typesupport_introspection_c__visibility_control.h
[1.459s] -- Up-to-date: /home/prajesh/my_ws/install/my_robot_interfaces/include/my_robot_interfaces/my_robot_interfaces/msg/detail
[1.459s] -- Up-to-date: /home/prajesh/my_ws/install/my_robot_interfaces/include/my_robot_interfaces/my_robot_interfaces/msg/detail/turtle_array__rosidl_typesupport_introspection_c.h
[1.459s] -- Up-to-date: /home/prajesh/my_ws/install/my_robot_interfaces/include/my_robot_interfaces/my_robot_interfaces/msg/detail/turtle__rosidl_typesupport_introspection_c.h
[1.459s] -- Up-to-date: /home/prajesh/my_ws/install/my_robot_interfaces/include/my_robot_interfaces/my_robot_interfaces/msg/detail/hardware_status__type_support.c
[1.459s] -- Up-to-date: /home/prajesh/my_ws/install/my_robot_interfaces/include/my_robot_interfaces/my_robot_interfaces/msg/detail/turtle_array__type_support.c
[1.459s] -- Up-to-date: /home/prajesh/my_ws/install/my_robot_interfaces/include/my_robot_interfaces/my_robot_interfaces/msg/detail/turtle__type_support.c
[1.460s] -- Up-to-date: /home/prajesh/my_ws/install/my_robot_interfaces/include/my_robot_interfaces/my_robot_interfaces/msg/detail/hardware_status__rosidl_typesupport_introspection_c.h
[1.460s] -- Up-to-date: /home/prajesh/my_ws/install/my_robot_interfaces/include/my_robot_interfaces/my_robot_interfaces/srv
[1.460s] -- Up-to-date: /home/prajesh/my_ws/install/my_robot_interfaces/include/my_robot_interfaces/my_robot_interfaces/srv/detail
[1.460s] -- Up-to-date: /home/prajesh/my_ws/install/my_robot_interfaces/include/my_robot_interfaces/my_robot_interfaces/srv/detail/compute_rect_area__rosidl_typesupport_introspection_c.h
[1.460s] -- Up-to-date: /home/prajesh/my_ws/install/my_robot_interfaces/include/my_robot_interfaces/my_robot_interfaces/srv/detail/compute_rect_area__type_support.c
[1.460s] -- Up-to-date: /home/prajesh/my_ws/install/my_robot_interfaces/include/my_robot_interfaces/my_robot_interfaces/srv/detail/catch_turtle__rosidl_typesupport_introspection_c.h
[1.460s] -- Up-to-date: /home/prajesh/my_ws/install/my_robot_interfaces/include/my_robot_interfaces/my_robot_interfaces/srv/detail/catch_turtle__type_support.c
[1.460s] -- Up-to-date: /home/prajesh/my_ws/install/my_robot_interfaces/lib/libmy_robot_interfaces__rosidl_typesupport_introspection_c.so
[1.460s] -- Up-to-date: /home/prajesh/my_ws/install/my_robot_interfaces/lib/libmy_robot_interfaces__rosidl_typesupport_c.so
[1.460s] -- Up-to-date: /home/prajesh/my_ws/install/my_robot_interfaces/include/my_robot_interfaces/my_robot_interfaces
[1.460s] -- Up-to-date: /home/prajesh/my_ws/install/my_robot_interfaces/include/my_robot_interfaces/my_robot_interfaces/msg
[1.460s] -- Up-to-date: /home/prajesh/my_ws/install/my_robot_interfaces/include/my_robot_interfaces/my_robot_interfaces/msg/turtle_array.hpp
[1.460s] -- Up-to-date: /home/prajesh/my_ws/install/my_robot_interfaces/include/my_robot_interfaces/my_robot_interfaces/msg/hardware_status.hpp
[1.460s] -- Up-to-date: /home/prajesh/my_ws/install/my_robot_interfaces/include/my_robot_interfaces/my_robot_interfaces/msg/turtle.hpp
[1.460s] -- Up-to-date: /home/prajesh/my_ws/install/my_robot_interfaces/include/my_robot_interfaces/my_robot_interfaces/msg/detail
[1.460s] -- Up-to-date: /home/prajesh/my_ws/install/my_robot_interfaces/include/my_robot_interfaces/my_robot_interfaces/msg/detail/turtle_array__builder.hpp
[1.460s] -- Up-to-date: /home/prajesh/my_ws/install/my_robot_interfaces/include/my_robot_interfaces/my_robot_interfaces/msg/detail/hardware_status__traits.hpp
[1.460s] -- Up-to-date: /home/prajesh/my_ws/install/my_robot_interfaces/include/my_robot_interfaces/my_robot_interfaces/msg/detail/turtle__builder.hpp
[1.460s] -- Up-to-date: /home/prajesh/my_ws/install/my_robot_interfaces/include/my_robot_interfaces/my_robot_interfaces/msg/detail/hardware_status__struct.hpp
[1.460s] -- Up-to-date: /home/prajesh/my_ws/install/my_robot_interfaces/include/my_robot_interfaces/my_robot_interfaces/msg/detail/turtle_array__struct.hpp
[1.461s] -- Up-to-date: /home/prajesh/my_ws/install/my_robot_interfaces/include/my_robot_interfaces/my_robot_interfaces/msg/detail/turtle__traits.hpp
[1.461s] -- Up-to-date: /home/prajesh/my_ws/install/my_robot_interfaces/include/my_robot_interfaces/my_robot_interfaces/msg/detail/turtle_array__traits.hpp
[1.461s] -- Up-to-date: /home/prajesh/my_ws/install/my_robot_interfaces/include/my_robot_interfaces/my_robot_interfaces/msg/detail/hardware_status__builder.hpp
[1.461s] -- Up-to-date: /home/prajesh/my_ws/install/my_robot_interfaces/include/my_robot_interfaces/my_robot_interfaces/msg/detail/turtle__struct.hpp
[1.461s] -- Up-to-date: /home/prajesh/my_ws/install/my_robot_interfaces/include/my_robot_interfaces/my_robot_interfaces/srv
[1.461s] -- Up-to-date: /home/prajesh/my_ws/install/my_robot_interfaces/include/my_robot_interfaces/my_robot_interfaces/srv/catch_turtle.hpp
[1.461s] -- Up-to-date: /home/prajesh/my_ws/install/my_robot_interfaces/include/my_robot_interfaces/my_robot_interfaces/srv/detail
[1.461s] -- Up-to-date: /home/prajesh/my_ws/install/my_robot_interfaces/include/my_robot_interfaces/my_robot_interfaces/srv/detail/compute_rect_area__builder.hpp
[1.461s] -- Up-to-date: /home/prajesh/my_ws/install/my_robot_interfaces/include/my_robot_interfaces/my_robot_interfaces/srv/detail/catch_turtle__struct.hpp
[1.461s] -- Up-to-date: /home/prajesh/my_ws/install/my_robot_interfaces/include/my_robot_interfaces/my_robot_interfaces/srv/detail/catch_turtle__builder.hpp
[1.461s] -- Up-to-date: /home/prajesh/my_ws/install/my_robot_interfaces/include/my_robot_interfaces/my_robot_interfaces/srv/detail/compute_rect_area__struct.hpp
[1.461s] -- Up-to-date: /home/prajesh/my_ws/install/my_robot_interfaces/include/my_robot_interfaces/my_robot_interfaces/srv/detail/catch_turtle__traits.hpp
[1.461s] -- Up-to-date: /home/prajesh/my_ws/install/my_robot_interfaces/include/my_robot_interfaces/my_robot_interfaces/srv/detail/compute_rect_area__traits.hpp
[1.461s] -- Up-to-date: /home/prajesh/my_ws/install/my_robot_interfaces/include/my_robot_interfaces/my_robot_interfaces/srv/compute_rect_area.hpp
[1.461s] -- Up-to-date: /home/prajesh/my_ws/install/my_robot_interfaces/include/my_robot_interfaces/my_robot_interfaces
[1.461s] -- Up-to-date: /home/prajesh/my_ws/install/my_robot_interfaces/include/my_robot_interfaces/my_robot_interfaces/msg
[1.461s] -- Up-to-date: /home/prajesh/my_ws/install/my_robot_interfaces/include/my_robot_interfaces/my_robot_interfaces/msg/rosidl_typesupport_fastrtps_cpp__visibility_control.h
[1.461s] -- Up-to-date: /home/prajesh/my_ws/install/my_robot_interfaces/include/my_robot_interfaces/my_robot_interfaces/msg/detail
[1.461s] -- Up-to-date: /home/prajesh/my_ws/install/my_robot_interfaces/include/my_robot_interfaces/my_robot_interfaces/msg/detail/hardware_status__rosidl_typesupport_fastrtps_cpp.hpp
[1.462s] -- Up-to-date: /home/prajesh/my_ws/install/my_robot_interfaces/include/my_robot_interfaces/my_robot_interfaces/msg/detail/dds_fastrtps
[1.462s] -- Up-to-date: /home/prajesh/my_ws/install/my_robot_interfaces/include/my_robot_interfaces/my_robot_interfaces/msg/detail/turtle__rosidl_typesupport_fastrtps_cpp.hpp
[1.462s] -- Up-to-date: /home/prajesh/my_ws/install/my_robot_interfaces/include/my_robot_interfaces/my_robot_interfaces/msg/detail/turtle_array__rosidl_typesupport_fastrtps_cpp.hpp
[1.462s] -- Up-to-date: /home/prajesh/my_ws/install/my_robot_interfaces/include/my_robot_interfaces/my_robot_interfaces/srv
[1.462s] -- Up-to-date: /home/prajesh/my_ws/install/my_robot_interfaces/include/my_robot_interfaces/my_robot_interfaces/srv/detail
[1.462s] -- Up-to-date: /home/prajesh/my_ws/install/my_robot_interfaces/include/my_robot_interfaces/my_robot_interfaces/srv/detail/dds_fastrtps
[1.462s] -- Up-to-date: /home/prajesh/my_ws/install/my_robot_interfaces/include/my_robot_interfaces/my_robot_interfaces/srv/detail/catch_turtle__rosidl_typesupport_fastrtps_cpp.hpp
[1.462s] -- Up-to-date: /home/prajesh/my_ws/install/my_robot_interfaces/include/my_robot_interfaces/my_robot_interfaces/srv/detail/compute_rect_area__rosidl_typesupport_fastrtps_cpp.hpp
[1.463s] -- Up-to-date: /home/prajesh/my_ws/install/my_robot_interfaces/lib/libmy_robot_interfaces__rosidl_typesupport_fastrtps_cpp.so
[1.463s] -- Up-to-date: /home/prajesh/my_ws/install/my_robot_interfaces/include/my_robot_interfaces/my_robot_interfaces
[1.463s] -- Up-to-date: /home/prajesh/my_ws/install/my_robot_interfaces/include/my_robot_interfaces/my_robot_interfaces/msg
[1.463s] -- Up-to-date: /home/prajesh/my_ws/install/my_robot_interfaces/include/my_robot_interfaces/my_robot_interfaces/msg/detail
[1.463s] -- Up-to-date: /home/prajesh/my_ws/install/my_robot_interfaces/include/my_robot_interfaces/my_robot_interfaces/msg/detail/hardware_status__rosidl_typesupport_introspection_cpp.hpp
[1.463s] -- Up-to-date: /home/prajesh/my_ws/install/my_robot_interfaces/include/my_robot_interfaces/my_robot_interfaces/msg/detail/turtle_array__rosidl_typesupport_introspection_cpp.hpp
[1.463s] -- Up-to-date: /home/prajesh/my_ws/install/my_robot_interfaces/include/my_robot_interfaces/my_robot_interfaces/msg/detail/turtle__rosidl_typesupport_introspection_cpp.hpp
[1.463s] -- Up-to-date: /home/prajesh/my_ws/install/my_robot_interfaces/include/my_robot_interfaces/my_robot_interfaces/msg/detail/turtle_array__type_support.cpp
[1.463s] -- Up-to-date: /home/prajesh/my_ws/install/my_robot_interfaces/include/my_robot_interfaces/my_robot_interfaces/msg/detail/hardware_status__type_support.cpp
[1.463s] -- Up-to-date: /home/prajesh/my_ws/install/my_robot_interfaces/include/my_robot_interfaces/my_robot_interfaces/msg/detail/turtle__type_support.cpp
[1.463s] -- Up-to-date: /home/prajesh/my_ws/install/my_robot_interfaces/include/my_robot_interfaces/my_robot_interfaces/srv
[1.463s] -- Up-to-date: /home/prajesh/my_ws/install/my_robot_interfaces/include/my_robot_interfaces/my_robot_interfaces/srv/detail
[1.463s] -- Up-to-date: /home/prajesh/my_ws/install/my_robot_interfaces/include/my_robot_interfaces/my_robot_interfaces/srv/detail/catch_turtle__rosidl_typesupport_introspection_cpp.hpp
[1.463s] -- Up-to-date: /home/prajesh/my_ws/install/my_robot_interfaces/include/my_robot_interfaces/my_robot_interfaces/srv/detail/catch_turtle__type_support.cpp
[1.463s] -- Up-to-date: /home/prajesh/my_ws/install/my_robot_interfaces/include/my_robot_interfaces/my_robot_interfaces/srv/detail/compute_rect_area__type_support.cpp
[1.463s] -- Up-to-date: /home/prajesh/my_ws/install/my_robot_interfaces/include/my_robot_interfaces/my_robot_interfaces/srv/detail/compute_rect_area__rosidl_typesupport_introspection_cpp.hpp
[1.463s] -- Up-to-date: /home/prajesh/my_ws/install/my_robot_interfaces/lib/libmy_robot_interfaces__rosidl_typesupport_introspection_cpp.so
[1.463s] -- Up-to-date: /home/prajesh/my_ws/install/my_robot_interfaces/lib/libmy_robot_interfaces__rosidl_typesupport_cpp.so
[1.463s] -- Up-to-date: /home/prajesh/my_ws/install/my_robot_interfaces/share/my_robot_interfaces/environment/pythonpath.sh
[1.464s] -- Up-to-date: /home/prajesh/my_ws/install/my_robot_interfaces/share/my_robot_interfaces/environment/pythonpath.dsv
[1.464s] -- Up-to-date: /home/prajesh/my_ws/install/my_robot_interfaces/local/lib/python3.10/dist-packages/my_robot_interfaces-0.0.0-py3.10.egg-info
[1.464s] -- Installing: /home/prajesh/my_ws/install/my_robot_interfaces/local/lib/python3.10/dist-packages/my_robot_interfaces-0.0.0-py3.10.egg-info/SOURCES.txt
[1.464s] -- Installing: /home/prajesh/my_ws/install/my_robot_interfaces/local/lib/python3.10/dist-packages/my_robot_interfaces-0.0.0-py3.10.egg-info/top_level.txt
[1.464s] -- Installing: /home/prajesh/my_ws/install/my_robot_interfaces/local/lib/python3.10/dist-packages/my_robot_interfaces-0.0.0-py3.10.egg-info/dependency_links.txt
[1.466s] -- Installing: /home/prajesh/my_ws/install/my_robot_interfaces/local/lib/python3.10/dist-packages/my_robot_interfaces-0.0.0-py3.10.egg-info/PKG-INFO
[1.466s] -- Up-to-date: /home/prajesh/my_ws/install/my_robot_interfaces/local/lib/python3.10/dist-packages/my_robot_interfaces
[1.466s] -- Up-to-date: /home/prajesh/my_ws/install/my_robot_interfaces/local/lib/python3.10/dist-packages/my_robot_interfaces/_my_robot_interfaces_s.ep.rosidl_typesupport_introspection_c.c
[1.466s] -- Up-to-date: /home/prajesh/my_ws/install/my_robot_interfaces/local/lib/python3.10/dist-packages/my_robot_interfaces/my_robot_interfaces_s__rosidl_typesupport_introspection_c.cpython-310-x86_64-linux-gnu.so
[1.466s] -- Up-to-date: /home/prajesh/my_ws/install/my_robot_interfaces/local/lib/python3.10/dist-packages/my_robot_interfaces/my_robot_interfaces_s__rosidl_typesupport_c.cpython-310-x86_64-linux-gnu.so
[1.466s] -- Up-to-date: /home/prajesh/my_ws/install/my_robot_interfaces/local/lib/python3.10/dist-packages/my_robot_interfaces/msg
[1.466s] -- Up-to-date: /home/prajesh/my_ws/install/my_robot_interfaces/local/lib/python3.10/dist-packages/my_robot_interfaces/msg/__init__.py
[1.466s] -- Up-to-date: /home/prajesh/my_ws/install/my_robot_interfaces/local/lib/python3.10/dist-packages/my_robot_interfaces/msg/_turtle.py
[1.466s] -- Up-to-date: /home/prajesh/my_ws/install/my_robot_interfaces/local/lib/python3.10/dist-packages/my_robot_interfaces/msg/_turtle_array_s.c
[1.466s] -- Up-to-date: /home/prajesh/my_ws/install/my_robot_interfaces/local/lib/python3.10/dist-packages/my_robot_interfaces/msg/_turtle_array.py
[1.466s] -- Up-to-date: /home/prajesh/my_ws/install/my_robot_interfaces/local/lib/python3.10/dist-packages/my_robot_interfaces/msg/_hardware_status.py
[1.485s] -- Up-to-date: /home/prajesh/my_ws/install/my_robot_interfaces/local/lib/python3.10/dist-packages/my_robot_interfaces/msg/_turtle_s.c
[1.486s] -- Up-to-date: /home/prajesh/my_ws/install/my_robot_interfaces/local/lib/python3.10/dist-packages/my_robot_interfaces/msg/_hardware_status_s.c
[1.486s] -- Up-to-date: /home/prajesh/my_ws/install/my_robot_interfaces/local/lib/python3.10/dist-packages/my_robot_interfaces/__init__.py
[1.486s] -- Up-to-date: /home/prajesh/my_ws/install/my_robot_interfaces/local/lib/python3.10/dist-packages/my_robot_interfaces/_my_robot_interfaces_s.ep.rosidl_typesupport_c.c
[1.486s] -- Up-to-date: /home/prajesh/my_ws/install/my_robot_interfaces/local/lib/python3.10/dist-packages/my_robot_interfaces/libmy_robot_interfaces__rosidl_generator_py.so
[1.486s] -- Up-to-date: /home/prajesh/my_ws/install/my_robot_interfaces/local/lib/python3.10/dist-packages/my_robot_interfaces/_my_robot_interfaces_s.ep.rosidl_typesupport_fastrtps_c.c
[1.486s] -- Up-to-date: /home/prajesh/my_ws/install/my_robot_interfaces/local/lib/python3.10/dist-packages/my_robot_interfaces/my_robot_interfaces_s__rosidl_typesupport_fastrtps_c.cpython-310-x86_64-linux-gnu.so
[1.486s] -- Up-to-date: /home/prajesh/my_ws/install/my_robot_interfaces/local/lib/python3.10/dist-packages/my_robot_interfaces/srv
[1.486s] -- Up-to-date: /home/prajesh/my_ws/install/my_robot_interfaces/local/lib/python3.10/dist-packages/my_robot_interfaces/srv/__init__.py
[1.486s] -- Up-to-date: /home/prajesh/my_ws/install/my_robot_interfaces/local/lib/python3.10/dist-packages/my_robot_interfaces/srv/_compute_rect_area_s.c
[1.486s] -- Up-to-date: /home/prajesh/my_ws/install/my_robot_interfaces/local/lib/python3.10/dist-packages/my_robot_interfaces/srv/_catch_turtle.py
[1.486s] -- Up-to-date: /home/prajesh/my_ws/install/my_robot_interfaces/local/lib/python3.10/dist-packages/my_robot_interfaces/srv/_compute_rect_area.py
[1.486s] -- Up-to-date: /home/prajesh/my_ws/install/my_robot_interfaces/local/lib/python3.10/dist-packages/my_robot_interfaces/srv/_catch_turtle_s.c
[1.509s] Listing '/home/prajesh/my_ws/install/my_robot_interfaces/local/lib/python3.10/dist-packages/my_robot_interfaces'...
[1.510s] Listing '/home/prajesh/my_ws/install/my_robot_interfaces/local/lib/python3.10/dist-packages/my_robot_interfaces/msg'...
[1.510s] Listing '/home/prajesh/my_ws/install/my_robot_interfaces/local/lib/python3.10/dist-packages/my_robot_interfaces/srv'...
[1.522s] -- Up-to-date: /home/prajesh/my_ws/install/my_robot_interfaces/local/lib/python3.10/dist-packages/my_robot_interfaces/my_robot_interfaces_s__rosidl_typesupport_fastrtps_c.cpython-310-x86_64-linux-gnu.so
[1.522s] -- Up-to-date: /home/prajesh/my_ws/install/my_robot_interfaces/local/lib/python3.10/dist-packages/my_robot_interfaces/my_robot_interfaces_s__rosidl_typesupport_introspection_c.cpython-310-x86_64-linux-gnu.so
[1.522s] -- Up-to-date: /home/prajesh/my_ws/install/my_robot_interfaces/local/lib/python3.10/dist-packages/my_robot_interfaces/my_robot_interfaces_s__rosidl_typesupport_c.cpython-310-x86_64-linux-gnu.so
[1.523s] -- Up-to-date: /home/prajesh/my_ws/install/my_robot_interfaces/lib/libmy_robot_interfaces__rosidl_generator_py.so
[1.523s] -- Up-to-date: /home/prajesh/my_ws/install/my_robot_interfaces/share/my_robot_interfaces/msg/HardwareStatus.idl
[1.523s] -- Up-to-date: /home/prajesh/my_ws/install/my_robot_interfaces/share/my_robot_interfaces/msg/Turtle.idl
[1.523s] -- Up-to-date: /home/prajesh/my_ws/install/my_robot_interfaces/share/my_robot_interfaces/msg/TurtleArray.idl
[1.523s] -- Up-to-date: /home/prajesh/my_ws/install/my_robot_interfaces/share/my_robot_interfaces/srv/ComputeRectArea.idl
[1.523s] -- Up-to-date: /home/prajesh/my_ws/install/my_robot_interfaces/share/my_robot_interfaces/srv/CatchTurtle.idl
[1.523s] -- Up-to-date: /home/prajesh/my_ws/install/my_robot_interfaces/share/my_robot_interfaces/msg/HardwareStatus.msg
[1.524s] -- Up-to-date: /home/prajesh/my_ws/install/my_robot_interfaces/share/my_robot_interfaces/msg/Turtle.msg
[1.524s] -- Up-to-date: /home/prajesh/my_ws/install/my_robot_interfaces/share/my_robot_interfaces/msg/TurtleArray.msg
[1.524s] -- Up-to-date: /home/prajesh/my_ws/install/my_robot_interfaces/share/my_robot_interfaces/srv/ComputeRectArea.srv
[1.524s] -- Up-to-date: /home/prajesh/my_ws/install/my_robot_interfaces/share/my_robot_interfaces/srv/ComputeRectArea_Request.msg
[1.524s] -- Up-to-date: /home/prajesh/my_ws/install/my_robot_interfaces/share/my_robot_interfaces/srv/ComputeRectArea_Response.msg
[1.524s] -- Up-to-date: /home/prajesh/my_ws/install/my_robot_interfaces/share/my_robot_interfaces/srv/CatchTurtle.srv
[1.524s] -- Up-to-date: /home/prajesh/my_ws/install/my_robot_interfaces/share/my_robot_interfaces/srv/CatchTurtle_Request.msg
[1.525s] -- Up-to-date: /home/prajesh/my_ws/install/my_robot_interfaces/share/my_robot_interfaces/srv/CatchTurtle_Response.msg
[1.525s] -- Up-to-date: /home/prajesh/my_ws/install/my_robot_interfaces/share/ament_index/resource_index/package_run_dependencies/my_robot_interfaces
[1.525s] -- Up-to-date: /home/prajesh/my_ws/install/my_robot_interfaces/share/ament_index/resource_index/parent_prefix_path/my_robot_interfaces
[1.525s] -- Up-to-date: /home/prajesh/my_ws/install/my_robot_interfaces/share/my_robot_interfaces/environment/ament_prefix_path.sh
[1.525s] -- Up-to-date: /home/prajesh/my_ws/install/my_robot_interfaces/share/my_robot_interfaces/environment/ament_prefix_path.dsv
[1.525s] -- Up-to-date: /home/prajesh/my_ws/install/my_robot_interfaces/share/my_robot_interfaces/environment/path.sh
[1.525s] -- Up-to-date: /home/prajesh/my_ws/install/my_robot_interfaces/share/my_robot_interfaces/environment/path.dsv
[1.526s] -- Up-to-date: /home/prajesh/my_ws/install/my_robot_interfaces/share/my_robot_interfaces/local_setup.bash
[1.526s] -- Up-to-date: /home/prajesh/my_ws/install/my_robot_interfaces/share/my_robot_interfaces/local_setup.sh
[1.526s] -- Up-to-date: /home/prajesh/my_ws/install/my_robot_interfaces/share/my_robot_interfaces/local_setup.zsh
[1.526s] -- Up-to-date: /home/prajesh/my_ws/install/my_robot_interfaces/share/my_robot_interfaces/local_setup.dsv
[1.527s] -- Installing: /home/prajesh/my_ws/install/my_robot_interfaces/share/my_robot_interfaces/package.dsv
[1.527s] -- Up-to-date: /home/prajesh/my_ws/install/my_robot_interfaces/share/ament_index/resource_index/packages/my_robot_interfaces
[1.527s] -- Up-to-date: /home/prajesh/my_ws/install/my_robot_interfaces/share/my_robot_interfaces/cmake/export_my_robot_interfaces__rosidl_generator_cExport.cmake
[1.527s] -- Up-to-date: /home/prajesh/my_ws/install/my_robot_interfaces/share/my_robot_interfaces/cmake/export_my_robot_interfaces__rosidl_generator_cExport-noconfig.cmake
[1.527s] -- Up-to-date: /home/prajesh/my_ws/install/my_robot_interfaces/share/my_robot_interfaces/cmake/export_my_robot_interfaces__rosidl_typesupport_fastrtps_cExport.cmake
[1.527s] -- Up-to-date: /home/prajesh/my_ws/install/my_robot_interfaces/share/my_robot_interfaces/cmake/export_my_robot_interfaces__rosidl_typesupport_fastrtps_cExport-noconfig.cmake
[1.527s] -- Up-to-date: /home/prajesh/my_ws/install/my_robot_interfaces/share/my_robot_interfaces/cmake/my_robot_interfaces__rosidl_typesupport_introspection_cExport.cmake
[1.528s] -- Up-to-date: /home/prajesh/my_ws/install/my_robot_interfaces/share/my_robot_interfaces/cmake/my_robot_interfaces__rosidl_typesupport_introspection_cExport-noconfig.cmake
[1.528s] -- Up-to-date: /home/prajesh/my_ws/install/my_robot_interfaces/share/my_robot_interfaces/cmake/my_robot_interfaces__rosidl_typesupport_cExport.cmake
[1.528s] -- Up-to-date: /home/prajesh/my_ws/install/my_robot_interfaces/share/my_robot_interfaces/cmake/my_robot_interfaces__rosidl_typesupport_cExport-noconfig.cmake
[1.528s] -- Up-to-date: /home/prajesh/my_ws/install/my_robot_interfaces/share/my_robot_interfaces/cmake/export_my_robot_interfaces__rosidl_generator_cppExport.cmake
[1.528s] -- Up-to-date: /home/prajesh/my_ws/install/my_robot_interfaces/share/my_robot_interfaces/cmake/export_my_robot_interfaces__rosidl_typesupport_fastrtps_cppExport.cmake
[1.528s] -- Up-to-date: /home/prajesh/my_ws/install/my_robot_interfaces/share/my_robot_interfaces/cmake/export_my_robot_interfaces__rosidl_typesupport_fastrtps_cppExport-noconfig.cmake
[1.528s] -- Up-to-date: /home/prajesh/my_ws/install/my_robot_interfaces/share/my_robot_interfaces/cmake/my_robot_interfaces__rosidl_typesupport_introspection_cppExport.cmake
[1.528s] -- Up-to-date: /home/prajesh/my_ws/install/my_robot_interfaces/share/my_robot_interfaces/cmake/my_robot_interfaces__rosidl_typesupport_introspection_cppExport-noconfig.cmake
[1.528s] -- Up-to-date: /home/prajesh/my_ws/install/my_robot_interfaces/share/my_robot_interfaces/cmake/my_robot_interfaces__rosidl_typesupport_cppExport.cmake
[1.528s] -- Up-to-date: /home/prajesh/my_ws/install/my_robot_interfaces/share/my_robot_interfaces/cmake/my_robot_interfaces__rosidl_typesupport_cppExport-noconfig.cmake
[1.528s] -- Up-to-date: /home/prajesh/my_ws/install/my_robot_interfaces/share/my_robot_interfaces/cmake/export_my_robot_interfaces__rosidl_generator_pyExport.cmake
[1.529s] -- Up-to-date: /home/prajesh/my_ws/install/my_robot_interfaces/share/my_robot_interfaces/cmake/export_my_robot_interfaces__rosidl_generator_pyExport-noconfig.cmake
[1.529s] -- Up-to-date: /home/prajesh/my_ws/install/my_robot_interfaces/share/my_robot_interfaces/cmake/rosidl_cmake-extras.cmake
[1.529s] -- Up-to-date: /home/prajesh/my_ws/install/my_robot_interfaces/share/my_robot_interfaces/cmake/ament_cmake_export_include_directories-extras.cmake
[1.529s] -- Up-to-date: /home/prajesh/my_ws/install/my_robot_interfaces/share/my_robot_interfaces/cmake/ament_cmake_export_libraries-extras.cmake
[1.529s] -- Up-to-date: /home/prajesh/my_ws/install/my_robot_interfaces/share/my_robot_interfaces/cmake/ament_cmake_export_targets-extras.cmake
[1.529s] -- Up-to-date: /home/prajesh/my_ws/install/my_robot_interfaces/share/my_robot_interfaces/cmake/rosidl_cmake_export_typesupport_targets-extras.cmake
[1.529s] -- Up-to-date: /home/prajesh/my_ws/install/my_robot_interfaces/share/my_robot_interfaces/cmake/ament_cmake_export_dependencies-extras.cmake
[1.529s] -- Up-to-date: /home/prajesh/my_ws/install/my_robot_interfaces/share/my_robot_interfaces/cmake/rosidl_cmake_export_typesupport_libraries-extras.cmake
[1.529s] -- Up-to-date: /home/prajesh/my_ws/install/my_robot_interfaces/share/my_robot_interfaces/cmake/my_robot_interfacesConfig.cmake
[1.530s] -- Up-to-date: /home/prajesh/my_ws/install/my_robot_interfaces/share/my_robot_interfaces/cmake/my_robot_interfacesConfig-version.cmake
[1.530s] -- Up-to-date: /home/prajesh/my_ws/install/my_robot_interfaces/share/my_robot_interfaces/package.xml
[1.563s] Invoked command in '/home/prajesh/my_ws/build/my_robot_interfaces' returned '0': CMAKE_PREFIX_PATH=${CMAKE_PREFIX_PATH}:/home/prajesh/my_ws/install/py_server_test:/home/prajesh/my_ws/install/py_final_project:/home/prajesh/my_ws/install/my_py_pkg:/opt/ros/humble /usr/bin/cmake --install /home/prajesh/my_ws/build/my_robot_interfaces
