[1.279s] Invoking command in '/home/prajesh/my_ws/src/py_final_project': PYTHONPATH=/home/prajesh/my_ws/build/py_final_project/prefix_override:/home/prajesh/my_ws/install/py_final_project/lib/python3.10/site-packages:${PYTHONPATH} /usr/bin/python3 setup.py egg_info --egg-base ../../build/py_final_project build --build-base /home/prajesh/my_ws/build/py_final_project/build install --record /home/prajesh/my_ws/build/py_final_project/install.log --single-version-externally-managed
[1.610s] running egg_info
[1.611s] creating ../../build/py_final_project/py_final_project.egg-info
[1.611s] writing ../../build/py_final_project/py_final_project.egg-info/PKG-INFO
[1.612s] writing dependency_links to ../../build/py_final_project/py_final_project.egg-info/dependency_links.txt
[1.612s] writing entry points to ../../build/py_final_project/py_final_project.egg-info/entry_points.txt
[1.612s] writing requirements to ../../build/py_final_project/py_final_project.egg-info/requires.txt
[1.612s] writing top-level names to ../../build/py_final_project/py_final_project.egg-info/top_level.txt
[1.613s] writing manifest file '../../build/py_final_project/py_final_project.egg-info/SOURCES.txt'
[1.628s] reading manifest file '../../build/py_final_project/py_final_project.egg-info/SOURCES.txt'
[1.628s] writing manifest file '../../build/py_final_project/py_final_project.egg-info/SOURCES.txt'
[1.628s] running build
[1.628s] running build_py
[1.629s] creating /home/prajesh/my_ws/build/py_final_project/build
[1.629s] creating /home/prajesh/my_ws/build/py_final_project/build/lib
[1.629s] creating /home/prajesh/my_ws/build/py_final_project/build/lib/py_final_project
[1.629s] copying py_final_project/__init__.py -> /home/prajesh/my_ws/build/py_final_project/build/lib/py_final_project
[1.629s] copying py_final_project/turtle_controller.py -> /home/prajesh/my_ws/build/py_final_project/build/lib/py_final_project
[1.629s] running install
[1.629s] running install_lib
[1.629s] creating /home/prajesh/my_ws/install/py_final_project/lib/python3.10/site-packages/py_final_project
[1.629s] copying /home/prajesh/my_ws/build/py_final_project/build/lib/py_final_project/__init__.py -> /home/prajesh/my_ws/install/py_final_project/lib/python3.10/site-packages/py_final_project
[1.629s] copying /home/prajesh/my_ws/build/py_final_project/build/lib/py_final_project/turtle_controller.py -> /home/prajesh/my_ws/install/py_final_project/lib/python3.10/site-packages/py_final_project
[1.629s] byte-compiling /home/prajesh/my_ws/install/py_final_project/lib/python3.10/site-packages/py_final_project/__init__.py to __init__.cpython-310.pyc
[1.629s] byte-compiling /home/prajesh/my_ws/install/py_final_project/lib/python3.10/site-packages/py_final_project/turtle_controller.py to turtle_controller.cpython-310.pyc
[1.629s] running install_data
[1.629s] creating /home/prajesh/my_ws/install/py_final_project/share/ament_index
[1.629s] creating /home/prajesh/my_ws/install/py_final_project/share/ament_index/resource_index
[1.629s] creating /home/prajesh/my_ws/install/py_final_project/share/ament_index/resource_index/packages
[1.629s] copying resource/py_final_project -> /home/prajesh/my_ws/install/py_final_project/share/ament_index/resource_index/packages
[1.630s] copying package.xml -> /home/prajesh/my_ws/install/py_final_project/share/py_final_project
[1.630s] running install_egg_info
[1.630s] Copying ../../build/py_final_project/py_final_project.egg-info to /home/prajesh/my_ws/install/py_final_project/lib/python3.10/site-packages/py_final_project-0.0.0-py3.10.egg-info
[1.641s] running install_scripts
[1.656s] Installing turtle_controller_node script to /home/prajesh/my_ws/install/py_final_project/lib/py_final_project
[1.657s] writing list of installed files to '/home/prajesh/my_ws/build/py_final_project/install.log'
[1.697s] Invoked command in '/home/prajesh/my_ws/src/py_final_project' returned '0': PYTHONPATH=/home/prajesh/my_ws/build/py_final_project/prefix_override:/home/prajesh/my_ws/install/py_final_project/lib/python3.10/site-packages:${PYTHONPATH} /usr/bin/python3 setup.py egg_info --egg-base ../../build/py_final_project build --build-base /home/prajesh/my_ws/build/py_final_project/build install --record /home/prajesh/my_ws/build/py_final_project/install.log --single-version-externally-managed
