[0.717s] Invoking command in '/home/prajesh/my_ws/src/my_py_pkg': PYTHONPATH=/home/prajesh/my_ws/build/my_py_pkg/prefix_override:/home/prajesh/my_ws/install/my_py_pkg/lib/python3.10/site-packages:${PYTHONPATH} /usr/bin/python3 setup.py egg_info --egg-base ../../build/my_py_pkg build --build-base /home/prajesh/my_ws/build/my_py_pkg/build install --record /home/prajesh/my_ws/build/my_py_pkg/install.log --single-version-externally-managed
[0.967s] running egg_info
[0.968s] writing ../../build/my_py_pkg/my_py_pkg.egg-info/PKG-INFO
[0.968s] writing dependency_links to ../../build/my_py_pkg/my_py_pkg.egg-info/dependency_links.txt
[0.968s] writing entry points to ../../build/my_py_pkg/my_py_pkg.egg-info/entry_points.txt
[0.968s] writing requirements to ../../build/my_py_pkg/my_py_pkg.egg-info/requires.txt
[0.969s] writing top-level names to ../../build/my_py_pkg/my_py_pkg.egg-info/top_level.txt
[0.978s] reading manifest file '../../build/my_py_pkg/my_py_pkg.egg-info/SOURCES.txt'
[0.978s] writing manifest file '../../build/my_py_pkg/my_py_pkg.egg-info/SOURCES.txt'
[0.979s] running build
[0.979s] running build_py
[0.979s] running install
[0.979s] running install_lib
[0.979s] running install_data
[0.979s] running install_egg_info
[0.979s] removing '/home/prajesh/my_ws/install/my_py_pkg/lib/python3.10/site-packages/my_py_pkg-0.0.0-py3.10.egg-info' (and everything under it)
[0.989s] Copying ../../build/my_py_pkg/my_py_pkg.egg-info to /home/prajesh/my_ws/install/my_py_pkg/lib/python3.10/site-packages/my_py_pkg-0.0.0-py3.10.egg-info
[0.989s] running install_scripts
[1.005s] Installing hw_status_publisher script to /home/prajesh/my_ws/install/my_py_pkg/lib/my_py_pkg
[1.005s] Installing py_node script to /home/prajesh/my_ws/install/my_py_pkg/lib/my_py_pkg
[1.005s] Installing robot_news_station script to /home/prajesh/my_ws/install/my_py_pkg/lib/my_py_pkg
[1.005s] Installing smartphone script to /home/prajesh/my_ws/install/my_py_pkg/lib/my_py_pkg
[1.010s] writing list of installed files to '/home/prajesh/my_ws/build/my_py_pkg/install.log'
[1.029s] Invoked command in '/home/prajesh/my_ws/src/my_py_pkg' returned '0': PYTHONPATH=/home/prajesh/my_ws/build/my_py_pkg/prefix_override:/home/prajesh/my_ws/install/my_py_pkg/lib/python3.10/site-packages:${PYTHONPATH} /usr/bin/python3 setup.py egg_info --egg-base ../../build/my_py_pkg build --build-base /home/prajesh/my_ws/build/my_py_pkg/build install --record /home/prajesh/my_ws/build/my_py_pkg/install.log --single-version-externally-managed
