[0.032s] Invoking command in '/home/prajesh/my_ws/build/battery_interfaces': CMAKE_PREFIX_PATH=${CMAKE_PREFIX_PATH}:/home/prajesh/my_ws/install/py_server_test:/home/prajesh/my_ws/install/my_py_pkg:/opt/ros/humble /usr/bin/cmake /home/prajesh/my_ws/src/battery_interfaces -DCMAKE_INSTALL_PREFIX=/home/prajesh/my_ws/install/battery_interfaces
[0.056s] -- Found ament_cmake: 1.3.4 (/opt/ros/humble/share/ament_cmake/cmake)
[0.201s] -- Found rosidl_default_generators: 1.2.0 (/opt/ros/humble/share/rosidl_default_generators/cmake)
[0.203s] -- Using all available rosidl_typesupport_c: rosidl_typesupport_fastrtps_c;rosidl_typesupport_introspection_c
[0.208s] -- Found rosidl_adapter: 3.1.4 (/opt/ros/humble/share/rosidl_adapter/cmake)
[0.240s] -- Using all available rosidl_typesupport_cpp: rosidl_typesupport_fastrtps_cpp;rosidl_typesupport_introspection_cpp
[0.596s] -- Found ament_cmake_ros: 0.10.0 (/opt/ros/humble/share/ament_cmake_ros/cmake)
[0.765s] -- Using all available rosidl_typesupport_c: rosidl_typesupport_fastrtps_c;rosidl_typesupport_introspection_c
[0.996s] -- Using all available rosidl_typesupport_cpp: rosidl_typesupport_fastrtps_cpp;rosidl_typesupport_introspection_cpp
[1.021s] -- Found PythonInterp: /usr/bin/python3 (found suitable version "3.10.6", minimum required is "3.6") 
[1.024s] -- Found python_cmake_module: 0.10.0 (/opt/ros/humble/share/python_cmake_module/cmake)
[1.053s] -- Found PythonLibs: /usr/lib/x86_64-linux-gnu/libpython3.10.so (found suitable version "3.10.6", minimum required is "3.5") 
[1.053s] -- Using PYTHON_EXECUTABLE: /usr/bin/python3
[1.053s] -- Using PYTHON_INCLUDE_DIRS: /usr/include/python3.10
[1.053s] -- Using PYTHON_LIBRARIES: /usr/lib/x86_64-linux-gnu/libpython3.10.so
[1.105s] -- Found PythonExtra: .so  
[1.145s] -- Configuring done
[1.170s] -- Generating done
[1.172s] -- Build files have been written to: /home/prajesh/my_ws/build/battery_interfaces
[1.392s] Invoked command in '/home/prajesh/my_ws/build/battery_interfaces' returned '0': CMAKE_PREFIX_PATH=${CMAKE_PREFIX_PATH}:/home/prajesh/my_ws/install/py_server_test:/home/prajesh/my_ws/install/my_py_pkg:/opt/ros/humble /usr/bin/cmake /home/prajesh/my_ws/src/battery_interfaces -DCMAKE_INSTALL_PREFIX=/home/prajesh/my_ws/install/battery_interfaces
[1.398s] Invoking command in '/home/prajesh/my_ws/build/battery_interfaces': CMAKE_PREFIX_PATH=${CMAKE_PREFIX_PATH}:/home/prajesh/my_ws/install/py_server_test:/home/prajesh/my_ws/install/my_py_pkg:/opt/ros/humble /usr/bin/cmake --build /home/prajesh/my_ws/build/battery_interfaces -- -j4 -l4
[1.447s] [  3%] [34m[1mGenerating C code for ROS interfaces[0m
[1.479s] [  3%] Built target ament_cmake_python_copy_battery_interfaces
[1.532s] [  6%] [34m[1mGenerating C++ code for ROS interfaces[0m
[1.884s] [  9%] [32mBuilding C object CMakeFiles/battery_interfaces__rosidl_generator_c.dir/rosidl_generator_c/battery_interfaces/srv/detail/battery_status__functions.c.o[0m
[1.923s] running egg_info
[1.926s] creating battery_interfaces.egg-info
[1.926s] writing battery_interfaces.egg-info/PKG-INFO
[1.927s] writing dependency_links to battery_interfaces.egg-info/dependency_links.txt
[1.928s] writing top-level names to battery_interfaces.egg-info/top_level.txt
[1.928s] writing manifest file 'battery_interfaces.egg-info/SOURCES.txt'
[1.930s] reading manifest file 'battery_interfaces.egg-info/SOURCES.txt'
[1.931s] writing manifest file 'battery_interfaces.egg-info/SOURCES.txt'
[1.945s] [ 12%] [32m[1mLinking C shared library libbattery_interfaces__rosidl_generator_c.so[0m
[1.961s] [ 12%] Built target ament_cmake_python_build_battery_interfaces_egg
[1.992s] [ 12%] Built target battery_interfaces__rosidl_generator_c
[2.000s] [ 16%] [34m[1mGenerating C type support for eProsima Fast-RTPS[0m
[2.009s] [ 19%] [34m[1mGenerating C type support dispatch for ROS interfaces[0m
[2.022s] [ 22%] [34m[1mGenerating C introspection for ROS interfaces[0m
[2.024s] [ 22%] Built target battery_interfaces__cpp
[2.071s] [ 25%] [34m[1mGenerating C++ type support for eProsima Fast-RTPS[0m
[2.318s] [ 29%] [32mBuilding CXX object CMakeFiles/battery_interfaces__rosidl_typesupport_c.dir/rosidl_typesupport_c/battery_interfaces/srv/battery_status__type_support.cpp.o[0m
[2.320s] [ 32%] [32mBuilding CXX object CMakeFiles/battery_interfaces__rosidl_typesupport_fastrtps_c.dir/rosidl_typesupport_fastrtps_c/battery_interfaces/srv/detail/battery_status__type_support_c.cpp.o[0m
[2.368s] [ 35%] [32m[1mLinking CXX shared library libbattery_interfaces__rosidl_typesupport_c.so[0m
[2.426s] [ 38%] [32mBuilding CXX object CMakeFiles/battery_interfaces__rosidl_typesupport_fastrtps_cpp.dir/rosidl_typesupport_fastrtps_cpp/battery_interfaces/srv/detail/dds_fastrtps/battery_status__type_support.cpp.o[0m
[2.434s] [ 38%] Built target battery_interfaces__rosidl_typesupport_c
[2.457s] [ 41%] [34m[1mGenerating C++ introspection for ROS interfaces[0m
[2.501s] [ 45%] [32mBuilding C object CMakeFiles/battery_interfaces__rosidl_typesupport_introspection_c.dir/rosidl_typesupport_introspection_c/battery_interfaces/srv/detail/battery_status__type_support.c.o[0m
[2.617s] [ 48%] [32m[1mLinking C shared library libbattery_interfaces__rosidl_typesupport_introspection_c.so[0m
[2.689s] [ 48%] Built target battery_interfaces__rosidl_typesupport_introspection_c
[2.706s] [ 51%] [34m[1mGenerating C++ type support dispatch for ROS interfaces[0m
[2.723s] [ 54%] [32m[1mLinking CXX shared library libbattery_interfaces__rosidl_typesupport_fastrtps_c.so[0m
[2.790s] [ 58%] [32mBuilding CXX object CMakeFiles/battery_interfaces__rosidl_typesupport_introspection_cpp.dir/rosidl_typesupport_introspection_cpp/battery_interfaces/srv/detail/battery_status__type_support.cpp.o[0m
[2.826s] [ 58%] Built target battery_interfaces__rosidl_typesupport_fastrtps_c
[2.933s] [ 61%] [32mBuilding CXX object CMakeFiles/battery_interfaces__rosidl_typesupport_cpp.dir/rosidl_typesupport_cpp/battery_interfaces/srv/battery_status__type_support.cpp.o[0m
[2.952s] [ 64%] [32m[1mLinking CXX shared library libbattery_interfaces__rosidl_typesupport_fastrtps_cpp.so[0m
[3.022s] [ 64%] Built target battery_interfaces__rosidl_typesupport_fastrtps_cpp
[3.121s] [ 67%] [32m[1mLinking CXX shared library libbattery_interfaces__rosidl_typesupport_introspection_cpp.so[0m
[3.155s] [ 70%] [32m[1mLinking CXX shared library libbattery_interfaces__rosidl_typesupport_cpp.so[0m
[3.168s] [ 70%] Built target battery_interfaces__rosidl_typesupport_introspection_cpp
[3.189s] [ 70%] Built target battery_interfaces__rosidl_typesupport_cpp
[3.204s] [ 70%] Built target battery_interfaces
[3.219s] [ 74%] [34m[1mGenerating Python code for ROS interfaces[0m
[3.520s] [ 74%] Built target battery_interfaces__py
[3.535s] [ 77%] [32mBuilding C object CMakeFiles/battery_interfaces__rosidl_generator_py.dir/rosidl_generator_py/battery_interfaces/srv/_battery_status_s.c.o[0m
[3.617s] [ 80%] [32m[1mLinking C shared library rosidl_generator_py/battery_interfaces/libbattery_interfaces__rosidl_generator_py.so[0m
[3.645s] [ 80%] Built target battery_interfaces__rosidl_generator_py
[3.667s] [ 83%] [32mBuilding C object CMakeFiles/battery_interfaces__rosidl_typesupport_introspection_c__pyext.dir/rosidl_generator_py/battery_interfaces/_battery_interfaces_s.ep.rosidl_typesupport_introspection_c.c.o[0m
[3.668s] [ 87%] [32mBuilding C object CMakeFiles/battery_interfaces__rosidl_typesupport_c__pyext.dir/rosidl_generator_py/battery_interfaces/_battery_interfaces_s.ep.rosidl_typesupport_c.c.o[0m
[3.670s] [ 90%] [32mBuilding C object CMakeFiles/battery_interfaces__rosidl_typesupport_fastrtps_c__pyext.dir/rosidl_generator_py/battery_interfaces/_battery_interfaces_s.ep.rosidl_typesupport_fastrtps_c.c.o[0m
[3.749s] [ 93%] [32m[1mLinking C shared library rosidl_generator_py/battery_interfaces/battery_interfaces_s__rosidl_typesupport_introspection_c.cpython-310-x86_64-linux-gnu.so[0m
[3.750s] [ 96%] [32m[1mLinking C shared library rosidl_generator_py/battery_interfaces/battery_interfaces_s__rosidl_typesupport_fastrtps_c.cpython-310-x86_64-linux-gnu.so[0m
[3.752s] [100%] [32m[1mLinking C shared library rosidl_generator_py/battery_interfaces/battery_interfaces_s__rosidl_typesupport_c.cpython-310-x86_64-linux-gnu.so[0m
[3.778s] [100%] Built target battery_interfaces__rosidl_typesupport_introspection_c__pyext
[3.778s] [100%] Built target battery_interfaces__rosidl_typesupport_c__pyext
[3.780s] [100%] Built target battery_interfaces__rosidl_typesupport_fastrtps_c__pyext
[3.790s] Invoked command in '/home/prajesh/my_ws/build/battery_interfaces' returned '0': CMAKE_PREFIX_PATH=${CMAKE_PREFIX_PATH}:/home/prajesh/my_ws/install/py_server_test:/home/prajesh/my_ws/install/my_py_pkg:/opt/ros/humble /usr/bin/cmake --build /home/prajesh/my_ws/build/battery_interfaces -- -j4 -l4
[3.834s] Invoking command in '/home/prajesh/my_ws/build/battery_interfaces': CMAKE_PREFIX_PATH=${CMAKE_PREFIX_PATH}:/home/prajesh/my_ws/install/py_server_test:/home/prajesh/my_ws/install/my_py_pkg:/opt/ros/humble /usr/bin/cmake --install /home/prajesh/my_ws/build/battery_interfaces
[3.839s] -- Install configuration: ""
[3.839s] -- Installing: /home/prajesh/my_ws/install/battery_interfaces/share/ament_index/resource_index/rosidl_interfaces/battery_interfaces
[3.839s] -- Installing: /home/prajesh/my_ws/install/battery_interfaces/include/battery_interfaces/battery_interfaces
[3.840s] -- Installing: /home/prajesh/my_ws/install/battery_interfaces/include/battery_interfaces/battery_interfaces/msg
[3.840s] -- Installing: /home/prajesh/my_ws/install/battery_interfaces/include/battery_interfaces/battery_interfaces/msg/rosidl_generator_c__visibility_control.h
[3.840s] -- Installing: /home/prajesh/my_ws/install/battery_interfaces/include/battery_interfaces/battery_interfaces/srv
[3.840s] -- Installing: /home/prajesh/my_ws/install/battery_interfaces/include/battery_interfaces/battery_interfaces/srv/battery_status.h
[3.840s] -- Installing: /home/prajesh/my_ws/install/battery_interfaces/include/battery_interfaces/battery_interfaces/srv/detail
[3.840s] -- Installing: /home/prajesh/my_ws/install/battery_interfaces/include/battery_interfaces/battery_interfaces/srv/detail/battery_status__functions.c
[3.840s] -- Installing: /home/prajesh/my_ws/install/battery_interfaces/include/battery_interfaces/battery_interfaces/srv/detail/battery_status__functions.h
[3.840s] -- Installing: /home/prajesh/my_ws/install/battery_interfaces/include/battery_interfaces/battery_interfaces/srv/detail/battery_status__struct.h
[3.840s] -- Installing: /home/prajesh/my_ws/install/battery_interfaces/include/battery_interfaces/battery_interfaces/srv/detail/battery_status__type_support.h
[3.840s] -- Installing: /home/prajesh/my_ws/install/battery_interfaces/share/battery_interfaces/environment/library_path.sh
[3.841s] -- Installing: /home/prajesh/my_ws/install/battery_interfaces/share/battery_interfaces/environment/library_path.dsv
[3.841s] -- Installing: /home/prajesh/my_ws/install/battery_interfaces/lib/libbattery_interfaces__rosidl_generator_c.so
[3.841s] -- Set runtime path of "/home/prajesh/my_ws/install/battery_interfaces/lib/libbattery_interfaces__rosidl_generator_c.so" to ""
[3.841s] -- Up-to-date: /home/prajesh/my_ws/install/battery_interfaces/include/battery_interfaces/battery_interfaces
[3.841s] -- Up-to-date: /home/prajesh/my_ws/install/battery_interfaces/include/battery_interfaces/battery_interfaces/msg
[3.841s] -- Installing: /home/prajesh/my_ws/install/battery_interfaces/include/battery_interfaces/battery_interfaces/msg/rosidl_typesupport_fastrtps_c__visibility_control.h
[3.841s] -- Up-to-date: /home/prajesh/my_ws/install/battery_interfaces/include/battery_interfaces/battery_interfaces/srv
[3.841s] -- Up-to-date: /home/prajesh/my_ws/install/battery_interfaces/include/battery_interfaces/battery_interfaces/srv/detail
[3.842s] -- Installing: /home/prajesh/my_ws/install/battery_interfaces/include/battery_interfaces/battery_interfaces/srv/detail/battery_status__rosidl_typesupport_fastrtps_c.h
[3.842s] -- Installing: /home/prajesh/my_ws/install/battery_interfaces/lib/libbattery_interfaces__rosidl_typesupport_fastrtps_c.so
[3.842s] -- Set runtime path of "/home/prajesh/my_ws/install/battery_interfaces/lib/libbattery_interfaces__rosidl_typesupport_fastrtps_c.so" to ""
[3.842s] -- Up-to-date: /home/prajesh/my_ws/install/battery_interfaces/include/battery_interfaces/battery_interfaces
[3.842s] -- Up-to-date: /home/prajesh/my_ws/install/battery_interfaces/include/battery_interfaces/battery_interfaces/msg
[3.842s] -- Installing: /home/prajesh/my_ws/install/battery_interfaces/include/battery_interfaces/battery_interfaces/msg/rosidl_typesupport_introspection_c__visibility_control.h
[3.842s] -- Up-to-date: /home/prajesh/my_ws/install/battery_interfaces/include/battery_interfaces/battery_interfaces/srv
[3.842s] -- Up-to-date: /home/prajesh/my_ws/install/battery_interfaces/include/battery_interfaces/battery_interfaces/srv/detail
[3.842s] -- Installing: /home/prajesh/my_ws/install/battery_interfaces/include/battery_interfaces/battery_interfaces/srv/detail/battery_status__rosidl_typesupport_introspection_c.h
[3.842s] -- Installing: /home/prajesh/my_ws/install/battery_interfaces/include/battery_interfaces/battery_interfaces/srv/detail/battery_status__type_support.c
[3.842s] -- Installing: /home/prajesh/my_ws/install/battery_interfaces/lib/libbattery_interfaces__rosidl_typesupport_introspection_c.so
[3.843s] -- Set runtime path of "/home/prajesh/my_ws/install/battery_interfaces/lib/libbattery_interfaces__rosidl_typesupport_introspection_c.so" to ""
[3.843s] -- Installing: /home/prajesh/my_ws/install/battery_interfaces/lib/libbattery_interfaces__rosidl_typesupport_c.so
[3.843s] -- Set runtime path of "/home/prajesh/my_ws/install/battery_interfaces/lib/libbattery_interfaces__rosidl_typesupport_c.so" to ""
[3.843s] -- Up-to-date: /home/prajesh/my_ws/install/battery_interfaces/include/battery_interfaces/battery_interfaces
[3.843s] -- Up-to-date: /home/prajesh/my_ws/install/battery_interfaces/include/battery_interfaces/battery_interfaces/srv
[3.844s] -- Up-to-date: /home/prajesh/my_ws/install/battery_interfaces/include/battery_interfaces/battery_interfaces/srv/detail
[3.844s] -- Installing: /home/prajesh/my_ws/install/battery_interfaces/include/battery_interfaces/battery_interfaces/srv/detail/battery_status__builder.hpp
[3.844s] -- Installing: /home/prajesh/my_ws/install/battery_interfaces/include/battery_interfaces/battery_interfaces/srv/detail/battery_status__struct.hpp
[3.844s] -- Installing: /home/prajesh/my_ws/install/battery_interfaces/include/battery_interfaces/battery_interfaces/srv/detail/battery_status__traits.hpp
[3.844s] -- Installing: /home/prajesh/my_ws/install/battery_interfaces/include/battery_interfaces/battery_interfaces/srv/battery_status.hpp
[3.844s] -- Up-to-date: /home/prajesh/my_ws/install/battery_interfaces/include/battery_interfaces/battery_interfaces
[3.844s] -- Up-to-date: /home/prajesh/my_ws/install/battery_interfaces/include/battery_interfaces/battery_interfaces/msg
[3.845s] -- Installing: /home/prajesh/my_ws/install/battery_interfaces/include/battery_interfaces/battery_interfaces/msg/rosidl_typesupport_fastrtps_cpp__visibility_control.h
[3.845s] -- Up-to-date: /home/prajesh/my_ws/install/battery_interfaces/include/battery_interfaces/battery_interfaces/srv
[3.845s] -- Up-to-date: /home/prajesh/my_ws/install/battery_interfaces/include/battery_interfaces/battery_interfaces/srv/detail
[3.845s] -- Installing: /home/prajesh/my_ws/install/battery_interfaces/include/battery_interfaces/battery_interfaces/srv/detail/dds_fastrtps
[3.845s] -- Installing: /home/prajesh/my_ws/install/battery_interfaces/include/battery_interfaces/battery_interfaces/srv/detail/battery_status__rosidl_typesupport_fastrtps_cpp.hpp
[3.845s] -- Installing: /home/prajesh/my_ws/install/battery_interfaces/lib/libbattery_interfaces__rosidl_typesupport_fastrtps_cpp.so
[3.846s] -- Set runtime path of "/home/prajesh/my_ws/install/battery_interfaces/lib/libbattery_interfaces__rosidl_typesupport_fastrtps_cpp.so" to ""
[3.846s] -- Up-to-date: /home/prajesh/my_ws/install/battery_interfaces/include/battery_interfaces/battery_interfaces
[3.846s] -- Up-to-date: /home/prajesh/my_ws/install/battery_interfaces/include/battery_interfaces/battery_interfaces/srv
[3.846s] -- Up-to-date: /home/prajesh/my_ws/install/battery_interfaces/include/battery_interfaces/battery_interfaces/srv/detail
[3.846s] -- Installing: /home/prajesh/my_ws/install/battery_interfaces/include/battery_interfaces/battery_interfaces/srv/detail/battery_status__rosidl_typesupport_introspection_cpp.hpp
[3.846s] -- Installing: /home/prajesh/my_ws/install/battery_interfaces/include/battery_interfaces/battery_interfaces/srv/detail/battery_status__type_support.cpp
[3.847s] -- Installing: /home/prajesh/my_ws/install/battery_interfaces/lib/libbattery_interfaces__rosidl_typesupport_introspection_cpp.so
[3.847s] -- Set runtime path of "/home/prajesh/my_ws/install/battery_interfaces/lib/libbattery_interfaces__rosidl_typesupport_introspection_cpp.so" to ""
[3.847s] -- Installing: /home/prajesh/my_ws/install/battery_interfaces/lib/libbattery_interfaces__rosidl_typesupport_cpp.so
[3.847s] -- Set runtime path of "/home/prajesh/my_ws/install/battery_interfaces/lib/libbattery_interfaces__rosidl_typesupport_cpp.so" to ""
[3.847s] -- Installing: /home/prajesh/my_ws/install/battery_interfaces/share/battery_interfaces/environment/pythonpath.sh
[3.847s] -- Installing: /home/prajesh/my_ws/install/battery_interfaces/share/battery_interfaces/environment/pythonpath.dsv
[3.847s] -- Installing: /home/prajesh/my_ws/install/battery_interfaces/local/lib/python3.10/dist-packages/battery_interfaces-0.0.0-py3.10.egg-info
[3.847s] -- Installing: /home/prajesh/my_ws/install/battery_interfaces/local/lib/python3.10/dist-packages/battery_interfaces-0.0.0-py3.10.egg-info/SOURCES.txt
[3.847s] -- Installing: /home/prajesh/my_ws/install/battery_interfaces/local/lib/python3.10/dist-packages/battery_interfaces-0.0.0-py3.10.egg-info/top_level.txt
[3.847s] -- Installing: /home/prajesh/my_ws/install/battery_interfaces/local/lib/python3.10/dist-packages/battery_interfaces-0.0.0-py3.10.egg-info/dependency_links.txt
[3.847s] -- Installing: /home/prajesh/my_ws/install/battery_interfaces/local/lib/python3.10/dist-packages/battery_interfaces-0.0.0-py3.10.egg-info/PKG-INFO
[3.847s] -- Installing: /home/prajesh/my_ws/install/battery_interfaces/local/lib/python3.10/dist-packages/battery_interfaces
[3.848s] -- Installing: /home/prajesh/my_ws/install/battery_interfaces/local/lib/python3.10/dist-packages/battery_interfaces/_battery_interfaces_s.ep.rosidl_typesupport_c.c
[3.848s] -- Installing: /home/prajesh/my_ws/install/battery_interfaces/local/lib/python3.10/dist-packages/battery_interfaces/battery_interfaces_s__rosidl_typesupport_fastrtps_c.cpython-310-x86_64-linux-gnu.so
[3.848s] -- Installing: /home/prajesh/my_ws/install/battery_interfaces/local/lib/python3.10/dist-packages/battery_interfaces/__init__.py
[3.848s] -- Installing: /home/prajesh/my_ws/install/battery_interfaces/local/lib/python3.10/dist-packages/battery_interfaces/_battery_interfaces_s.ep.rosidl_typesupport_fastrtps_c.c
[3.848s] -- Installing: /home/prajesh/my_ws/install/battery_interfaces/local/lib/python3.10/dist-packages/battery_interfaces/battery_interfaces_s__rosidl_typesupport_c.cpython-310-x86_64-linux-gnu.so
[3.848s] -- Installing: /home/prajesh/my_ws/install/battery_interfaces/local/lib/python3.10/dist-packages/battery_interfaces/_battery_interfaces_s.ep.rosidl_typesupport_introspection_c.c
[3.848s] -- Installing: /home/prajesh/my_ws/install/battery_interfaces/local/lib/python3.10/dist-packages/battery_interfaces/battery_interfaces_s__rosidl_typesupport_introspection_c.cpython-310-x86_64-linux-gnu.so
[3.848s] -- Installing: /home/prajesh/my_ws/install/battery_interfaces/local/lib/python3.10/dist-packages/battery_interfaces/srv
[3.848s] -- Installing: /home/prajesh/my_ws/install/battery_interfaces/local/lib/python3.10/dist-packages/battery_interfaces/srv/__init__.py
[3.848s] -- Installing: /home/prajesh/my_ws/install/battery_interfaces/local/lib/python3.10/dist-packages/battery_interfaces/srv/_battery_status_s.c
[3.848s] -- Installing: /home/prajesh/my_ws/install/battery_interfaces/local/lib/python3.10/dist-packages/battery_interfaces/srv/_battery_status.py
[3.848s] -- Installing: /home/prajesh/my_ws/install/battery_interfaces/local/lib/python3.10/dist-packages/battery_interfaces/libbattery_interfaces__rosidl_generator_py.so
[3.876s] Listing '/home/prajesh/my_ws/install/battery_interfaces/local/lib/python3.10/dist-packages/battery_interfaces'...
[3.876s] Compiling '/home/prajesh/my_ws/install/battery_interfaces/local/lib/python3.10/dist-packages/battery_interfaces/__init__.py'...
[3.876s] Listing '/home/prajesh/my_ws/install/battery_interfaces/local/lib/python3.10/dist-packages/battery_interfaces/srv'...
[3.876s] Compiling '/home/prajesh/my_ws/install/battery_interfaces/local/lib/python3.10/dist-packages/battery_interfaces/srv/__init__.py'...
[3.876s] Compiling '/home/prajesh/my_ws/install/battery_interfaces/local/lib/python3.10/dist-packages/battery_interfaces/srv/_battery_status.py'...
[3.879s] -- Installing: /home/prajesh/my_ws/install/battery_interfaces/local/lib/python3.10/dist-packages/battery_interfaces/battery_interfaces_s__rosidl_typesupport_fastrtps_c.cpython-310-x86_64-linux-gnu.so
[3.879s] -- Set runtime path of "/home/prajesh/my_ws/install/battery_interfaces/local/lib/python3.10/dist-packages/battery_interfaces/battery_interfaces_s__rosidl_typesupport_fastrtps_c.cpython-310-x86_64-linux-gnu.so" to ""
[3.879s] -- Installing: /home/prajesh/my_ws/install/battery_interfaces/local/lib/python3.10/dist-packages/battery_interfaces/battery_interfaces_s__rosidl_typesupport_introspection_c.cpython-310-x86_64-linux-gnu.so
[3.880s] -- Set runtime path of "/home/prajesh/my_ws/install/battery_interfaces/local/lib/python3.10/dist-packages/battery_interfaces/battery_interfaces_s__rosidl_typesupport_introspection_c.cpython-310-x86_64-linux-gnu.so" to ""
[3.880s] -- Installing: /home/prajesh/my_ws/install/battery_interfaces/local/lib/python3.10/dist-packages/battery_interfaces/battery_interfaces_s__rosidl_typesupport_c.cpython-310-x86_64-linux-gnu.so
[3.880s] -- Set runtime path of "/home/prajesh/my_ws/install/battery_interfaces/local/lib/python3.10/dist-packages/battery_interfaces/battery_interfaces_s__rosidl_typesupport_c.cpython-310-x86_64-linux-gnu.so" to ""
[3.880s] -- Installing: /home/prajesh/my_ws/install/battery_interfaces/lib/libbattery_interfaces__rosidl_generator_py.so
[3.880s] -- Set runtime path of "/home/prajesh/my_ws/install/battery_interfaces/lib/libbattery_interfaces__rosidl_generator_py.so" to ""
[3.881s] -- Installing: /home/prajesh/my_ws/install/battery_interfaces/share/battery_interfaces/srv/BatteryStatus.idl
[3.881s] -- Installing: /home/prajesh/my_ws/install/battery_interfaces/share/battery_interfaces/srv/BatteryStatus.srv
[3.881s] -- Installing: /home/prajesh/my_ws/install/battery_interfaces/share/battery_interfaces/srv/BatteryStatus_Request.msg
[3.881s] -- Installing: /home/prajesh/my_ws/install/battery_interfaces/share/battery_interfaces/srv/BatteryStatus_Response.msg
[3.881s] -- Installing: /home/prajesh/my_ws/install/battery_interfaces/share/ament_index/resource_index/package_run_dependencies/battery_interfaces
[3.881s] -- Installing: /home/prajesh/my_ws/install/battery_interfaces/share/ament_index/resource_index/parent_prefix_path/battery_interfaces
[3.881s] -- Installing: /home/prajesh/my_ws/install/battery_interfaces/share/battery_interfaces/environment/ament_prefix_path.sh
[3.881s] -- Installing: /home/prajesh/my_ws/install/battery_interfaces/share/battery_interfaces/environment/ament_prefix_path.dsv
[3.881s] -- Installing: /home/prajesh/my_ws/install/battery_interfaces/share/battery_interfaces/environment/path.sh
[3.881s] -- Installing: /home/prajesh/my_ws/install/battery_interfaces/share/battery_interfaces/environment/path.dsv
[3.882s] -- Installing: /home/prajesh/my_ws/install/battery_interfaces/share/battery_interfaces/local_setup.bash
[3.882s] -- Installing: /home/prajesh/my_ws/install/battery_interfaces/share/battery_interfaces/local_setup.sh
[3.882s] -- Installing: /home/prajesh/my_ws/install/battery_interfaces/share/battery_interfaces/local_setup.zsh
[3.882s] -- Installing: /home/prajesh/my_ws/install/battery_interfaces/share/battery_interfaces/local_setup.dsv
[3.882s] -- Installing: /home/prajesh/my_ws/install/battery_interfaces/share/battery_interfaces/package.dsv
[3.882s] -- Installing: /home/prajesh/my_ws/install/battery_interfaces/share/ament_index/resource_index/packages/battery_interfaces
[3.882s] -- Installing: /home/prajesh/my_ws/install/battery_interfaces/share/battery_interfaces/cmake/export_battery_interfaces__rosidl_generator_cExport.cmake
[3.883s] -- Installing: /home/prajesh/my_ws/install/battery_interfaces/share/battery_interfaces/cmake/export_battery_interfaces__rosidl_generator_cExport-noconfig.cmake
[3.883s] -- Installing: /home/prajesh/my_ws/install/battery_interfaces/share/battery_interfaces/cmake/export_battery_interfaces__rosidl_typesupport_fastrtps_cExport.cmake
[3.883s] -- Installing: /home/prajesh/my_ws/install/battery_interfaces/share/battery_interfaces/cmake/export_battery_interfaces__rosidl_typesupport_fastrtps_cExport-noconfig.cmake
[3.883s] -- Installing: /home/prajesh/my_ws/install/battery_interfaces/share/battery_interfaces/cmake/battery_interfaces__rosidl_typesupport_introspection_cExport.cmake
[3.883s] -- Installing: /home/prajesh/my_ws/install/battery_interfaces/share/battery_interfaces/cmake/battery_interfaces__rosidl_typesupport_introspection_cExport-noconfig.cmake
[3.883s] -- Installing: /home/prajesh/my_ws/install/battery_interfaces/share/battery_interfaces/cmake/battery_interfaces__rosidl_typesupport_cExport.cmake
[3.883s] -- Installing: /home/prajesh/my_ws/install/battery_interfaces/share/battery_interfaces/cmake/battery_interfaces__rosidl_typesupport_cExport-noconfig.cmake
[3.883s] -- Installing: /home/prajesh/my_ws/install/battery_interfaces/share/battery_interfaces/cmake/export_battery_interfaces__rosidl_generator_cppExport.cmake
[3.883s] -- Installing: /home/prajesh/my_ws/install/battery_interfaces/share/battery_interfaces/cmake/export_battery_interfaces__rosidl_typesupport_fastrtps_cppExport.cmake
[3.883s] -- Installing: /home/prajesh/my_ws/install/battery_interfaces/share/battery_interfaces/cmake/export_battery_interfaces__rosidl_typesupport_fastrtps_cppExport-noconfig.cmake
[3.884s] -- Installing: /home/prajesh/my_ws/install/battery_interfaces/share/battery_interfaces/cmake/battery_interfaces__rosidl_typesupport_introspection_cppExport.cmake
[3.884s] -- Installing: /home/prajesh/my_ws/install/battery_interfaces/share/battery_interfaces/cmake/battery_interfaces__rosidl_typesupport_introspection_cppExport-noconfig.cmake
[3.884s] -- Installing: /home/prajesh/my_ws/install/battery_interfaces/share/battery_interfaces/cmake/battery_interfaces__rosidl_typesupport_cppExport.cmake
[3.884s] -- Installing: /home/prajesh/my_ws/install/battery_interfaces/share/battery_interfaces/cmake/battery_interfaces__rosidl_typesupport_cppExport-noconfig.cmake
[3.884s] -- Installing: /home/prajesh/my_ws/install/battery_interfaces/share/battery_interfaces/cmake/export_battery_interfaces__rosidl_generator_pyExport.cmake
[3.884s] -- Installing: /home/prajesh/my_ws/install/battery_interfaces/share/battery_interfaces/cmake/export_battery_interfaces__rosidl_generator_pyExport-noconfig.cmake
[3.884s] -- Installing: /home/prajesh/my_ws/install/battery_interfaces/share/battery_interfaces/cmake/rosidl_cmake-extras.cmake
[3.884s] -- Installing: /home/prajesh/my_ws/install/battery_interfaces/share/battery_interfaces/cmake/ament_cmake_export_include_directories-extras.cmake
[3.885s] -- Installing: /home/prajesh/my_ws/install/battery_interfaces/share/battery_interfaces/cmake/ament_cmake_export_libraries-extras.cmake
[3.885s] -- Installing: /home/prajesh/my_ws/install/battery_interfaces/share/battery_interfaces/cmake/ament_cmake_export_targets-extras.cmake
[3.885s] -- Installing: /home/prajesh/my_ws/install/battery_interfaces/share/battery_interfaces/cmake/rosidl_cmake_export_typesupport_targets-extras.cmake
[3.885s] -- Installing: /home/prajesh/my_ws/install/battery_interfaces/share/battery_interfaces/cmake/ament_cmake_export_dependencies-extras.cmake
[3.885s] -- Installing: /home/prajesh/my_ws/install/battery_interfaces/share/battery_interfaces/cmake/rosidl_cmake_export_typesupport_libraries-extras.cmake
[3.885s] -- Installing: /home/prajesh/my_ws/install/battery_interfaces/share/battery_interfaces/cmake/battery_interfacesConfig.cmake
[3.885s] -- Installing: /home/prajesh/my_ws/install/battery_interfaces/share/battery_interfaces/cmake/battery_interfacesConfig-version.cmake
[3.885s] -- Installing: /home/prajesh/my_ws/install/battery_interfaces/share/battery_interfaces/package.xml
[3.892s] Invoked command in '/home/prajesh/my_ws/build/battery_interfaces' returned '0': CMAKE_PREFIX_PATH=${CMAKE_PREFIX_PATH}:/home/prajesh/my_ws/install/py_server_test:/home/prajesh/my_ws/install/my_py_pkg:/opt/ros/humble /usr/bin/cmake --install /home/prajesh/my_ws/build/battery_interfaces
