[0.056s] Invoking command in '/home/prajesh/my_ws/build/led_system': CMAKE_PREFIX_PATH=/home/prajesh/my_ws/install/battery_interfaces:/home/prajesh/my_ws/install/my_robot_interfaces:/home/prajesh/my_ws/install/my_cpp_pkg:/home/prajesh/my_ws/install/led_system:/home/prajesh/my_ws/install/cpp_test_pkg:/home/prajesh/my_ws/install/cpp_service_test:/home/prajesh/my_ws/install/cpp_practice:/home/prajesh/tbot_ws/install/turtlebot3_simulations:/home/prajesh/tbot_ws/install/turtlebot3_gazebo:/home/prajesh/tbot_ws/install/turtlebot3_fake_node:/home/prajesh/my_ws/install/py_server_test:/home/prajesh/my_ws/install/my_py_pkg:/opt/ros/humble LD_LIBRARY_PATH=/home/prajesh/my_ws/install/battery_interfaces/lib:/home/prajesh/my_ws/install/my_robot_interfaces/lib:/usr/lib/x86_64-linux-gnu/gazebo-11/plugins:/opt/ros/humble/opt/rviz_ogre_vendor/lib:/opt/ros/humble/lib/x86_64-linux-gnu:/opt/ros/humble/lib /usr/bin/cmake --build /home/prajesh/my_ws/build/led_system -- -j4 -l4
[0.116s] [35m[1mConsolidate compiler generated dependencies of target led_client[0m
[0.154s] [ 50%] Built target led_client
[0.171s] [ 75%] [32mBuilding CXX object CMakeFiles/battery_server.dir/src/battery_server.cpp.o[0m
[5.968s] [100%] [32m[1mLinking CXX executable battery_server[0m
[6.288s] [100%] Built target battery_server
[6.305s] Invoked command in '/home/prajesh/my_ws/build/led_system' returned '0': CMAKE_PREFIX_PATH=/home/prajesh/my_ws/install/battery_interfaces:/home/prajesh/my_ws/install/my_robot_interfaces:/home/prajesh/my_ws/install/my_cpp_pkg:/home/prajesh/my_ws/install/led_system:/home/prajesh/my_ws/install/cpp_test_pkg:/home/prajesh/my_ws/install/cpp_service_test:/home/prajesh/my_ws/install/cpp_practice:/home/prajesh/tbot_ws/install/turtlebot3_simulations:/home/prajesh/tbot_ws/install/turtlebot3_gazebo:/home/prajesh/tbot_ws/install/turtlebot3_fake_node:/home/prajesh/my_ws/install/py_server_test:/home/prajesh/my_ws/install/my_py_pkg:/opt/ros/humble LD_LIBRARY_PATH=/home/prajesh/my_ws/install/battery_interfaces/lib:/home/prajesh/my_ws/install/my_robot_interfaces/lib:/usr/lib/x86_64-linux-gnu/gazebo-11/plugins:/opt/ros/humble/opt/rviz_ogre_vendor/lib:/opt/ros/humble/lib/x86_64-linux-gnu:/opt/ros/humble/lib /usr/bin/cmake --build /home/prajesh/my_ws/build/led_system -- -j4 -l4
[6.334s] Invoking command in '/home/prajesh/my_ws/build/led_system': CMAKE_PREFIX_PATH=/home/prajesh/my_ws/install/battery_interfaces:/home/prajesh/my_ws/install/my_robot_interfaces:/home/prajesh/my_ws/install/my_cpp_pkg:/home/prajesh/my_ws/install/led_system:/home/prajesh/my_ws/install/cpp_test_pkg:/home/prajesh/my_ws/install/cpp_service_test:/home/prajesh/my_ws/install/cpp_practice:/home/prajesh/tbot_ws/install/turtlebot3_simulations:/home/prajesh/tbot_ws/install/turtlebot3_gazebo:/home/prajesh/tbot_ws/install/turtlebot3_fake_node:/home/prajesh/my_ws/install/py_server_test:/home/prajesh/my_ws/install/my_py_pkg:/opt/ros/humble LD_LIBRARY_PATH=/home/prajesh/my_ws/install/battery_interfaces/lib:/home/prajesh/my_ws/install/my_robot_interfaces/lib:/usr/lib/x86_64-linux-gnu/gazebo-11/plugins:/opt/ros/humble/opt/rviz_ogre_vendor/lib:/opt/ros/humble/lib/x86_64-linux-gnu:/opt/ros/humble/lib /usr/bin/cmake --install /home/prajesh/my_ws/build/led_system
[6.342s] -- Install configuration: ""
[6.344s] -- Up-to-date: /home/prajesh/my_ws/install/led_system/lib/led_system/led_client
[6.344s] -- Installing: /home/prajesh/my_ws/install/led_system/lib/led_system/battery_server
[6.344s] -- Set runtime path of "/home/prajesh/my_ws/install/led_system/lib/led_system/battery_server" to ""
[6.345s] -- Up-to-date: /home/prajesh/my_ws/install/led_system/share/ament_index/resource_index/package_run_dependencies/led_system
[6.345s] -- Up-to-date: /home/prajesh/my_ws/install/led_system/share/ament_index/resource_index/parent_prefix_path/led_system
[6.346s] -- Up-to-date: /home/prajesh/my_ws/install/led_system/share/led_system/environment/ament_prefix_path.sh
[6.346s] -- Up-to-date: /home/prajesh/my_ws/install/led_system/share/led_system/environment/ament_prefix_path.dsv
[6.346s] -- Up-to-date: /home/prajesh/my_ws/install/led_system/share/led_system/environment/path.sh
[6.347s] -- Up-to-date: /home/prajesh/my_ws/install/led_system/share/led_system/environment/path.dsv
[6.347s] -- Up-to-date: /home/prajesh/my_ws/install/led_system/share/led_system/local_setup.bash
[6.347s] -- Up-to-date: /home/prajesh/my_ws/install/led_system/share/led_system/local_setup.sh
[6.347s] -- Up-to-date: /home/prajesh/my_ws/install/led_system/share/led_system/local_setup.zsh
[6.347s] -- Up-to-date: /home/prajesh/my_ws/install/led_system/share/led_system/local_setup.dsv
[6.347s] -- Installing: /home/prajesh/my_ws/install/led_system/share/led_system/package.dsv
[6.347s] -- Up-to-date: /home/prajesh/my_ws/install/led_system/share/ament_index/resource_index/packages/led_system
[6.347s] -- Up-to-date: /home/prajesh/my_ws/install/led_system/share/led_system/cmake/led_systemConfig.cmake
[6.347s] -- Up-to-date: /home/prajesh/my_ws/install/led_system/share/led_system/cmake/led_systemConfig-version.cmake
[6.347s] -- Up-to-date: /home/prajesh/my_ws/install/led_system/share/led_system/package.xml
[6.349s] Invoked command in '/home/prajesh/my_ws/build/led_system' returned '0': CMAKE_PREFIX_PATH=/home/prajesh/my_ws/install/battery_interfaces:/home/prajesh/my_ws/install/my_robot_interfaces:/home/prajesh/my_ws/install/my_cpp_pkg:/home/prajesh/my_ws/install/led_system:/home/prajesh/my_ws/install/cpp_test_pkg:/home/prajesh/my_ws/install/cpp_service_test:/home/prajesh/my_ws/install/cpp_practice:/home/prajesh/tbot_ws/install/turtlebot3_simulations:/home/prajesh/tbot_ws/install/turtlebot3_gazebo:/home/prajesh/tbot_ws/install/turtlebot3_fake_node:/home/prajesh/my_ws/install/py_server_test:/home/prajesh/my_ws/install/my_py_pkg:/opt/ros/humble LD_LIBRARY_PATH=/home/prajesh/my_ws/install/battery_interfaces/lib:/home/prajesh/my_ws/install/my_robot_interfaces/lib:/usr/lib/x86_64-linux-gnu/gazebo-11/plugins:/opt/ros/humble/opt/rviz_ogre_vendor/lib:/opt/ros/humble/lib/x86_64-linux-gnu:/opt/ros/humble/lib /usr/bin/cmake --install /home/prajesh/my_ws/build/led_system
