[0.029s] Invoking command in '/home/prajesh/my_ws/build/battery_interfaces': CMAKE_PREFIX_PATH=${CMAKE_PREFIX_PATH}:/home/prajesh/my_ws/install/py_server_test:/home/prajesh/my_ws/install/py_final_project:/home/prajesh/my_ws/install/my_py_pkg:/opt/ros/humble /usr/bin/cmake --build /home/prajesh/my_ws/build/battery_interfaces -- -j4 -l4
[0.093s] [ 10%] Built target battery_interfaces__rosidl_generator_c
[0.123s] [ 10%] Built target ament_cmake_python_copy_battery_interfaces
[0.128s] [ 12%] Built target battery_interfaces__cpp
[0.152s] [ 23%] Built target battery_interfaces__rosidl_typesupport_fastrtps_c
[0.170s] [ 33%] Built target battery_interfaces__rosidl_typesupport_introspection_c
[0.194s] [ 43%] Built target battery_interfaces__rosidl_typesupport_c
[0.194s] [ 53%] Built target battery_interfaces__rosidl_typesupport_fastrtps_cpp
[0.207s] [ 64%] Built target battery_interfaces__rosidl_typesupport_cpp
[0.221s] [ 74%] Built target battery_interfaces__rosidl_typesupport_introspection_cpp
[0.242s] [ 74%] Built target battery_interfaces
[0.284s] [ 76%] Built target battery_interfaces__py
[0.302s] [ 84%] Built target battery_interfaces__rosidl_generator_py
[0.377s] [ 89%] Built target battery_interfaces__rosidl_typesupport_c__pyext
[0.381s] [ 94%] Built target battery_interfaces__rosidl_typesupport_fastrtps_c__pyext
[0.387s] [100%] Built target battery_interfaces__rosidl_typesupport_introspection_c__pyext
[0.519s] running egg_info
[0.520s] writing battery_interfaces.egg-info/PKG-INFO
[0.520s] writing dependency_links to battery_interfaces.egg-info/dependency_links.txt
[0.521s] writing top-level names to battery_interfaces.egg-info/top_level.txt
[0.525s] reading manifest file 'battery_interfaces.egg-info/SOURCES.txt'
[0.526s] writing manifest file 'battery_interfaces.egg-info/SOURCES.txt'
[0.596s] [100%] Built target ament_cmake_python_build_battery_interfaces_egg
[0.619s] Invoked command in '/home/prajesh/my_ws/build/battery_interfaces' returned '0': CMAKE_PREFIX_PATH=${CMAKE_PREFIX_PATH}:/home/prajesh/my_ws/install/py_server_test:/home/prajesh/my_ws/install/py_final_project:/home/prajesh/my_ws/install/my_py_pkg:/opt/ros/humble /usr/bin/cmake --build /home/prajesh/my_ws/build/battery_interfaces -- -j4 -l4
[0.795s] Invoking command in '/home/prajesh/my_ws/build/battery_interfaces': CMAKE_PREFIX_PATH=${CMAKE_PREFIX_PATH}:/home/prajesh/my_ws/install/py_server_test:/home/prajesh/my_ws/install/py_final_project:/home/prajesh/my_ws/install/my_py_pkg:/opt/ros/humble /usr/bin/cmake --install /home/prajesh/my_ws/build/battery_interfaces
[1.107s] -- Install configuration: ""
[1.107s] -- Up-to-date: /home/prajesh/my_ws/install/battery_interfaces/share/ament_index/resource_index/rosidl_interfaces/battery_interfaces
[1.107s] -- Up-to-date: /home/prajesh/my_ws/install/battery_interfaces/include/battery_interfaces/battery_interfaces
[1.107s] -- Up-to-date: /home/prajesh/my_ws/install/battery_interfaces/include/battery_interfaces/battery_interfaces/msg
[1.107s] -- Up-to-date: /home/prajesh/my_ws/install/battery_interfaces/include/battery_interfaces/battery_interfaces/msg/led_state.h
[1.107s] -- Up-to-date: /home/prajesh/my_ws/install/battery_interfaces/include/battery_interfaces/battery_interfaces/msg/detail
[1.107s] -- Up-to-date: /home/prajesh/my_ws/install/battery_interfaces/include/battery_interfaces/battery_interfaces/msg/detail/led_state__functions.c
[1.107s] -- Up-to-date: /home/prajesh/my_ws/install/battery_interfaces/include/battery_interfaces/battery_interfaces/msg/detail/led_state__functions.h
[1.107s] -- Up-to-date: /home/prajesh/my_ws/install/battery_interfaces/include/battery_interfaces/battery_interfaces/msg/detail/led_state__struct.h
[1.107s] -- Up-to-date: /home/prajesh/my_ws/install/battery_interfaces/include/battery_interfaces/battery_interfaces/msg/detail/led_state__type_support.h
[1.107s] -- Up-to-date: /home/prajesh/my_ws/install/battery_interfaces/include/battery_interfaces/battery_interfaces/msg/rosidl_generator_c__visibility_control.h
[1.108s] -- Up-to-date: /home/prajesh/my_ws/install/battery_interfaces/include/battery_interfaces/battery_interfaces/srv
[1.108s] -- Up-to-date: /home/prajesh/my_ws/install/battery_interfaces/include/battery_interfaces/battery_interfaces/srv/battery_status.h
[1.108s] -- Up-to-date: /home/prajesh/my_ws/install/battery_interfaces/include/battery_interfaces/battery_interfaces/srv/detail
[1.108s] -- Up-to-date: /home/prajesh/my_ws/install/battery_interfaces/include/battery_interfaces/battery_interfaces/srv/detail/battery_status__functions.c
[1.108s] -- Up-to-date: /home/prajesh/my_ws/install/battery_interfaces/include/battery_interfaces/battery_interfaces/srv/detail/battery_status__functions.h
[1.108s] -- Up-to-date: /home/prajesh/my_ws/install/battery_interfaces/include/battery_interfaces/battery_interfaces/srv/detail/battery_status__struct.h
[1.108s] -- Up-to-date: /home/prajesh/my_ws/install/battery_interfaces/include/battery_interfaces/battery_interfaces/srv/detail/battery_status__type_support.h
[1.108s] -- Up-to-date: /home/prajesh/my_ws/install/battery_interfaces/share/battery_interfaces/environment/library_path.sh
[1.108s] -- Up-to-date: /home/prajesh/my_ws/install/battery_interfaces/share/battery_interfaces/environment/library_path.dsv
[1.108s] -- Up-to-date: /home/prajesh/my_ws/install/battery_interfaces/lib/libbattery_interfaces__rosidl_generator_c.so
[1.108s] -- Up-to-date: /home/prajesh/my_ws/install/battery_interfaces/include/battery_interfaces/battery_interfaces
[1.108s] -- Up-to-date: /home/prajesh/my_ws/install/battery_interfaces/include/battery_interfaces/battery_interfaces/msg
[1.108s] -- Up-to-date: /home/prajesh/my_ws/install/battery_interfaces/include/battery_interfaces/battery_interfaces/msg/detail
[1.108s] -- Up-to-date: /home/prajesh/my_ws/install/battery_interfaces/include/battery_interfaces/battery_interfaces/msg/detail/led_state__rosidl_typesupport_fastrtps_c.h
[1.109s] -- Up-to-date: /home/prajesh/my_ws/install/battery_interfaces/include/battery_interfaces/battery_interfaces/msg/rosidl_typesupport_fastrtps_c__visibility_control.h
[1.109s] -- Up-to-date: /home/prajesh/my_ws/install/battery_interfaces/include/battery_interfaces/battery_interfaces/srv
[1.109s] -- Up-to-date: /home/prajesh/my_ws/install/battery_interfaces/include/battery_interfaces/battery_interfaces/srv/detail
[1.109s] -- Up-to-date: /home/prajesh/my_ws/install/battery_interfaces/include/battery_interfaces/battery_interfaces/srv/detail/battery_status__rosidl_typesupport_fastrtps_c.h
[1.109s] -- Up-to-date: /home/prajesh/my_ws/install/battery_interfaces/lib/libbattery_interfaces__rosidl_typesupport_fastrtps_c.so
[1.109s] -- Up-to-date: /home/prajesh/my_ws/install/battery_interfaces/include/battery_interfaces/battery_interfaces
[1.109s] -- Up-to-date: /home/prajesh/my_ws/install/battery_interfaces/include/battery_interfaces/battery_interfaces/msg
[1.109s] -- Up-to-date: /home/prajesh/my_ws/install/battery_interfaces/include/battery_interfaces/battery_interfaces/msg/rosidl_typesupport_introspection_c__visibility_control.h
[1.109s] -- Up-to-date: /home/prajesh/my_ws/install/battery_interfaces/include/battery_interfaces/battery_interfaces/msg/detail
[1.109s] -- Up-to-date: /home/prajesh/my_ws/install/battery_interfaces/include/battery_interfaces/battery_interfaces/msg/detail/led_state__type_support.c
[1.109s] -- Up-to-date: /home/prajesh/my_ws/install/battery_interfaces/include/battery_interfaces/battery_interfaces/msg/detail/led_state__rosidl_typesupport_introspection_c.h
[1.109s] -- Up-to-date: /home/prajesh/my_ws/install/battery_interfaces/include/battery_interfaces/battery_interfaces/srv
[1.109s] -- Up-to-date: /home/prajesh/my_ws/install/battery_interfaces/include/battery_interfaces/battery_interfaces/srv/detail
[1.109s] -- Up-to-date: /home/prajesh/my_ws/install/battery_interfaces/include/battery_interfaces/battery_interfaces/srv/detail/battery_status__rosidl_typesupport_introspection_c.h
[1.110s] -- Up-to-date: /home/prajesh/my_ws/install/battery_interfaces/include/battery_interfaces/battery_interfaces/srv/detail/battery_status__type_support.c
[1.110s] -- Up-to-date: /home/prajesh/my_ws/install/battery_interfaces/lib/libbattery_interfaces__rosidl_typesupport_introspection_c.so
[1.110s] -- Up-to-date: /home/prajesh/my_ws/install/battery_interfaces/lib/libbattery_interfaces__rosidl_typesupport_c.so
[1.110s] -- Up-to-date: /home/prajesh/my_ws/install/battery_interfaces/include/battery_interfaces/battery_interfaces
[1.110s] -- Up-to-date: /home/prajesh/my_ws/install/battery_interfaces/include/battery_interfaces/battery_interfaces/msg
[1.110s] -- Up-to-date: /home/prajesh/my_ws/install/battery_interfaces/include/battery_interfaces/battery_interfaces/msg/led_state.hpp
[1.110s] -- Up-to-date: /home/prajesh/my_ws/install/battery_interfaces/include/battery_interfaces/battery_interfaces/msg/detail
[1.110s] -- Up-to-date: /home/prajesh/my_ws/install/battery_interfaces/include/battery_interfaces/battery_interfaces/msg/detail/led_state__struct.hpp
[1.110s] -- Up-to-date: /home/prajesh/my_ws/install/battery_interfaces/include/battery_interfaces/battery_interfaces/msg/detail/led_state__builder.hpp
[1.110s] -- Up-to-date: /home/prajesh/my_ws/install/battery_interfaces/include/battery_interfaces/battery_interfaces/msg/detail/led_state__traits.hpp
[1.110s] -- Up-to-date: /home/prajesh/my_ws/install/battery_interfaces/include/battery_interfaces/battery_interfaces/srv
[1.110s] -- Up-to-date: /home/prajesh/my_ws/install/battery_interfaces/include/battery_interfaces/battery_interfaces/srv/detail
[1.110s] -- Up-to-date: /home/prajesh/my_ws/install/battery_interfaces/include/battery_interfaces/battery_interfaces/srv/detail/battery_status__builder.hpp
[1.110s] -- Up-to-date: /home/prajesh/my_ws/install/battery_interfaces/include/battery_interfaces/battery_interfaces/srv/detail/battery_status__struct.hpp
[1.110s] -- Up-to-date: /home/prajesh/my_ws/install/battery_interfaces/include/battery_interfaces/battery_interfaces/srv/detail/battery_status__traits.hpp
[1.110s] -- Up-to-date: /home/prajesh/my_ws/install/battery_interfaces/include/battery_interfaces/battery_interfaces/srv/battery_status.hpp
[1.110s] -- Up-to-date: /home/prajesh/my_ws/install/battery_interfaces/include/battery_interfaces/battery_interfaces
[1.111s] -- Up-to-date: /home/prajesh/my_ws/install/battery_interfaces/include/battery_interfaces/battery_interfaces/msg
[1.111s] -- Up-to-date: /home/prajesh/my_ws/install/battery_interfaces/include/battery_interfaces/battery_interfaces/msg/rosidl_typesupport_fastrtps_cpp__visibility_control.h
[1.111s] -- Up-to-date: /home/prajesh/my_ws/install/battery_interfaces/include/battery_interfaces/battery_interfaces/msg/detail
[1.111s] -- Up-to-date: /home/prajesh/my_ws/install/battery_interfaces/include/battery_interfaces/battery_interfaces/msg/detail/dds_fastrtps
[1.111s] -- Up-to-date: /home/prajesh/my_ws/install/battery_interfaces/include/battery_interfaces/battery_interfaces/msg/detail/led_state__rosidl_typesupport_fastrtps_cpp.hpp
[1.111s] -- Up-to-date: /home/prajesh/my_ws/install/battery_interfaces/include/battery_interfaces/battery_interfaces/srv
[1.115s] -- Up-to-date: /home/prajesh/my_ws/install/battery_interfaces/include/battery_interfaces/battery_interfaces/srv/detail
[1.115s] -- Up-to-date: /home/prajesh/my_ws/install/battery_interfaces/include/battery_interfaces/battery_interfaces/srv/detail/dds_fastrtps
[1.115s] -- Up-to-date: /home/prajesh/my_ws/install/battery_interfaces/include/battery_interfaces/battery_interfaces/srv/detail/battery_status__rosidl_typesupport_fastrtps_cpp.hpp
[1.115s] -- Up-to-date: /home/prajesh/my_ws/install/battery_interfaces/lib/libbattery_interfaces__rosidl_typesupport_fastrtps_cpp.so
[1.115s] -- Up-to-date: /home/prajesh/my_ws/install/battery_interfaces/include/battery_interfaces/battery_interfaces
[1.115s] -- Up-to-date: /home/prajesh/my_ws/install/battery_interfaces/include/battery_interfaces/battery_interfaces/msg
[1.115s] -- Up-to-date: /home/prajesh/my_ws/install/battery_interfaces/include/battery_interfaces/battery_interfaces/msg/detail
[1.115s] -- Up-to-date: /home/prajesh/my_ws/install/battery_interfaces/include/battery_interfaces/battery_interfaces/msg/detail/led_state__type_support.cpp
[1.115s] -- Up-to-date: /home/prajesh/my_ws/install/battery_interfaces/include/battery_interfaces/battery_interfaces/msg/detail/led_state__rosidl_typesupport_introspection_cpp.hpp
[1.115s] -- Up-to-date: /home/prajesh/my_ws/install/battery_interfaces/include/battery_interfaces/battery_interfaces/srv
[1.115s] -- Up-to-date: /home/prajesh/my_ws/install/battery_interfaces/include/battery_interfaces/battery_interfaces/srv/detail
[1.115s] -- Up-to-date: /home/prajesh/my_ws/install/battery_interfaces/include/battery_interfaces/battery_interfaces/srv/detail/battery_status__rosidl_typesupport_introspection_cpp.hpp
[1.115s] -- Up-to-date: /home/prajesh/my_ws/install/battery_interfaces/include/battery_interfaces/battery_interfaces/srv/detail/battery_status__type_support.cpp
[1.115s] -- Up-to-date: /home/prajesh/my_ws/install/battery_interfaces/lib/libbattery_interfaces__rosidl_typesupport_introspection_cpp.so
[1.116s] -- Up-to-date: /home/prajesh/my_ws/install/battery_interfaces/lib/libbattery_interfaces__rosidl_typesupport_cpp.so
[1.116s] -- Up-to-date: /home/prajesh/my_ws/install/battery_interfaces/share/battery_interfaces/environment/pythonpath.sh
[1.116s] -- Up-to-date: /home/prajesh/my_ws/install/battery_interfaces/share/battery_interfaces/environment/pythonpath.dsv
[1.116s] -- Up-to-date: /home/prajesh/my_ws/install/battery_interfaces/local/lib/python3.10/dist-packages/battery_interfaces-0.0.0-py3.10.egg-info
[1.116s] -- Installing: /home/prajesh/my_ws/install/battery_interfaces/local/lib/python3.10/dist-packages/battery_interfaces-0.0.0-py3.10.egg-info/SOURCES.txt
[1.116s] -- Installing: /home/prajesh/my_ws/install/battery_interfaces/local/lib/python3.10/dist-packages/battery_interfaces-0.0.0-py3.10.egg-info/top_level.txt
[1.116s] -- Installing: /home/prajesh/my_ws/install/battery_interfaces/local/lib/python3.10/dist-packages/battery_interfaces-0.0.0-py3.10.egg-info/dependency_links.txt
[1.116s] -- Installing: /home/prajesh/my_ws/install/battery_interfaces/local/lib/python3.10/dist-packages/battery_interfaces-0.0.0-py3.10.egg-info/PKG-INFO
[1.116s] -- Up-to-date: /home/prajesh/my_ws/install/battery_interfaces/local/lib/python3.10/dist-packages/battery_interfaces
[1.116s] -- Up-to-date: /home/prajesh/my_ws/install/battery_interfaces/local/lib/python3.10/dist-packages/battery_interfaces/_battery_interfaces_s.ep.rosidl_typesupport_c.c
[1.116s] -- Up-to-date: /home/prajesh/my_ws/install/battery_interfaces/local/lib/python3.10/dist-packages/battery_interfaces/battery_interfaces_s__rosidl_typesupport_fastrtps_c.cpython-310-x86_64-linux-gnu.so
[1.116s] -- Up-to-date: /home/prajesh/my_ws/install/battery_interfaces/local/lib/python3.10/dist-packages/battery_interfaces/msg
[1.116s] -- Up-to-date: /home/prajesh/my_ws/install/battery_interfaces/local/lib/python3.10/dist-packages/battery_interfaces/msg/__init__.py
[1.116s] -- Up-to-date: /home/prajesh/my_ws/install/battery_interfaces/local/lib/python3.10/dist-packages/battery_interfaces/msg/_led_state_s.c
[1.116s] -- Up-to-date: /home/prajesh/my_ws/install/battery_interfaces/local/lib/python3.10/dist-packages/battery_interfaces/msg/_led_state.py
[1.116s] -- Up-to-date: /home/prajesh/my_ws/install/battery_interfaces/local/lib/python3.10/dist-packages/battery_interfaces/__init__.py
[1.116s] -- Up-to-date: /home/prajesh/my_ws/install/battery_interfaces/local/lib/python3.10/dist-packages/battery_interfaces/_battery_interfaces_s.ep.rosidl_typesupport_fastrtps_c.c
[1.116s] -- Up-to-date: /home/prajesh/my_ws/install/battery_interfaces/local/lib/python3.10/dist-packages/battery_interfaces/battery_interfaces_s__rosidl_typesupport_c.cpython-310-x86_64-linux-gnu.so
[1.117s] -- Up-to-date: /home/prajesh/my_ws/install/battery_interfaces/local/lib/python3.10/dist-packages/battery_interfaces/_battery_interfaces_s.ep.rosidl_typesupport_introspection_c.c
[1.117s] -- Up-to-date: /home/prajesh/my_ws/install/battery_interfaces/local/lib/python3.10/dist-packages/battery_interfaces/battery_interfaces_s__rosidl_typesupport_introspection_c.cpython-310-x86_64-linux-gnu.so
[1.117s] -- Up-to-date: /home/prajesh/my_ws/install/battery_interfaces/local/lib/python3.10/dist-packages/battery_interfaces/srv
[1.117s] -- Up-to-date: /home/prajesh/my_ws/install/battery_interfaces/local/lib/python3.10/dist-packages/battery_interfaces/srv/__init__.py
[1.117s] -- Up-to-date: /home/prajesh/my_ws/install/battery_interfaces/local/lib/python3.10/dist-packages/battery_interfaces/srv/_battery_status_s.c
[1.117s] -- Up-to-date: /home/prajesh/my_ws/install/battery_interfaces/local/lib/python3.10/dist-packages/battery_interfaces/srv/_battery_status.py
[1.117s] -- Up-to-date: /home/prajesh/my_ws/install/battery_interfaces/local/lib/python3.10/dist-packages/battery_interfaces/libbattery_interfaces__rosidl_generator_py.so
[1.117s] Listing '/home/prajesh/my_ws/install/battery_interfaces/local/lib/python3.10/dist-packages/battery_interfaces'...
[1.117s] Listing '/home/prajesh/my_ws/install/battery_interfaces/local/lib/python3.10/dist-packages/battery_interfaces/msg'...
[1.117s] Listing '/home/prajesh/my_ws/install/battery_interfaces/local/lib/python3.10/dist-packages/battery_interfaces/srv'...
[1.117s] -- Up-to-date: /home/prajesh/my_ws/install/battery_interfaces/local/lib/python3.10/dist-packages/battery_interfaces/battery_interfaces_s__rosidl_typesupport_fastrtps_c.cpython-310-x86_64-linux-gnu.so
[1.117s] -- Up-to-date: /home/prajesh/my_ws/install/battery_interfaces/local/lib/python3.10/dist-packages/battery_interfaces/battery_interfaces_s__rosidl_typesupport_introspection_c.cpython-310-x86_64-linux-gnu.so
[1.117s] -- Up-to-date: /home/prajesh/my_ws/install/battery_interfaces/local/lib/python3.10/dist-packages/battery_interfaces/battery_interfaces_s__rosidl_typesupport_c.cpython-310-x86_64-linux-gnu.so
[1.117s] -- Up-to-date: /home/prajesh/my_ws/install/battery_interfaces/lib/libbattery_interfaces__rosidl_generator_py.so
[1.117s] -- Up-to-date: /home/prajesh/my_ws/install/battery_interfaces/share/battery_interfaces/msg/LedState.idl
[1.117s] -- Up-to-date: /home/prajesh/my_ws/install/battery_interfaces/share/battery_interfaces/srv/BatteryStatus.idl
[1.118s] -- Up-to-date: /home/prajesh/my_ws/install/battery_interfaces/share/battery_interfaces/msg/LedState.msg
[1.118s] -- Up-to-date: /home/prajesh/my_ws/install/battery_interfaces/share/battery_interfaces/srv/BatteryStatus.srv
[1.118s] -- Up-to-date: /home/prajesh/my_ws/install/battery_interfaces/share/battery_interfaces/srv/BatteryStatus_Request.msg
[1.118s] -- Up-to-date: /home/prajesh/my_ws/install/battery_interfaces/share/battery_interfaces/srv/BatteryStatus_Response.msg
[1.118s] -- Up-to-date: /home/prajesh/my_ws/install/battery_interfaces/share/ament_index/resource_index/package_run_dependencies/battery_interfaces
[1.118s] -- Up-to-date: /home/prajesh/my_ws/install/battery_interfaces/share/ament_index/resource_index/parent_prefix_path/battery_interfaces
[1.118s] -- Up-to-date: /home/prajesh/my_ws/install/battery_interfaces/share/battery_interfaces/environment/ament_prefix_path.sh
[1.118s] -- Up-to-date: /home/prajesh/my_ws/install/battery_interfaces/share/battery_interfaces/environment/ament_prefix_path.dsv
[1.118s] -- Up-to-date: /home/prajesh/my_ws/install/battery_interfaces/share/battery_interfaces/environment/path.sh
[1.118s] -- Up-to-date: /home/prajesh/my_ws/install/battery_interfaces/share/battery_interfaces/environment/path.dsv
[1.118s] -- Up-to-date: /home/prajesh/my_ws/install/battery_interfaces/share/battery_interfaces/local_setup.bash
[1.118s] -- Up-to-date: /home/prajesh/my_ws/install/battery_interfaces/share/battery_interfaces/local_setup.sh
[1.118s] -- Up-to-date: /home/prajesh/my_ws/install/battery_interfaces/share/battery_interfaces/local_setup.zsh
[1.118s] -- Up-to-date: /home/prajesh/my_ws/install/battery_interfaces/share/battery_interfaces/local_setup.dsv
[1.119s] -- Installing: /home/prajesh/my_ws/install/battery_interfaces/share/battery_interfaces/package.dsv
[1.119s] -- Up-to-date: /home/prajesh/my_ws/install/battery_interfaces/share/ament_index/resource_index/packages/battery_interfaces
[1.119s] -- Up-to-date: /home/prajesh/my_ws/install/battery_interfaces/share/battery_interfaces/cmake/export_battery_interfaces__rosidl_generator_cExport.cmake
[1.119s] -- Up-to-date: /home/prajesh/my_ws/install/battery_interfaces/share/battery_interfaces/cmake/export_battery_interfaces__rosidl_generator_cExport-noconfig.cmake
[1.119s] -- Up-to-date: /home/prajesh/my_ws/install/battery_interfaces/share/battery_interfaces/cmake/export_battery_interfaces__rosidl_typesupport_fastrtps_cExport.cmake
[1.119s] -- Up-to-date: /home/prajesh/my_ws/install/battery_interfaces/share/battery_interfaces/cmake/export_battery_interfaces__rosidl_typesupport_fastrtps_cExport-noconfig.cmake
[1.119s] -- Up-to-date: /home/prajesh/my_ws/install/battery_interfaces/share/battery_interfaces/cmake/battery_interfaces__rosidl_typesupport_introspection_cExport.cmake
[1.119s] -- Up-to-date: /home/prajesh/my_ws/install/battery_interfaces/share/battery_interfaces/cmake/battery_interfaces__rosidl_typesupport_introspection_cExport-noconfig.cmake
[1.119s] -- Up-to-date: /home/prajesh/my_ws/install/battery_interfaces/share/battery_interfaces/cmake/battery_interfaces__rosidl_typesupport_cExport.cmake
[1.119s] -- Up-to-date: /home/prajesh/my_ws/install/battery_interfaces/share/battery_interfaces/cmake/battery_interfaces__rosidl_typesupport_cExport-noconfig.cmake
[1.119s] -- Up-to-date: /home/prajesh/my_ws/install/battery_interfaces/share/battery_interfaces/cmake/export_battery_interfaces__rosidl_generator_cppExport.cmake
[1.119s] -- Up-to-date: /home/prajesh/my_ws/install/battery_interfaces/share/battery_interfaces/cmake/export_battery_interfaces__rosidl_typesupport_fastrtps_cppExport.cmake
[1.119s] -- Up-to-date: /home/prajesh/my_ws/install/battery_interfaces/share/battery_interfaces/cmake/export_battery_interfaces__rosidl_typesupport_fastrtps_cppExport-noconfig.cmake
[1.119s] -- Up-to-date: /home/prajesh/my_ws/install/battery_interfaces/share/battery_interfaces/cmake/battery_interfaces__rosidl_typesupport_introspection_cppExport.cmake
[1.119s] -- Up-to-date: /home/prajesh/my_ws/install/battery_interfaces/share/battery_interfaces/cmake/battery_interfaces__rosidl_typesupport_introspection_cppExport-noconfig.cmake
[1.119s] -- Up-to-date: /home/prajesh/my_ws/install/battery_interfaces/share/battery_interfaces/cmake/battery_interfaces__rosidl_typesupport_cppExport.cmake
[1.119s] -- Up-to-date: /home/prajesh/my_ws/install/battery_interfaces/share/battery_interfaces/cmake/battery_interfaces__rosidl_typesupport_cppExport-noconfig.cmake
[1.120s] -- Up-to-date: /home/prajesh/my_ws/install/battery_interfaces/share/battery_interfaces/cmake/export_battery_interfaces__rosidl_generator_pyExport.cmake
[1.120s] -- Up-to-date: /home/prajesh/my_ws/install/battery_interfaces/share/battery_interfaces/cmake/export_battery_interfaces__rosidl_generator_pyExport-noconfig.cmake
[1.120s] -- Up-to-date: /home/prajesh/my_ws/install/battery_interfaces/share/battery_interfaces/cmake/rosidl_cmake-extras.cmake
[1.120s] -- Up-to-date: /home/prajesh/my_ws/install/battery_interfaces/share/battery_interfaces/cmake/ament_cmake_export_include_directories-extras.cmake
[1.120s] -- Up-to-date: /home/prajesh/my_ws/install/battery_interfaces/share/battery_interfaces/cmake/ament_cmake_export_libraries-extras.cmake
[1.120s] -- Up-to-date: /home/prajesh/my_ws/install/battery_interfaces/share/battery_interfaces/cmake/ament_cmake_export_targets-extras.cmake
[1.120s] -- Up-to-date: /home/prajesh/my_ws/install/battery_interfaces/share/battery_interfaces/cmake/rosidl_cmake_export_typesupport_targets-extras.cmake
[1.120s] -- Up-to-date: /home/prajesh/my_ws/install/battery_interfaces/share/battery_interfaces/cmake/ament_cmake_export_dependencies-extras.cmake
[1.120s] -- Up-to-date: /home/prajesh/my_ws/install/battery_interfaces/share/battery_interfaces/cmake/rosidl_cmake_export_typesupport_libraries-extras.cmake
[1.120s] -- Up-to-date: /home/prajesh/my_ws/install/battery_interfaces/share/battery_interfaces/cmake/battery_interfacesConfig.cmake
[1.120s] -- Up-to-date: /home/prajesh/my_ws/install/battery_interfaces/share/battery_interfaces/cmake/battery_interfacesConfig-version.cmake
[1.120s] -- Up-to-date: /home/prajesh/my_ws/install/battery_interfaces/share/battery_interfaces/package.xml
[1.466s] Invoked command in '/home/prajesh/my_ws/build/battery_interfaces' returned '0': CMAKE_PREFIX_PATH=${CMAKE_PREFIX_PATH}:/home/prajesh/my_ws/install/py_server_test:/home/prajesh/my_ws/install/py_final_project:/home/prajesh/my_ws/install/my_py_pkg:/opt/ros/humble /usr/bin/cmake --install /home/prajesh/my_ws/build/battery_interfaces
