[0.063s] Invoking command in '/home/prajesh/my_ws/build/final_project': CMAKE_PREFIX_PATH=${CMAKE_PREFIX_PATH}:/home/prajesh/my_ws/install/py_server_test:/home/prajesh/my_ws/install/my_py_pkg:/opt/ros/humble /usr/bin/cmake /home/prajesh/my_ws/src/final_project -DCMAKE_INSTALL_PREFIX=/home/prajesh/my_ws/install/final_project
[0.202s] -- The C compiler identification is GNU 11.3.0
[0.366s] -- The CXX compiler identification is GNU 11.3.0
[0.383s] -- Detecting C compiler ABI info
[0.447s] -- Detecting C compiler ABI info - done
[0.458s] -- Check for working C compiler: /usr/bin/cc - skipped
[0.459s] -- Detecting C compile features
[0.460s] -- Detecting C compile features - done
[0.465s] -- Detecting CXX compiler ABI info
[0.564s] -- Detecting CXX compiler ABI info - done
[0.574s] -- Check for working CXX compiler: /usr/bin/c++ - skipped
[0.574s] -- Detecting CXX compile features
[0.575s] -- Detecting CXX compile features - done
[0.583s] -- Found ament_cmake: 1.3.4 (/opt/ros/humble/share/ament_cmake/cmake)
[0.748s] -- Found Python3: /usr/bin/python3.10 (found version "3.10.6") found components: Interpreter 
[0.912s] -- Found rclcpp: 16.0.4 (/opt/ros/humble/share/rclcpp/cmake)
[0.995s] -- Found rosidl_generator_c: 3.1.4 (/opt/ros/humble/share/rosidl_generator_c/cmake)
[1.006s] -- Found rosidl_adapter: 3.1.4 (/opt/ros/humble/share/rosidl_adapter/cmake)
[1.028s] -- Found rosidl_generator_cpp: 3.1.4 (/opt/ros/humble/share/rosidl_generator_cpp/cmake)
[1.060s] -- Using all available rosidl_typesupport_c: rosidl_typesupport_fastrtps_c;rosidl_typesupport_introspection_c
[1.096s] -- Using all available rosidl_typesupport_cpp: rosidl_typesupport_fastrtps_cpp;rosidl_typesupport_introspection_cpp
[1.216s] -- Found rmw_implementation_cmake: 6.1.1 (/opt/ros/humble/share/rmw_implementation_cmake/cmake)
[1.223s] -- Found rmw_cyclonedds_cpp: 1.3.4 (/opt/ros/humble/share/rmw_cyclonedds_cpp/cmake)
[1.288s] -- Using RMW implementation 'rmw_cyclonedds_cpp' as default
[1.307s] -- Looking for pthread.h
[1.381s] -- Looking for pthread.h - found
[1.381s] -- Performing Test CMAKE_HAVE_LIBC_PTHREAD
[1.449s] -- Performing Test CMAKE_HAVE_LIBC_PTHREAD - Success
[1.450s] -- Found Threads: TRUE  
[1.650s] -- Found ament_lint_auto: 0.12.6 (/opt/ros/humble/share/ament_lint_auto/cmake)
[1.746s] -- Added test 'lint_cmake' to check CMake code style
[1.748s] -- Added test 'xmllint' to check XML markup files
[1.750s] -- Configuring done
[1.754s] -- Generating done
[1.755s] -- Build files have been written to: /home/prajesh/my_ws/build/final_project
[1.761s] Invoked command in '/home/prajesh/my_ws/build/final_project' returned '0': CMAKE_PREFIX_PATH=${CMAKE_PREFIX_PATH}:/home/prajesh/my_ws/install/py_server_test:/home/prajesh/my_ws/install/my_py_pkg:/opt/ros/humble /usr/bin/cmake /home/prajesh/my_ws/src/final_project -DCMAKE_INSTALL_PREFIX=/home/prajesh/my_ws/install/final_project
[1.762s] Invoking command in '/home/prajesh/my_ws/build/final_project': CMAKE_PREFIX_PATH=${CMAKE_PREFIX_PATH}:/home/prajesh/my_ws/install/py_server_test:/home/prajesh/my_ws/install/my_py_pkg:/opt/ros/humble /usr/bin/cmake --build /home/prajesh/my_ws/build/final_project -- -j4 -l4
[1.792s] Invoked command in '/home/prajesh/my_ws/build/final_project' returned '0': CMAKE_PREFIX_PATH=${CMAKE_PREFIX_PATH}:/home/prajesh/my_ws/install/py_server_test:/home/prajesh/my_ws/install/my_py_pkg:/opt/ros/humble /usr/bin/cmake --build /home/prajesh/my_ws/build/final_project -- -j4 -l4
[1.811s] Invoking command in '/home/prajesh/my_ws/build/final_project': CMAKE_PREFIX_PATH=${CMAKE_PREFIX_PATH}:/home/prajesh/my_ws/install/py_server_test:/home/prajesh/my_ws/install/my_py_pkg:/opt/ros/humble /usr/bin/cmake --install /home/prajesh/my_ws/build/final_project
[1.817s] -- Install configuration: ""
[1.818s] -- Installing: /home/prajesh/my_ws/install/final_project/share/ament_index/resource_index/package_run_dependencies/final_project
[1.818s] -- Installing: /home/prajesh/my_ws/install/final_project/share/ament_index/resource_index/parent_prefix_path/final_project
[1.818s] -- Installing: /home/prajesh/my_ws/install/final_project/share/final_project/environment/ament_prefix_path.sh
[1.818s] -- Installing: /home/prajesh/my_ws/install/final_project/share/final_project/environment/ament_prefix_path.dsv
[1.819s] -- Installing: /home/prajesh/my_ws/install/final_project/share/final_project/environment/path.sh
[1.819s] -- Installing: /home/prajesh/my_ws/install/final_project/share/final_project/environment/path.dsv
[1.819s] -- Installing: /home/prajesh/my_ws/install/final_project/share/final_project/local_setup.bash
[1.819s] -- Installing: /home/prajesh/my_ws/install/final_project/share/final_project/local_setup.sh
[1.820s] -- Installing: /home/prajesh/my_ws/install/final_project/share/final_project/local_setup.zsh
[1.820s] -- Installing: /home/prajesh/my_ws/install/final_project/share/final_project/local_setup.dsv
[1.820s] -- Installing: /home/prajesh/my_ws/install/final_project/share/final_project/package.dsv
[1.820s] -- Installing: /home/prajesh/my_ws/install/final_project/share/ament_index/resource_index/packages/final_project
[1.820s] -- Installing: /home/prajesh/my_ws/install/final_project/share/final_project/cmake/final_projectConfig.cmake
[1.821s] -- Installing: /home/prajesh/my_ws/install/final_project/share/final_project/cmake/final_projectConfig-version.cmake
[1.821s] -- Installing: /home/prajesh/my_ws/install/final_project/share/final_project/package.xml
[1.824s] Invoked command in '/home/prajesh/my_ws/build/final_project' returned '0': CMAKE_PREFIX_PATH=${CMAKE_PREFIX_PATH}:/home/prajesh/my_ws/install/py_server_test:/home/prajesh/my_ws/install/my_py_pkg:/opt/ros/humble /usr/bin/cmake --install /home/prajesh/my_ws/build/final_project
