[0.018s] Invoking command in '/home/prajesh/my_ws/build/led_system': CMAKE_PREFIX_PATH=/home/prajesh/my_ws/install/battery_interfaces:/home/prajesh/my_ws/install/my_robot_interfaces:/home/prajesh/my_ws/install/my_cpp_pkg:/home/prajesh/my_ws/install/led_system:/home/prajesh/my_ws/install/cpp_test_pkg:/home/prajesh/my_ws/install/cpp_service_test:/home/prajesh/my_ws/install/cpp_practice:/home/prajesh/tbot_ws/install/turtlebot3_simulations:/home/prajesh/tbot_ws/install/turtlebot3_gazebo:/home/prajesh/tbot_ws/install/turtlebot3_fake_node:/home/prajesh/my_ws/install/py_server_test:/home/prajesh/my_ws/install/my_py_pkg:/opt/ros/humble LD_LIBRARY_PATH=/home/prajesh/my_ws/install/battery_interfaces/lib:/home/prajesh/my_ws/install/my_robot_interfaces/lib:/usr/lib/x86_64-linux-gnu/gazebo-11/plugins:/opt/ros/humble/opt/rviz_ogre_vendor/lib:/opt/ros/humble/lib/x86_64-linux-gnu:/opt/ros/humble/lib /usr/bin/cmake --build /home/prajesh/my_ws/build/led_system -- -j4 -l4
[0.051s] [35m[1mConsolidate compiler generated dependencies of target led_client[0m
[0.068s] [ 25%] [32mBuilding CXX object CMakeFiles/led_client.dir/src/led_client.cpp.o[0m
[0.073s] [ 75%] Built target battery_server
[3.169s] [100%] [32m[1mLinking CXX executable led_client[0m
[3.342s] [100%] Built target led_client
[3.357s] Invoked command in '/home/prajesh/my_ws/build/led_system' returned '0': CMAKE_PREFIX_PATH=/home/prajesh/my_ws/install/battery_interfaces:/home/prajesh/my_ws/install/my_robot_interfaces:/home/prajesh/my_ws/install/my_cpp_pkg:/home/prajesh/my_ws/install/led_system:/home/prajesh/my_ws/install/cpp_test_pkg:/home/prajesh/my_ws/install/cpp_service_test:/home/prajesh/my_ws/install/cpp_practice:/home/prajesh/tbot_ws/install/turtlebot3_simulations:/home/prajesh/tbot_ws/install/turtlebot3_gazebo:/home/prajesh/tbot_ws/install/turtlebot3_fake_node:/home/prajesh/my_ws/install/py_server_test:/home/prajesh/my_ws/install/my_py_pkg:/opt/ros/humble LD_LIBRARY_PATH=/home/prajesh/my_ws/install/battery_interfaces/lib:/home/prajesh/my_ws/install/my_robot_interfaces/lib:/usr/lib/x86_64-linux-gnu/gazebo-11/plugins:/opt/ros/humble/opt/rviz_ogre_vendor/lib:/opt/ros/humble/lib/x86_64-linux-gnu:/opt/ros/humble/lib /usr/bin/cmake --build /home/prajesh/my_ws/build/led_system -- -j4 -l4
[3.388s] Invoking command in '/home/prajesh/my_ws/build/led_system': CMAKE_PREFIX_PATH=/home/prajesh/my_ws/install/battery_interfaces:/home/prajesh/my_ws/install/my_robot_interfaces:/home/prajesh/my_ws/install/my_cpp_pkg:/home/prajesh/my_ws/install/led_system:/home/prajesh/my_ws/install/cpp_test_pkg:/home/prajesh/my_ws/install/cpp_service_test:/home/prajesh/my_ws/install/cpp_practice:/home/prajesh/tbot_ws/install/turtlebot3_simulations:/home/prajesh/tbot_ws/install/turtlebot3_gazebo:/home/prajesh/tbot_ws/install/turtlebot3_fake_node:/home/prajesh/my_ws/install/py_server_test:/home/prajesh/my_ws/install/my_py_pkg:/opt/ros/humble LD_LIBRARY_PATH=/home/prajesh/my_ws/install/battery_interfaces/lib:/home/prajesh/my_ws/install/my_robot_interfaces/lib:/usr/lib/x86_64-linux-gnu/gazebo-11/plugins:/opt/ros/humble/opt/rviz_ogre_vendor/lib:/opt/ros/humble/lib/x86_64-linux-gnu:/opt/ros/humble/lib /usr/bin/cmake --install /home/prajesh/my_ws/build/led_system
[3.393s] -- Install configuration: ""
[3.393s] -- Installing: /home/prajesh/my_ws/install/led_system/lib/led_system/led_client
[3.395s] -- Set runtime path of "/home/prajesh/my_ws/install/led_system/lib/led_system/led_client" to ""
[3.395s] -- Up-to-date: /home/prajesh/my_ws/install/led_system/lib/led_system/battery_server
[3.395s] -- Up-to-date: /home/prajesh/my_ws/install/led_system/share/ament_index/resource_index/package_run_dependencies/led_system
[3.395s] -- Up-to-date: /home/prajesh/my_ws/install/led_system/share/ament_index/resource_index/parent_prefix_path/led_system
[3.396s] -- Up-to-date: /home/prajesh/my_ws/install/led_system/share/led_system/environment/ament_prefix_path.sh
[3.396s] -- Up-to-date: /home/prajesh/my_ws/install/led_system/share/led_system/environment/ament_prefix_path.dsv
[3.396s] -- Up-to-date: /home/prajesh/my_ws/install/led_system/share/led_system/environment/path.sh
[3.396s] -- Up-to-date: /home/prajesh/my_ws/install/led_system/share/led_system/environment/path.dsv
[3.396s] -- Up-to-date: /home/prajesh/my_ws/install/led_system/share/led_system/local_setup.bash
[3.396s] -- Up-to-date: /home/prajesh/my_ws/install/led_system/share/led_system/local_setup.sh
[3.396s] -- Up-to-date: /home/prajesh/my_ws/install/led_system/share/led_system/local_setup.zsh
[3.396s] -- Up-to-date: /home/prajesh/my_ws/install/led_system/share/led_system/local_setup.dsv
[3.396s] -- Installing: /home/prajesh/my_ws/install/led_system/share/led_system/package.dsv
[3.396s] -- Up-to-date: /home/prajesh/my_ws/install/led_system/share/ament_index/resource_index/packages/led_system
[3.396s] -- Up-to-date: /home/prajesh/my_ws/install/led_system/share/led_system/cmake/led_systemConfig.cmake
[3.396s] -- Up-to-date: /home/prajesh/my_ws/install/led_system/share/led_system/cmake/led_systemConfig-version.cmake
[3.396s] -- Up-to-date: /home/prajesh/my_ws/install/led_system/share/led_system/package.xml
[3.398s] Invoked command in '/home/prajesh/my_ws/build/led_system' returned '0': CMAKE_PREFIX_PATH=/home/prajesh/my_ws/install/battery_interfaces:/home/prajesh/my_ws/install/my_robot_interfaces:/home/prajesh/my_ws/install/my_cpp_pkg:/home/prajesh/my_ws/install/led_system:/home/prajesh/my_ws/install/cpp_test_pkg:/home/prajesh/my_ws/install/cpp_service_test:/home/prajesh/my_ws/install/cpp_practice:/home/prajesh/tbot_ws/install/turtlebot3_simulations:/home/prajesh/tbot_ws/install/turtlebot3_gazebo:/home/prajesh/tbot_ws/install/turtlebot3_fake_node:/home/prajesh/my_ws/install/py_server_test:/home/prajesh/my_ws/install/my_py_pkg:/opt/ros/humble LD_LIBRARY_PATH=/home/prajesh/my_ws/install/battery_interfaces/lib:/home/prajesh/my_ws/install/my_robot_interfaces/lib:/usr/lib/x86_64-linux-gnu/gazebo-11/plugins:/opt/ros/humble/opt/rviz_ogre_vendor/lib:/opt/ros/humble/lib/x86_64-linux-gnu:/opt/ros/humble/lib /usr/bin/cmake --install /home/prajesh/my_ws/build/led_system
