running egg_info
writing ../../build/py_final_project/py_final_project.egg-info/PKG-INFO
writing dependency_links to ../../build/py_final_project/py_final_project.egg-info/dependency_links.txt
writing entry points to ../../build/py_final_project/py_final_project.egg-info/entry_points.txt
writing requirements to ../../build/py_final_project/py_final_project.egg-info/requires.txt
writing top-level names to ../../build/py_final_project/py_final_project.egg-info/top_level.txt
reading manifest file '../../build/py_final_project/py_final_project.egg-info/SOURCES.txt'
writing manifest file '../../build/py_final_project/py_final_project.egg-info/SOURCES.txt'
running build
running build_py
copying py_final_project/turtle_generator.py -> /home/prajesh/my_ws/build/py_final_project/build/lib/py_final_project
running install
running install_lib
copying /home/prajesh/my_ws/build/py_final_project/build/lib/py_final_project/turtle_generator.py -> /home/prajesh/my_ws/install/py_final_project/lib/python3.10/site-packages/py_final_project
byte-compiling /home/prajesh/my_ws/install/py_final_project/lib/python3.10/site-packages/py_final_project/turtle_generator.py to turtle_generator.cpython-310.pyc
running install_data
running install_egg_info
removing '/home/prajesh/my_ws/install/py_final_project/lib/python3.10/site-packages/py_final_project-0.0.0-py3.10.egg-info' (and everything under it)
Copying ../../build/py_final_project/py_final_project.egg-info to /home/prajesh/my_ws/install/py_final_project/lib/python3.10/site-packages/py_final_project-0.0.0-py3.10.egg-info
running install_scripts
Installing turtle_controller_node script to /home/prajesh/my_ws/install/py_final_project/lib/py_final_project
Installing turtle_generator_node script to /home/prajesh/my_ws/install/py_final_project/lib/py_final_project
writing list of installed files to '/home/prajesh/my_ws/build/py_final_project/install.log'
