-- Found ament_cmake: 1.3.4 (/opt/ros/humble/share/ament_cmake/cmake)
-- Found rclcpp: 16.0.4 (/opt/ros/humble/share/rclcpp/cmake)
-- Found rosidl_generator_c: 3.1.4 (/opt/ros/humble/share/rosidl_generator_c/cmake)
-- Found rosidl_adapter: 3.1.4 (/opt/ros/humble/share/rosidl_adapter/cmake)
-- Found rosidl_generator_cpp: 3.1.4 (/opt/ros/humble/share/rosidl_generator_cpp/cmake)
-- Using all available rosidl_typesupport_c: rosidl_typesupport_fastrtps_c;rosidl_typesupport_introspection_c
-- Using all available rosidl_typesupport_cpp: rosidl_typesupport_fastrtps_cpp;rosidl_typesupport_introspection_cpp
-- Found rmw_implementation_cmake: 6.1.1 (/opt/ros/humble/share/rmw_implementation_cmake/cmake)
-- Found rmw_cyclonedds_cpp: 1.3.4 (/opt/ros/humble/share/rmw_cyclonedds_cpp/cmake)
-- Using RMW implementation 'rmw_cyclonedds_cpp' as default
-- Found example_interfaces: 0.9.3 (/opt/ros/humble/share/example_interfaces/cmake)
-- Found battery_interfaces: 0.0.0 (/home/prajesh/my_ws/install/battery_interfaces/share/battery_interfaces/cmake)
-- Configuring done
-- Generating done
-- Build files have been written to: /home/prajesh/my_ws/build/led_system
[35m[1mConsolidate compiler generated dependencies of target led_client[0m
[ 25%] [32mBuilding CXX object CMakeFiles/battery_server.dir/src/battery_server.cpp.o[0m
[ 50%] [32mBuilding CXX object CMakeFiles/led_client.dir/src/led_client.cpp.o[0m
[01m[K/home/prajesh/my_ws/src/led_system/src/battery_server.cpp:27:101:[m[K [01;31m[Kerror: [m[Kexpected identifier before ‘[01m[K)[m[K’ token
   27 |                              const battery_interfaces::srv::BatteryStatus::Response::SharedPtr resp,[01;31m[K)[m[K
      |                                                                                                     [01;31m[K^[m[K
In file included from [01m[K/usr/include/c++/11/pstl/glue_algorithm_defs.h:13[m[K,
                 from [01m[K/usr/include/c++/11/algorithm:74[m[K,
                 from [01m[K/opt/ros/humble/include/rclcpp/rclcpp/executor.hpp:18[m[K,
                 from [01m[K/opt/ros/humble/include/rclcpp/rclcpp/executors/multi_threaded_executor.hpp:25[m[K,
                 from [01m[K/opt/ros/humble/include/rclcpp/rclcpp/executors.hpp:21[m[K,
                 from [01m[K/opt/ros/humble/include/rclcpp/rclcpp/rclcpp.hpp:155[m[K,
                 from [01m[K/home/prajesh/my_ws/src/led_system/src/battery_server.cpp:2[m[K:
/usr/include/c++/11/functional: In instantiation of ‘[01m[Kstruct std::_Bind_check_arity<void (BatteryController::*)(std::shared_ptr<battery_interfaces::srv::BatteryStatus_Request_<std::allocator<void> > >, std::shared_ptr<battery_interfaces::srv::BatteryStatus_Response_<std::allocator<void> > >, int), BatteryController*, const std::_Placeholder<1>&, const std::_Placeholder<2>&>[m[K’:
[01m[K/usr/include/c++/11/functional:768:12:[m[K   required from ‘[01m[Kstruct std::_Bind_helper<false, void (BatteryController::*)(std::shared_ptr<battery_interfaces::srv::BatteryStatus_Request_<std::allocator<void> > >, std::shared_ptr<battery_interfaces::srv::BatteryStatus_Response_<std::allocator<void> > >, int), BatteryController*, const std::_Placeholder<1>&, const std::_Placeholder<2>&>[m[K’
[01m[K/usr/include/c++/11/functional:789:5:[m[K   required by substitution of ‘[01m[Ktemplate<class _Func, class ... _BoundArgs> typename std::_Bind_helper<std::__is_socketlike<_Func>::value, _Func, _BoundArgs ...>::type std::bind(_Func&&, _BoundArgs&& ...) [with _Func = void (BatteryController::*)(std::shared_ptr<battery_interfaces::srv::BatteryStatus_Request_<std::allocator<void> > >, std::shared_ptr<battery_interfaces::srv::BatteryStatus_Response_<std::allocator<void> > >, int); _BoundArgs = {BatteryController*, const std::_Placeholder<1>&, const std::_Placeholder<2>&}][m[K’
[01m[K/home/prajesh/my_ws/src/led_system/src/battery_server.cpp:21:38:[m[K   required from here
[01m[K/usr/include/c++/11/functional:756:21:[m[K [01;31m[Kerror: [m[Kstatic assertion failed: Wrong number of arguments for pointer-to-member
  755 |       static_assert(_Varargs::[01;31m[Kvalue[m[K
      |                               [01;31m[K~~~~~[m[K
  756 | [01;31m[K                    ? sizeof...(_BoundArgs) >= _Arity::value + 1[m[K
      |                     [01;31m[K^~~~~~~~~~~~~~~~~~~~~~~~~~~~~~~~~~~~~~~~~~~~[m[K
  757 | [01;31m[K                    : sizeof...(_BoundArgs) == _Arity::value + 1[m[K,
      |                     [01;31m[K~~~~~~~~~~~~~~~~~~~~~~~~~~~~~~~~~~~~~~~~~~~~[m[K
[01m[K/usr/include/c++/11/functional:756:21:[m[K [01;36m[Knote: [m[K‘[01m[K(false ? (3 >= (((long unsigned int)std::integral_constant<long unsigned int, 3>::value) + 1)) : (3 == (((long unsigned int)std::integral_constant<long unsigned int, 3>::value) + 1)))[m[K’ evaluates to false
[01m[K/home/prajesh/my_ws/src/led_system/src/battery_server.cpp:[m[K In member function ‘[01m[Kvoid BatteryController::server_callback(battery_interfaces::srv::BatteryStatus_Request_<std::allocator<void> >::SharedPtr, battery_interfaces::srv::BatteryStatus_Response_<std::allocator<void> >::SharedPtr, int)[m[K’:
[01m[K/home/prajesh/my_ws/src/led_system/src/battery_server.cpp:32:25:[m[K [01;31m[Kerror: [m[K‘[01m[Kusing element_type = struct battery_interfaces::srv::BatteryStatus_Request_<std::allocator<void> >[m[K’ {aka ‘[01m[Kstruct battery_interfaces::srv::BatteryStatus_Request_<std::allocator<void> >[m[K’} has no member named ‘[01m[Kles_number[m[K’; did you mean ‘[01m[Kled_number[m[K’?
   32 |                 if(req->[01;31m[Kles_number[m[K == 0)
      |                         [01;31m[K^~~~~~~~~~[m[K
      |                         [32m[Kled_number[m[K
[01m[K/home/prajesh/my_ws/src/led_system/src/battery_server.cpp:38:25:[m[K [01;31m[Kerror: [m[K‘[01m[Kusing element_type = struct battery_interfaces::srv::BatteryStatus_Request_<std::allocator<void> >[m[K’ {aka ‘[01m[Kstruct battery_interfaces::srv::BatteryStatus_Request_<std::allocator<void> >[m[K’} has no member named ‘[01m[Kles_number[m[K’; did you mean ‘[01m[Kled_number[m[K’?
   38 |                 if(req->[01;31m[Kles_number[m[K == 1)
      |                         [01;31m[K^~~~~~~~~~[m[K
      |                         [32m[Kled_number[m[K
[01m[K/home/prajesh/my_ws/src/led_system/src/battery_server.cpp:44:25:[m[K [01;31m[Kerror: [m[K‘[01m[Kusing element_type = struct battery_interfaces::srv::BatteryStatus_Request_<std::allocator<void> >[m[K’ {aka ‘[01m[Kstruct battery_interfaces::srv::BatteryStatus_Request_<std::allocator<void> >[m[K’} has no member named ‘[01m[Kles_number[m[K’; did you mean ‘[01m[Kled_number[m[K’?
   44 |                 if(req->[01;31m[Kles_number[m[K == 2)
      |                         [01;31m[K^~~~~~~~~~[m[K
      |                         [32m[Kled_number[m[K
[01m[K/home/prajesh/my_ws/src/led_system/src/battery_server.cpp:[m[K At global scope:
[01m[K/home/prajesh/my_ws/src/led_system/src/battery_server.cpp:64:6:[m[K [01;31m[Kerror: [m[Kexpected unqualified-id before ‘[01m[Kint[m[K’
   64 | int ([01;31m[Kint[m[K argc, char **argv)
      |      [01;31m[K^~~[m[K
[01m[K/home/prajesh/my_ws/src/led_system/src/battery_server.cpp:64:6:[m[K [01;31m[Kerror: [m[Kexpected ‘[01m[K)[m[K’ before ‘[01m[Kint[m[K’
   64 | int [34m[K([m[K[01;31m[Ki[m[K[32m[Knt[m[K argc, char **argv)
      |     [34m[K~[m[K[01;31m[K^[m[K[32m[K~~[m[K
      |      [32m[K)[m[K
[01m[K/home/prajesh/my_ws/src/led_system/src/led_client.cpp:[m[K In member function ‘[01m[Kvoid BatteryStateClass::client_callback()[m[K’:
[01m[K/home/prajesh/my_ws/src/led_system/src/led_client.cpp:34:21:[m[K [01;31m[Kerror: [m[K‘[01m[Kstruct battery_interfaces::srv::BatteryStatus[m[K’ has no member named ‘[01m[Kled_number[m[K’
   34 |                 srv.[01;31m[Kled_number[m[K = 2;
      |                     [01;31m[K^~~~~~~~~~[m[K
[01m[K/home/prajesh/my_ws/src/led_system/src/led_client.cpp:35:21:[m[K [01;31m[Kerror: [m[K‘[01m[Kstruct battery_interfaces::srv::BatteryStatus[m[K’ has no member named ‘[01m[Kstate[m[K’
   35 |                 srv.[01;31m[Kstate[m[K = true;
      |                     [01;31m[K^~~~~[m[K
[01m[K/home/prajesh/my_ws/src/led_system/src/led_client.cpp:39:57:[m[K [01;31m[Kerror: [m[Kno matching function for call to ‘[01m[Krclcpp::Client<battery_interfaces::srv::BatteryStatus>::async_send_request(battery_interfaces::srv::BatteryStatus&)[m[K’
   39 |                 auto future = [01;31m[Kclient->async_send_request(srv)[m[K;
      |                               [01;31m[K~~~~~~~~~~~~~~~~~~~~~~~~~~^~~~~[m[K
In file included from [01m[K/opt/ros/humble/include/rclcpp/rclcpp/callback_group.hpp:24[m[K,
                 from [01m[K/opt/ros/humble/include/rclcpp/rclcpp/any_executable.hpp:20[m[K,
                 from [01m[K/opt/ros/humble/include/rclcpp/rclcpp/memory_strategy.hpp:25[m[K,
                 from [01m[K/opt/ros/humble/include/rclcpp/rclcpp/memory_strategies.hpp:18[m[K,
                 from [01m[K/opt/ros/humble/include/rclcpp/rclcpp/executor_options.hpp:20[m[K,
                 from [01m[K/opt/ros/humble/include/rclcpp/rclcpp/executor.hpp:37[m[K,
                 from [01m[K/opt/ros/humble/include/rclcpp/rclcpp/executors/multi_threaded_executor.hpp:25[m[K,
                 from [01m[K/opt/ros/humble/include/rclcpp/rclcpp/executors.hpp:21[m[K,
                 from [01m[K/opt/ros/humble/include/rclcpp/rclcpp/rclcpp.hpp:155[m[K,
                 from [01m[K/home/prajesh/my_ws/src/led_system/src/led_client.cpp:2[m[K:
[01m[K/opt/ros/humble/include/rclcpp/rclcpp/client.hpp:643:3:[m[K [01;36m[Knote: [m[Kcandidate: ‘[01m[Ktemplate<class CallbackT, typename std::enable_if<rclcpp::function_traits::same_arguments<CallbackT, std::function<void(std::shared_future<std::shared_ptr<battery_interfaces::srv::BatteryStatus_Response_<std::allocator<void> > > >)> >::value, void>::type* <anonymous> > rclcpp::Client<ServiceT>::SharedFutureAndRequestId rclcpp::Client<ServiceT>::async_send_request(rclcpp::Client<ServiceT>::SharedRequest, CallbackT&&) [with CallbackT = CallbackT; typename std::enable_if<rclcpp::function_traits::same_arguments<CallbackT, std::function<void(std::shared_future<typename ServiceT::Response::SharedPtr>)> >::value>::type* <anonymous> = <anonymous>; ServiceT = battery_interfaces::srv::BatteryStatus][m[K’
  643 |   [01;36m[Kasync_send_request[m[K(SharedRequest request, CallbackT && cb)
      |   [01;36m[K^~~~~~~~~~~~~~~~~~[m[K
[01m[K/opt/ros/humble/include/rclcpp/rclcpp/client.hpp:643:3:[m[K [01;36m[Knote: [m[K  template argument deduction/substitution failed:
[01m[K/home/prajesh/my_ws/src/led_system/src/led_client.cpp:39:57:[m[K [01;36m[Knote: [m[K  candidate expects 2 arguments, 1 provided
   39 |                 auto future = [01;36m[Kclient->async_send_request(srv)[m[K;
      |                               [01;36m[K~~~~~~~~~~~~~~~~~~~~~~~~~~^~~~~[m[K
In file included from [01m[K/opt/ros/humble/include/rclcpp/rclcpp/callback_group.hpp:24[m[K,
                 from [01m[K/opt/ros/humble/include/rclcpp/rclcpp/any_executable.hpp:20[m[K,
                 from [01m[K/opt/ros/humble/include/rclcpp/rclcpp/memory_strategy.hpp:25[m[K,
                 from [01m[K/opt/ros/humble/include/rclcpp/rclcpp/memory_strategies.hpp:18[m[K,
                 from [01m[K/opt/ros/humble/include/rclcpp/rclcpp/executor_options.hpp:20[m[K,
                 from [01m[K/opt/ros/humble/include/rclcpp/rclcpp/executor.hpp:37[m[K,
                 from [01m[K/opt/ros/humble/include/rclcpp/rclcpp/executors/multi_threaded_executor.hpp:25[m[K,
                 from [01m[K/opt/ros/humble/include/rclcpp/rclcpp/executors.hpp:21[m[K,
                 from [01m[K/opt/ros/humble/include/rclcpp/rclcpp/rclcpp.hpp:155[m[K,
                 from [01m[K/home/prajesh/my_ws/src/led_system/src/led_client.cpp:2[m[K:
[01m[K/opt/ros/humble/include/rclcpp/rclcpp/client.hpp:674:3:[m[K [01;36m[Knote: [m[Kcandidate: ‘[01m[Ktemplate<class CallbackT, typename std::enable_if<rclcpp::function_traits::same_arguments<CallbackT, std::function<void(std::shared_future<std::pair<std::shared_ptr<battery_interfaces::srv::BatteryStatus_Request_<std::allocator<void> > >, std::shared_ptr<battery_interfaces::srv::BatteryStatus_Response_<std::allocator<void> > > > >)> >::value, void>::type* <anonymous> > rclcpp::Client<ServiceT>::SharedFutureWithRequestAndRequestId rclcpp::Client<ServiceT>::async_send_request(rclcpp::Client<ServiceT>::SharedRequest, CallbackT&&) [with CallbackT = CallbackT; typename std::enable_if<rclcpp::function_traits::same_arguments<CallbackT, std::function<void(std::shared_future<std::pair<typename ServiceT::Request::SharedPtr, typename ServiceT::Response::SharedPtr> >)> >::value>::type* <anonymous> = <anonymous>; ServiceT = battery_interfaces::srv::BatteryStatus][m[K’
  674 |   [01;36m[Kasync_send_request[m[K(SharedRequest request, CallbackT && cb)
      |   [01;36m[K^~~~~~~~~~~~~~~~~~[m[K
[01m[K/opt/ros/humble/include/rclcpp/rclcpp/client.hpp:674:3:[m[K [01;36m[Knote: [m[K  template argument deduction/substitution failed:
[01m[K/home/prajesh/my_ws/src/led_system/src/led_client.cpp:39:57:[m[K [01;36m[Knote: [m[K  candidate expects 2 arguments, 1 provided
   39 |                 auto future = [01;36m[Kclient->async_send_request(srv)[m[K;
      |                               [01;36m[K~~~~~~~~~~~~~~~~~~~~~~~~~~^~~~~[m[K
In file included from [01m[K/opt/ros/humble/include/rclcpp/rclcpp/callback_group.hpp:24[m[K,
                 from [01m[K/opt/ros/humble/include/rclcpp/rclcpp/any_executable.hpp:20[m[K,
                 from [01m[K/opt/ros/humble/include/rclcpp/rclcpp/memory_strategy.hpp:25[m[K,
                 from [01m[K/opt/ros/humble/include/rclcpp/rclcpp/memory_strategies.hpp:18[m[K,
                 from [01m[K/opt/ros/humble/include/rclcpp/rclcpp/executor_options.hpp:20[m[K,
                 from [01m[K/opt/ros/humble/include/rclcpp/rclcpp/executor.hpp:37[m[K,
                 from [01m[K/opt/ros/humble/include/rclcpp/rclcpp/executors/multi_threaded_executor.hpp:25[m[K,
                 from [01m[K/opt/ros/humble/include/rclcpp/rclcpp/executors.hpp:21[m[K,
                 from [01m[K/opt/ros/humble/include/rclcpp/rclcpp/rclcpp.hpp:155[m[K,
                 from [01m[K/home/prajesh/my_ws/src/led_system/src/led_client.cpp:2[m[K:
[01m[K/opt/ros/humble/include/rclcpp/rclcpp/client.hpp:608:3:[m[K [01;36m[Knote: [m[Kcandidate: ‘[01m[Krclcpp::Client<ServiceT>::FutureAndRequestId rclcpp::Client<ServiceT>::async_send_request(rclcpp::Client<ServiceT>::SharedRequest) [with ServiceT = battery_interfaces::srv::BatteryStatus; rclcpp::Client<ServiceT>::SharedRequest = std::shared_ptr<battery_interfaces::srv::BatteryStatus_Request_<std::allocator<void> > >][m[K’
  608 |   [01;36m[Kasync_send_request[m[K(SharedRequest request)
      |   [01;36m[K^~~~~~~~~~~~~~~~~~[m[K
[01m[K/opt/ros/humble/include/rclcpp/rclcpp/client.hpp:608:36:[m[K [01;36m[Knote: [m[K  no known conversion for argument 1 from ‘[01m[Kbattery_interfaces::srv::BatteryStatus[m[K’ to ‘[01m[Krclcpp::Client<battery_interfaces::srv::BatteryStatus>::SharedRequest[m[K’ {aka ‘[01m[Kstd::shared_ptr<battery_interfaces::srv::BatteryStatus_Request_<std::allocator<void> > >[m[K’}
  608 |   async_send_request([01;36m[KSharedRequest request[m[K)
      |                      [01;36m[K~~~~~~~~~~~~~~^~~~~~~[m[K
[01m[K/home/prajesh/my_ws/src/led_system/src/led_client.cpp:54:21:[m[K [01;31m[Kerror: [m[K‘[01m[Kstruct battery_interfaces::srv::BatteryStatus[m[K’ has no member named ‘[01m[Kled_number[m[K’
   54 |                 srv.[01;31m[Kled_number[m[K = 2;
      |                     [01;31m[K^~~~~~~~~~[m[K
[01m[K/home/prajesh/my_ws/src/led_system/src/led_client.cpp:55:21:[m[K [01;31m[Kerror: [m[K‘[01m[Kstruct battery_interfaces::srv::BatteryStatus[m[K’ has no member named ‘[01m[Kstate[m[K’
   55 |                 srv.[01;31m[Kstate[m[K = false;
      |                     [01;31m[K^~~~~[m[K
[01m[K/home/prajesh/my_ws/src/led_system/src/led_client.cpp:59:57:[m[K [01;31m[Kerror: [m[Kno matching function for call to ‘[01m[Krclcpp::Client<battery_interfaces::srv::BatteryStatus>::async_send_request(battery_interfaces::srv::BatteryStatus&)[m[K’
   59 |                 auto future = [01;31m[Kclient->async_send_request(srv)[m[K;
      |                               [01;31m[K~~~~~~~~~~~~~~~~~~~~~~~~~~^~~~~[m[K
In file included from [01m[K/opt/ros/humble/include/rclcpp/rclcpp/callback_group.hpp:24[m[K,
                 from [01m[K/opt/ros/humble/include/rclcpp/rclcpp/any_executable.hpp:20[m[K,
                 from [01m[K/opt/ros/humble/include/rclcpp/rclcpp/memory_strategy.hpp:25[m[K,
                 from [01m[K/opt/ros/humble/include/rclcpp/rclcpp/memory_strategies.hpp:18[m[K,
                 from [01m[K/opt/ros/humble/include/rclcpp/rclcpp/executor_options.hpp:20[m[K,
                 from [01m[K/opt/ros/humble/include/rclcpp/rclcpp/executor.hpp:37[m[K,
                 from [01m[K/opt/ros/humble/include/rclcpp/rclcpp/executors/multi_threaded_executor.hpp:25[m[K,
                 from [01m[K/opt/ros/humble/include/rclcpp/rclcpp/executors.hpp:21[m[K,
                 from [01m[K/opt/ros/humble/include/rclcpp/rclcpp/rclcpp.hpp:155[m[K,
                 from [01m[K/home/prajesh/my_ws/src/led_system/src/led_client.cpp:2[m[K:
[01m[K/opt/ros/humble/include/rclcpp/rclcpp/client.hpp:643:3:[m[K [01;36m[Knote: [m[Kcandidate: ‘[01m[Ktemplate<class CallbackT, typename std::enable_if<rclcpp::function_traits::same_arguments<CallbackT, std::function<void(std::shared_future<std::shared_ptr<battery_interfaces::srv::BatteryStatus_Response_<std::allocator<void> > > >)> >::value, void>::type* <anonymous> > rclcpp::Client<ServiceT>::SharedFutureAndRequestId rclcpp::Client<ServiceT>::async_send_request(rclcpp::Client<ServiceT>::SharedRequest, CallbackT&&) [with CallbackT = CallbackT; typename std::enable_if<rclcpp::function_traits::same_arguments<CallbackT, std::function<void(std::shared_future<typename ServiceT::Response::SharedPtr>)> >::value>::type* <anonymous> = <anonymous>; ServiceT = battery_interfaces::srv::BatteryStatus][m[K’
  643 |   [01;36m[Kasync_send_request[m[K(SharedRequest request, CallbackT && cb)
      |   [01;36m[K^~~~~~~~~~~~~~~~~~[m[K
[01m[K/opt/ros/humble/include/rclcpp/rclcpp/client.hpp:643:3:[m[K [01;36m[Knote: [m[K  template argument deduction/substitution failed:
[01m[K/home/prajesh/my_ws/src/led_system/src/led_client.cpp:59:57:[m[K [01;36m[Knote: [m[K  candidate expects 2 arguments, 1 provided
   59 |                 auto future = [01;36m[Kclient->async_send_request(srv)[m[K;
      |                               [01;36m[K~~~~~~~~~~~~~~~~~~~~~~~~~~^~~~~[m[K
In file included from [01m[K/opt/ros/humble/include/rclcpp/rclcpp/callback_group.hpp:24[m[K,
                 from [01m[K/opt/ros/humble/include/rclcpp/rclcpp/any_executable.hpp:20[m[K,
                 from [01m[K/opt/ros/humble/include/rclcpp/rclcpp/memory_strategy.hpp:25[m[K,
                 from [01m[K/opt/ros/humble/include/rclcpp/rclcpp/memory_strategies.hpp:18[m[K,
                 from [01m[K/opt/ros/humble/include/rclcpp/rclcpp/executor_options.hpp:20[m[K,
                 from [01m[K/opt/ros/humble/include/rclcpp/rclcpp/executor.hpp:37[m[K,
                 from [01m[K/opt/ros/humble/include/rclcpp/rclcpp/executors/multi_threaded_executor.hpp:25[m[K,
                 from [01m[K/opt/ros/humble/include/rclcpp/rclcpp/executors.hpp:21[m[K,
                 from [01m[K/opt/ros/humble/include/rclcpp/rclcpp/rclcpp.hpp:155[m[K,
                 from [01m[K/home/prajesh/my_ws/src/led_system/src/led_client.cpp:2[m[K:
[01m[K/opt/ros/humble/include/rclcpp/rclcpp/client.hpp:674:3:[m[K [01;36m[Knote: [m[Kcandidate: ‘[01m[Ktemplate<class CallbackT, typename std::enable_if<rclcpp::function_traits::same_arguments<CallbackT, std::function<void(std::shared_future<std::pair<std::shared_ptr<battery_interfaces::srv::BatteryStatus_Request_<std::allocator<void> > >, std::shared_ptr<battery_interfaces::srv::BatteryStatus_Response_<std::allocator<void> > > > >)> >::value, void>::type* <anonymous> > rclcpp::Client<ServiceT>::SharedFutureWithRequestAndRequestId rclcpp::Client<ServiceT>::async_send_request(rclcpp::Client<ServiceT>::SharedRequest, CallbackT&&) [with CallbackT = CallbackT; typename std::enable_if<rclcpp::function_traits::same_arguments<CallbackT, std::function<void(std::shared_future<std::pair<typename ServiceT::Request::SharedPtr, typename ServiceT::Response::SharedPtr> >)> >::value>::type* <anonymous> = <anonymous>; ServiceT = battery_interfaces::srv::BatteryStatus][m[K’
  674 |   [01;36m[Kasync_send_request[m[K(SharedRequest request, CallbackT && cb)
      |   [01;36m[K^~~~~~~~~~~~~~~~~~[m[K
[01m[K/opt/ros/humble/include/rclcpp/rclcpp/client.hpp:674:3:[m[K [01;36m[Knote: [m[K  template argument deduction/substitution failed:
[01m[K/home/prajesh/my_ws/src/led_system/src/led_client.cpp:59:57:[m[K [01;36m[Knote: [m[K  candidate expects 2 arguments, 1 provided
   59 |                 auto future = [01;36m[Kclient->async_send_request(srv)[m[K;
      |                               [01;36m[K~~~~~~~~~~~~~~~~~~~~~~~~~~^~~~~[m[K
In file included from [01m[K/opt/ros/humble/include/rclcpp/rclcpp/callback_group.hpp:24[m[K,
                 from [01m[K/opt/ros/humble/include/rclcpp/rclcpp/any_executable.hpp:20[m[K,
                 from [01m[K/opt/ros/humble/include/rclcpp/rclcpp/memory_strategy.hpp:25[m[K,
                 from [01m[K/opt/ros/humble/include/rclcpp/rclcpp/memory_strategies.hpp:18[m[K,
                 from [01m[K/opt/ros/humble/include/rclcpp/rclcpp/executor_options.hpp:20[m[K,
                 from [01m[K/opt/ros/humble/include/rclcpp/rclcpp/executor.hpp:37[m[K,
                 from [01m[K/opt/ros/humble/include/rclcpp/rclcpp/executors/multi_threaded_executor.hpp:25[m[K,
                 from [01m[K/opt/ros/humble/include/rclcpp/rclcpp/executors.hpp:21[m[K,
                 from [01m[K/opt/ros/humble/include/rclcpp/rclcpp/rclcpp.hpp:155[m[K,
                 from [01m[K/home/prajesh/my_ws/src/led_system/src/led_client.cpp:2[m[K:
[01m[K/opt/ros/humble/include/rclcpp/rclcpp/client.hpp:608:3:[m[K [01;36m[Knote: [m[Kcandidate: ‘[01m[Krclcpp::Client<ServiceT>::FutureAndRequestId rclcpp::Client<ServiceT>::async_send_request(rclcpp::Client<ServiceT>::SharedRequest) [with ServiceT = battery_interfaces::srv::BatteryStatus; rclcpp::Client<ServiceT>::SharedRequest = std::shared_ptr<battery_interfaces::srv::BatteryStatus_Request_<std::allocator<void> > >][m[K’
  608 |   [01;36m[Kasync_send_request[m[K(SharedRequest request)
      |   [01;36m[K^~~~~~~~~~~~~~~~~~[m[K
[01m[K/opt/ros/humble/include/rclcpp/rclcpp/client.hpp:608:36:[m[K [01;36m[Knote: [m[K  no known conversion for argument 1 from ‘[01m[Kbattery_interfaces::srv::BatteryStatus[m[K’ to ‘[01m[Krclcpp::Client<battery_interfaces::srv::BatteryStatus>::SharedRequest[m[K’ {aka ‘[01m[Kstd::shared_ptr<battery_interfaces::srv::BatteryStatus_Request_<std::allocator<void> > >[m[K’}
  608 |   async_send_request([01;36m[KSharedRequest request[m[K)
      |                      [01;36m[K~~~~~~~~~~~~~~^~~~~~~[m[K
In file included from [01m[K/opt/ros/humble/include/rclcpp/rclcpp/service.hpp:36[m[K,
                 from [01m[K/opt/ros/humble/include/rclcpp/rclcpp/callback_group.hpp:28[m[K,
                 from [01m[K/opt/ros/humble/include/rclcpp/rclcpp/any_executable.hpp:20[m[K,
                 from [01m[K/opt/ros/humble/include/rclcpp/rclcpp/memory_strategy.hpp:25[m[K,
                 from [01m[K/opt/ros/humble/include/rclcpp/rclcpp/memory_strategies.hpp:18[m[K,
                 from [01m[K/opt/ros/humble/include/rclcpp/rclcpp/executor_options.hpp:20[m[K,
                 from [01m[K/opt/ros/humble/include/rclcpp/rclcpp/executor.hpp:37[m[K,
                 from [01m[K/opt/ros/humble/include/rclcpp/rclcpp/executors/multi_threaded_executor.hpp:25[m[K,
                 from [01m[K/opt/ros/humble/include/rclcpp/rclcpp/executors.hpp:21[m[K,
                 from [01m[K/opt/ros/humble/include/rclcpp/rclcpp/rclcpp.hpp:155[m[K,
                 from [01m[K/home/prajesh/my_ws/src/led_system/src/battery_server.cpp:2[m[K:
/opt/ros/humble/include/rclcpp/rclcpp/any_service_callback.hpp: In instantiation of ‘[01m[Kvoid rclcpp::AnyServiceCallback<ServiceT>::set(CallbackT&&) [with CallbackT = std::_Bind<void (BatteryController::*(BatteryController*, std::_Placeholder<1>, std::_Placeholder<2>))(std::shared_ptr<battery_interfaces::srv::BatteryStatus_Request_<std::allocator<void> > >, std::shared_ptr<battery_interfaces::srv::BatteryStatus_Response_<std::allocator<void> > >, int)>; typename std::enable_if<(! rclcpp::detail::can_be_nullptr<CallbackT>::value), int>::type <anonymous> = 0; ServiceT = battery_interfaces::srv::BatteryStatus][m[K’:
[01m[K/opt/ros/humble/include/rclcpp/rclcpp/create_service.hpp:43:27:[m[K   required from ‘[01m[Ktypename rclcpp::Service<ServiceT>::SharedPtr rclcpp::create_service(std::shared_ptr<rclcpp::node_interfaces::NodeBaseInterface>, std::shared_ptr<rclcpp::node_interfaces::NodeServicesInterface>, const string&, CallbackT&&, const rmw_qos_profile_t&, rclcpp::CallbackGroup::SharedPtr) [with ServiceT = battery_interfaces::srv::BatteryStatus; CallbackT = std::_Bind<void (BatteryController::*(BatteryController*, std::_Placeholder<1>, std::_Placeholder<2>))(std::shared_ptr<battery_interfaces::srv::BatteryStatus_Request_<std::allocator<void> > >, std::shared_ptr<battery_interfaces::srv::BatteryStatus_Response_<std::allocator<void> > >, int)>; typename rclcpp::Service<ServiceT>::SharedPtr = std::shared_ptr<rclcpp::Service<battery_interfaces::srv::BatteryStatus> >; std::string = std::__cxx11::basic_string<char>; rmw_qos_profile_t = rmw_qos_profile_s; rclcpp::CallbackGroup::SharedPtr = std::shared_ptr<rclcpp::CallbackGroup>][m[K’
[01m[K/opt/ros/humble/include/rclcpp/rclcpp/node_impl.hpp:147:53:[m[K   required from ‘[01m[Ktypename rclcpp::Service<ServiceT>::SharedPtr rclcpp::Node::create_service(const string&, CallbackT&&, const rmw_qos_profile_t&, rclcpp::CallbackGroup::SharedPtr) [with ServiceT = battery_interfaces::srv::BatteryStatus; CallbackT = std::_Bind<void (BatteryController::*(BatteryController*, std::_Placeholder<1>, std::_Placeholder<2>))(std::shared_ptr<battery_interfaces::srv::BatteryStatus_Request_<std::allocator<void> > >, std::shared_ptr<battery_interfaces::srv::BatteryStatus_Response_<std::allocator<void> > >, int)>; typename rclcpp::Service<ServiceT>::SharedPtr = std::shared_ptr<rclcpp::Service<battery_interfaces::srv::BatteryStatus> >; std::string = std::__cxx11::basic_string<char>; rmw_qos_profile_t = rmw_qos_profile_s; rclcpp::CallbackGroup::SharedPtr = std::shared_ptr<rclcpp::CallbackGroup>][m[K’
[01m[K/home/prajesh/my_ws/src/led_system/src/battery_server.cpp:20:82:[m[K   required from here
[01m[K/opt/ros/humble/include/rclcpp/rclcpp/any_service_callback.hpp:103:17:[m[K [01;31m[Kerror: [m[Kno match for ‘[01m[Koperator=[m[K’ (operand types are ‘[01m[Kstd::variant<std::monostate, std::function<void(std::shared_ptr<battery_interfaces::srv::BatteryStatus_Request_<std::allocator<void> > >, std::shared_ptr<battery_interfaces::srv::BatteryStatus_Response_<std::allocator<void> > >)>, std::function<void(std::shared_ptr<rmw_request_id_s>, std::shared_ptr<battery_interfaces::srv::BatteryStatus_Request_<std::allocator<void> > >, std::shared_ptr<battery_interfaces::srv::BatteryStatus_Response_<std::allocator<void> > >)>, std::function<void(std::shared_ptr<rmw_request_id_s>, std::shared_ptr<battery_interfaces::srv::BatteryStatus_Request_<std::allocator<void> > >)>, std::function<void(std::shared_ptr<rclcpp::Service<battery_interfaces::srv::BatteryStatus> >, std::shared_ptr<rmw_request_id_s>, std::shared_ptr<battery_interfaces::srv::BatteryStatus_Request_<std::allocator<void> > >)> >[m[K’ and ‘[01m[Kstd::_Bind<void (BatteryController::*(BatteryController*, std::_Placeholder<1>, std::_Placeholder<2>))(std::shared_ptr<battery_interfaces::srv::BatteryStatus_Request_<std::allocator<void> > >, std::shared_ptr<battery_interfaces::srv::BatteryStatus_Response_<std::allocator<void> > >, int)>[m[K’)
  103 |       [01;31m[Kcallback_ = std::forward<CallbackT>(callback)[m[K;
      |       [01;31m[K~~~~~~~~~~^~~~~~~~~~~~~~~~~~~~~~~~~~~~~~~~~~~[m[K
In file included from [01m[K/opt/ros/humble/include/rclcpp/rclcpp/client.hpp:28[m[K,
                 from [01m[K/opt/ros/humble/include/rclcpp/rclcpp/callback_group.hpp:24[m[K,
                 from [01m[K/opt/ros/humble/include/rclcpp/rclcpp/any_executable.hpp:20[m[K,
                 from [01m[K/opt/ros/humble/include/rclcpp/rclcpp/memory_strategy.hpp:25[m[K,
                 from [01m[K/opt/ros/humble/include/rclcpp/rclcpp/memory_strategies.hpp:18[m[K,
                 from [01m[K/opt/ros/humble/include/rclcpp/rclcpp/executor_options.hpp:20[m[K,
                 from [01m[K/opt/ros/humble/include/rclcpp/rclcpp/executor.hpp:37[m[K,
                 from [01m[K/opt/ros/humble/include/rclcpp/rclcpp/executors/multi_threaded_executor.hpp:25[m[K,
                 from [01m[K/opt/ros/humble/include/rclcpp/rclcpp/executors.hpp:21[m[K,
                 from [01m[K/opt/ros/humble/include/rclcpp/rclcpp/rclcpp.hpp:155[m[K,
                 from [01m[K/home/prajesh/my_ws/src/led_system/src/battery_server.cpp:2[m[K:
[01m[K/usr/include/c++/11/variant:1477:9:[m[K [01;36m[Knote: [m[Kcandidate: ‘[01m[Ktemplate<class _Tp> std::enable_if_t<((__exactly_once<std::variant<_Types>::__accepted_type<_Tp&&, typename std::enable_if<__not_self<_Tp&&>, void>::type> > && is_constructible_v<std::variant<_Types>::__accepted_type<_Tp&&, typename std::enable_if<__not_self<_Tp&&>, void>::type>, _Tp>) && is_assignable_v<std::variant<_Types>::__accepted_type<_Tp&&, typename std::enable_if<__not_self<_Tp&&>, void>::type>&, _Tp>), std::variant<_Types>&> std::variant<_Types>::operator=(_Tp&&) [with _Tp = _Tp; _Types = {std::monostate, std::function<void(std::shared_ptr<battery_interfaces::srv::BatteryStatus_Request_<std::allocator<void> > >, std::shared_ptr<battery_interfaces::srv::BatteryStatus_Response_<std::allocator<void> > >)>, std::function<void(std::shared_ptr<rmw_request_id_s>, std::shared_ptr<battery_interfaces::srv::BatteryStatus_Request_<std::allocator<void> > >, std::shared_ptr<battery_interfaces::srv::BatteryStatus_Response_<std::allocator<void> > >)>, std::function<void(std::shared_ptr<rmw_request_id_s>, std::shared_ptr<battery_interfaces::srv::BatteryStatus_Request_<std::allocator<void> > >)>, std::function<void(std::shared_ptr<rclcpp::Service<battery_interfaces::srv::BatteryStatus> >, std::shared_ptr<rmw_request_id_s>, std::shared_ptr<battery_interfaces::srv::BatteryStatus_Request_<std::allocator<void> > >)>}][m[K’
 1477 |         [01;36m[Koperator[m[K=(_Tp&& __rhs)
      |         [01;36m[K^~~~~~~~[m[K
[01m[K/usr/include/c++/11/variant:1477:9:[m[K [01;36m[Knote: [m[K  template argument deduction/substitution failed:
/usr/include/c++/11/variant: In substitution of ‘[01m[Ktemplate<class ... _Types> template<class _Tp, class> using __accepted_type = std::variant<_Types>::__to_type<__accepted_index<_Tp> > [with _Tp = std::_Bind<void (BatteryController::*(BatteryController*, std::_Placeholder<1>, std::_Placeholder<2>))(std::shared_ptr<battery_interfaces::srv::BatteryStatus_Request_<std::allocator<void> > >, std::shared_ptr<battery_interfaces::srv::BatteryStatus_Response_<std::allocator<void> > >, int)>&&; <template-parameter-2-2> = void; _Types = {std::monostate, std::function<void(std::shared_ptr<battery_interfaces::srv::BatteryStatus_Request_<std::allocator<void> > >, std::shared_ptr<battery_interfaces::srv::BatteryStatus_Response_<std::allocator<void> > >)>, std::function<void(std::shared_ptr<rmw_request_id_s>, std::shared_ptr<battery_interfaces::srv::BatteryStatus_Request_<std::allocator<void> > >, std::shared_ptr<battery_interfaces::srv::BatteryStatus_Response_<std::allocator<void> > >)>, std::function<void(std::shared_ptr<rmw_request_id_s>, std::shared_ptr<battery_interfaces::srv::BatteryStatus_Request_<std::allocator<void> > >)>, std::function<void(std::shared_ptr<rclcpp::Service<battery_interfaces::srv::BatteryStatus> >, std::shared_ptr<rmw_request_id_s>, std::shared_ptr<battery_interfaces::srv::BatteryStatus_Request_<std::allocator<void> > >)>}][m[K’:
[01m[K/usr/include/c++/11/variant:1473:14:[m[K   required by substitution of ‘[01m[Ktemplate<class _Tp> std::enable_if_t<((__exactly_once<std::variant<std::monostate, std::function<void(std::shared_ptr<battery_interfaces::srv::BatteryStatus_Request_<std::allocator<void> > >, std::shared_ptr<battery_interfaces::srv::BatteryStatus_Response_<std::allocator<void> > >)>, std::function<void(std::shared_ptr<rmw_request_id_s>, std::shared_ptr<battery_interfaces::srv::BatteryStatus_Request_<std::allocator<void> > >, std::shared_ptr<battery_interfaces::srv::BatteryStatus_Response_<std::allocator<void> > >)>, std::function<void(std::shared_ptr<rmw_request_id_s>, std::shared_ptr<battery_interfaces::srv::BatteryStatus_Request_<std::allocator<void> > >)>, std::function<void(std::shared_ptr<rclcpp::Service<battery_interfaces::srv::BatteryStatus> >, std::shared_ptr<rmw_request_id_s>, std::shared_ptr<battery_interfaces::srv::BatteryStatus_Request_<std::allocator<void> > >)> >::__accepted_type<_Tp&&, typename std::enable_if<__not_self<_Tp&&>, void>::type> > && is_constructible_v<std::variant<std::monostate, std::function<void(std::shared_ptr<battery_interfaces::srv::BatteryStatus_Request_<std::allocator<void> > >, std::shared_ptr<battery_interfaces::srv::BatteryStatus_Response_<std::allocator<void> > >)>, std::function<void(std::shared_ptr<rmw_request_id_s>, std::shared_ptr<battery_interfaces::srv::BatteryStatus_Request_<std::allocator<void> > >, std::shared_ptr<battery_interfaces::srv::BatteryStatus_Response_<std::allocator<void> > >)>, std::function<void(std::shared_ptr<rmw_request_id_s>, std::shared_ptr<battery_interfaces::srv::BatteryStatus_Request_<std::allocator<void> > >)>, std::function<void(std::shared_ptr<rclcpp::Service<battery_interfaces::srv::BatteryStatus> >, std::shared_ptr<rmw_request_id_s>, std::shared_ptr<battery_interfaces::srv::BatteryStatus_Request_<std::allocator<void> > >)> >::__accepted_type<_Tp&&, typename std::enable_if<__not_self<_Tp&&>, void>::type>, _Tp>) && is_assignable_v<std::variant<std::monostate, std::function<void(std::shared_ptr<battery_interfaces::srv::BatteryStatus_Request_<std::allocator<void> > >, std::shared_ptr<battery_interfaces::srv::BatteryStatus_Response_<std::allocator<void> > >)>, std::function<void(std::shared_ptr<rmw_request_id_s>, std::shared_ptr<battery_interfaces::srv::BatteryStatus_Request_<std::allocator<void> > >, std::shared_ptr<battery_interfaces::srv::BatteryStatus_Response_<std::allocator<void> > >)>, std::function<void(std::shared_ptr<rmw_request_id_s>, std::shared_ptr<battery_interfaces::srv::BatteryStatus_Request_<std::allocator<void> > >)>, std::function<void(std::shared_ptr<rclcpp::Service<battery_interfaces::srv::BatteryStatus> >, std::shared_ptr<rmw_request_id_s>, std::shared_ptr<battery_interfaces::srv::BatteryStatus_Request_<std::allocator<void> > >)> >::__accepted_type<_Tp&&, typename std::enable_if<__not_self<_Tp&&>, void>::type>&, _Tp>), std::variant<std::monostate, std::function<void(std::shared_ptr<battery_interfaces::srv::BatteryStatus_Request_<std::allocator<void> > >, std::shared_ptr<battery_interfaces::srv::BatteryStatus_Response_<std::allocator<void> > >)>, std::function<void(std::shared_ptr<rmw_request_id_s>, std::shared_ptr<battery_interfaces::srv::BatteryStatus_Request_<std::allocator<void> > >, std::shared_ptr<battery_interfaces::srv::BatteryStatus_Response_<std::allocator<void> > >)>, std::function<void(std::shared_ptr<rmw_request_id_s>, std::shared_ptr<battery_interfaces::srv::BatteryStatus_Request_<std::allocator<void> > >)>, std::function<void(std::shared_ptr<rclcpp::Service<battery_interfaces::srv::BatteryStatus> >, std::shared_ptr<rmw_request_id_s>, std::shared_ptr<battery_interfaces::srv::BatteryStatus_Request_<std::allocator<void> > >)> >&> std::variant<std::monostate, std::function<void(std::shared_ptr<battery_interfaces::srv::BatteryStatus_Request_<std::allocator<void> > >, std::shared_ptr<battery_interfaces::srv::BatteryStatus_Response_<std::allocator<void> > >)>, std::function<void(std::shared_ptr<rmw_request_id_s>, std::shared_ptr<battery_interfaces::srv::BatteryStatus_Request_<std::allocator<void> > >, std::shared_ptr<battery_interfaces::srv::BatteryStatus_Response_<std::allocator<void> > >)>, std::function<void(std::shared_ptr<rmw_request_id_s>, std::shared_ptr<battery_interfaces::srv::BatteryStatus_Request_<std::allocator<void> > >)>, std::function<void(std::shared_ptr<rclcpp::Service<battery_interfaces::srv::BatteryStatus> >, std::shared_ptr<rmw_request_id_s>, std::shared_ptr<battery_interfaces::srv::BatteryStatus_Request_<std::allocator<void> > >)> >::operator=<_Tp>(_Tp&&) [with _Tp = std::_Bind<void (BatteryController::*(BatteryController*, std::_Placeholder<1>, std::_Placeholder<2>))(std::shared_ptr<battery_interfaces::srv::BatteryStatus_Request_<std::allocator<void> > >, std::shared_ptr<battery_interfaces::srv::BatteryStatus_Response_<std::allocator<void> > >, int)>][m[K’
[01m[K/opt/ros/humble/include/rclcpp/rclcpp/any_service_callback.hpp:103:17:[m[K   required from ‘[01m[Kvoid rclcpp::AnyServiceCallback<ServiceT>::set(CallbackT&&) [with CallbackT = std::_Bind<void (BatteryController::*(BatteryController*, std::_Placeholder<1>, std::_Placeholder<2>))(std::shared_ptr<battery_interfaces::srv::BatteryStatus_Request_<std::allocator<void> > >, std::shared_ptr<battery_interfaces::srv::BatteryStatus_Response_<std::allocator<void> > >, int)>; typename std::enable_if<(! rclcpp::detail::can_be_nullptr<CallbackT>::value), int>::type <anonymous> = 0; ServiceT = battery_interfaces::srv::BatteryStatus][m[K’
[01m[K/opt/ros/humble/include/rclcpp/rclcpp/create_service.hpp:43:27:[m[K   required from ‘[01m[Ktypename rclcpp::Service<ServiceT>::SharedPtr rclcpp::create_service(std::shared_ptr<rclcpp::node_interfaces::NodeBaseInterface>, std::shared_ptr<rclcpp::node_interfaces::NodeServicesInterface>, const string&, CallbackT&&, const rmw_qos_profile_t&, rclcpp::CallbackGroup::SharedPtr) [with ServiceT = battery_interfaces::srv::BatteryStatus; CallbackT = std::_Bind<void (BatteryController::*(BatteryController*, std::_Placeholder<1>, std::_Placeholder<2>))(std::shared_ptr<battery_interfaces::srv::BatteryStatus_Request_<std::allocator<void> > >, std::shared_ptr<battery_interfaces::srv::BatteryStatus_Response_<std::allocator<void> > >, int)>; typename rclcpp::Service<ServiceT>::SharedPtr = std::shared_ptr<rclcpp::Service<battery_interfaces::srv::BatteryStatus> >; std::string = std::__cxx11::basic_string<char>; rmw_qos_profile_t = rmw_qos_profile_s; rclcpp::CallbackGroup::SharedPtr = std::shared_ptr<rclcpp::CallbackGroup>][m[K’
[01m[K/opt/ros/humble/include/rclcpp/rclcpp/node_impl.hpp:147:53:[m[K   required from ‘[01m[Ktypename rclcpp::Service<ServiceT>::SharedPtr rclcpp::Node::create_service(const string&, CallbackT&&, const rmw_qos_profile_t&, rclcpp::CallbackGroup::SharedPtr) [with ServiceT = battery_interfaces::srv::BatteryStatus; CallbackT = std::_Bind<void (BatteryController::*(BatteryController*, std::_Placeholder<1>, std::_Placeholder<2>))(std::shared_ptr<battery_interfaces::srv::BatteryStatus_Request_<std::allocator<void> > >, std::shared_ptr<battery_interfaces::srv::BatteryStatus_Response_<std::allocator<void> > >, int)>; typename rclcpp::Service<ServiceT>::SharedPtr = std::shared_ptr<rclcpp::Service<battery_interfaces::srv::BatteryStatus> >; std::string = std::__cxx11::basic_string<char>; rmw_qos_profile_t = rmw_qos_profile_s; rclcpp::CallbackGroup::SharedPtr = std::shared_ptr<rclcpp::CallbackGroup>][m[K’
[01m[K/home/prajesh/my_ws/src/led_system/src/battery_server.cpp:20:82:[m[K   required from here
[01m[K/usr/include/c++/11/variant:1391:15:[m[K [01;31m[Kerror: [m[Kno type named ‘[01m[Ktype[m[K’ in ‘[01m[Kstruct std::enable_if<false, void>[m[K’
 1391 |         using [01;31m[K__accepted_type[m[K = __to_type<__accepted_index<_Tp>>;
      |               [01;31m[K^~~~~~~~~~~~~~~[m[K
/opt/ros/humble/include/rclcpp/rclcpp/any_service_callback.hpp: In instantiation of ‘[01m[Kvoid rclcpp::AnyServiceCallback<ServiceT>::set(CallbackT&&) [with CallbackT = std::_Bind<void (BatteryController::*(BatteryController*, std::_Placeholder<1>, std::_Placeholder<2>))(std::shared_ptr<battery_interfaces::srv::BatteryStatus_Request_<std::allocator<void> > >, std::shared_ptr<battery_interfaces::srv::BatteryStatus_Response_<std::allocator<void> > >, int)>; typename std::enable_if<(! rclcpp::detail::can_be_nullptr<CallbackT>::value), int>::type <anonymous> = 0; ServiceT = battery_interfaces::srv::BatteryStatus][m[K’:
[01m[K/opt/ros/humble/include/rclcpp/rclcpp/create_service.hpp:43:27:[m[K   required from ‘[01m[Ktypename rclcpp::Service<ServiceT>::SharedPtr rclcpp::create_service(std::shared_ptr<rclcpp::node_interfaces::NodeBaseInterface>, std::shared_ptr<rclcpp::node_interfaces::NodeServicesInterface>, const string&, CallbackT&&, const rmw_qos_profile_t&, rclcpp::CallbackGroup::SharedPtr) [with ServiceT = battery_interfaces::srv::BatteryStatus; CallbackT = std::_Bind<void (BatteryController::*(BatteryController*, std::_Placeholder<1>, std::_Placeholder<2>))(std::shared_ptr<battery_interfaces::srv::BatteryStatus_Request_<std::allocator<void> > >, std::shared_ptr<battery_interfaces::srv::BatteryStatus_Response_<std::allocator<void> > >, int)>; typename rclcpp::Service<ServiceT>::SharedPtr = std::shared_ptr<rclcpp::Service<battery_interfaces::srv::BatteryStatus> >; std::string = std::__cxx11::basic_string<char>; rmw_qos_profile_t = rmw_qos_profile_s; rclcpp::CallbackGroup::SharedPtr = std::shared_ptr<rclcpp::CallbackGroup>][m[K’
[01m[K/opt/ros/humble/include/rclcpp/rclcpp/node_impl.hpp:147:53:[m[K   required from ‘[01m[Ktypename rclcpp::Service<ServiceT>::SharedPtr rclcpp::Node::create_service(const string&, CallbackT&&, const rmw_qos_profile_t&, rclcpp::CallbackGroup::SharedPtr) [with ServiceT = battery_interfaces::srv::BatteryStatus; CallbackT = std::_Bind<void (BatteryController::*(BatteryController*, std::_Placeholder<1>, std::_Placeholder<2>))(std::shared_ptr<battery_interfaces::srv::BatteryStatus_Request_<std::allocator<void> > >, std::shared_ptr<battery_interfaces::srv::BatteryStatus_Response_<std::allocator<void> > >, int)>; typename rclcpp::Service<ServiceT>::SharedPtr = std::shared_ptr<rclcpp::Service<battery_interfaces::srv::BatteryStatus> >; std::string = std::__cxx11::basic_string<char>; rmw_qos_profile_t = rmw_qos_profile_s; rclcpp::CallbackGroup::SharedPtr = std::shared_ptr<rclcpp::CallbackGroup>][m[K’
[01m[K/home/prajesh/my_ws/src/led_system/src/battery_server.cpp:20:82:[m[K   required from here
[01m[K/usr/include/c++/11/variant:1414:16:[m[K [01;36m[Knote: [m[Kcandidate: ‘[01m[Kstd::variant<_Types>& std::variant<_Types>::operator=(const std::variant<_Types>&) [with _Types = {std::monostate, std::function<void(std::shared_ptr<battery_interfaces::srv::BatteryStatus_Request_<std::allocator<void> > >, std::shared_ptr<battery_interfaces::srv::BatteryStatus_Response_<std::allocator<void> > >)>, std::function<void(std::shared_ptr<rmw_request_id_s>, std::shared_ptr<battery_interfaces::srv::BatteryStatus_Request_<std::allocator<void> > >, std::shared_ptr<battery_interfaces::srv::BatteryStatus_Response_<std::allocator<void> > >)>, std::function<void(std::shared_ptr<rmw_request_id_s>, std::shared_ptr<battery_interfaces::srv::BatteryStatus_Request_<std::allocator<void> > >)>, std::function<void(std::shared_ptr<rclcpp::Service<battery_interfaces::srv::BatteryStatus> >, std::shared_ptr<rmw_request_id_s>, std::shared_ptr<battery_interfaces::srv::BatteryStatus_Request_<std::allocator<void> > >)>}][m[K’
 1414 |       variant& [01;36m[Koperator[m[K=(const variant&) = default;
      |                [01;36m[K^~~~~~~~[m[K
[01m[K/usr/include/c++/11/variant:1414:26:[m[K [01;36m[Knote: [m[K  no known conversion for argument 1 from ‘[01m[Kstd::_Bind<void (BatteryController::*(BatteryController*, std::_Placeholder<1>, std::_Placeholder<2>))(std::shared_ptr<battery_interfaces::srv::BatteryStatus_Request_<std::allocator<void> > >, std::shared_ptr<battery_interfaces::srv::BatteryStatus_Response_<std::allocator<void> > >, int)>[m[K’ to ‘[01m[Kconst std::variant<std::monostate, std::function<void(std::shared_ptr<battery_interfaces::srv::BatteryStatus_Request_<std::allocator<void> > >, std::shared_ptr<battery_interfaces::srv::BatteryStatus_Response_<std::allocator<void> > >)>, std::function<void(std::shared_ptr<rmw_request_id_s>, std::shared_ptr<battery_interfaces::srv::BatteryStatus_Request_<std::allocator<void> > >, std::shared_ptr<battery_interfaces::srv::BatteryStatus_Response_<std::allocator<void> > >)>, std::function<void(std::shared_ptr<rmw_request_id_s>, std::shared_ptr<battery_interfaces::srv::BatteryStatus_Request_<std::allocator<void> > >)>, std::function<void(std::shared_ptr<rclcpp::Service<battery_interfaces::srv::BatteryStatus> >, std::shared_ptr<rmw_request_id_s>, std::shared_ptr<battery_interfaces::srv::BatteryStatus_Request_<std::allocator<void> > >)> >&[m[K’
 1414 |       variant& operator=([01;36m[Kconst variant&[m[K) = default;
      |                          [01;36m[K^~~~~~~~~~~~~~[m[K
[01m[K/usr/include/c++/11/variant:1415:16:[m[K [01;36m[Knote: [m[Kcandidate: ‘[01m[Kstd::variant<_Types>& std::variant<_Types>::operator=(std::variant<_Types>&&) [with _Types = {std::monostate, std::function<void(std::shared_ptr<battery_interfaces::srv::BatteryStatus_Request_<std::allocator<void> > >, std::shared_ptr<battery_interfaces::srv::BatteryStatus_Response_<std::allocator<void> > >)>, std::function<void(std::shared_ptr<rmw_request_id_s>, std::shared_ptr<battery_interfaces::srv::BatteryStatus_Request_<std::allocator<void> > >, std::shared_ptr<battery_interfaces::srv::BatteryStatus_Response_<std::allocator<void> > >)>, std::function<void(std::shared_ptr<rmw_request_id_s>, std::shared_ptr<battery_interfaces::srv::BatteryStatus_Request_<std::allocator<void> > >)>, std::function<void(std::shared_ptr<rclcpp::Service<battery_interfaces::srv::BatteryStatus> >, std::shared_ptr<rmw_request_id_s>, std::shared_ptr<battery_interfaces::srv::BatteryStatus_Request_<std::allocator<void> > >)>}][m[K’
 1415 |       variant& [01;36m[Koperator[m[K=(variant&&) = default;
      |                [01;36m[K^~~~~~~~[m[K
[01m[K/usr/include/c++/11/variant:1415:26:[m[K [01;36m[Knote: [m[K  no known conversion for argument 1 from ‘[01m[Kstd::_Bind<void (BatteryController::*(BatteryController*, std::_Placeholder<1>, std::_Placeholder<2>))(std::shared_ptr<battery_interfaces::srv::BatteryStatus_Request_<std::allocator<void> > >, std::shared_ptr<battery_interfaces::srv::BatteryStatus_Response_<std::allocator<void> > >, int)>[m[K’ to ‘[01m[Kstd::variant<std::monostate, std::function<void(std::shared_ptr<battery_interfaces::srv::BatteryStatus_Request_<std::allocator<void> > >, std::shared_ptr<battery_interfaces::srv::BatteryStatus_Response_<std::allocator<void> > >)>, std::function<void(std::shared_ptr<rmw_request_id_s>, std::shared_ptr<battery_interfaces::srv::BatteryStatus_Request_<std::allocator<void> > >, std::shared_ptr<battery_interfaces::srv::BatteryStatus_Response_<std::allocator<void> > >)>, std::function<void(std::shared_ptr<rmw_request_id_s>, std::shared_ptr<battery_interfaces::srv::BatteryStatus_Request_<std::allocator<void> > >)>, std::function<void(std::shared_ptr<rclcpp::Service<battery_interfaces::srv::BatteryStatus> >, std::shared_ptr<rmw_request_id_s>, std::shared_ptr<battery_interfaces::srv::BatteryStatus_Request_<std::allocator<void> > >)> >&&[m[K’
 1415 |       variant& operator=([01;36m[Kvariant&&[m[K) = default;
      |                          [01;36m[K^~~~~~~~~[m[K
gmake[2]: *** [CMakeFiles/led_client.dir/build.make:76: CMakeFiles/led_client.dir/src/led_client.cpp.o] Error 1
gmake[1]: *** [CMakeFiles/Makefile2:139: CMakeFiles/led_client.dir/all] Error 2
gmake[1]: *** Waiting for unfinished jobs....
gmake[2]: *** [CMakeFiles/battery_server.dir/build.make:76: CMakeFiles/battery_server.dir/src/battery_server.cpp.o] Error 1
gmake[1]: *** [CMakeFiles/Makefile2:165: CMakeFiles/battery_server.dir/all] Error 2
gmake: *** [Makefile:146: all] Error 2
