[0.023s] Invoking command in '/home/prajesh/my_ws/build/led_system': AMENT_PREFIX_PATH=/home/prajesh/my_ws/install/battery_interfaces:${AMENT_PREFIX_PATH} CMAKE_PREFIX_PATH=/home/prajesh/my_ws/install/battery_interfaces:/home/prajesh/my_ws/install/my_robot_interfaces:/home/prajesh/my_ws/install/my_cpp_pkg:/home/prajesh/my_ws/install/cpp_test_pkg:/home/prajesh/my_ws/install/cpp_service_test:/home/prajesh/my_ws/install/cpp_practice:/home/prajesh/tbot_ws/install/turtlebot3_simulations:/home/prajesh/tbot_ws/install/turtlebot3_gazebo:/home/prajesh/tbot_ws/install/turtlebot3_fake_node:/home/prajesh/my_ws/install/py_server_test:/home/prajesh/my_ws/install/my_py_pkg:/opt/ros/humble LD_LIBRARY_PATH=/home/prajesh/my_ws/install/battery_interfaces/lib:${LD_LIBRARY_PATH} PYTHONPATH=/home/prajesh/my_ws/install/battery_interfaces/local/lib/python3.10/dist-packages:${PYTHONPATH} /usr/bin/cmake --build /home/prajesh/my_ws/build/led_system -- -j4 -l4
[0.045s] -- Found ament_cmake: 1.3.4 (/opt/ros/humble/share/ament_cmake/cmake)
[0.181s] -- Found rclcpp: 16.0.4 (/opt/ros/humble/share/rclcpp/cmake)
[0.209s] -- Found rosidl_generator_c: 3.1.4 (/opt/ros/humble/share/rosidl_generator_c/cmake)
[0.212s] -- Found rosidl_adapter: 3.1.4 (/opt/ros/humble/share/rosidl_adapter/cmake)
[0.218s] -- Found rosidl_generator_cpp: 3.1.4 (/opt/ros/humble/share/rosidl_generator_cpp/cmake)
[0.228s] -- Using all available rosidl_typesupport_c: rosidl_typesupport_fastrtps_c;rosidl_typesupport_introspection_c
[0.243s] -- Using all available rosidl_typesupport_cpp: rosidl_typesupport_fastrtps_cpp;rosidl_typesupport_introspection_cpp
[0.299s] -- Found rmw_implementation_cmake: 6.1.1 (/opt/ros/humble/share/rmw_implementation_cmake/cmake)
[0.301s] -- Found rmw_cyclonedds_cpp: 1.3.4 (/opt/ros/humble/share/rmw_cyclonedds_cpp/cmake)
[0.328s] -- Using RMW implementation 'rmw_cyclonedds_cpp' as default
[0.525s] -- Found example_interfaces: 0.9.3 (/opt/ros/humble/share/example_interfaces/cmake)
[0.664s] -- Found battery_interfaces: 0.0.0 (/home/prajesh/my_ws/install/battery_interfaces/share/battery_interfaces/cmake)
[0.788s] -- Configuring done
[0.809s] -- Generating done
[0.809s] -- Build files have been written to: /home/prajesh/my_ws/build/led_system
[0.836s] [35m[1mConsolidate compiler generated dependencies of target led_client[0m
[0.844s] [ 25%] [32mBuilding CXX object CMakeFiles/battery_server.dir/src/battery_server.cpp.o[0m
[0.850s] [ 50%] [32mBuilding CXX object CMakeFiles/led_client.dir/src/led_client.cpp.o[0m
[4.912s] [01m[K/home/prajesh/my_ws/src/led_system/src/battery_server.cpp:27:101:[m[K [01;31m[Kerror: [m[Kexpected identifier before ‘[01m[K)[m[K’ token
[4.912s]    27 |                              const battery_interfaces::srv::BatteryStatus::Response::SharedPtr resp,[01;31m[K)[m[K
[4.912s]       |                                                                                                     [01;31m[K^[m[K
[4.914s] In file included from [01m[K/usr/include/c++/11/pstl/glue_algorithm_defs.h:13[m[K,
[4.914s]                  from [01m[K/usr/include/c++/11/algorithm:74[m[K,
[4.914s]                  from [01m[K/opt/ros/humble/include/rclcpp/rclcpp/executor.hpp:18[m[K,
[4.914s]                  from [01m[K/opt/ros/humble/include/rclcpp/rclcpp/executors/multi_threaded_executor.hpp:25[m[K,
[4.914s]                  from [01m[K/opt/ros/humble/include/rclcpp/rclcpp/executors.hpp:21[m[K,
[4.914s]                  from [01m[K/opt/ros/humble/include/rclcpp/rclcpp/rclcpp.hpp:155[m[K,
[4.914s]                  from [01m[K/home/prajesh/my_ws/src/led_system/src/battery_server.cpp:2[m[K:
[4.914s] /usr/include/c++/11/functional: In instantiation of ‘[01m[Kstruct std::_Bind_check_arity<void (BatteryController::*)(std::shared_ptr<battery_interfaces::srv::BatteryStatus_Request_<std::allocator<void> > >, std::shared_ptr<battery_interfaces::srv::BatteryStatus_Response_<std::allocator<void> > >, int), BatteryController*, const std::_Placeholder<1>&, const std::_Placeholder<2>&>[m[K’:
[4.914s] [01m[K/usr/include/c++/11/functional:768:12:[m[K   required from ‘[01m[Kstruct std::_Bind_helper<false, void (BatteryController::*)(std::shared_ptr<battery_interfaces::srv::BatteryStatus_Request_<std::allocator<void> > >, std::shared_ptr<battery_interfaces::srv::BatteryStatus_Response_<std::allocator<void> > >, int), BatteryController*, const std::_Placeholder<1>&, const std::_Placeholder<2>&>[m[K’
[4.914s] [01m[K/usr/include/c++/11/functional:789:5:[m[K   required by substitution of ‘[01m[Ktemplate<class _Func, class ... _BoundArgs> typename std::_Bind_helper<std::__is_socketlike<_Func>::value, _Func, _BoundArgs ...>::type std::bind(_Func&&, _BoundArgs&& ...) [with _Func = void (BatteryController::*)(std::shared_ptr<battery_interfaces::srv::BatteryStatus_Request_<std::allocator<void> > >, std::shared_ptr<battery_interfaces::srv::BatteryStatus_Response_<std::allocator<void> > >, int); _BoundArgs = {BatteryController*, const std::_Placeholder<1>&, const std::_Placeholder<2>&}][m[K’
[4.914s] [01m[K/home/prajesh/my_ws/src/led_system/src/battery_server.cpp:21:38:[m[K   required from here
[4.914s] [01m[K/usr/include/c++/11/functional:756:21:[m[K [01;31m[Kerror: [m[Kstatic assertion failed: Wrong number of arguments for pointer-to-member
[4.914s]   755 |       static_assert(_Varargs::[01;31m[Kvalue[m[K
[4.914s]       |                               [01;31m[K~~~~~[m[K
[4.914s]   756 | [01;31m[K                    ? sizeof...(_BoundArgs) >= _Arity::value + 1[m[K
[4.915s]       |                     [01;31m[K^~~~~~~~~~~~~~~~~~~~~~~~~~~~~~~~~~~~~~~~~~~~[m[K
[4.915s]   757 | [01;31m[K                    : sizeof...(_BoundArgs) == _Arity::value + 1[m[K,
[4.915s]       |                     [01;31m[K~~~~~~~~~~~~~~~~~~~~~~~~~~~~~~~~~~~~~~~~~~~~[m[K
[4.915s] [01m[K/usr/include/c++/11/functional:756:21:[m[K [01;36m[Knote: [m[K‘[01m[K(false ? (3 >= (((long unsigned int)std::integral_constant<long unsigned int, 3>::value) + 1)) : (3 == (((long unsigned int)std::integral_constant<long unsigned int, 3>::value) + 1)))[m[K’ evaluates to false
[4.928s] [01m[K/home/prajesh/my_ws/src/led_system/src/battery_server.cpp:[m[K In member function ‘[01m[Kvoid BatteryController::server_callback(battery_interfaces::srv::BatteryStatus_Request_<std::allocator<void> >::SharedPtr, battery_interfaces::srv::BatteryStatus_Response_<std::allocator<void> >::SharedPtr, int)[m[K’:
[4.928s] [01m[K/home/prajesh/my_ws/src/led_system/src/battery_server.cpp:32:25:[m[K [01;31m[Kerror: [m[K‘[01m[Kusing element_type = struct battery_interfaces::srv::BatteryStatus_Request_<std::allocator<void> >[m[K’ {aka ‘[01m[Kstruct battery_interfaces::srv::BatteryStatus_Request_<std::allocator<void> >[m[K’} has no member named ‘[01m[Kles_number[m[K’; did you mean ‘[01m[Kled_number[m[K’?
[4.928s]    32 |                 if(req->[01;31m[Kles_number[m[K == 0)
[4.929s]       |                         [01;31m[K^~~~~~~~~~[m[K
[4.929s]       |                         [32m[Kled_number[m[K
[4.929s] [01m[K/home/prajesh/my_ws/src/led_system/src/battery_server.cpp:38:25:[m[K [01;31m[Kerror: [m[K‘[01m[Kusing element_type = struct battery_interfaces::srv::BatteryStatus_Request_<std::allocator<void> >[m[K’ {aka ‘[01m[Kstruct battery_interfaces::srv::BatteryStatus_Request_<std::allocator<void> >[m[K’} has no member named ‘[01m[Kles_number[m[K’; did you mean ‘[01m[Kled_number[m[K’?
[4.929s]    38 |                 if(req->[01;31m[Kles_number[m[K == 1)
[4.930s]       |                         [01;31m[K^~~~~~~~~~[m[K
[4.930s]       |                         [32m[Kled_number[m[K
[4.930s] [01m[K/home/prajesh/my_ws/src/led_system/src/battery_server.cpp:44:25:[m[K [01;31m[Kerror: [m[K‘[01m[Kusing element_type = struct battery_interfaces::srv::BatteryStatus_Request_<std::allocator<void> >[m[K’ {aka ‘[01m[Kstruct battery_interfaces::srv::BatteryStatus_Request_<std::allocator<void> >[m[K’} has no member named ‘[01m[Kles_number[m[K’; did you mean ‘[01m[Kled_number[m[K’?
[4.930s]    44 |                 if(req->[01;31m[Kles_number[m[K == 2)
[4.930s]       |                         [01;31m[K^~~~~~~~~~[m[K
[4.931s]       |                         [32m[Kled_number[m[K
[4.931s] [01m[K/home/prajesh/my_ws/src/led_system/src/battery_server.cpp:[m[K At global scope:
[4.931s] [01m[K/home/prajesh/my_ws/src/led_system/src/battery_server.cpp:64:6:[m[K [01;31m[Kerror: [m[Kexpected unqualified-id before ‘[01m[Kint[m[K’
[4.931s]    64 | int ([01;31m[Kint[m[K argc, char **argv)
[4.931s]       |      [01;31m[K^~~[m[K
[4.931s] [01m[K/home/prajesh/my_ws/src/led_system/src/battery_server.cpp:64:6:[m[K [01;31m[Kerror: [m[Kexpected ‘[01m[K)[m[K’ before ‘[01m[Kint[m[K’
[4.931s]    64 | int [34m[K([m[K[01;31m[Ki[m[K[32m[Knt[m[K argc, char **argv)
[4.931s]       |     [34m[K~[m[K[01;31m[K^[m[K[32m[K~~[m[K
[4.931s]       |      [32m[K)[m[K
[5.021s] [01m[K/home/prajesh/my_ws/src/led_system/src/led_client.cpp:[m[K In member function ‘[01m[Kvoid BatteryStateClass::client_callback()[m[K’:
[5.021s] [01m[K/home/prajesh/my_ws/src/led_system/src/led_client.cpp:34:21:[m[K [01;31m[Kerror: [m[K‘[01m[Kstruct battery_interfaces::srv::BatteryStatus[m[K’ has no member named ‘[01m[Kled_number[m[K’
[5.021s]    34 |                 srv.[01;31m[Kled_number[m[K = 2;
[5.021s]       |                     [01;31m[K^~~~~~~~~~[m[K
[5.021s] [01m[K/home/prajesh/my_ws/src/led_system/src/led_client.cpp:35:21:[m[K [01;31m[Kerror: [m[K‘[01m[Kstruct battery_interfaces::srv::BatteryStatus[m[K’ has no member named ‘[01m[Kstate[m[K’
[5.021s]    35 |                 srv.[01;31m[Kstate[m[K = true;
[5.021s]       |                     [01;31m[K^~~~~[m[K
[5.021s] [01m[K/home/prajesh/my_ws/src/led_system/src/led_client.cpp:39:57:[m[K [01;31m[Kerror: [m[Kno matching function for call to ‘[01m[Krclcpp::Client<battery_interfaces::srv::BatteryStatus>::async_send_request(battery_interfaces::srv::BatteryStatus&)[m[K’
[5.021s]    39 |                 auto future = [01;31m[Kclient->async_send_request(srv)[m[K;
[5.021s]       |                               [01;31m[K~~~~~~~~~~~~~~~~~~~~~~~~~~^~~~~[m[K
[5.021s] In file included from [01m[K/opt/ros/humble/include/rclcpp/rclcpp/callback_group.hpp:24[m[K,
[5.022s]                  from [01m[K/opt/ros/humble/include/rclcpp/rclcpp/any_executable.hpp:20[m[K,
[5.022s]                  from [01m[K/opt/ros/humble/include/rclcpp/rclcpp/memory_strategy.hpp:25[m[K,
[5.022s]                  from [01m[K/opt/ros/humble/include/rclcpp/rclcpp/memory_strategies.hpp:18[m[K,
[5.022s]                  from [01m[K/opt/ros/humble/include/rclcpp/rclcpp/executor_options.hpp:20[m[K,
[5.022s]                  from [01m[K/opt/ros/humble/include/rclcpp/rclcpp/executor.hpp:37[m[K,
[5.025s]                  from [01m[K/opt/ros/humble/include/rclcpp/rclcpp/executors/multi_threaded_executor.hpp:25[m[K,
[5.025s]                  from [01m[K/opt/ros/humble/include/rclcpp/rclcpp/executors.hpp:21[m[K,
[5.025s]                  from [01m[K/opt/ros/humble/include/rclcpp/rclcpp/rclcpp.hpp:155[m[K,
[5.025s]                  from [01m[K/home/prajesh/my_ws/src/led_system/src/led_client.cpp:2[m[K:
[5.025s] [01m[K/opt/ros/humble/include/rclcpp/rclcpp/client.hpp:643:3:[m[K [01;36m[Knote: [m[Kcandidate: ‘[01m[Ktemplate<class CallbackT, typename std::enable_if<rclcpp::function_traits::same_arguments<CallbackT, std::function<void(std::shared_future<std::shared_ptr<battery_interfaces::srv::BatteryStatus_Response_<std::allocator<void> > > >)> >::value, void>::type* <anonymous> > rclcpp::Client<ServiceT>::SharedFutureAndRequestId rclcpp::Client<ServiceT>::async_send_request(rclcpp::Client<ServiceT>::SharedRequest, CallbackT&&) [with CallbackT = CallbackT; typename std::enable_if<rclcpp::function_traits::same_arguments<CallbackT, std::function<void(std::shared_future<typename ServiceT::Response::SharedPtr>)> >::value>::type* <anonymous> = <anonymous>; ServiceT = battery_interfaces::srv::BatteryStatus][m[K’
[5.026s]   643 |   [01;36m[Kasync_send_request[m[K(SharedRequest request, CallbackT && cb)
[5.026s]       |   [01;36m[K^~~~~~~~~~~~~~~~~~[m[K
[5.026s] [01m[K/opt/ros/humble/include/rclcpp/rclcpp/client.hpp:643:3:[m[K [01;36m[Knote: [m[K  template argument deduction/substitution failed:
[5.026s] [01m[K/home/prajesh/my_ws/src/led_system/src/led_client.cpp:39:57:[m[K [01;36m[Knote: [m[K  candidate expects 2 arguments, 1 provided
[5.026s]    39 |                 auto future = [01;36m[Kclient->async_send_request(srv)[m[K;
[5.026s]       |                               [01;36m[K~~~~~~~~~~~~~~~~~~~~~~~~~~^~~~~[m[K
[5.026s] In file included from [01m[K/opt/ros/humble/include/rclcpp/rclcpp/callback_group.hpp:24[m[K,
[5.026s]                  from [01m[K/opt/ros/humble/include/rclcpp/rclcpp/any_executable.hpp:20[m[K,
[5.026s]                  from [01m[K/opt/ros/humble/include/rclcpp/rclcpp/memory_strategy.hpp:25[m[K,
[5.026s]                  from [01m[K/opt/ros/humble/include/rclcpp/rclcpp/memory_strategies.hpp:18[m[K,
[5.026s]                  from [01m[K/opt/ros/humble/include/rclcpp/rclcpp/executor_options.hpp:20[m[K,
[5.026s]                  from [01m[K/opt/ros/humble/include/rclcpp/rclcpp/executor.hpp:37[m[K,
[5.026s]                  from [01m[K/opt/ros/humble/include/rclcpp/rclcpp/executors/multi_threaded_executor.hpp:25[m[K,
[5.026s]                  from [01m[K/opt/ros/humble/include/rclcpp/rclcpp/executors.hpp:21[m[K,
[5.026s]                  from [01m[K/opt/ros/humble/include/rclcpp/rclcpp/rclcpp.hpp:155[m[K,
[5.026s]                  from [01m[K/home/prajesh/my_ws/src/led_system/src/led_client.cpp:2[m[K:
[5.026s] [01m[K/opt/ros/humble/include/rclcpp/rclcpp/client.hpp:674:3:[m[K [01;36m[Knote: [m[Kcandidate: ‘[01m[Ktemplate<class CallbackT, typename std::enable_if<rclcpp::function_traits::same_arguments<CallbackT, std::function<void(std::shared_future<std::pair<std::shared_ptr<battery_interfaces::srv::BatteryStatus_Request_<std::allocator<void> > >, std::shared_ptr<battery_interfaces::srv::BatteryStatus_Response_<std::allocator<void> > > > >)> >::value, void>::type* <anonymous> > rclcpp::Client<ServiceT>::SharedFutureWithRequestAndRequestId rclcpp::Client<ServiceT>::async_send_request(rclcpp::Client<ServiceT>::SharedRequest, CallbackT&&) [with CallbackT = CallbackT; typename std::enable_if<rclcpp::function_traits::same_arguments<CallbackT, std::function<void(std::shared_future<std::pair<typename ServiceT::Request::SharedPtr, typename ServiceT::Response::SharedPtr> >)> >::value>::type* <anonymous> = <anonymous>; ServiceT = battery_interfaces::srv::BatteryStatus][m[K’
[5.026s]   674 |   [01;36m[Kasync_send_request[m[K(SharedRequest request, CallbackT && cb)
[5.026s]       |   [01;36m[K^~~~~~~~~~~~~~~~~~[m[K
[5.026s] [01m[K/opt/ros/humble/include/rclcpp/rclcpp/client.hpp:674:3:[m[K [01;36m[Knote: [m[K  template argument deduction/substitution failed:
[5.027s] [01m[K/home/prajesh/my_ws/src/led_system/src/led_client.cpp:39:57:[m[K [01;36m[Knote: [m[K  candidate expects 2 arguments, 1 provided
[5.027s]    39 |                 auto future = [01;36m[Kclient->async_send_request(srv)[m[K;
[5.027s]       |                               [01;36m[K~~~~~~~~~~~~~~~~~~~~~~~~~~^~~~~[m[K
[5.027s] In file included from [01m[K/opt/ros/humble/include/rclcpp/rclcpp/callback_group.hpp:24[m[K,
[5.027s]                  from [01m[K/opt/ros/humble/include/rclcpp/rclcpp/any_executable.hpp:20[m[K,
[5.027s]                  from [01m[K/opt/ros/humble/include/rclcpp/rclcpp/memory_strategy.hpp:25[m[K,
[5.027s]                  from [01m[K/opt/ros/humble/include/rclcpp/rclcpp/memory_strategies.hpp:18[m[K,
[5.027s]                  from [01m[K/opt/ros/humble/include/rclcpp/rclcpp/executor_options.hpp:20[m[K,
[5.027s]                  from [01m[K/opt/ros/humble/include/rclcpp/rclcpp/executor.hpp:37[m[K,
[5.027s]                  from [01m[K/opt/ros/humble/include/rclcpp/rclcpp/executors/multi_threaded_executor.hpp:25[m[K,
[5.027s]                  from [01m[K/opt/ros/humble/include/rclcpp/rclcpp/executors.hpp:21[m[K,
[5.027s]                  from [01m[K/opt/ros/humble/include/rclcpp/rclcpp/rclcpp.hpp:155[m[K,
[5.027s]                  from [01m[K/home/prajesh/my_ws/src/led_system/src/led_client.cpp:2[m[K:
[5.027s] [01m[K/opt/ros/humble/include/rclcpp/rclcpp/client.hpp:608:3:[m[K [01;36m[Knote: [m[Kcandidate: ‘[01m[Krclcpp::Client<ServiceT>::FutureAndRequestId rclcpp::Client<ServiceT>::async_send_request(rclcpp::Client<ServiceT>::SharedRequest) [with ServiceT = battery_interfaces::srv::BatteryStatus; rclcpp::Client<ServiceT>::SharedRequest = std::shared_ptr<battery_interfaces::srv::BatteryStatus_Request_<std::allocator<void> > >][m[K’
[5.027s]   608 |   [01;36m[Kasync_send_request[m[K(SharedRequest request)
[5.027s]       |   [01;36m[K^~~~~~~~~~~~~~~~~~[m[K
[5.027s] [01m[K/opt/ros/humble/include/rclcpp/rclcpp/client.hpp:608:36:[m[K [01;36m[Knote: [m[K  no known conversion for argument 1 from ‘[01m[Kbattery_interfaces::srv::BatteryStatus[m[K’ to ‘[01m[Krclcpp::Client<battery_interfaces::srv::BatteryStatus>::SharedRequest[m[K’ {aka ‘[01m[Kstd::shared_ptr<battery_interfaces::srv::BatteryStatus_Request_<std::allocator<void> > >[m[K’}
[5.027s]   608 |   async_send_request([01;36m[KSharedRequest request[m[K)
[5.027s]       |                      [01;36m[K~~~~~~~~~~~~~~^~~~~~~[m[K
[5.027s] [01m[K/home/prajesh/my_ws/src/led_system/src/led_client.cpp:54:21:[m[K [01;31m[Kerror: [m[K‘[01m[Kstruct battery_interfaces::srv::BatteryStatus[m[K’ has no member named ‘[01m[Kled_number[m[K’
[5.027s]    54 |                 srv.[01;31m[Kled_number[m[K = 2;
[5.028s]       |                     [01;31m[K^~~~~~~~~~[m[K
[5.028s] [01m[K/home/prajesh/my_ws/src/led_system/src/led_client.cpp:55:21:[m[K [01;31m[Kerror: [m[K‘[01m[Kstruct battery_interfaces::srv::BatteryStatus[m[K’ has no member named ‘[01m[Kstate[m[K’
[5.028s]    55 |                 srv.[01;31m[Kstate[m[K = false;
[5.028s]       |                     [01;31m[K^~~~~[m[K
[5.028s] [01m[K/home/prajesh/my_ws/src/led_system/src/led_client.cpp:59:57:[m[K [01;31m[Kerror: [m[Kno matching function for call to ‘[01m[Krclcpp::Client<battery_interfaces::srv::BatteryStatus>::async_send_request(battery_interfaces::srv::BatteryStatus&)[m[K’
[5.028s]    59 |                 auto future = [01;31m[Kclient->async_send_request(srv)[m[K;
[5.028s]       |                               [01;31m[K~~~~~~~~~~~~~~~~~~~~~~~~~~^~~~~[m[K
[5.028s] In file included from [01m[K/opt/ros/humble/include/rclcpp/rclcpp/callback_group.hpp:24[m[K,
[5.028s]                  from [01m[K/opt/ros/humble/include/rclcpp/rclcpp/any_executable.hpp:20[m[K,
[5.028s]                  from [01m[K/opt/ros/humble/include/rclcpp/rclcpp/memory_strategy.hpp:25[m[K,
[5.028s]                  from [01m[K/opt/ros/humble/include/rclcpp/rclcpp/memory_strategies.hpp:18[m[K,
[5.028s]                  from [01m[K/opt/ros/humble/include/rclcpp/rclcpp/executor_options.hpp:20[m[K,
[5.028s]                  from [01m[K/opt/ros/humble/include/rclcpp/rclcpp/executor.hpp:37[m[K,
[5.028s]                  from [01m[K/opt/ros/humble/include/rclcpp/rclcpp/executors/multi_threaded_executor.hpp:25[m[K,
[5.028s]                  from [01m[K/opt/ros/humble/include/rclcpp/rclcpp/executors.hpp:21[m[K,
[5.028s]                  from [01m[K/opt/ros/humble/include/rclcpp/rclcpp/rclcpp.hpp:155[m[K,
[5.028s]                  from [01m[K/home/prajesh/my_ws/src/led_system/src/led_client.cpp:2[m[K:
[5.029s] [01m[K/opt/ros/humble/include/rclcpp/rclcpp/client.hpp:643:3:[m[K [01;36m[Knote: [m[Kcandidate: ‘[01m[Ktemplate<class CallbackT, typename std::enable_if<rclcpp::function_traits::same_arguments<CallbackT, std::function<void(std::shared_future<std::shared_ptr<battery_interfaces::srv::BatteryStatus_Response_<std::allocator<void> > > >)> >::value, void>::type* <anonymous> > rclcpp::Client<ServiceT>::SharedFutureAndRequestId rclcpp::Client<ServiceT>::async_send_request(rclcpp::Client<ServiceT>::SharedRequest, CallbackT&&) [with CallbackT = CallbackT; typename std::enable_if<rclcpp::function_traits::same_arguments<CallbackT, std::function<void(std::shared_future<typename ServiceT::Response::SharedPtr>)> >::value>::type* <anonymous> = <anonymous>; ServiceT = battery_interfaces::srv::BatteryStatus][m[K’
[5.029s]   643 |   [01;36m[Kasync_send_request[m[K(SharedRequest request, CallbackT && cb)
[5.029s]       |   [01;36m[K^~~~~~~~~~~~~~~~~~[m[K
[5.029s] [01m[K/opt/ros/humble/include/rclcpp/rclcpp/client.hpp:643:3:[m[K [01;36m[Knote: [m[K  template argument deduction/substitution failed:
[5.029s] [01m[K/home/prajesh/my_ws/src/led_system/src/led_client.cpp:59:57:[m[K [01;36m[Knote: [m[K  candidate expects 2 arguments, 1 provided
[5.029s]    59 |                 auto future = [01;36m[Kclient->async_send_request(srv)[m[K;
[5.029s]       |                               [01;36m[K~~~~~~~~~~~~~~~~~~~~~~~~~~^~~~~[m[K
[5.029s] In file included from [01m[K/opt/ros/humble/include/rclcpp/rclcpp/callback_group.hpp:24[m[K,
[5.029s]                  from [01m[K/opt/ros/humble/include/rclcpp/rclcpp/any_executable.hpp:20[m[K,
[5.029s]                  from [01m[K/opt/ros/humble/include/rclcpp/rclcpp/memory_strategy.hpp:25[m[K,
[5.029s]                  from [01m[K/opt/ros/humble/include/rclcpp/rclcpp/memory_strategies.hpp:18[m[K,
[5.029s]                  from [01m[K/opt/ros/humble/include/rclcpp/rclcpp/executor_options.hpp:20[m[K,
[5.030s]                  from [01m[K/opt/ros/humble/include/rclcpp/rclcpp/executor.hpp:37[m[K,
[5.030s]                  from [01m[K/opt/ros/humble/include/rclcpp/rclcpp/executors/multi_threaded_executor.hpp:25[m[K,
[5.030s]                  from [01m[K/opt/ros/humble/include/rclcpp/rclcpp/executors.hpp:21[m[K,
[5.030s]                  from [01m[K/opt/ros/humble/include/rclcpp/rclcpp/rclcpp.hpp:155[m[K,
[5.030s]                  from [01m[K/home/prajesh/my_ws/src/led_system/src/led_client.cpp:2[m[K:
[5.030s] [01m[K/opt/ros/humble/include/rclcpp/rclcpp/client.hpp:674:3:[m[K [01;36m[Knote: [m[Kcandidate: ‘[01m[Ktemplate<class CallbackT, typename std::enable_if<rclcpp::function_traits::same_arguments<CallbackT, std::function<void(std::shared_future<std::pair<std::shared_ptr<battery_interfaces::srv::BatteryStatus_Request_<std::allocator<void> > >, std::shared_ptr<battery_interfaces::srv::BatteryStatus_Response_<std::allocator<void> > > > >)> >::value, void>::type* <anonymous> > rclcpp::Client<ServiceT>::SharedFutureWithRequestAndRequestId rclcpp::Client<ServiceT>::async_send_request(rclcpp::Client<ServiceT>::SharedRequest, CallbackT&&) [with CallbackT = CallbackT; typename std::enable_if<rclcpp::function_traits::same_arguments<CallbackT, std::function<void(std::shared_future<std::pair<typename ServiceT::Request::SharedPtr, typename ServiceT::Response::SharedPtr> >)> >::value>::type* <anonymous> = <anonymous>; ServiceT = battery_interfaces::srv::BatteryStatus][m[K’
[5.030s]   674 |   [01;36m[Kasync_send_request[m[K(SharedRequest request, CallbackT && cb)
[5.030s]       |   [01;36m[K^~~~~~~~~~~~~~~~~~[m[K
[5.030s] [01m[K/opt/ros/humble/include/rclcpp/rclcpp/client.hpp:674:3:[m[K [01;36m[Knote: [m[K  template argument deduction/substitution failed:
[5.030s] [01m[K/home/prajesh/my_ws/src/led_system/src/led_client.cpp:59:57:[m[K [01;36m[Knote: [m[K  candidate expects 2 arguments, 1 provided
[5.030s]    59 |                 auto future = [01;36m[Kclient->async_send_request(srv)[m[K;
[5.030s]       |                               [01;36m[K~~~~~~~~~~~~~~~~~~~~~~~~~~^~~~~[m[K
[5.030s] In file included from [01m[K/opt/ros/humble/include/rclcpp/rclcpp/callback_group.hpp:24[m[K,
[5.030s]                  from [01m[K/opt/ros/humble/include/rclcpp/rclcpp/any_executable.hpp:20[m[K,
[5.030s]                  from [01m[K/opt/ros/humble/include/rclcpp/rclcpp/memory_strategy.hpp:25[m[K,
[5.031s]                  from [01m[K/opt/ros/humble/include/rclcpp/rclcpp/memory_strategies.hpp:18[m[K,
[5.031s]                  from [01m[K/opt/ros/humble/include/rclcpp/rclcpp/executor_options.hpp:20[m[K,
[5.031s]                  from [01m[K/opt/ros/humble/include/rclcpp/rclcpp/executor.hpp:37[m[K,
[5.031s]                  from [01m[K/opt/ros/humble/include/rclcpp/rclcpp/executors/multi_threaded_executor.hpp:25[m[K,
[5.031s]                  from [01m[K/opt/ros/humble/include/rclcpp/rclcpp/executors.hpp:21[m[K,
[5.031s]                  from [01m[K/opt/ros/humble/include/rclcpp/rclcpp/rclcpp.hpp:155[m[K,
[5.031s]                  from [01m[K/home/prajesh/my_ws/src/led_system/src/led_client.cpp:2[m[K:
[5.031s] [01m[K/opt/ros/humble/include/rclcpp/rclcpp/client.hpp:608:3:[m[K [01;36m[Knote: [m[Kcandidate: ‘[01m[Krclcpp::Client<ServiceT>::FutureAndRequestId rclcpp::Client<ServiceT>::async_send_request(rclcpp::Client<ServiceT>::SharedRequest) [with ServiceT = battery_interfaces::srv::BatteryStatus; rclcpp::Client<ServiceT>::SharedRequest = std::shared_ptr<battery_interfaces::srv::BatteryStatus_Request_<std::allocator<void> > >][m[K’
[5.031s]   608 |   [01;36m[Kasync_send_request[m[K(SharedRequest request)
[5.031s]       |   [01;36m[K^~~~~~~~~~~~~~~~~~[m[K
[5.031s] [01m[K/opt/ros/humble/include/rclcpp/rclcpp/client.hpp:608:36:[m[K [01;36m[Knote: [m[K  no known conversion for argument 1 from ‘[01m[Kbattery_interfaces::srv::BatteryStatus[m[K’ to ‘[01m[Krclcpp::Client<battery_interfaces::srv::BatteryStatus>::SharedRequest[m[K’ {aka ‘[01m[Kstd::shared_ptr<battery_interfaces::srv::BatteryStatus_Request_<std::allocator<void> > >[m[K’}
[5.031s]   608 |   async_send_request([01;36m[KSharedRequest request[m[K)
[5.031s]       |                      [01;36m[K~~~~~~~~~~~~~~^~~~~~~[m[K
[5.208s] In file included from [01m[K/opt/ros/humble/include/rclcpp/rclcpp/service.hpp:36[m[K,
[5.208s]                  from [01m[K/opt/ros/humble/include/rclcpp/rclcpp/callback_group.hpp:28[m[K,
[5.208s]                  from [01m[K/opt/ros/humble/include/rclcpp/rclcpp/any_executable.hpp:20[m[K,
[5.208s]                  from [01m[K/opt/ros/humble/include/rclcpp/rclcpp/memory_strategy.hpp:25[m[K,
[5.208s]                  from [01m[K/opt/ros/humble/include/rclcpp/rclcpp/memory_strategies.hpp:18[m[K,
[5.209s]                  from [01m[K/opt/ros/humble/include/rclcpp/rclcpp/executor_options.hpp:20[m[K,
[5.210s]                  from [01m[K/opt/ros/humble/include/rclcpp/rclcpp/executor.hpp:37[m[K,
[5.211s]                  from [01m[K/opt/ros/humble/include/rclcpp/rclcpp/executors/multi_threaded_executor.hpp:25[m[K,
[5.211s]                  from [01m[K/opt/ros/humble/include/rclcpp/rclcpp/executors.hpp:21[m[K,
[5.211s]                  from [01m[K/opt/ros/humble/include/rclcpp/rclcpp/rclcpp.hpp:155[m[K,
[5.211s]                  from [01m[K/home/prajesh/my_ws/src/led_system/src/battery_server.cpp:2[m[K:
[5.211s] /opt/ros/humble/include/rclcpp/rclcpp/any_service_callback.hpp: In instantiation of ‘[01m[Kvoid rclcpp::AnyServiceCallback<ServiceT>::set(CallbackT&&) [with CallbackT = std::_Bind<void (BatteryController::*(BatteryController*, std::_Placeholder<1>, std::_Placeholder<2>))(std::shared_ptr<battery_interfaces::srv::BatteryStatus_Request_<std::allocator<void> > >, std::shared_ptr<battery_interfaces::srv::BatteryStatus_Response_<std::allocator<void> > >, int)>; typename std::enable_if<(! rclcpp::detail::can_be_nullptr<CallbackT>::value), int>::type <anonymous> = 0; ServiceT = battery_interfaces::srv::BatteryStatus][m[K’:
[5.211s] [01m[K/opt/ros/humble/include/rclcpp/rclcpp/create_service.hpp:43:27:[m[K   required from ‘[01m[Ktypename rclcpp::Service<ServiceT>::SharedPtr rclcpp::create_service(std::shared_ptr<rclcpp::node_interfaces::NodeBaseInterface>, std::shared_ptr<rclcpp::node_interfaces::NodeServicesInterface>, const string&, CallbackT&&, const rmw_qos_profile_t&, rclcpp::CallbackGroup::SharedPtr) [with ServiceT = battery_interfaces::srv::BatteryStatus; CallbackT = std::_Bind<void (BatteryController::*(BatteryController*, std::_Placeholder<1>, std::_Placeholder<2>))(std::shared_ptr<battery_interfaces::srv::BatteryStatus_Request_<std::allocator<void> > >, std::shared_ptr<battery_interfaces::srv::BatteryStatus_Response_<std::allocator<void> > >, int)>; typename rclcpp::Service<ServiceT>::SharedPtr = std::shared_ptr<rclcpp::Service<battery_interfaces::srv::BatteryStatus> >; std::string = std::__cxx11::basic_string<char>; rmw_qos_profile_t = rmw_qos_profile_s; rclcpp::CallbackGroup::SharedPtr = std::shared_ptr<rclcpp::CallbackGroup>][m[K’
[5.211s] [01m[K/opt/ros/humble/include/rclcpp/rclcpp/node_impl.hpp:147:53:[m[K   required from ‘[01m[Ktypename rclcpp::Service<ServiceT>::SharedPtr rclcpp::Node::create_service(const string&, CallbackT&&, const rmw_qos_profile_t&, rclcpp::CallbackGroup::SharedPtr) [with ServiceT = battery_interfaces::srv::BatteryStatus; CallbackT = std::_Bind<void (BatteryController::*(BatteryController*, std::_Placeholder<1>, std::_Placeholder<2>))(std::shared_ptr<battery_interfaces::srv::BatteryStatus_Request_<std::allocator<void> > >, std::shared_ptr<battery_interfaces::srv::BatteryStatus_Response_<std::allocator<void> > >, int)>; typename rclcpp::Service<ServiceT>::SharedPtr = std::shared_ptr<rclcpp::Service<battery_interfaces::srv::BatteryStatus> >; std::string = std::__cxx11::basic_string<char>; rmw_qos_profile_t = rmw_qos_profile_s; rclcpp::CallbackGroup::SharedPtr = std::shared_ptr<rclcpp::CallbackGroup>][m[K’
[5.211s] [01m[K/home/prajesh/my_ws/src/led_system/src/battery_server.cpp:20:82:[m[K   required from here
[5.211s] [01m[K/opt/ros/humble/include/rclcpp/rclcpp/any_service_callback.hpp:103:17:[m[K [01;31m[Kerror: [m[Kno match for ‘[01m[Koperator=[m[K’ (operand types are ‘[01m[Kstd::variant<std::monostate, std::function<void(std::shared_ptr<battery_interfaces::srv::BatteryStatus_Request_<std::allocator<void> > >, std::shared_ptr<battery_interfaces::srv::BatteryStatus_Response_<std::allocator<void> > >)>, std::function<void(std::shared_ptr<rmw_request_id_s>, std::shared_ptr<battery_interfaces::srv::BatteryStatus_Request_<std::allocator<void> > >, std::shared_ptr<battery_interfaces::srv::BatteryStatus_Response_<std::allocator<void> > >)>, std::function<void(std::shared_ptr<rmw_request_id_s>, std::shared_ptr<battery_interfaces::srv::BatteryStatus_Request_<std::allocator<void> > >)>, std::function<void(std::shared_ptr<rclcpp::Service<battery_interfaces::srv::BatteryStatus> >, std::shared_ptr<rmw_request_id_s>, std::shared_ptr<battery_interfaces::srv::BatteryStatus_Request_<std::allocator<void> > >)> >[m[K’ and ‘[01m[Kstd::_Bind<void (BatteryController::*(BatteryController*, std::_Placeholder<1>, std::_Placeholder<2>))(std::shared_ptr<battery_interfaces::srv::BatteryStatus_Request_<std::allocator<void> > >, std::shared_ptr<battery_interfaces::srv::BatteryStatus_Response_<std::allocator<void> > >, int)>[m[K’)
[5.211s]   103 |       [01;31m[Kcallback_ = std::forward<CallbackT>(callback)[m[K;
[5.211s]       |       [01;31m[K~~~~~~~~~~^~~~~~~~~~~~~~~~~~~~~~~~~~~~~~~~~~~[m[K
[5.212s] In file included from [01m[K/opt/ros/humble/include/rclcpp/rclcpp/client.hpp:28[m[K,
[5.212s]                  from [01m[K/opt/ros/humble/include/rclcpp/rclcpp/callback_group.hpp:24[m[K,
[5.212s]                  from [01m[K/opt/ros/humble/include/rclcpp/rclcpp/any_executable.hpp:20[m[K,
[5.212s]                  from [01m[K/opt/ros/humble/include/rclcpp/rclcpp/memory_strategy.hpp:25[m[K,
[5.212s]                  from [01m[K/opt/ros/humble/include/rclcpp/rclcpp/memory_strategies.hpp:18[m[K,
[5.212s]                  from [01m[K/opt/ros/humble/include/rclcpp/rclcpp/executor_options.hpp:20[m[K,
[5.212s]                  from [01m[K/opt/ros/humble/include/rclcpp/rclcpp/executor.hpp:37[m[K,
[5.212s]                  from [01m[K/opt/ros/humble/include/rclcpp/rclcpp/executors/multi_threaded_executor.hpp:25[m[K,
[5.212s]                  from [01m[K/opt/ros/humble/include/rclcpp/rclcpp/executors.hpp:21[m[K,
[5.212s]                  from [01m[K/opt/ros/humble/include/rclcpp/rclcpp/rclcpp.hpp:155[m[K,
[5.212s]                  from [01m[K/home/prajesh/my_ws/src/led_system/src/battery_server.cpp:2[m[K:
[5.212s] [01m[K/usr/include/c++/11/variant:1477:9:[m[K [01;36m[Knote: [m[Kcandidate: ‘[01m[Ktemplate<class _Tp> std::enable_if_t<((__exactly_once<std::variant<_Types>::__accepted_type<_Tp&&, typename std::enable_if<__not_self<_Tp&&>, void>::type> > && is_constructible_v<std::variant<_Types>::__accepted_type<_Tp&&, typename std::enable_if<__not_self<_Tp&&>, void>::type>, _Tp>) && is_assignable_v<std::variant<_Types>::__accepted_type<_Tp&&, typename std::enable_if<__not_self<_Tp&&>, void>::type>&, _Tp>), std::variant<_Types>&> std::variant<_Types>::operator=(_Tp&&) [with _Tp = _Tp; _Types = {std::monostate, std::function<void(std::shared_ptr<battery_interfaces::srv::BatteryStatus_Request_<std::allocator<void> > >, std::shared_ptr<battery_interfaces::srv::BatteryStatus_Response_<std::allocator<void> > >)>, std::function<void(std::shared_ptr<rmw_request_id_s>, std::shared_ptr<battery_interfaces::srv::BatteryStatus_Request_<std::allocator<void> > >, std::shared_ptr<battery_interfaces::srv::BatteryStatus_Response_<std::allocator<void> > >)>, std::function<void(std::shared_ptr<rmw_request_id_s>, std::shared_ptr<battery_interfaces::srv::BatteryStatus_Request_<std::allocator<void> > >)>, std::function<void(std::shared_ptr<rclcpp::Service<battery_interfaces::srv::BatteryStatus> >, std::shared_ptr<rmw_request_id_s>, std::shared_ptr<battery_interfaces::srv::BatteryStatus_Request_<std::allocator<void> > >)>}][m[K’
[5.212s]  1477 |         [01;36m[Koperator[m[K=(_Tp&& __rhs)
[5.212s]       |         [01;36m[K^~~~~~~~[m[K
[5.212s] [01m[K/usr/include/c++/11/variant:1477:9:[m[K [01;36m[Knote: [m[K  template argument deduction/substitution failed:
[5.212s] /usr/include/c++/11/variant: In substitution of ‘[01m[Ktemplate<class ... _Types> template<class _Tp, class> using __accepted_type = std::variant<_Types>::__to_type<__accepted_index<_Tp> > [with _Tp = std::_Bind<void (BatteryController::*(BatteryController*, std::_Placeholder<1>, std::_Placeholder<2>))(std::shared_ptr<battery_interfaces::srv::BatteryStatus_Request_<std::allocator<void> > >, std::shared_ptr<battery_interfaces::srv::BatteryStatus_Response_<std::allocator<void> > >, int)>&&; <template-parameter-2-2> = void; _Types = {std::monostate, std::function<void(std::shared_ptr<battery_interfaces::srv::BatteryStatus_Request_<std::allocator<void> > >, std::shared_ptr<battery_interfaces::srv::BatteryStatus_Response_<std::allocator<void> > >)>, std::function<void(std::shared_ptr<rmw_request_id_s>, std::shared_ptr<battery_interfaces::srv::BatteryStatus_Request_<std::allocator<void> > >, std::shared_ptr<battery_interfaces::srv::BatteryStatus_Response_<std::allocator<void> > >)>, std::function<void(std::shared_ptr<rmw_request_id_s>, std::shared_ptr<battery_interfaces::srv::BatteryStatus_Request_<std::allocator<void> > >)>, std::function<void(std::shared_ptr<rclcpp::Service<battery_interfaces::srv::BatteryStatus> >, std::shared_ptr<rmw_request_id_s>, std::shared_ptr<battery_interfaces::srv::BatteryStatus_Request_<std::allocator<void> > >)>}][m[K’:
[5.213s] [01m[K/usr/include/c++/11/variant:1473:14:[m[K   required by substitution of ‘[01m[Ktemplate<class _Tp> std::enable_if_t<((__exactly_once<std::variant<std::monostate, std::function<void(std::shared_ptr<battery_interfaces::srv::BatteryStatus_Request_<std::allocator<void> > >, std::shared_ptr<battery_interfaces::srv::BatteryStatus_Response_<std::allocator<void> > >)>, std::function<void(std::shared_ptr<rmw_request_id_s>, std::shared_ptr<battery_interfaces::srv::BatteryStatus_Request_<std::allocator<void> > >, std::shared_ptr<battery_interfaces::srv::BatteryStatus_Response_<std::allocator<void> > >)>, std::function<void(std::shared_ptr<rmw_request_id_s>, std::shared_ptr<battery_interfaces::srv::BatteryStatus_Request_<std::allocator<void> > >)>, std::function<void(std::shared_ptr<rclcpp::Service<battery_interfaces::srv::BatteryStatus> >, std::shared_ptr<rmw_request_id_s>, std::shared_ptr<battery_interfaces::srv::BatteryStatus_Request_<std::allocator<void> > >)> >::__accepted_type<_Tp&&, typename std::enable_if<__not_self<_Tp&&>, void>::type> > && is_constructible_v<std::variant<std::monostate, std::function<void(std::shared_ptr<battery_interfaces::srv::BatteryStatus_Request_<std::allocator<void> > >, std::shared_ptr<battery_interfaces::srv::BatteryStatus_Response_<std::allocator<void> > >)>, std::function<void(std::shared_ptr<rmw_request_id_s>, std::shared_ptr<battery_interfaces::srv::BatteryStatus_Request_<std::allocator<void> > >, std::shared_ptr<battery_interfaces::srv::BatteryStatus_Response_<std::allocator<void> > >)>, std::function<void(std::shared_ptr<rmw_request_id_s>, std::shared_ptr<battery_interfaces::srv::BatteryStatus_Request_<std::allocator<void> > >)>, std::function<void(std::shared_ptr<rclcpp::Service<battery_interfaces::srv::BatteryStatus> >, std::shared_ptr<rmw_request_id_s>, std::shared_ptr<battery_interfaces::srv::BatteryStatus_Request_<std::allocator<void> > >)> >::__accepted_type<_Tp&&, typename std::enable_if<__not_self<_Tp&&>, void>::type>, _Tp>) && is_assignable_v<std::variant<std::monostate, std::function<void(std::shared_ptr<battery_interfaces::srv::BatteryStatus_Request_<std::allocator<void> > >, std::shared_ptr<battery_interfaces::srv::BatteryStatus_Response_<std::allocator<void> > >)>, std::function<void(std::shared_ptr<rmw_request_id_s>, std::shared_ptr<battery_interfaces::srv::BatteryStatus_Request_<std::allocator<void> > >, std::shared_ptr<battery_interfaces::srv::BatteryStatus_Response_<std::allocator<void> > >)>, std::function<void(std::shared_ptr<rmw_request_id_s>, std::shared_ptr<battery_interfaces::srv::BatteryStatus_Request_<std::allocator<void> > >)>, std::function<void(std::shared_ptr<rclcpp::Service<battery_interfaces::srv::BatteryStatus> >, std::shared_ptr<rmw_request_id_s>, std::shared_ptr<battery_interfaces::srv::BatteryStatus_Request_<std::allocator<void> > >)> >::__accepted_type<_Tp&&, typename std::enable_if<__not_self<_Tp&&>, void>::type>&, _Tp>), std::variant<std::monostate, std::function<void(std::shared_ptr<battery_interfaces::srv::BatteryStatus_Request_<std::allocator<void> > >, std::shared_ptr<battery_interfaces::srv::BatteryStatus_Response_<std::allocator<void> > >)>, std::function<void(std::shared_ptr<rmw_request_id_s>, std::shared_ptr<battery_interfaces::srv::BatteryStatus_Request_<std::allocator<void> > >, std::shared_ptr<battery_interfaces::srv::BatteryStatus_Response_<std::allocator<void> > >)>, std::function<void(std::shared_ptr<rmw_request_id_s>, std::shared_ptr<battery_interfaces::srv::BatteryStatus_Request_<std::allocator<void> > >)>, std::function<void(std::shared_ptr<rclcpp::Service<battery_interfaces::srv::BatteryStatus> >, std::shared_ptr<rmw_request_id_s>, std::shared_ptr<battery_interfaces::srv::BatteryStatus_Request_<std::allocator<void> > >)> >&> std::variant<std::monostate, std::function<void(std::shared_ptr<battery_interfaces::srv::BatteryStatus_Request_<std::allocator<void> > >, std::shared_ptr<battery_interfaces::srv::BatteryStatus_Response_<std::allocator<void> > >)>, std::function<void(std::shared_ptr<rmw_request_id_s>, std::shared_ptr<battery_interfaces::srv::BatteryStatus_Request_<std::allocator<void> > >, std::shared_ptr<battery_interfaces::srv::BatteryStatus_Response_<std::allocator<void> > >)>, std::function<void(std::shared_ptr<rmw_request_id_s>, std::shared_ptr<battery_interfaces::srv::BatteryStatus_Request_<std::allocator<void> > >)>, std::function<void(std::shared_ptr<rclcpp::Service<battery_interfaces::srv::BatteryStatus> >, std::shared_ptr<rmw_request_id_s>, std::shared_ptr<battery_interfaces::srv::BatteryStatus_Request_<std::allocator<void> > >)> >::operator=<_Tp>(_Tp&&) [with _Tp = std::_Bind<void (BatteryController::*(BatteryController*, std::_Placeholder<1>, std::_Placeholder<2>))(std::shared_ptr<battery_interfaces::srv::BatteryStatus_Request_<std::allocator<void> > >, std::shared_ptr<battery_interfaces::srv::BatteryStatus_Response_<std::allocator<void> > >, int)>][m[K’
[5.213s] [01m[K/opt/ros/humble/include/rclcpp/rclcpp/any_service_callback.hpp:103:17:[m[K   required from ‘[01m[Kvoid rclcpp::AnyServiceCallback<ServiceT>::set(CallbackT&&) [with CallbackT = std::_Bind<void (BatteryController::*(BatteryController*, std::_Placeholder<1>, std::_Placeholder<2>))(std::shared_ptr<battery_interfaces::srv::BatteryStatus_Request_<std::allocator<void> > >, std::shared_ptr<battery_interfaces::srv::BatteryStatus_Response_<std::allocator<void> > >, int)>; typename std::enable_if<(! rclcpp::detail::can_be_nullptr<CallbackT>::value), int>::type <anonymous> = 0; ServiceT = battery_interfaces::srv::BatteryStatus][m[K’
[5.213s] [01m[K/opt/ros/humble/include/rclcpp/rclcpp/create_service.hpp:43:27:[m[K   required from ‘[01m[Ktypename rclcpp::Service<ServiceT>::SharedPtr rclcpp::create_service(std::shared_ptr<rclcpp::node_interfaces::NodeBaseInterface>, std::shared_ptr<rclcpp::node_interfaces::NodeServicesInterface>, const string&, CallbackT&&, const rmw_qos_profile_t&, rclcpp::CallbackGroup::SharedPtr) [with ServiceT = battery_interfaces::srv::BatteryStatus; CallbackT = std::_Bind<void (BatteryController::*(BatteryController*, std::_Placeholder<1>, std::_Placeholder<2>))(std::shared_ptr<battery_interfaces::srv::BatteryStatus_Request_<std::allocator<void> > >, std::shared_ptr<battery_interfaces::srv::BatteryStatus_Response_<std::allocator<void> > >, int)>; typename rclcpp::Service<ServiceT>::SharedPtr = std::shared_ptr<rclcpp::Service<battery_interfaces::srv::BatteryStatus> >; std::string = std::__cxx11::basic_string<char>; rmw_qos_profile_t = rmw_qos_profile_s; rclcpp::CallbackGroup::SharedPtr = std::shared_ptr<rclcpp::CallbackGroup>][m[K’
[5.213s] [01m[K/opt/ros/humble/include/rclcpp/rclcpp/node_impl.hpp:147:53:[m[K   required from ‘[01m[Ktypename rclcpp::Service<ServiceT>::SharedPtr rclcpp::Node::create_service(const string&, CallbackT&&, const rmw_qos_profile_t&, rclcpp::CallbackGroup::SharedPtr) [with ServiceT = battery_interfaces::srv::BatteryStatus; CallbackT = std::_Bind<void (BatteryController::*(BatteryController*, std::_Placeholder<1>, std::_Placeholder<2>))(std::shared_ptr<battery_interfaces::srv::BatteryStatus_Request_<std::allocator<void> > >, std::shared_ptr<battery_interfaces::srv::BatteryStatus_Response_<std::allocator<void> > >, int)>; typename rclcpp::Service<ServiceT>::SharedPtr = std::shared_ptr<rclcpp::Service<battery_interfaces::srv::BatteryStatus> >; std::string = std::__cxx11::basic_string<char>; rmw_qos_profile_t = rmw_qos_profile_s; rclcpp::CallbackGroup::SharedPtr = std::shared_ptr<rclcpp::CallbackGroup>][m[K’
[5.213s] [01m[K/home/prajesh/my_ws/src/led_system/src/battery_server.cpp:20:82:[m[K   required from here
[5.213s] [01m[K/usr/include/c++/11/variant:1391:15:[m[K [01;31m[Kerror: [m[Kno type named ‘[01m[Ktype[m[K’ in ‘[01m[Kstruct std::enable_if<false, void>[m[K’
[5.213s]  1391 |         using [01;31m[K__accepted_type[m[K = __to_type<__accepted_index<_Tp>>;
[5.213s]       |               [01;31m[K^~~~~~~~~~~~~~~[m[K
[5.213s] /opt/ros/humble/include/rclcpp/rclcpp/any_service_callback.hpp: In instantiation of ‘[01m[Kvoid rclcpp::AnyServiceCallback<ServiceT>::set(CallbackT&&) [with CallbackT = std::_Bind<void (BatteryController::*(BatteryController*, std::_Placeholder<1>, std::_Placeholder<2>))(std::shared_ptr<battery_interfaces::srv::BatteryStatus_Request_<std::allocator<void> > >, std::shared_ptr<battery_interfaces::srv::BatteryStatus_Response_<std::allocator<void> > >, int)>; typename std::enable_if<(! rclcpp::detail::can_be_nullptr<CallbackT>::value), int>::type <anonymous> = 0; ServiceT = battery_interfaces::srv::BatteryStatus][m[K’:
[5.213s] [01m[K/opt/ros/humble/include/rclcpp/rclcpp/create_service.hpp:43:27:[m[K   required from ‘[01m[Ktypename rclcpp::Service<ServiceT>::SharedPtr rclcpp::create_service(std::shared_ptr<rclcpp::node_interfaces::NodeBaseInterface>, std::shared_ptr<rclcpp::node_interfaces::NodeServicesInterface>, const string&, CallbackT&&, const rmw_qos_profile_t&, rclcpp::CallbackGroup::SharedPtr) [with ServiceT = battery_interfaces::srv::BatteryStatus; CallbackT = std::_Bind<void (BatteryController::*(BatteryController*, std::_Placeholder<1>, std::_Placeholder<2>))(std::shared_ptr<battery_interfaces::srv::BatteryStatus_Request_<std::allocator<void> > >, std::shared_ptr<battery_interfaces::srv::BatteryStatus_Response_<std::allocator<void> > >, int)>; typename rclcpp::Service<ServiceT>::SharedPtr = std::shared_ptr<rclcpp::Service<battery_interfaces::srv::BatteryStatus> >; std::string = std::__cxx11::basic_string<char>; rmw_qos_profile_t = rmw_qos_profile_s; rclcpp::CallbackGroup::SharedPtr = std::shared_ptr<rclcpp::CallbackGroup>][m[K’
[5.213s] [01m[K/opt/ros/humble/include/rclcpp/rclcpp/node_impl.hpp:147:53:[m[K   required from ‘[01m[Ktypename rclcpp::Service<ServiceT>::SharedPtr rclcpp::Node::create_service(const string&, CallbackT&&, const rmw_qos_profile_t&, rclcpp::CallbackGroup::SharedPtr) [with ServiceT = battery_interfaces::srv::BatteryStatus; CallbackT = std::_Bind<void (BatteryController::*(BatteryController*, std::_Placeholder<1>, std::_Placeholder<2>))(std::shared_ptr<battery_interfaces::srv::BatteryStatus_Request_<std::allocator<void> > >, std::shared_ptr<battery_interfaces::srv::BatteryStatus_Response_<std::allocator<void> > >, int)>; typename rclcpp::Service<ServiceT>::SharedPtr = std::shared_ptr<rclcpp::Service<battery_interfaces::srv::BatteryStatus> >; std::string = std::__cxx11::basic_string<char>; rmw_qos_profile_t = rmw_qos_profile_s; rclcpp::CallbackGroup::SharedPtr = std::shared_ptr<rclcpp::CallbackGroup>][m[K’
[5.213s] [01m[K/home/prajesh/my_ws/src/led_system/src/battery_server.cpp:20:82:[m[K   required from here
[5.213s] [01m[K/usr/include/c++/11/variant:1414:16:[m[K [01;36m[Knote: [m[Kcandidate: ‘[01m[Kstd::variant<_Types>& std::variant<_Types>::operator=(const std::variant<_Types>&) [with _Types = {std::monostate, std::function<void(std::shared_ptr<battery_interfaces::srv::BatteryStatus_Request_<std::allocator<void> > >, std::shared_ptr<battery_interfaces::srv::BatteryStatus_Response_<std::allocator<void> > >)>, std::function<void(std::shared_ptr<rmw_request_id_s>, std::shared_ptr<battery_interfaces::srv::BatteryStatus_Request_<std::allocator<void> > >, std::shared_ptr<battery_interfaces::srv::BatteryStatus_Response_<std::allocator<void> > >)>, std::function<void(std::shared_ptr<rmw_request_id_s>, std::shared_ptr<battery_interfaces::srv::BatteryStatus_Request_<std::allocator<void> > >)>, std::function<void(std::shared_ptr<rclcpp::Service<battery_interfaces::srv::BatteryStatus> >, std::shared_ptr<rmw_request_id_s>, std::shared_ptr<battery_interfaces::srv::BatteryStatus_Request_<std::allocator<void> > >)>}][m[K’
[5.213s]  1414 |       variant& [01;36m[Koperator[m[K=(const variant&) = default;
[5.213s]       |                [01;36m[K^~~~~~~~[m[K
[5.213s] [01m[K/usr/include/c++/11/variant:1414:26:[m[K [01;36m[Knote: [m[K  no known conversion for argument 1 from ‘[01m[Kstd::_Bind<void (BatteryController::*(BatteryController*, std::_Placeholder<1>, std::_Placeholder<2>))(std::shared_ptr<battery_interfaces::srv::BatteryStatus_Request_<std::allocator<void> > >, std::shared_ptr<battery_interfaces::srv::BatteryStatus_Response_<std::allocator<void> > >, int)>[m[K’ to ‘[01m[Kconst std::variant<std::monostate, std::function<void(std::shared_ptr<battery_interfaces::srv::BatteryStatus_Request_<std::allocator<void> > >, std::shared_ptr<battery_interfaces::srv::BatteryStatus_Response_<std::allocator<void> > >)>, std::function<void(std::shared_ptr<rmw_request_id_s>, std::shared_ptr<battery_interfaces::srv::BatteryStatus_Request_<std::allocator<void> > >, std::shared_ptr<battery_interfaces::srv::BatteryStatus_Response_<std::allocator<void> > >)>, std::function<void(std::shared_ptr<rmw_request_id_s>, std::shared_ptr<battery_interfaces::srv::BatteryStatus_Request_<std::allocator<void> > >)>, std::function<void(std::shared_ptr<rclcpp::Service<battery_interfaces::srv::BatteryStatus> >, std::shared_ptr<rmw_request_id_s>, std::shared_ptr<battery_interfaces::srv::BatteryStatus_Request_<std::allocator<void> > >)> >&[m[K’
[5.214s]  1414 |       variant& operator=([01;36m[Kconst variant&[m[K) = default;
[5.214s]       |                          [01;36m[K^~~~~~~~~~~~~~[m[K
[5.223s] [01m[K/usr/include/c++/11/variant:1415:16:[m[K [01;36m[Knote: [m[Kcandidate: ‘[01m[Kstd::variant<_Types>& std::variant<_Types>::operator=(std::variant<_Types>&&) [with _Types = {std::monostate, std::function<void(std::shared_ptr<battery_interfaces::srv::BatteryStatus_Request_<std::allocator<void> > >, std::shared_ptr<battery_interfaces::srv::BatteryStatus_Response_<std::allocator<void> > >)>, std::function<void(std::shared_ptr<rmw_request_id_s>, std::shared_ptr<battery_interfaces::srv::BatteryStatus_Request_<std::allocator<void> > >, std::shared_ptr<battery_interfaces::srv::BatteryStatus_Response_<std::allocator<void> > >)>, std::function<void(std::shared_ptr<rmw_request_id_s>, std::shared_ptr<battery_interfaces::srv::BatteryStatus_Request_<std::allocator<void> > >)>, std::function<void(std::shared_ptr<rclcpp::Service<battery_interfaces::srv::BatteryStatus> >, std::shared_ptr<rmw_request_id_s>, std::shared_ptr<battery_interfaces::srv::BatteryStatus_Request_<std::allocator<void> > >)>}][m[K’
[5.223s]  1415 |       variant& [01;36m[Koperator[m[K=(variant&&) = default;
[5.223s]       |                [01;36m[K^~~~~~~~[m[K
[5.224s] [01m[K/usr/include/c++/11/variant:1415:26:[m[K [01;36m[Knote: [m[K  no known conversion for argument 1 from ‘[01m[Kstd::_Bind<void (BatteryController::*(BatteryController*, std::_Placeholder<1>, std::_Placeholder<2>))(std::shared_ptr<battery_interfaces::srv::BatteryStatus_Request_<std::allocator<void> > >, std::shared_ptr<battery_interfaces::srv::BatteryStatus_Response_<std::allocator<void> > >, int)>[m[K’ to ‘[01m[Kstd::variant<std::monostate, std::function<void(std::shared_ptr<battery_interfaces::srv::BatteryStatus_Request_<std::allocator<void> > >, std::shared_ptr<battery_interfaces::srv::BatteryStatus_Response_<std::allocator<void> > >)>, std::function<void(std::shared_ptr<rmw_request_id_s>, std::shared_ptr<battery_interfaces::srv::BatteryStatus_Request_<std::allocator<void> > >, std::shared_ptr<battery_interfaces::srv::BatteryStatus_Response_<std::allocator<void> > >)>, std::function<void(std::shared_ptr<rmw_request_id_s>, std::shared_ptr<battery_interfaces::srv::BatteryStatus_Request_<std::allocator<void> > >)>, std::function<void(std::shared_ptr<rclcpp::Service<battery_interfaces::srv::BatteryStatus> >, std::shared_ptr<rmw_request_id_s>, std::shared_ptr<battery_interfaces::srv::BatteryStatus_Request_<std::allocator<void> > >)> >&&[m[K’
[5.224s]  1415 |       variant& operator=([01;36m[Kvariant&&[m[K) = default;
[5.224s]       |                          [01;36m[K^~~~~~~~~[m[K
[5.608s] gmake[2]: *** [CMakeFiles/led_client.dir/build.make:76: CMakeFiles/led_client.dir/src/led_client.cpp.o] Error 1
[5.608s] gmake[1]: *** [CMakeFiles/Makefile2:139: CMakeFiles/led_client.dir/all] Error 2
[5.608s] gmake[1]: *** Waiting for unfinished jobs....
[5.755s] gmake[2]: *** [CMakeFiles/battery_server.dir/build.make:76: CMakeFiles/battery_server.dir/src/battery_server.cpp.o] Error 1
[5.755s] gmake[1]: *** [CMakeFiles/Makefile2:165: CMakeFiles/battery_server.dir/all] Error 2
[5.756s] gmake: *** [Makefile:146: all] Error 2
[5.758s] Invoked command in '/home/prajesh/my_ws/build/led_system' returned '2': AMENT_PREFIX_PATH=/home/prajesh/my_ws/install/battery_interfaces:${AMENT_PREFIX_PATH} CMAKE_PREFIX_PATH=/home/prajesh/my_ws/install/battery_interfaces:/home/prajesh/my_ws/install/my_robot_interfaces:/home/prajesh/my_ws/install/my_cpp_pkg:/home/prajesh/my_ws/install/cpp_test_pkg:/home/prajesh/my_ws/install/cpp_service_test:/home/prajesh/my_ws/install/cpp_practice:/home/prajesh/tbot_ws/install/turtlebot3_simulations:/home/prajesh/tbot_ws/install/turtlebot3_gazebo:/home/prajesh/tbot_ws/install/turtlebot3_fake_node:/home/prajesh/my_ws/install/py_server_test:/home/prajesh/my_ws/install/my_py_pkg:/opt/ros/humble LD_LIBRARY_PATH=/home/prajesh/my_ws/install/battery_interfaces/lib:${LD_LIBRARY_PATH} PYTHONPATH=/home/prajesh/my_ws/install/battery_interfaces/local/lib/python3.10/dist-packages:${PYTHONPATH} /usr/bin/cmake --build /home/prajesh/my_ws/build/led_system -- -j4 -l4
