[1.442s] Invoking command in '/home/prajesh/my_ws/src/my_py_pkg': PYTHONPATH=/home/prajesh/my_ws/build/my_py_pkg/prefix_override:/home/prajesh/my_ws/install/my_py_pkg/lib/python3.10/site-packages:${PYTHONPATH} /usr/bin/python3 setup.py egg_info --egg-base ../../build/my_py_pkg build --build-base /home/prajesh/my_ws/build/my_py_pkg/build install --record /home/prajesh/my_ws/build/my_py_pkg/install.log --single-version-externally-managed
[1.827s] running egg_info
[1.828s] writing ../../build/my_py_pkg/my_py_pkg.egg-info/PKG-INFO
[1.829s] writing dependency_links to ../../build/my_py_pkg/my_py_pkg.egg-info/dependency_links.txt
[1.830s] writing entry points to ../../build/my_py_pkg/my_py_pkg.egg-info/entry_points.txt
[1.831s] writing requirements to ../../build/my_py_pkg/my_py_pkg.egg-info/requires.txt
[1.832s] writing top-level names to ../../build/my_py_pkg/my_py_pkg.egg-info/top_level.txt
[1.835s] reading manifest file '../../build/my_py_pkg/my_py_pkg.egg-info/SOURCES.txt'
[1.836s] writing manifest file '../../build/my_py_pkg/my_py_pkg.egg-info/SOURCES.txt'
[1.837s] running build
[1.837s] running build_py
[1.838s] running install
[1.839s] running install_lib
[1.841s] running install_data
[1.842s] running install_egg_info
[1.846s] removing '/home/prajesh/my_ws/install/my_py_pkg/lib/python3.10/site-packages/my_py_pkg-0.0.0-py3.10.egg-info' (and everything under it)
[1.852s] Copying ../../build/my_py_pkg/my_py_pkg.egg-info to /home/prajesh/my_ws/install/my_py_pkg/lib/python3.10/site-packages/my_py_pkg-0.0.0-py3.10.egg-info
[1.855s] running install_scripts
[1.916s] Installing py_node script to /home/prajesh/my_ws/install/my_py_pkg/lib/my_py_pkg
[1.916s] Installing robot_news_station script to /home/prajesh/my_ws/install/my_py_pkg/lib/my_py_pkg
[1.917s] Installing smartphone script to /home/prajesh/my_ws/install/my_py_pkg/lib/my_py_pkg
[1.918s] writing list of installed files to '/home/prajesh/my_ws/build/my_py_pkg/install.log'
[1.964s] Invoked command in '/home/prajesh/my_ws/src/my_py_pkg' returned '0': PYTHONPATH=/home/prajesh/my_ws/build/my_py_pkg/prefix_override:/home/prajesh/my_ws/install/my_py_pkg/lib/python3.10/site-packages:${PYTHONPATH} /usr/bin/python3 setup.py egg_info --egg-base ../../build/my_py_pkg build --build-base /home/prajesh/my_ws/build/my_py_pkg/build install --record /home/prajesh/my_ws/build/my_py_pkg/install.log --single-version-externally-managed
