[0.042s] Invoking command in '/home/prajesh/my_ws/build/battery_interfaces': CMAKE_PREFIX_PATH=${CMAKE_PREFIX_PATH}:/home/prajesh/my_ws/install/py_server_test:/home/prajesh/my_ws/install/my_py_pkg:/opt/ros/humble /usr/bin/cmake --build /home/prajesh/my_ws/build/battery_interfaces -- -j4 -l4
[0.151s] [ 10%] Built target battery_interfaces__rosidl_generator_c
[0.164s] [ 12%] Built target battery_interfaces__cpp
[0.194s] [ 12%] Built target ament_cmake_python_copy_battery_interfaces
[0.212s] [ 23%] Built target battery_interfaces__rosidl_typesupport_introspection_c
[0.223s] [ 33%] Built target battery_interfaces__rosidl_typesupport_c
[0.223s] [ 43%] Built target battery_interfaces__rosidl_typesupport_fastrtps_c
[0.269s] [ 64%] Built target battery_interfaces__rosidl_typesupport_fastrtps_cpp
[0.269s] [ 64%] Built target battery_interfaces__rosidl_typesupport_introspection_cpp
[0.284s] [ 74%] Built target battery_interfaces__rosidl_typesupport_cpp
[0.324s] [ 74%] Built target battery_interfaces
[0.376s] [ 76%] Built target battery_interfaces__py
[0.434s] [ 84%] Built target battery_interfaces__rosidl_generator_py
[0.522s] [ 89%] Built target battery_interfaces__rosidl_typesupport_c__pyext
[0.522s] [ 94%] Built target battery_interfaces__rosidl_typesupport_fastrtps_c__pyext
[0.522s] [100%] Built target battery_interfaces__rosidl_typesupport_introspection_c__pyext
[0.763s] running egg_info
[0.763s] writing battery_interfaces.egg-info/PKG-INFO
[0.763s] writing dependency_links to battery_interfaces.egg-info/dependency_links.txt
[0.763s] writing top-level names to battery_interfaces.egg-info/top_level.txt
[0.763s] reading manifest file 'battery_interfaces.egg-info/SOURCES.txt'
[0.763s] writing manifest file 'battery_interfaces.egg-info/SOURCES.txt'
[0.804s] [100%] Built target ament_cmake_python_build_battery_interfaces_egg
[0.842s] Invoked command in '/home/prajesh/my_ws/build/battery_interfaces' returned '0': CMAKE_PREFIX_PATH=${CMAKE_PREFIX_PATH}:/home/prajesh/my_ws/install/py_server_test:/home/prajesh/my_ws/install/my_py_pkg:/opt/ros/humble /usr/bin/cmake --build /home/prajesh/my_ws/build/battery_interfaces -- -j4 -l4
[1.271s] Invoking command in '/home/prajesh/my_ws/build/battery_interfaces': CMAKE_PREFIX_PATH=${CMAKE_PREFIX_PATH}:/home/prajesh/my_ws/install/py_server_test:/home/prajesh/my_ws/install/my_py_pkg:/opt/ros/humble /usr/bin/cmake --install /home/prajesh/my_ws/build/battery_interfaces
[1.293s] -- Install configuration: ""
[1.293s] -- Up-to-date: /home/prajesh/my_ws/install/battery_interfaces/share/ament_index/resource_index/rosidl_interfaces/battery_interfaces
[1.293s] -- Up-to-date: /home/prajesh/my_ws/install/battery_interfaces/include/battery_interfaces/battery_interfaces
[1.293s] -- Up-to-date: /home/prajesh/my_ws/install/battery_interfaces/include/battery_interfaces/battery_interfaces/msg
[1.294s] -- Up-to-date: /home/prajesh/my_ws/install/battery_interfaces/include/battery_interfaces/battery_interfaces/msg/led_state.h
[1.294s] -- Up-to-date: /home/prajesh/my_ws/install/battery_interfaces/include/battery_interfaces/battery_interfaces/msg/detail
[1.294s] -- Up-to-date: /home/prajesh/my_ws/install/battery_interfaces/include/battery_interfaces/battery_interfaces/msg/detail/led_state__functions.c
[1.294s] -- Up-to-date: /home/prajesh/my_ws/install/battery_interfaces/include/battery_interfaces/battery_interfaces/msg/detail/led_state__functions.h
[1.294s] -- Up-to-date: /home/prajesh/my_ws/install/battery_interfaces/include/battery_interfaces/battery_interfaces/msg/detail/led_state__struct.h
[1.294s] -- Up-to-date: /home/prajesh/my_ws/install/battery_interfaces/include/battery_interfaces/battery_interfaces/msg/detail/led_state__type_support.h
[1.294s] -- Up-to-date: /home/prajesh/my_ws/install/battery_interfaces/include/battery_interfaces/battery_interfaces/msg/rosidl_generator_c__visibility_control.h
[1.294s] -- Up-to-date: /home/prajesh/my_ws/install/battery_interfaces/include/battery_interfaces/battery_interfaces/srv
[1.294s] -- Up-to-date: /home/prajesh/my_ws/install/battery_interfaces/include/battery_interfaces/battery_interfaces/srv/battery_status.h
[1.294s] -- Up-to-date: /home/prajesh/my_ws/install/battery_interfaces/include/battery_interfaces/battery_interfaces/srv/detail
[1.294s] -- Up-to-date: /home/prajesh/my_ws/install/battery_interfaces/include/battery_interfaces/battery_interfaces/srv/detail/battery_status__functions.c
[1.295s] -- Up-to-date: /home/prajesh/my_ws/install/battery_interfaces/include/battery_interfaces/battery_interfaces/srv/detail/battery_status__functions.h
[1.295s] -- Up-to-date: /home/prajesh/my_ws/install/battery_interfaces/include/battery_interfaces/battery_interfaces/srv/detail/battery_status__struct.h
[1.295s] -- Up-to-date: /home/prajesh/my_ws/install/battery_interfaces/include/battery_interfaces/battery_interfaces/srv/detail/battery_status__type_support.h
[1.295s] -- Up-to-date: /home/prajesh/my_ws/install/battery_interfaces/share/battery_interfaces/environment/library_path.sh
[1.295s] -- Up-to-date: /home/prajesh/my_ws/install/battery_interfaces/share/battery_interfaces/environment/library_path.dsv
[1.295s] -- Up-to-date: /home/prajesh/my_ws/install/battery_interfaces/lib/libbattery_interfaces__rosidl_generator_c.so
[1.295s] -- Up-to-date: /home/prajesh/my_ws/install/battery_interfaces/include/battery_interfaces/battery_interfaces
[1.295s] -- Up-to-date: /home/prajesh/my_ws/install/battery_interfaces/include/battery_interfaces/battery_interfaces/msg
[1.295s] -- Up-to-date: /home/prajesh/my_ws/install/battery_interfaces/include/battery_interfaces/battery_interfaces/msg/detail
[1.295s] -- Up-to-date: /home/prajesh/my_ws/install/battery_interfaces/include/battery_interfaces/battery_interfaces/msg/detail/led_state__rosidl_typesupport_fastrtps_c.h
[1.295s] -- Up-to-date: /home/prajesh/my_ws/install/battery_interfaces/include/battery_interfaces/battery_interfaces/msg/rosidl_typesupport_fastrtps_c__visibility_control.h
[1.295s] -- Up-to-date: /home/prajesh/my_ws/install/battery_interfaces/include/battery_interfaces/battery_interfaces/srv
[1.295s] -- Up-to-date: /home/prajesh/my_ws/install/battery_interfaces/include/battery_interfaces/battery_interfaces/srv/detail
[1.296s] -- Up-to-date: /home/prajesh/my_ws/install/battery_interfaces/include/battery_interfaces/battery_interfaces/srv/detail/battery_status__rosidl_typesupport_fastrtps_c.h
[1.296s] -- Up-to-date: /home/prajesh/my_ws/install/battery_interfaces/lib/libbattery_interfaces__rosidl_typesupport_fastrtps_c.so
[1.296s] -- Up-to-date: /home/prajesh/my_ws/install/battery_interfaces/include/battery_interfaces/battery_interfaces
[1.296s] -- Up-to-date: /home/prajesh/my_ws/install/battery_interfaces/include/battery_interfaces/battery_interfaces/msg
[1.298s] -- Up-to-date: /home/prajesh/my_ws/install/battery_interfaces/include/battery_interfaces/battery_interfaces/msg/rosidl_typesupport_introspection_c__visibility_control.h
[1.298s] -- Up-to-date: /home/prajesh/my_ws/install/battery_interfaces/include/battery_interfaces/battery_interfaces/msg/detail
[1.299s] -- Up-to-date: /home/prajesh/my_ws/install/battery_interfaces/include/battery_interfaces/battery_interfaces/msg/detail/led_state__type_support.c
[1.299s] -- Up-to-date: /home/prajesh/my_ws/install/battery_interfaces/include/battery_interfaces/battery_interfaces/msg/detail/led_state__rosidl_typesupport_introspection_c.h
[1.299s] -- Up-to-date: /home/prajesh/my_ws/install/battery_interfaces/include/battery_interfaces/battery_interfaces/srv
[1.299s] -- Up-to-date: /home/prajesh/my_ws/install/battery_interfaces/include/battery_interfaces/battery_interfaces/srv/detail
[1.299s] -- Up-to-date: /home/prajesh/my_ws/install/battery_interfaces/include/battery_interfaces/battery_interfaces/srv/detail/battery_status__rosidl_typesupport_introspection_c.h
[1.299s] -- Up-to-date: /home/prajesh/my_ws/install/battery_interfaces/include/battery_interfaces/battery_interfaces/srv/detail/battery_status__type_support.c
[1.300s] -- Up-to-date: /home/prajesh/my_ws/install/battery_interfaces/lib/libbattery_interfaces__rosidl_typesupport_introspection_c.so
[1.300s] -- Up-to-date: /home/prajesh/my_ws/install/battery_interfaces/lib/libbattery_interfaces__rosidl_typesupport_c.so
[1.300s] -- Up-to-date: /home/prajesh/my_ws/install/battery_interfaces/include/battery_interfaces/battery_interfaces
[1.300s] -- Up-to-date: /home/prajesh/my_ws/install/battery_interfaces/include/battery_interfaces/battery_interfaces/msg
[1.300s] -- Up-to-date: /home/prajesh/my_ws/install/battery_interfaces/include/battery_interfaces/battery_interfaces/msg/led_state.hpp
[1.300s] -- Up-to-date: /home/prajesh/my_ws/install/battery_interfaces/include/battery_interfaces/battery_interfaces/msg/detail
[1.301s] -- Up-to-date: /home/prajesh/my_ws/install/battery_interfaces/include/battery_interfaces/battery_interfaces/msg/detail/led_state__struct.hpp
[1.301s] -- Up-to-date: /home/prajesh/my_ws/install/battery_interfaces/include/battery_interfaces/battery_interfaces/msg/detail/led_state__builder.hpp
[1.301s] -- Up-to-date: /home/prajesh/my_ws/install/battery_interfaces/include/battery_interfaces/battery_interfaces/msg/detail/led_state__traits.hpp
[1.301s] -- Up-to-date: /home/prajesh/my_ws/install/battery_interfaces/include/battery_interfaces/battery_interfaces/srv
[1.301s] -- Up-to-date: /home/prajesh/my_ws/install/battery_interfaces/include/battery_interfaces/battery_interfaces/srv/detail
[1.301s] -- Up-to-date: /home/prajesh/my_ws/install/battery_interfaces/include/battery_interfaces/battery_interfaces/srv/detail/battery_status__builder.hpp
[1.301s] -- Up-to-date: /home/prajesh/my_ws/install/battery_interfaces/include/battery_interfaces/battery_interfaces/srv/detail/battery_status__struct.hpp
[1.302s] -- Up-to-date: /home/prajesh/my_ws/install/battery_interfaces/include/battery_interfaces/battery_interfaces/srv/detail/battery_status__traits.hpp
[1.302s] -- Up-to-date: /home/prajesh/my_ws/install/battery_interfaces/include/battery_interfaces/battery_interfaces/srv/battery_status.hpp
[1.302s] -- Up-to-date: /home/prajesh/my_ws/install/battery_interfaces/include/battery_interfaces/battery_interfaces
[1.303s] -- Up-to-date: /home/prajesh/my_ws/install/battery_interfaces/include/battery_interfaces/battery_interfaces/msg
[1.303s] -- Up-to-date: /home/prajesh/my_ws/install/battery_interfaces/include/battery_interfaces/battery_interfaces/msg/rosidl_typesupport_fastrtps_cpp__visibility_control.h
[1.304s] -- Up-to-date: /home/prajesh/my_ws/install/battery_interfaces/include/battery_interfaces/battery_interfaces/msg/detail
[1.304s] -- Up-to-date: /home/prajesh/my_ws/install/battery_interfaces/include/battery_interfaces/battery_interfaces/msg/detail/dds_fastrtps
[1.304s] -- Up-to-date: /home/prajesh/my_ws/install/battery_interfaces/include/battery_interfaces/battery_interfaces/msg/detail/led_state__rosidl_typesupport_fastrtps_cpp.hpp
[1.304s] -- Up-to-date: /home/prajesh/my_ws/install/battery_interfaces/include/battery_interfaces/battery_interfaces/srv
[1.304s] -- Up-to-date: /home/prajesh/my_ws/install/battery_interfaces/include/battery_interfaces/battery_interfaces/srv/detail
[1.304s] -- Up-to-date: /home/prajesh/my_ws/install/battery_interfaces/include/battery_interfaces/battery_interfaces/srv/detail/dds_fastrtps
[1.304s] -- Up-to-date: /home/prajesh/my_ws/install/battery_interfaces/include/battery_interfaces/battery_interfaces/srv/detail/battery_status__rosidl_typesupport_fastrtps_cpp.hpp
[1.304s] -- Up-to-date: /home/prajesh/my_ws/install/battery_interfaces/lib/libbattery_interfaces__rosidl_typesupport_fastrtps_cpp.so
[1.304s] -- Up-to-date: /home/prajesh/my_ws/install/battery_interfaces/include/battery_interfaces/battery_interfaces
[1.304s] -- Up-to-date: /home/prajesh/my_ws/install/battery_interfaces/include/battery_interfaces/battery_interfaces/msg
[1.304s] -- Up-to-date: /home/prajesh/my_ws/install/battery_interfaces/include/battery_interfaces/battery_interfaces/msg/detail
[1.304s] -- Up-to-date: /home/prajesh/my_ws/install/battery_interfaces/include/battery_interfaces/battery_interfaces/msg/detail/led_state__type_support.cpp
[1.304s] -- Up-to-date: /home/prajesh/my_ws/install/battery_interfaces/include/battery_interfaces/battery_interfaces/msg/detail/led_state__rosidl_typesupport_introspection_cpp.hpp
[1.305s] -- Up-to-date: /home/prajesh/my_ws/install/battery_interfaces/include/battery_interfaces/battery_interfaces/srv
[1.305s] -- Up-to-date: /home/prajesh/my_ws/install/battery_interfaces/include/battery_interfaces/battery_interfaces/srv/detail
[1.305s] -- Up-to-date: /home/prajesh/my_ws/install/battery_interfaces/include/battery_interfaces/battery_interfaces/srv/detail/battery_status__rosidl_typesupport_introspection_cpp.hpp
[1.305s] -- Up-to-date: /home/prajesh/my_ws/install/battery_interfaces/include/battery_interfaces/battery_interfaces/srv/detail/battery_status__type_support.cpp
[1.305s] -- Up-to-date: /home/prajesh/my_ws/install/battery_interfaces/lib/libbattery_interfaces__rosidl_typesupport_introspection_cpp.so
[1.305s] -- Up-to-date: /home/prajesh/my_ws/install/battery_interfaces/lib/libbattery_interfaces__rosidl_typesupport_cpp.so
[1.305s] -- Up-to-date: /home/prajesh/my_ws/install/battery_interfaces/share/battery_interfaces/environment/pythonpath.sh
[1.305s] -- Up-to-date: /home/prajesh/my_ws/install/battery_interfaces/share/battery_interfaces/environment/pythonpath.dsv
[1.305s] -- Up-to-date: /home/prajesh/my_ws/install/battery_interfaces/local/lib/python3.10/dist-packages/battery_interfaces-0.0.0-py3.10.egg-info
[1.305s] -- Installing: /home/prajesh/my_ws/install/battery_interfaces/local/lib/python3.10/dist-packages/battery_interfaces-0.0.0-py3.10.egg-info/SOURCES.txt
[1.305s] -- Installing: /home/prajesh/my_ws/install/battery_interfaces/local/lib/python3.10/dist-packages/battery_interfaces-0.0.0-py3.10.egg-info/top_level.txt
[1.305s] -- Installing: /home/prajesh/my_ws/install/battery_interfaces/local/lib/python3.10/dist-packages/battery_interfaces-0.0.0-py3.10.egg-info/dependency_links.txt
[1.305s] -- Installing: /home/prajesh/my_ws/install/battery_interfaces/local/lib/python3.10/dist-packages/battery_interfaces-0.0.0-py3.10.egg-info/PKG-INFO
[1.305s] -- Up-to-date: /home/prajesh/my_ws/install/battery_interfaces/local/lib/python3.10/dist-packages/battery_interfaces
[1.305s] -- Up-to-date: /home/prajesh/my_ws/install/battery_interfaces/local/lib/python3.10/dist-packages/battery_interfaces/_battery_interfaces_s.ep.rosidl_typesupport_c.c
[1.305s] -- Up-to-date: /home/prajesh/my_ws/install/battery_interfaces/local/lib/python3.10/dist-packages/battery_interfaces/battery_interfaces_s__rosidl_typesupport_fastrtps_c.cpython-310-x86_64-linux-gnu.so
[1.305s] -- Up-to-date: /home/prajesh/my_ws/install/battery_interfaces/local/lib/python3.10/dist-packages/battery_interfaces/msg
[1.305s] -- Up-to-date: /home/prajesh/my_ws/install/battery_interfaces/local/lib/python3.10/dist-packages/battery_interfaces/msg/__init__.py
[1.305s] -- Up-to-date: /home/prajesh/my_ws/install/battery_interfaces/local/lib/python3.10/dist-packages/battery_interfaces/msg/_led_state_s.c
[1.306s] -- Up-to-date: /home/prajesh/my_ws/install/battery_interfaces/local/lib/python3.10/dist-packages/battery_interfaces/msg/_led_state.py
[1.306s] -- Up-to-date: /home/prajesh/my_ws/install/battery_interfaces/local/lib/python3.10/dist-packages/battery_interfaces/__init__.py
[1.306s] -- Up-to-date: /home/prajesh/my_ws/install/battery_interfaces/local/lib/python3.10/dist-packages/battery_interfaces/_battery_interfaces_s.ep.rosidl_typesupport_fastrtps_c.c
[1.306s] -- Up-to-date: /home/prajesh/my_ws/install/battery_interfaces/local/lib/python3.10/dist-packages/battery_interfaces/battery_interfaces_s__rosidl_typesupport_c.cpython-310-x86_64-linux-gnu.so
[1.306s] -- Up-to-date: /home/prajesh/my_ws/install/battery_interfaces/local/lib/python3.10/dist-packages/battery_interfaces/_battery_interfaces_s.ep.rosidl_typesupport_introspection_c.c
[1.306s] -- Up-to-date: /home/prajesh/my_ws/install/battery_interfaces/local/lib/python3.10/dist-packages/battery_interfaces/battery_interfaces_s__rosidl_typesupport_introspection_c.cpython-310-x86_64-linux-gnu.so
[1.306s] -- Up-to-date: /home/prajesh/my_ws/install/battery_interfaces/local/lib/python3.10/dist-packages/battery_interfaces/srv
[1.306s] -- Up-to-date: /home/prajesh/my_ws/install/battery_interfaces/local/lib/python3.10/dist-packages/battery_interfaces/srv/__init__.py
[1.306s] -- Up-to-date: /home/prajesh/my_ws/install/battery_interfaces/local/lib/python3.10/dist-packages/battery_interfaces/srv/_battery_status_s.c
[1.306s] -- Up-to-date: /home/prajesh/my_ws/install/battery_interfaces/local/lib/python3.10/dist-packages/battery_interfaces/srv/_battery_status.py
[1.306s] -- Up-to-date: /home/prajesh/my_ws/install/battery_interfaces/local/lib/python3.10/dist-packages/battery_interfaces/libbattery_interfaces__rosidl_generator_py.so
[1.335s] Listing '/home/prajesh/my_ws/install/battery_interfaces/local/lib/python3.10/dist-packages/battery_interfaces'...
[1.335s] Listing '/home/prajesh/my_ws/install/battery_interfaces/local/lib/python3.10/dist-packages/battery_interfaces/msg'...
[1.335s] Listing '/home/prajesh/my_ws/install/battery_interfaces/local/lib/python3.10/dist-packages/battery_interfaces/srv'...
[1.348s] -- Up-to-date: /home/prajesh/my_ws/install/battery_interfaces/local/lib/python3.10/dist-packages/battery_interfaces/battery_interfaces_s__rosidl_typesupport_fastrtps_c.cpython-310-x86_64-linux-gnu.so
[1.351s] -- Up-to-date: /home/prajesh/my_ws/install/battery_interfaces/local/lib/python3.10/dist-packages/battery_interfaces/battery_interfaces_s__rosidl_typesupport_introspection_c.cpython-310-x86_64-linux-gnu.so
[1.351s] -- Up-to-date: /home/prajesh/my_ws/install/battery_interfaces/local/lib/python3.10/dist-packages/battery_interfaces/battery_interfaces_s__rosidl_typesupport_c.cpython-310-x86_64-linux-gnu.so
[1.352s] -- Up-to-date: /home/prajesh/my_ws/install/battery_interfaces/lib/libbattery_interfaces__rosidl_generator_py.so
[1.352s] -- Up-to-date: /home/prajesh/my_ws/install/battery_interfaces/share/battery_interfaces/msg/LedState.idl
[1.352s] -- Up-to-date: /home/prajesh/my_ws/install/battery_interfaces/share/battery_interfaces/srv/BatteryStatus.idl
[1.352s] -- Up-to-date: /home/prajesh/my_ws/install/battery_interfaces/share/battery_interfaces/msg/LedState.msg
[1.352s] -- Up-to-date: /home/prajesh/my_ws/install/battery_interfaces/share/battery_interfaces/srv/BatteryStatus.srv
[1.352s] -- Up-to-date: /home/prajesh/my_ws/install/battery_interfaces/share/battery_interfaces/srv/BatteryStatus_Request.msg
[1.352s] -- Up-to-date: /home/prajesh/my_ws/install/battery_interfaces/share/battery_interfaces/srv/BatteryStatus_Response.msg
[1.354s] -- Up-to-date: /home/prajesh/my_ws/install/battery_interfaces/share/ament_index/resource_index/package_run_dependencies/battery_interfaces
[1.355s] -- Up-to-date: /home/prajesh/my_ws/install/battery_interfaces/share/ament_index/resource_index/parent_prefix_path/battery_interfaces
[1.355s] -- Up-to-date: /home/prajesh/my_ws/install/battery_interfaces/share/battery_interfaces/environment/ament_prefix_path.sh
[1.355s] -- Up-to-date: /home/prajesh/my_ws/install/battery_interfaces/share/battery_interfaces/environment/ament_prefix_path.dsv
[1.355s] -- Up-to-date: /home/prajesh/my_ws/install/battery_interfaces/share/battery_interfaces/environment/path.sh
[1.355s] -- Up-to-date: /home/prajesh/my_ws/install/battery_interfaces/share/battery_interfaces/environment/path.dsv
[1.362s] -- Up-to-date: /home/prajesh/my_ws/install/battery_interfaces/share/battery_interfaces/local_setup.bash
[1.362s] -- Up-to-date: /home/prajesh/my_ws/install/battery_interfaces/share/battery_interfaces/local_setup.sh
[1.362s] -- Up-to-date: /home/prajesh/my_ws/install/battery_interfaces/share/battery_interfaces/local_setup.zsh
[1.362s] -- Up-to-date: /home/prajesh/my_ws/install/battery_interfaces/share/battery_interfaces/local_setup.dsv
[1.362s] -- Installing: /home/prajesh/my_ws/install/battery_interfaces/share/battery_interfaces/package.dsv
[1.362s] -- Up-to-date: /home/prajesh/my_ws/install/battery_interfaces/share/ament_index/resource_index/packages/battery_interfaces
[1.362s] -- Up-to-date: /home/prajesh/my_ws/install/battery_interfaces/share/battery_interfaces/cmake/export_battery_interfaces__rosidl_generator_cExport.cmake
[1.363s] -- Up-to-date: /home/prajesh/my_ws/install/battery_interfaces/share/battery_interfaces/cmake/export_battery_interfaces__rosidl_generator_cExport-noconfig.cmake
[1.363s] -- Up-to-date: /home/prajesh/my_ws/install/battery_interfaces/share/battery_interfaces/cmake/export_battery_interfaces__rosidl_typesupport_fastrtps_cExport.cmake
[1.363s] -- Up-to-date: /home/prajesh/my_ws/install/battery_interfaces/share/battery_interfaces/cmake/export_battery_interfaces__rosidl_typesupport_fastrtps_cExport-noconfig.cmake
[1.363s] -- Up-to-date: /home/prajesh/my_ws/install/battery_interfaces/share/battery_interfaces/cmake/battery_interfaces__rosidl_typesupport_introspection_cExport.cmake
[1.363s] -- Up-to-date: /home/prajesh/my_ws/install/battery_interfaces/share/battery_interfaces/cmake/battery_interfaces__rosidl_typesupport_introspection_cExport-noconfig.cmake
[1.363s] -- Up-to-date: /home/prajesh/my_ws/install/battery_interfaces/share/battery_interfaces/cmake/battery_interfaces__rosidl_typesupport_cExport.cmake
[1.363s] -- Up-to-date: /home/prajesh/my_ws/install/battery_interfaces/share/battery_interfaces/cmake/battery_interfaces__rosidl_typesupport_cExport-noconfig.cmake
[1.363s] -- Up-to-date: /home/prajesh/my_ws/install/battery_interfaces/share/battery_interfaces/cmake/export_battery_interfaces__rosidl_generator_cppExport.cmake
[1.363s] -- Up-to-date: /home/prajesh/my_ws/install/battery_interfaces/share/battery_interfaces/cmake/export_battery_interfaces__rosidl_typesupport_fastrtps_cppExport.cmake
[1.363s] -- Up-to-date: /home/prajesh/my_ws/install/battery_interfaces/share/battery_interfaces/cmake/export_battery_interfaces__rosidl_typesupport_fastrtps_cppExport-noconfig.cmake
[1.363s] -- Up-to-date: /home/prajesh/my_ws/install/battery_interfaces/share/battery_interfaces/cmake/battery_interfaces__rosidl_typesupport_introspection_cppExport.cmake
[1.363s] -- Up-to-date: /home/prajesh/my_ws/install/battery_interfaces/share/battery_interfaces/cmake/battery_interfaces__rosidl_typesupport_introspection_cppExport-noconfig.cmake
[1.363s] -- Up-to-date: /home/prajesh/my_ws/install/battery_interfaces/share/battery_interfaces/cmake/battery_interfaces__rosidl_typesupport_cppExport.cmake
[1.363s] -- Up-to-date: /home/prajesh/my_ws/install/battery_interfaces/share/battery_interfaces/cmake/battery_interfaces__rosidl_typesupport_cppExport-noconfig.cmake
[1.365s] -- Up-to-date: /home/prajesh/my_ws/install/battery_interfaces/share/battery_interfaces/cmake/export_battery_interfaces__rosidl_generator_pyExport.cmake
[1.365s] -- Up-to-date: /home/prajesh/my_ws/install/battery_interfaces/share/battery_interfaces/cmake/export_battery_interfaces__rosidl_generator_pyExport-noconfig.cmake
[1.365s] -- Up-to-date: /home/prajesh/my_ws/install/battery_interfaces/share/battery_interfaces/cmake/rosidl_cmake-extras.cmake
[1.365s] -- Up-to-date: /home/prajesh/my_ws/install/battery_interfaces/share/battery_interfaces/cmake/ament_cmake_export_include_directories-extras.cmake
[1.365s] -- Up-to-date: /home/prajesh/my_ws/install/battery_interfaces/share/battery_interfaces/cmake/ament_cmake_export_libraries-extras.cmake
[1.365s] -- Up-to-date: /home/prajesh/my_ws/install/battery_interfaces/share/battery_interfaces/cmake/ament_cmake_export_targets-extras.cmake
[1.365s] -- Up-to-date: /home/prajesh/my_ws/install/battery_interfaces/share/battery_interfaces/cmake/rosidl_cmake_export_typesupport_targets-extras.cmake
[1.365s] -- Up-to-date: /home/prajesh/my_ws/install/battery_interfaces/share/battery_interfaces/cmake/ament_cmake_export_dependencies-extras.cmake
[1.365s] -- Up-to-date: /home/prajesh/my_ws/install/battery_interfaces/share/battery_interfaces/cmake/rosidl_cmake_export_typesupport_libraries-extras.cmake
[1.366s] -- Up-to-date: /home/prajesh/my_ws/install/battery_interfaces/share/battery_interfaces/cmake/battery_interfacesConfig.cmake
[1.366s] -- Up-to-date: /home/prajesh/my_ws/install/battery_interfaces/share/battery_interfaces/cmake/battery_interfacesConfig-version.cmake
[1.366s] -- Up-to-date: /home/prajesh/my_ws/install/battery_interfaces/share/battery_interfaces/package.xml
[1.388s] Invoked command in '/home/prajesh/my_ws/build/battery_interfaces' returned '0': CMAKE_PREFIX_PATH=${CMAKE_PREFIX_PATH}:/home/prajesh/my_ws/install/py_server_test:/home/prajesh/my_ws/install/my_py_pkg:/opt/ros/humble /usr/bin/cmake --install /home/prajesh/my_ws/build/battery_interfaces
