[0.784s] Invoking command in '/home/prajesh/my_ws/src/py_final_project': PYTHONPATH=/home/prajesh/my_ws/build/py_final_project/prefix_override:/home/prajesh/my_ws/install/py_final_project/lib/python3.10/site-packages:${PYTHONPATH} /usr/bin/python3 setup.py egg_info --egg-base ../../build/py_final_project build --build-base /home/prajesh/my_ws/build/py_final_project/build install --record /home/prajesh/my_ws/build/py_final_project/install.log --single-version-externally-managed
[1.024s] running egg_info
[1.026s] writing ../../build/py_final_project/py_final_project.egg-info/PKG-INFO
[1.026s] writing dependency_links to ../../build/py_final_project/py_final_project.egg-info/dependency_links.txt
[1.026s] writing entry points to ../../build/py_final_project/py_final_project.egg-info/entry_points.txt
[1.026s] writing requirements to ../../build/py_final_project/py_final_project.egg-info/requires.txt
[1.026s] writing top-level names to ../../build/py_final_project/py_final_project.egg-info/top_level.txt
[1.027s] reading manifest file '../../build/py_final_project/py_final_project.egg-info/SOURCES.txt'
[1.028s] writing manifest file '../../build/py_final_project/py_final_project.egg-info/SOURCES.txt'
[1.029s] running build
[1.029s] running build_py
[1.029s] copying py_final_project/turtle_generator.py -> /home/prajesh/my_ws/build/py_final_project/build/lib/py_final_project
[1.029s] copying py_final_project/turtle_controller.py -> /home/prajesh/my_ws/build/py_final_project/build/lib/py_final_project
[1.029s] running install
[1.029s] running install_lib
[1.030s] copying /home/prajesh/my_ws/build/py_final_project/build/lib/py_final_project/turtle_generator.py -> /home/prajesh/my_ws/install/py_final_project/lib/python3.10/site-packages/py_final_project
[1.030s] copying /home/prajesh/my_ws/build/py_final_project/build/lib/py_final_project/turtle_controller.py -> /home/prajesh/my_ws/install/py_final_project/lib/python3.10/site-packages/py_final_project
[1.030s] byte-compiling /home/prajesh/my_ws/install/py_final_project/lib/python3.10/site-packages/py_final_project/turtle_generator.py to turtle_generator.cpython-310.pyc
[1.032s] byte-compiling /home/prajesh/my_ws/install/py_final_project/lib/python3.10/site-packages/py_final_project/turtle_controller.py to turtle_controller.cpython-310.pyc
[1.032s] running install_data
[1.033s] running install_egg_info
[1.034s] removing '/home/prajesh/my_ws/install/py_final_project/lib/python3.10/site-packages/py_final_project-0.0.0-py3.10.egg-info' (and everything under it)
[1.035s] Copying ../../build/py_final_project/py_final_project.egg-info to /home/prajesh/my_ws/install/py_final_project/lib/python3.10/site-packages/py_final_project-0.0.0-py3.10.egg-info
[1.035s] running install_scripts
[1.052s] Installing turtle_controller_node script to /home/prajesh/my_ws/install/py_final_project/lib/py_final_project
[1.053s] Installing turtle_generator_node script to /home/prajesh/my_ws/install/py_final_project/lib/py_final_project
[1.053s] writing list of installed files to '/home/prajesh/my_ws/build/py_final_project/install.log'
[1.100s] Invoked command in '/home/prajesh/my_ws/src/py_final_project' returned '0': PYTHONPATH=/home/prajesh/my_ws/build/py_final_project/prefix_override:/home/prajesh/my_ws/install/py_final_project/lib/python3.10/site-packages:${PYTHONPATH} /usr/bin/python3 setup.py egg_info --egg-base ../../build/py_final_project build --build-base /home/prajesh/my_ws/build/py_final_project/build install --record /home/prajesh/my_ws/build/py_final_project/install.log --single-version-externally-managed
