[1.132s] Invoking command in '/home/prajesh/my_ws/src/py_final_project': PYTHONPATH=/home/prajesh/my_ws/build/py_final_project/prefix_override:/home/prajesh/my_ws/install/py_final_project/lib/python3.10/site-packages:${PYTHONPATH} /usr/bin/python3 setup.py egg_info --egg-base ../../build/py_final_project build --build-base /home/prajesh/my_ws/build/py_final_project/build install --record /home/prajesh/my_ws/build/py_final_project/install.log --single-version-externally-managed
[1.466s] running egg_info
[1.467s] writing ../../build/py_final_project/py_final_project.egg-info/PKG-INFO
[1.468s] writing dependency_links to ../../build/py_final_project/py_final_project.egg-info/dependency_links.txt
[1.468s] writing entry points to ../../build/py_final_project/py_final_project.egg-info/entry_points.txt
[1.469s] writing requirements to ../../build/py_final_project/py_final_project.egg-info/requires.txt
[1.469s] writing top-level names to ../../build/py_final_project/py_final_project.egg-info/top_level.txt
[1.471s] reading manifest file '../../build/py_final_project/py_final_project.egg-info/SOURCES.txt'
[1.473s] writing manifest file '../../build/py_final_project/py_final_project.egg-info/SOURCES.txt'
[1.473s] running build
[1.474s] running build_py
[1.474s] copying py_final_project/turtle_controller.py -> /home/prajesh/my_ws/build/py_final_project/build/lib/py_final_project
[1.475s] running install
[1.475s] running install_lib
[1.477s] copying /home/prajesh/my_ws/build/py_final_project/build/lib/py_final_project/turtle_controller.py -> /home/prajesh/my_ws/install/py_final_project/lib/python3.10/site-packages/py_final_project
[1.478s] byte-compiling /home/prajesh/my_ws/install/py_final_project/lib/python3.10/site-packages/py_final_project/turtle_controller.py to turtle_controller.cpython-310.pyc
[1.480s] running install_data
[1.481s] running install_egg_info
[1.483s] removing '/home/prajesh/my_ws/install/py_final_project/lib/python3.10/site-packages/py_final_project-0.0.0-py3.10.egg-info' (and everything under it)
[1.484s] Copying ../../build/py_final_project/py_final_project.egg-info to /home/prajesh/my_ws/install/py_final_project/lib/python3.10/site-packages/py_final_project-0.0.0-py3.10.egg-info
[1.486s] running install_scripts
[1.506s] Installing turtle_controller_node script to /home/prajesh/my_ws/install/py_final_project/lib/py_final_project
[1.507s] writing list of installed files to '/home/prajesh/my_ws/build/py_final_project/install.log'
[1.549s] Invoked command in '/home/prajesh/my_ws/src/py_final_project' returned '0': PYTHONPATH=/home/prajesh/my_ws/build/py_final_project/prefix_override:/home/prajesh/my_ws/install/py_final_project/lib/python3.10/site-packages:${PYTHONPATH} /usr/bin/python3 setup.py egg_info --egg-base ../../build/py_final_project build --build-base /home/prajesh/my_ws/build/py_final_project/build install --record /home/prajesh/my_ws/build/py_final_project/install.log --single-version-externally-managed
