[0.671s] Invoking command in '/home/prajesh/my_ws/src/my_py_pkg': PYTHONPATH=/home/prajesh/my_ws/build/my_py_pkg/prefix_override:/home/prajesh/my_ws/install/my_py_pkg/lib/python3.10/site-packages:${PYTHONPATH} /usr/bin/python3 setup.py egg_info --egg-base ../../build/my_py_pkg build --build-base /home/prajesh/my_ws/build/my_py_pkg/build install --record /home/prajesh/my_ws/build/my_py_pkg/install.log --single-version-externally-managed
[0.862s] running egg_info
[0.862s] creating ../../build/my_py_pkg/my_py_pkg.egg-info
[0.862s] writing ../../build/my_py_pkg/my_py_pkg.egg-info/PKG-INFO
[0.863s] writing dependency_links to ../../build/my_py_pkg/my_py_pkg.egg-info/dependency_links.txt
[0.863s] writing entry points to ../../build/my_py_pkg/my_py_pkg.egg-info/entry_points.txt
[0.863s] writing requirements to ../../build/my_py_pkg/my_py_pkg.egg-info/requires.txt
[0.863s] writing top-level names to ../../build/my_py_pkg/my_py_pkg.egg-info/top_level.txt
[0.863s] writing manifest file '../../build/my_py_pkg/my_py_pkg.egg-info/SOURCES.txt'
[0.864s] reading manifest file '../../build/my_py_pkg/my_py_pkg.egg-info/SOURCES.txt'
[0.865s] writing manifest file '../../build/my_py_pkg/my_py_pkg.egg-info/SOURCES.txt'
[0.865s] running build
[0.865s] running build_py
[0.865s] creating /home/prajesh/my_ws/build/my_py_pkg/build
[0.866s] creating /home/prajesh/my_ws/build/my_py_pkg/build/lib
[0.866s] creating /home/prajesh/my_ws/build/my_py_pkg/build/lib/my_py_pkg
[0.866s] copying my_py_pkg/__init__.py -> /home/prajesh/my_ws/build/my_py_pkg/build/lib/my_py_pkg
[0.866s] running install
[0.867s] /usr/lib/python3/dist-packages/setuptools/command/install.py:34: SetuptoolsDeprecationWarning: setup.py install is deprecated. Use build and pip and other standards-based tools.
[0.867s]   warnings.warn(
[0.867s] running install_lib
[0.868s] creating /home/prajesh/my_ws/install/my_py_pkg/lib/python3.10/site-packages/my_py_pkg
[0.868s] copying /home/prajesh/my_ws/build/my_py_pkg/build/lib/my_py_pkg/__init__.py -> /home/prajesh/my_ws/install/my_py_pkg/lib/python3.10/site-packages/my_py_pkg
[0.868s] byte-compiling /home/prajesh/my_ws/install/my_py_pkg/lib/python3.10/site-packages/my_py_pkg/__init__.py to __init__.cpython-310.pyc
[0.868s] running install_data
[0.869s] creating /home/prajesh/my_ws/install/my_py_pkg/share/ament_index
[0.869s] creating /home/prajesh/my_ws/install/my_py_pkg/share/ament_index/resource_index
[0.869s] creating /home/prajesh/my_ws/install/my_py_pkg/share/ament_index/resource_index/packages
[0.869s] copying resource/my_py_pkg -> /home/prajesh/my_ws/install/my_py_pkg/share/ament_index/resource_index/packages
[0.869s] copying package.xml -> /home/prajesh/my_ws/install/my_py_pkg/share/my_py_pkg
[0.869s] running install_egg_info
[0.870s] Copying ../../build/my_py_pkg/my_py_pkg.egg-info to /home/prajesh/my_ws/install/my_py_pkg/lib/python3.10/site-packages/my_py_pkg-0.0.0-py3.10.egg-info
[0.871s] running install_scripts
[0.886s] writing list of installed files to '/home/prajesh/my_ws/build/my_py_pkg/install.log'
[0.904s] Invoked command in '/home/prajesh/my_ws/src/my_py_pkg' returned '0': PYTHONPATH=/home/prajesh/my_ws/build/my_py_pkg/prefix_override:/home/prajesh/my_ws/install/my_py_pkg/lib/python3.10/site-packages:${PYTHONPATH} /usr/bin/python3 setup.py egg_info --egg-base ../../build/my_py_pkg build --build-base /home/prajesh/my_ws/build/my_py_pkg/build install --record /home/prajesh/my_ws/build/my_py_pkg/install.log --single-version-externally-managed
