[0.038s] Invoking command in '/home/prajesh/my_ws/build/battery_interfaces': CMAKE_PREFIX_PATH=${CMAKE_PREFIX_PATH}:/home/prajesh/my_ws/install/py_server_test:/home/prajesh/my_ws/install/my_py_pkg:/opt/ros/humble /usr/bin/cmake /home/prajesh/my_ws/src/battery_interfaces -DCMAKE_INSTALL_PREFIX=/home/prajesh/my_ws/install/battery_interfaces
[0.099s] -- The C compiler identification is GNU 11.3.0
[0.171s] -- The CXX compiler identification is GNU 11.3.0
[0.183s] -- Detecting C compiler ABI info
[0.261s] -- Detecting C compiler ABI info - done
[0.261s] -- Check for working C compiler: /usr/bin/cc - skipped
[0.262s] -- Detecting C compile features
[0.263s] -- Detecting C compile features - done
[0.265s] -- Detecting CXX compiler ABI info
[0.386s] -- Detecting CXX compiler ABI info - done
[0.386s] -- Check for working CXX compiler: /usr/bin/c++ - skipped
[0.386s] -- Detecting CXX compile features
[0.386s] -- Detecting CXX compile features - done
[0.386s] -- Found ament_cmake: 1.3.4 (/opt/ros/humble/share/ament_cmake/cmake)
[0.618s] -- Found Python3: /usr/bin/python3.10 (found version "3.10.6") found components: Interpreter 
[0.695s] -- Found rosidl_default_generators: 1.2.0 (/opt/ros/humble/share/rosidl_default_generators/cmake)
[0.699s] -- Using all available rosidl_typesupport_c: rosidl_typesupport_fastrtps_c;rosidl_typesupport_introspection_c
[0.706s] -- Found rosidl_adapter: 3.1.4 (/opt/ros/humble/share/rosidl_adapter/cmake)
[0.744s] -- Using all available rosidl_typesupport_cpp: rosidl_typesupport_fastrtps_cpp;rosidl_typesupport_introspection_cpp
[0.929s] [31mCMake Error at /opt/ros/humble/share/rosidl_adapter/cmake/rosidl_adapt_interfaces.cmake:59 (message):
[0.929s]   execute_process(/usr/bin/python3.10 -m rosidl_adapter --package-name
[0.929s]   battery_interfaces --arguments-file
[0.929s]   /home/prajesh/my_ws/build/battery_interfaces/rosidl_adapter__arguments__battery_interfaces.json
[0.930s]   --output-dir
[0.930s]   /home/prajesh/my_ws/build/battery_interfaces/rosidl_adapter/battery_interfaces
[0.930s]   --output-file
[0.930s]   /home/prajesh/my_ws/build/battery_interfaces/rosidl_adapter/battery_interfaces.idls)
[0.930s]   returned error code 1:
[0.930s] 
[0.930s]   Traceback (most recent call last):
[0.930s] 
[0.930s]     File "/usr/lib/python3.10/runpy.py", line 196, in _run_module_as_main
[0.930s]       return _run_code(code, main_globals, None,
[0.930s]     File "/usr/lib/python3.10/runpy.py", line 86, in _run_code
[0.930s]       exec(code, run_globals)
[0.930s]     File "/opt/ros/humble/local/lib/python3.10/dist-packages/rosidl_adapter/__main__.py", line 19, in <module>
[0.930s]       sys.exit(main())
[0.930s]     File "/opt/ros/humble/local/lib/python3.10/dist-packages/rosidl_adapter/main.py", line 53, in main
[0.930s]       abs_idl_file = convert_to_idl(
[0.930s]     File "/opt/ros/humble/local/lib/python3.10/dist-packages/rosidl_adapter/__init__.py", line 24, in convert_to_idl
[0.930s]       return convert_srv_to_idl(
[0.930s]     File "/opt/ros/humble/local/lib/python3.10/dist-packages/rosidl_adapter/srv/__init__.py", line 28, in convert_srv_to_idl
[0.930s]       srv = parse_service_string(package_name, input_file.stem, content)
[0.930s]     File "/opt/ros/humble/local/lib/python3.10/dist-packages/rosidl_adapter/parser.py", line 850, in parse_service_string
[0.930s]       raise InvalidServiceSpecification(
[0.931s] 
[0.931s]   rosidl_adapter.parser.InvalidServiceSpecification: Could not find separator
[0.931s]   '---' between request and response
[0.931s] 
[0.931s] Call Stack (most recent call first):
[0.931s]   /opt/ros/humble/share/rosidl_cmake/cmake/rosidl_generate_interfaces.cmake:130 (rosidl_adapt_interfaces)
[0.931s]   CMakeLists.txt:12 (rosidl_generate_interfaces)
[0.931s] 
[0.931s] [0m
[0.931s] -- Configuring incomplete, errors occurred!
[0.931s] See also "/home/prajesh/my_ws/build/battery_interfaces/CMakeFiles/CMakeOutput.log".
[0.964s] Invoked command in '/home/prajesh/my_ws/build/battery_interfaces' returned '1': CMAKE_PREFIX_PATH=${CMAKE_PREFIX_PATH}:/home/prajesh/my_ws/install/py_server_test:/home/prajesh/my_ws/install/my_py_pkg:/opt/ros/humble /usr/bin/cmake /home/prajesh/my_ws/src/battery_interfaces -DCMAKE_INSTALL_PREFIX=/home/prajesh/my_ws/install/battery_interfaces
