[0.032s] Invoking command in '/home/prajesh/my_ws/build/my_robot_interfaces': CMAKE_PREFIX_PATH=${CMAKE_PREFIX_PATH}:/home/prajesh/my_ws/install/py_server_test:/home/prajesh/my_ws/install/py_final_project:/home/prajesh/my_ws/install/my_py_pkg:/opt/ros/humble /usr/bin/cmake --build /home/prajesh/my_ws/build/my_robot_interfaces -- -j4 -l4
[0.078s] [  2%] Built target my_robot_interfaces__cpp
[0.106s] [  2%] Built target ament_cmake_python_copy_my_robot_interfaces
[0.117s] [ 12%] Built target my_robot_interfaces__rosidl_generator_c
[0.139s] [ 23%] Built target my_robot_interfaces__rosidl_typesupport_fastrtps_cpp
[0.155s] [ 33%] Built target my_robot_interfaces__rosidl_typesupport_introspection_cpp
[0.162s] [ 43%] Built target my_robot_interfaces__rosidl_typesupport_cpp
[0.180s] [ 53%] Built target my_robot_interfaces__rosidl_typesupport_fastrtps_c
[0.203s] [ 64%] Built target my_robot_interfaces__rosidl_typesupport_introspection_c
[0.204s] [ 74%] Built target my_robot_interfaces__rosidl_typesupport_c
[0.230s] [ 74%] Built target my_robot_interfaces
[0.251s] [ 76%] Built target my_robot_interfaces__py
[0.269s] [ 84%] Built target my_robot_interfaces__rosidl_generator_py
[0.304s] [ 89%] Built target my_robot_interfaces__rosidl_typesupport_introspection_c__pyext
[0.310s] [ 94%] Built target my_robot_interfaces__rosidl_typesupport_c__pyext
[0.313s] [100%] Built target my_robot_interfaces__rosidl_typesupport_fastrtps_c__pyext
[0.471s] running egg_info
[0.473s] writing my_robot_interfaces.egg-info/PKG-INFO
[0.473s] writing dependency_links to my_robot_interfaces.egg-info/dependency_links.txt
[0.473s] writing top-level names to my_robot_interfaces.egg-info/top_level.txt
[0.475s] reading manifest file 'my_robot_interfaces.egg-info/SOURCES.txt'
[0.475s] writing manifest file 'my_robot_interfaces.egg-info/SOURCES.txt'
[0.506s] [100%] Built target ament_cmake_python_build_my_robot_interfaces_egg
[0.523s] Invoked command in '/home/prajesh/my_ws/build/my_robot_interfaces' returned '0': CMAKE_PREFIX_PATH=${CMAKE_PREFIX_PATH}:/home/prajesh/my_ws/install/py_server_test:/home/prajesh/my_ws/install/py_final_project:/home/prajesh/my_ws/install/my_py_pkg:/opt/ros/humble /usr/bin/cmake --build /home/prajesh/my_ws/build/my_robot_interfaces -- -j4 -l4
[0.902s] Invoking command in '/home/prajesh/my_ws/build/my_robot_interfaces': CMAKE_PREFIX_PATH=${CMAKE_PREFIX_PATH}:/home/prajesh/my_ws/install/py_server_test:/home/prajesh/my_ws/install/py_final_project:/home/prajesh/my_ws/install/my_py_pkg:/opt/ros/humble /usr/bin/cmake --install /home/prajesh/my_ws/build/my_robot_interfaces
[0.915s] -- Install configuration: ""
[0.915s] -- Up-to-date: /home/prajesh/my_ws/install/my_robot_interfaces/share/ament_index/resource_index/rosidl_interfaces/my_robot_interfaces
[0.915s] -- Up-to-date: /home/prajesh/my_ws/install/my_robot_interfaces/include/my_robot_interfaces/my_robot_interfaces
[0.915s] -- Up-to-date: /home/prajesh/my_ws/install/my_robot_interfaces/include/my_robot_interfaces/my_robot_interfaces/msg
[0.916s] -- Up-to-date: /home/prajesh/my_ws/install/my_robot_interfaces/include/my_robot_interfaces/my_robot_interfaces/msg/hardware_status.h
[0.916s] -- Up-to-date: /home/prajesh/my_ws/install/my_robot_interfaces/include/my_robot_interfaces/my_robot_interfaces/msg/detail
[0.916s] -- Up-to-date: /home/prajesh/my_ws/install/my_robot_interfaces/include/my_robot_interfaces/my_robot_interfaces/msg/detail/hardware_status__functions.h
[0.916s] -- Up-to-date: /home/prajesh/my_ws/install/my_robot_interfaces/include/my_robot_interfaces/my_robot_interfaces/msg/detail/hardware_status__type_support.h
[0.916s] -- Up-to-date: /home/prajesh/my_ws/install/my_robot_interfaces/include/my_robot_interfaces/my_robot_interfaces/msg/detail/hardware_status__functions.c
[0.916s] -- Up-to-date: /home/prajesh/my_ws/install/my_robot_interfaces/include/my_robot_interfaces/my_robot_interfaces/msg/detail/hardware_status__struct.h
[0.916s] -- Up-to-date: /home/prajesh/my_ws/install/my_robot_interfaces/include/my_robot_interfaces/my_robot_interfaces/msg/rosidl_generator_c__visibility_control.h
[0.916s] -- Up-to-date: /home/prajesh/my_ws/install/my_robot_interfaces/include/my_robot_interfaces/my_robot_interfaces/srv
[0.916s] -- Up-to-date: /home/prajesh/my_ws/install/my_robot_interfaces/include/my_robot_interfaces/my_robot_interfaces/srv/detail
[0.917s] -- Up-to-date: /home/prajesh/my_ws/install/my_robot_interfaces/include/my_robot_interfaces/my_robot_interfaces/srv/detail/compute_rect_area__functions.h
[0.917s] -- Up-to-date: /home/prajesh/my_ws/install/my_robot_interfaces/include/my_robot_interfaces/my_robot_interfaces/srv/detail/compute_rect_area__struct.h
[0.917s] -- Up-to-date: /home/prajesh/my_ws/install/my_robot_interfaces/include/my_robot_interfaces/my_robot_interfaces/srv/detail/compute_rect_area__type_support.h
[0.917s] -- Up-to-date: /home/prajesh/my_ws/install/my_robot_interfaces/include/my_robot_interfaces/my_robot_interfaces/srv/detail/compute_rect_area__functions.c
[0.917s] -- Up-to-date: /home/prajesh/my_ws/install/my_robot_interfaces/include/my_robot_interfaces/my_robot_interfaces/srv/compute_rect_area.h
[0.918s] -- Up-to-date: /home/prajesh/my_ws/install/my_robot_interfaces/share/my_robot_interfaces/environment/library_path.sh
[0.918s] -- Up-to-date: /home/prajesh/my_ws/install/my_robot_interfaces/share/my_robot_interfaces/environment/library_path.dsv
[0.918s] -- Up-to-date: /home/prajesh/my_ws/install/my_robot_interfaces/lib/libmy_robot_interfaces__rosidl_generator_c.so
[0.918s] -- Up-to-date: /home/prajesh/my_ws/install/my_robot_interfaces/include/my_robot_interfaces/my_robot_interfaces
[0.918s] -- Up-to-date: /home/prajesh/my_ws/install/my_robot_interfaces/include/my_robot_interfaces/my_robot_interfaces/msg
[0.918s] -- Up-to-date: /home/prajesh/my_ws/install/my_robot_interfaces/include/my_robot_interfaces/my_robot_interfaces/msg/detail
[0.918s] -- Up-to-date: /home/prajesh/my_ws/install/my_robot_interfaces/include/my_robot_interfaces/my_robot_interfaces/msg/detail/hardware_status__rosidl_typesupport_fastrtps_c.h
[0.919s] -- Up-to-date: /home/prajesh/my_ws/install/my_robot_interfaces/include/my_robot_interfaces/my_robot_interfaces/msg/rosidl_typesupport_fastrtps_c__visibility_control.h
[0.919s] -- Up-to-date: /home/prajesh/my_ws/install/my_robot_interfaces/include/my_robot_interfaces/my_robot_interfaces/srv
[0.919s] -- Up-to-date: /home/prajesh/my_ws/install/my_robot_interfaces/include/my_robot_interfaces/my_robot_interfaces/srv/detail
[0.919s] -- Up-to-date: /home/prajesh/my_ws/install/my_robot_interfaces/include/my_robot_interfaces/my_robot_interfaces/srv/detail/compute_rect_area__rosidl_typesupport_fastrtps_c.h
[0.936s] -- Up-to-date: /home/prajesh/my_ws/install/my_robot_interfaces/lib/libmy_robot_interfaces__rosidl_typesupport_fastrtps_c.so
[0.936s] -- Up-to-date: /home/prajesh/my_ws/install/my_robot_interfaces/include/my_robot_interfaces/my_robot_interfaces
[0.936s] -- Up-to-date: /home/prajesh/my_ws/install/my_robot_interfaces/include/my_robot_interfaces/my_robot_interfaces/msg
[0.937s] -- Up-to-date: /home/prajesh/my_ws/install/my_robot_interfaces/include/my_robot_interfaces/my_robot_interfaces/msg/rosidl_typesupport_introspection_c__visibility_control.h
[0.937s] -- Up-to-date: /home/prajesh/my_ws/install/my_robot_interfaces/include/my_robot_interfaces/my_robot_interfaces/msg/detail
[0.937s] -- Up-to-date: /home/prajesh/my_ws/install/my_robot_interfaces/include/my_robot_interfaces/my_robot_interfaces/msg/detail/hardware_status__type_support.c
[0.937s] -- Up-to-date: /home/prajesh/my_ws/install/my_robot_interfaces/include/my_robot_interfaces/my_robot_interfaces/msg/detail/hardware_status__rosidl_typesupport_introspection_c.h
[0.937s] -- Up-to-date: /home/prajesh/my_ws/install/my_robot_interfaces/include/my_robot_interfaces/my_robot_interfaces/srv
[0.938s] -- Up-to-date: /home/prajesh/my_ws/install/my_robot_interfaces/include/my_robot_interfaces/my_robot_interfaces/srv/detail
[0.938s] -- Up-to-date: /home/prajesh/my_ws/install/my_robot_interfaces/include/my_robot_interfaces/my_robot_interfaces/srv/detail/compute_rect_area__rosidl_typesupport_introspection_c.h
[0.938s] -- Up-to-date: /home/prajesh/my_ws/install/my_robot_interfaces/include/my_robot_interfaces/my_robot_interfaces/srv/detail/compute_rect_area__type_support.c
[0.938s] -- Up-to-date: /home/prajesh/my_ws/install/my_robot_interfaces/lib/libmy_robot_interfaces__rosidl_typesupport_introspection_c.so
[0.939s] -- Up-to-date: /home/prajesh/my_ws/install/my_robot_interfaces/lib/libmy_robot_interfaces__rosidl_typesupport_c.so
[0.939s] -- Up-to-date: /home/prajesh/my_ws/install/my_robot_interfaces/include/my_robot_interfaces/my_robot_interfaces
[0.951s] -- Up-to-date: /home/prajesh/my_ws/install/my_robot_interfaces/include/my_robot_interfaces/my_robot_interfaces/msg
[0.951s] -- Up-to-date: /home/prajesh/my_ws/install/my_robot_interfaces/include/my_robot_interfaces/my_robot_interfaces/msg/hardware_status.hpp
[0.951s] -- Up-to-date: /home/prajesh/my_ws/install/my_robot_interfaces/include/my_robot_interfaces/my_robot_interfaces/msg/detail
[0.951s] -- Up-to-date: /home/prajesh/my_ws/install/my_robot_interfaces/include/my_robot_interfaces/my_robot_interfaces/msg/detail/hardware_status__traits.hpp
[0.951s] -- Up-to-date: /home/prajesh/my_ws/install/my_robot_interfaces/include/my_robot_interfaces/my_robot_interfaces/msg/detail/hardware_status__struct.hpp
[0.951s] -- Up-to-date: /home/prajesh/my_ws/install/my_robot_interfaces/include/my_robot_interfaces/my_robot_interfaces/msg/detail/hardware_status__builder.hpp
[0.951s] -- Up-to-date: /home/prajesh/my_ws/install/my_robot_interfaces/include/my_robot_interfaces/my_robot_interfaces/srv
[0.952s] -- Up-to-date: /home/prajesh/my_ws/install/my_robot_interfaces/include/my_robot_interfaces/my_robot_interfaces/srv/detail
[0.952s] -- Up-to-date: /home/prajesh/my_ws/install/my_robot_interfaces/include/my_robot_interfaces/my_robot_interfaces/srv/detail/compute_rect_area__builder.hpp
[0.952s] -- Up-to-date: /home/prajesh/my_ws/install/my_robot_interfaces/include/my_robot_interfaces/my_robot_interfaces/srv/detail/compute_rect_area__struct.hpp
[0.952s] -- Up-to-date: /home/prajesh/my_ws/install/my_robot_interfaces/include/my_robot_interfaces/my_robot_interfaces/srv/detail/compute_rect_area__traits.hpp
[0.952s] -- Up-to-date: /home/prajesh/my_ws/install/my_robot_interfaces/include/my_robot_interfaces/my_robot_interfaces/srv/compute_rect_area.hpp
[0.952s] -- Up-to-date: /home/prajesh/my_ws/install/my_robot_interfaces/include/my_robot_interfaces/my_robot_interfaces
[0.952s] -- Up-to-date: /home/prajesh/my_ws/install/my_robot_interfaces/include/my_robot_interfaces/my_robot_interfaces/msg
[0.952s] -- Up-to-date: /home/prajesh/my_ws/install/my_robot_interfaces/include/my_robot_interfaces/my_robot_interfaces/msg/rosidl_typesupport_fastrtps_cpp__visibility_control.h
[0.952s] -- Up-to-date: /home/prajesh/my_ws/install/my_robot_interfaces/include/my_robot_interfaces/my_robot_interfaces/msg/detail
[0.952s] -- Up-to-date: /home/prajesh/my_ws/install/my_robot_interfaces/include/my_robot_interfaces/my_robot_interfaces/msg/detail/hardware_status__rosidl_typesupport_fastrtps_cpp.hpp
[0.952s] -- Up-to-date: /home/prajesh/my_ws/install/my_robot_interfaces/include/my_robot_interfaces/my_robot_interfaces/msg/detail/dds_fastrtps
[0.952s] -- Up-to-date: /home/prajesh/my_ws/install/my_robot_interfaces/include/my_robot_interfaces/my_robot_interfaces/srv
[0.952s] -- Up-to-date: /home/prajesh/my_ws/install/my_robot_interfaces/include/my_robot_interfaces/my_robot_interfaces/srv/detail
[0.952s] -- Up-to-date: /home/prajesh/my_ws/install/my_robot_interfaces/include/my_robot_interfaces/my_robot_interfaces/srv/detail/dds_fastrtps
[0.952s] -- Up-to-date: /home/prajesh/my_ws/install/my_robot_interfaces/include/my_robot_interfaces/my_robot_interfaces/srv/detail/compute_rect_area__rosidl_typesupport_fastrtps_cpp.hpp
[0.952s] -- Up-to-date: /home/prajesh/my_ws/install/my_robot_interfaces/lib/libmy_robot_interfaces__rosidl_typesupport_fastrtps_cpp.so
[0.952s] -- Up-to-date: /home/prajesh/my_ws/install/my_robot_interfaces/include/my_robot_interfaces/my_robot_interfaces
[0.952s] -- Up-to-date: /home/prajesh/my_ws/install/my_robot_interfaces/include/my_robot_interfaces/my_robot_interfaces/msg
[0.952s] -- Up-to-date: /home/prajesh/my_ws/install/my_robot_interfaces/include/my_robot_interfaces/my_robot_interfaces/msg/detail
[0.952s] -- Up-to-date: /home/prajesh/my_ws/install/my_robot_interfaces/include/my_robot_interfaces/my_robot_interfaces/msg/detail/hardware_status__rosidl_typesupport_introspection_cpp.hpp
[0.953s] -- Up-to-date: /home/prajesh/my_ws/install/my_robot_interfaces/include/my_robot_interfaces/my_robot_interfaces/msg/detail/hardware_status__type_support.cpp
[0.953s] -- Up-to-date: /home/prajesh/my_ws/install/my_robot_interfaces/include/my_robot_interfaces/my_robot_interfaces/srv
[0.953s] -- Up-to-date: /home/prajesh/my_ws/install/my_robot_interfaces/include/my_robot_interfaces/my_robot_interfaces/srv/detail
[0.953s] -- Up-to-date: /home/prajesh/my_ws/install/my_robot_interfaces/include/my_robot_interfaces/my_robot_interfaces/srv/detail/compute_rect_area__type_support.cpp
[0.953s] -- Up-to-date: /home/prajesh/my_ws/install/my_robot_interfaces/include/my_robot_interfaces/my_robot_interfaces/srv/detail/compute_rect_area__rosidl_typesupport_introspection_cpp.hpp
[0.953s] -- Up-to-date: /home/prajesh/my_ws/install/my_robot_interfaces/lib/libmy_robot_interfaces__rosidl_typesupport_introspection_cpp.so
[0.953s] -- Up-to-date: /home/prajesh/my_ws/install/my_robot_interfaces/lib/libmy_robot_interfaces__rosidl_typesupport_cpp.so
[0.953s] -- Up-to-date: /home/prajesh/my_ws/install/my_robot_interfaces/share/my_robot_interfaces/environment/pythonpath.sh
[0.953s] -- Up-to-date: /home/prajesh/my_ws/install/my_robot_interfaces/share/my_robot_interfaces/environment/pythonpath.dsv
[0.953s] -- Up-to-date: /home/prajesh/my_ws/install/my_robot_interfaces/local/lib/python3.10/dist-packages/my_robot_interfaces-0.0.0-py3.10.egg-info
[0.953s] -- Installing: /home/prajesh/my_ws/install/my_robot_interfaces/local/lib/python3.10/dist-packages/my_robot_interfaces-0.0.0-py3.10.egg-info/SOURCES.txt
[0.953s] -- Installing: /home/prajesh/my_ws/install/my_robot_interfaces/local/lib/python3.10/dist-packages/my_robot_interfaces-0.0.0-py3.10.egg-info/top_level.txt
[0.953s] -- Installing: /home/prajesh/my_ws/install/my_robot_interfaces/local/lib/python3.10/dist-packages/my_robot_interfaces-0.0.0-py3.10.egg-info/dependency_links.txt
[0.953s] -- Installing: /home/prajesh/my_ws/install/my_robot_interfaces/local/lib/python3.10/dist-packages/my_robot_interfaces-0.0.0-py3.10.egg-info/PKG-INFO
[0.953s] -- Up-to-date: /home/prajesh/my_ws/install/my_robot_interfaces/local/lib/python3.10/dist-packages/my_robot_interfaces
[0.953s] -- Up-to-date: /home/prajesh/my_ws/install/my_robot_interfaces/local/lib/python3.10/dist-packages/my_robot_interfaces/_my_robot_interfaces_s.ep.rosidl_typesupport_introspection_c.c
[0.953s] -- Up-to-date: /home/prajesh/my_ws/install/my_robot_interfaces/local/lib/python3.10/dist-packages/my_robot_interfaces/my_robot_interfaces_s__rosidl_typesupport_introspection_c.cpython-310-x86_64-linux-gnu.so
[0.954s] -- Up-to-date: /home/prajesh/my_ws/install/my_robot_interfaces/local/lib/python3.10/dist-packages/my_robot_interfaces/my_robot_interfaces_s__rosidl_typesupport_c.cpython-310-x86_64-linux-gnu.so
[0.954s] -- Up-to-date: /home/prajesh/my_ws/install/my_robot_interfaces/local/lib/python3.10/dist-packages/my_robot_interfaces/msg
[0.954s] -- Up-to-date: /home/prajesh/my_ws/install/my_robot_interfaces/local/lib/python3.10/dist-packages/my_robot_interfaces/msg/__init__.py
[0.954s] -- Up-to-date: /home/prajesh/my_ws/install/my_robot_interfaces/local/lib/python3.10/dist-packages/my_robot_interfaces/msg/_hardware_status.py
[0.954s] -- Up-to-date: /home/prajesh/my_ws/install/my_robot_interfaces/local/lib/python3.10/dist-packages/my_robot_interfaces/msg/_hardware_status_s.c
[0.954s] -- Up-to-date: /home/prajesh/my_ws/install/my_robot_interfaces/local/lib/python3.10/dist-packages/my_robot_interfaces/__init__.py
[0.954s] -- Up-to-date: /home/prajesh/my_ws/install/my_robot_interfaces/local/lib/python3.10/dist-packages/my_robot_interfaces/_my_robot_interfaces_s.ep.rosidl_typesupport_c.c
[0.954s] -- Up-to-date: /home/prajesh/my_ws/install/my_robot_interfaces/local/lib/python3.10/dist-packages/my_robot_interfaces/libmy_robot_interfaces__rosidl_generator_py.so
[0.954s] -- Up-to-date: /home/prajesh/my_ws/install/my_robot_interfaces/local/lib/python3.10/dist-packages/my_robot_interfaces/_my_robot_interfaces_s.ep.rosidl_typesupport_fastrtps_c.c
[0.954s] -- Up-to-date: /home/prajesh/my_ws/install/my_robot_interfaces/local/lib/python3.10/dist-packages/my_robot_interfaces/my_robot_interfaces_s__rosidl_typesupport_fastrtps_c.cpython-310-x86_64-linux-gnu.so
[0.954s] -- Up-to-date: /home/prajesh/my_ws/install/my_robot_interfaces/local/lib/python3.10/dist-packages/my_robot_interfaces/srv
[0.954s] -- Up-to-date: /home/prajesh/my_ws/install/my_robot_interfaces/local/lib/python3.10/dist-packages/my_robot_interfaces/srv/__init__.py
[0.954s] -- Up-to-date: /home/prajesh/my_ws/install/my_robot_interfaces/local/lib/python3.10/dist-packages/my_robot_interfaces/srv/_compute_rect_area_s.c
[0.954s] -- Up-to-date: /home/prajesh/my_ws/install/my_robot_interfaces/local/lib/python3.10/dist-packages/my_robot_interfaces/srv/_compute_rect_area.py
[0.976s] Listing '/home/prajesh/my_ws/install/my_robot_interfaces/local/lib/python3.10/dist-packages/my_robot_interfaces'...
[0.976s] Listing '/home/prajesh/my_ws/install/my_robot_interfaces/local/lib/python3.10/dist-packages/my_robot_interfaces/msg'...
[0.976s] Listing '/home/prajesh/my_ws/install/my_robot_interfaces/local/lib/python3.10/dist-packages/my_robot_interfaces/srv'...
[0.981s] -- Up-to-date: /home/prajesh/my_ws/install/my_robot_interfaces/local/lib/python3.10/dist-packages/my_robot_interfaces/my_robot_interfaces_s__rosidl_typesupport_fastrtps_c.cpython-310-x86_64-linux-gnu.so
[0.982s] -- Up-to-date: /home/prajesh/my_ws/install/my_robot_interfaces/local/lib/python3.10/dist-packages/my_robot_interfaces/my_robot_interfaces_s__rosidl_typesupport_introspection_c.cpython-310-x86_64-linux-gnu.so
[0.982s] -- Up-to-date: /home/prajesh/my_ws/install/my_robot_interfaces/local/lib/python3.10/dist-packages/my_robot_interfaces/my_robot_interfaces_s__rosidl_typesupport_c.cpython-310-x86_64-linux-gnu.so
[0.982s] -- Up-to-date: /home/prajesh/my_ws/install/my_robot_interfaces/lib/libmy_robot_interfaces__rosidl_generator_py.so
[0.982s] -- Up-to-date: /home/prajesh/my_ws/install/my_robot_interfaces/share/my_robot_interfaces/msg/HardwareStatus.idl
[0.982s] -- Up-to-date: /home/prajesh/my_ws/install/my_robot_interfaces/share/my_robot_interfaces/srv/ComputeRectArea.idl
[0.982s] -- Up-to-date: /home/prajesh/my_ws/install/my_robot_interfaces/share/my_robot_interfaces/msg/HardwareStatus.msg
[0.982s] -- Up-to-date: /home/prajesh/my_ws/install/my_robot_interfaces/share/my_robot_interfaces/srv/ComputeRectArea.srv
[0.982s] -- Up-to-date: /home/prajesh/my_ws/install/my_robot_interfaces/share/my_robot_interfaces/srv/ComputeRectArea_Request.msg
[0.982s] -- Up-to-date: /home/prajesh/my_ws/install/my_robot_interfaces/share/my_robot_interfaces/srv/ComputeRectArea_Response.msg
[0.982s] -- Up-to-date: /home/prajesh/my_ws/install/my_robot_interfaces/share/ament_index/resource_index/package_run_dependencies/my_robot_interfaces
[0.983s] -- Up-to-date: /home/prajesh/my_ws/install/my_robot_interfaces/share/ament_index/resource_index/parent_prefix_path/my_robot_interfaces
[0.983s] -- Up-to-date: /home/prajesh/my_ws/install/my_robot_interfaces/share/my_robot_interfaces/environment/ament_prefix_path.sh
[0.987s] -- Up-to-date: /home/prajesh/my_ws/install/my_robot_interfaces/share/my_robot_interfaces/environment/ament_prefix_path.dsv
[0.987s] -- Up-to-date: /home/prajesh/my_ws/install/my_robot_interfaces/share/my_robot_interfaces/environment/path.sh
[0.987s] -- Up-to-date: /home/prajesh/my_ws/install/my_robot_interfaces/share/my_robot_interfaces/environment/path.dsv
[0.987s] -- Up-to-date: /home/prajesh/my_ws/install/my_robot_interfaces/share/my_robot_interfaces/local_setup.bash
[0.987s] -- Up-to-date: /home/prajesh/my_ws/install/my_robot_interfaces/share/my_robot_interfaces/local_setup.sh
[0.987s] -- Up-to-date: /home/prajesh/my_ws/install/my_robot_interfaces/share/my_robot_interfaces/local_setup.zsh
[0.988s] -- Up-to-date: /home/prajesh/my_ws/install/my_robot_interfaces/share/my_robot_interfaces/local_setup.dsv
[0.988s] -- Installing: /home/prajesh/my_ws/install/my_robot_interfaces/share/my_robot_interfaces/package.dsv
[0.988s] -- Up-to-date: /home/prajesh/my_ws/install/my_robot_interfaces/share/ament_index/resource_index/packages/my_robot_interfaces
[0.988s] -- Up-to-date: /home/prajesh/my_ws/install/my_robot_interfaces/share/my_robot_interfaces/cmake/export_my_robot_interfaces__rosidl_generator_cExport.cmake
[0.988s] -- Up-to-date: /home/prajesh/my_ws/install/my_robot_interfaces/share/my_robot_interfaces/cmake/export_my_robot_interfaces__rosidl_generator_cExport-noconfig.cmake
[0.988s] -- Up-to-date: /home/prajesh/my_ws/install/my_robot_interfaces/share/my_robot_interfaces/cmake/export_my_robot_interfaces__rosidl_typesupport_fastrtps_cExport.cmake
[0.989s] -- Up-to-date: /home/prajesh/my_ws/install/my_robot_interfaces/share/my_robot_interfaces/cmake/export_my_robot_interfaces__rosidl_typesupport_fastrtps_cExport-noconfig.cmake
[0.989s] -- Up-to-date: /home/prajesh/my_ws/install/my_robot_interfaces/share/my_robot_interfaces/cmake/my_robot_interfaces__rosidl_typesupport_introspection_cExport.cmake
[0.989s] -- Up-to-date: /home/prajesh/my_ws/install/my_robot_interfaces/share/my_robot_interfaces/cmake/my_robot_interfaces__rosidl_typesupport_introspection_cExport-noconfig.cmake
[0.989s] -- Up-to-date: /home/prajesh/my_ws/install/my_robot_interfaces/share/my_robot_interfaces/cmake/my_robot_interfaces__rosidl_typesupport_cExport.cmake
[0.989s] -- Up-to-date: /home/prajesh/my_ws/install/my_robot_interfaces/share/my_robot_interfaces/cmake/my_robot_interfaces__rosidl_typesupport_cExport-noconfig.cmake
[0.989s] -- Up-to-date: /home/prajesh/my_ws/install/my_robot_interfaces/share/my_robot_interfaces/cmake/export_my_robot_interfaces__rosidl_generator_cppExport.cmake
[0.989s] -- Up-to-date: /home/prajesh/my_ws/install/my_robot_interfaces/share/my_robot_interfaces/cmake/export_my_robot_interfaces__rosidl_typesupport_fastrtps_cppExport.cmake
[0.989s] -- Up-to-date: /home/prajesh/my_ws/install/my_robot_interfaces/share/my_robot_interfaces/cmake/export_my_robot_interfaces__rosidl_typesupport_fastrtps_cppExport-noconfig.cmake
[0.989s] -- Up-to-date: /home/prajesh/my_ws/install/my_robot_interfaces/share/my_robot_interfaces/cmake/my_robot_interfaces__rosidl_typesupport_introspection_cppExport.cmake
[0.989s] -- Up-to-date: /home/prajesh/my_ws/install/my_robot_interfaces/share/my_robot_interfaces/cmake/my_robot_interfaces__rosidl_typesupport_introspection_cppExport-noconfig.cmake
[0.989s] -- Up-to-date: /home/prajesh/my_ws/install/my_robot_interfaces/share/my_robot_interfaces/cmake/my_robot_interfaces__rosidl_typesupport_cppExport.cmake
[0.990s] -- Up-to-date: /home/prajesh/my_ws/install/my_robot_interfaces/share/my_robot_interfaces/cmake/my_robot_interfaces__rosidl_typesupport_cppExport-noconfig.cmake
[0.990s] -- Up-to-date: /home/prajesh/my_ws/install/my_robot_interfaces/share/my_robot_interfaces/cmake/export_my_robot_interfaces__rosidl_generator_pyExport.cmake
[0.990s] -- Up-to-date: /home/prajesh/my_ws/install/my_robot_interfaces/share/my_robot_interfaces/cmake/export_my_robot_interfaces__rosidl_generator_pyExport-noconfig.cmake
[0.990s] -- Up-to-date: /home/prajesh/my_ws/install/my_robot_interfaces/share/my_robot_interfaces/cmake/rosidl_cmake-extras.cmake
[0.990s] -- Up-to-date: /home/prajesh/my_ws/install/my_robot_interfaces/share/my_robot_interfaces/cmake/ament_cmake_export_include_directories-extras.cmake
[0.990s] -- Up-to-date: /home/prajesh/my_ws/install/my_robot_interfaces/share/my_robot_interfaces/cmake/ament_cmake_export_libraries-extras.cmake
[0.990s] -- Up-to-date: /home/prajesh/my_ws/install/my_robot_interfaces/share/my_robot_interfaces/cmake/ament_cmake_export_targets-extras.cmake
[0.990s] -- Up-to-date: /home/prajesh/my_ws/install/my_robot_interfaces/share/my_robot_interfaces/cmake/rosidl_cmake_export_typesupport_targets-extras.cmake
[0.990s] -- Up-to-date: /home/prajesh/my_ws/install/my_robot_interfaces/share/my_robot_interfaces/cmake/ament_cmake_export_dependencies-extras.cmake
[0.990s] -- Up-to-date: /home/prajesh/my_ws/install/my_robot_interfaces/share/my_robot_interfaces/cmake/rosidl_cmake_export_typesupport_libraries-extras.cmake
[0.990s] -- Up-to-date: /home/prajesh/my_ws/install/my_robot_interfaces/share/my_robot_interfaces/cmake/my_robot_interfacesConfig.cmake
[0.991s] -- Up-to-date: /home/prajesh/my_ws/install/my_robot_interfaces/share/my_robot_interfaces/cmake/my_robot_interfacesConfig-version.cmake
[0.991s] -- Up-to-date: /home/prajesh/my_ws/install/my_robot_interfaces/share/my_robot_interfaces/package.xml
[0.992s] Invoked command in '/home/prajesh/my_ws/build/my_robot_interfaces' returned '0': CMAKE_PREFIX_PATH=${CMAKE_PREFIX_PATH}:/home/prajesh/my_ws/install/py_server_test:/home/prajesh/my_ws/install/py_final_project:/home/prajesh/my_ws/install/my_py_pkg:/opt/ros/humble /usr/bin/cmake --install /home/prajesh/my_ws/build/my_robot_interfaces
