[0.317s] DEBUG:colcon:Command line arguments: ['/usr/bin/colcon', 'build']
[0.317s] DEBUG:colcon:Parsed command line arguments: Namespace(log_base=None, log_level=None, verb_name='build', build_base='build', install_base='install', merge_install=False, symlink_install=False, test_result_base=None, continue_on_error=False, executor='parallel', parallel_workers=4, event_handlers=None, ignore_user_meta=False, metas=['./colcon.meta'], base_paths=['.'], packages_ignore=None, packages_ignore_regex=None, paths=None, packages_up_to=None, packages_up_to_regex=None, packages_above=None, packages_above_and_dependencies=None, packages_above_depth=None, packages_select_by_dep=None, packages_skip_by_dep=None, packages_skip_up_to=None, packages_select_build_failed=False, packages_skip_build_finished=False, packages_select_test_failures=False, packages_skip_test_passed=False, packages_select=None, packages_skip=None, packages_select_regex=None, packages_skip_regex=None, packages_start=None, packages_end=None, allow_overriding=[], cmake_args=None, cmake_target=None, cmake_target_skip_unavailable=False, cmake_clean_cache=False, cmake_clean_first=False, cmake_force_configure=False, ament_cmake_args=None, catkin_cmake_args=None, catkin_skip_building_tests=False, verb_parser=<colcon_defaults.argument_parser.defaults.DefaultArgumentsDecorator object at 0x7fa3131d8250>, verb_extension=<colcon_core.verb.build.BuildVerb object at 0x7fa31319bd30>, main=<bound method BuildVerb.main of <colcon_core.verb.build.BuildVerb object at 0x7fa31319bd30>>)
[0.341s] Level 1:colcon.colcon_core.package_discovery:discover_packages(colcon_meta) check parameters
[0.342s] Level 1:colcon.colcon_core.package_discovery:discover_packages(recursive) check parameters
[0.342s] Level 1:colcon.colcon_core.package_discovery:discover_packages(ignore) check parameters
[0.342s] Level 1:colcon.colcon_core.package_discovery:discover_packages(path) check parameters
[0.342s] Level 1:colcon.colcon_core.package_discovery:discover_packages(colcon_meta) discover
[0.342s] Level 1:colcon.colcon_core.package_discovery:discover_packages(recursive) discover
[0.342s] INFO:colcon.colcon_core.package_discovery:Crawling recursively for packages in '/home/prajesh/my_ws'
[0.343s] Level 1:colcon.colcon_core.package_identification:_identify(.) by extensions ['ignore', 'ignore_ament_install']
[0.343s] Level 1:colcon.colcon_core.package_identification:_identify(.) by extension 'ignore'
[0.343s] Level 1:colcon.colcon_core.package_identification:_identify(.) by extension 'ignore_ament_install'
[0.343s] Level 1:colcon.colcon_core.package_identification:_identify(.) by extensions ['colcon_pkg']
[0.343s] Level 1:colcon.colcon_core.package_identification:_identify(.) by extension 'colcon_pkg'
[0.343s] Level 1:colcon.colcon_core.package_identification:_identify(.) by extensions ['colcon_meta']
[0.343s] Level 1:colcon.colcon_core.package_identification:_identify(.) by extension 'colcon_meta'
[0.344s] Level 1:colcon.colcon_core.package_identification:_identify(.) by extensions ['ros']
[0.344s] Level 1:colcon.colcon_core.package_identification:_identify(.) by extension 'ros'
[0.355s] Level 1:colcon.colcon_core.package_identification:_identify(.) by extensions ['cmake', 'python']
[0.356s] Level 1:colcon.colcon_core.package_identification:_identify(.) by extension 'cmake'
[0.356s] Level 1:colcon.colcon_core.package_identification:_identify(.) by extension 'python'
[0.356s] Level 1:colcon.colcon_core.package_identification:_identify(.) by extensions ['python_setup_py']
[0.356s] Level 1:colcon.colcon_core.package_identification:_identify(.) by extension 'python_setup_py'
[0.356s] Level 1:colcon.colcon_core.package_identification:_identify(build) by extensions ['ignore', 'ignore_ament_install']
[0.357s] Level 1:colcon.colcon_core.package_identification:_identify(build) by extension 'ignore'
[0.357s] Level 1:colcon.colcon_core.package_identification:_identify(build) ignored
[0.357s] Level 1:colcon.colcon_core.package_identification:_identify(install) by extensions ['ignore', 'ignore_ament_install']
[0.357s] Level 1:colcon.colcon_core.package_identification:_identify(install) by extension 'ignore'
[0.357s] Level 1:colcon.colcon_core.package_identification:_identify(install) ignored
[0.358s] Level 1:colcon.colcon_core.package_identification:_identify(log) by extensions ['ignore', 'ignore_ament_install']
[0.358s] Level 1:colcon.colcon_core.package_identification:_identify(log) by extension 'ignore'
[0.358s] Level 1:colcon.colcon_core.package_identification:_identify(log) ignored
[0.358s] Level 1:colcon.colcon_core.package_identification:_identify(src) by extensions ['ignore', 'ignore_ament_install']
[0.358s] Level 1:colcon.colcon_core.package_identification:_identify(src) by extension 'ignore'
[0.358s] Level 1:colcon.colcon_core.package_identification:_identify(src) by extension 'ignore_ament_install'
[0.358s] Level 1:colcon.colcon_core.package_identification:_identify(src) by extensions ['colcon_pkg']
[0.359s] Level 1:colcon.colcon_core.package_identification:_identify(src) by extension 'colcon_pkg'
[0.359s] Level 1:colcon.colcon_core.package_identification:_identify(src) by extensions ['colcon_meta']
[0.359s] Level 1:colcon.colcon_core.package_identification:_identify(src) by extension 'colcon_meta'
[0.359s] Level 1:colcon.colcon_core.package_identification:_identify(src) by extensions ['ros']
[0.359s] Level 1:colcon.colcon_core.package_identification:_identify(src) by extension 'ros'
[0.359s] Level 1:colcon.colcon_core.package_identification:_identify(src) by extensions ['cmake', 'python']
[0.359s] Level 1:colcon.colcon_core.package_identification:_identify(src) by extension 'cmake'
[0.359s] Level 1:colcon.colcon_core.package_identification:_identify(src) by extension 'python'
[0.360s] Level 1:colcon.colcon_core.package_identification:_identify(src) by extensions ['python_setup_py']
[0.360s] Level 1:colcon.colcon_core.package_identification:_identify(src) by extension 'python_setup_py'
[0.360s] Level 1:colcon.colcon_core.package_identification:_identify(src/battery_interfaces) by extensions ['ignore', 'ignore_ament_install']
[0.360s] Level 1:colcon.colcon_core.package_identification:_identify(src/battery_interfaces) by extension 'ignore'
[0.360s] Level 1:colcon.colcon_core.package_identification:_identify(src/battery_interfaces) by extension 'ignore_ament_install'
[0.360s] Level 1:colcon.colcon_core.package_identification:_identify(src/battery_interfaces) by extensions ['colcon_pkg']
[0.360s] Level 1:colcon.colcon_core.package_identification:_identify(src/battery_interfaces) by extension 'colcon_pkg'
[0.360s] Level 1:colcon.colcon_core.package_identification:_identify(src/battery_interfaces) by extensions ['colcon_meta']
[0.361s] Level 1:colcon.colcon_core.package_identification:_identify(src/battery_interfaces) by extension 'colcon_meta'
[0.361s] Level 1:colcon.colcon_core.package_identification:_identify(src/battery_interfaces) by extensions ['ros']
[0.361s] Level 1:colcon.colcon_core.package_identification:_identify(src/battery_interfaces) by extension 'ros'
[0.363s] DEBUG:colcon.colcon_core.package_identification:Package 'src/battery_interfaces' with type 'ros.ament_cmake' and name 'battery_interfaces'
[0.363s] Level 1:colcon.colcon_core.package_identification:_identify(src/cpp_practice) by extensions ['ignore', 'ignore_ament_install']
[0.363s] Level 1:colcon.colcon_core.package_identification:_identify(src/cpp_practice) by extension 'ignore'
[0.363s] Level 1:colcon.colcon_core.package_identification:_identify(src/cpp_practice) by extension 'ignore_ament_install'
[0.363s] Level 1:colcon.colcon_core.package_identification:_identify(src/cpp_practice) by extensions ['colcon_pkg']
[0.363s] Level 1:colcon.colcon_core.package_identification:_identify(src/cpp_practice) by extension 'colcon_pkg'
[0.364s] Level 1:colcon.colcon_core.package_identification:_identify(src/cpp_practice) by extensions ['colcon_meta']
[0.364s] Level 1:colcon.colcon_core.package_identification:_identify(src/cpp_practice) by extension 'colcon_meta'
[0.364s] Level 1:colcon.colcon_core.package_identification:_identify(src/cpp_practice) by extensions ['ros']
[0.364s] Level 1:colcon.colcon_core.package_identification:_identify(src/cpp_practice) by extension 'ros'
[0.366s] DEBUG:colcon.colcon_core.package_identification:Package 'src/cpp_practice' with type 'ros.ament_cmake' and name 'cpp_practice'
[0.367s] Level 1:colcon.colcon_core.package_identification:_identify(src/cpp_service_test) by extensions ['ignore', 'ignore_ament_install']
[0.367s] Level 1:colcon.colcon_core.package_identification:_identify(src/cpp_service_test) by extension 'ignore'
[0.368s] Level 1:colcon.colcon_core.package_identification:_identify(src/cpp_service_test) by extension 'ignore_ament_install'
[0.368s] Level 1:colcon.colcon_core.package_identification:_identify(src/cpp_service_test) by extensions ['colcon_pkg']
[0.368s] Level 1:colcon.colcon_core.package_identification:_identify(src/cpp_service_test) by extension 'colcon_pkg'
[0.368s] Level 1:colcon.colcon_core.package_identification:_identify(src/cpp_service_test) by extensions ['colcon_meta']
[0.368s] Level 1:colcon.colcon_core.package_identification:_identify(src/cpp_service_test) by extension 'colcon_meta'
[0.368s] Level 1:colcon.colcon_core.package_identification:_identify(src/cpp_service_test) by extensions ['ros']
[0.368s] Level 1:colcon.colcon_core.package_identification:_identify(src/cpp_service_test) by extension 'ros'
[0.369s] DEBUG:colcon.colcon_core.package_identification:Package 'src/cpp_service_test' with type 'ros.ament_cmake' and name 'cpp_service_test'
[0.369s] Level 1:colcon.colcon_core.package_identification:_identify(src/cpp_test_pkg) by extensions ['ignore', 'ignore_ament_install']
[0.369s] Level 1:colcon.colcon_core.package_identification:_identify(src/cpp_test_pkg) by extension 'ignore'
[0.370s] Level 1:colcon.colcon_core.package_identification:_identify(src/cpp_test_pkg) by extension 'ignore_ament_install'
[0.370s] Level 1:colcon.colcon_core.package_identification:_identify(src/cpp_test_pkg) by extensions ['colcon_pkg']
[0.370s] Level 1:colcon.colcon_core.package_identification:_identify(src/cpp_test_pkg) by extension 'colcon_pkg'
[0.370s] Level 1:colcon.colcon_core.package_identification:_identify(src/cpp_test_pkg) by extensions ['colcon_meta']
[0.370s] Level 1:colcon.colcon_core.package_identification:_identify(src/cpp_test_pkg) by extension 'colcon_meta'
[0.370s] Level 1:colcon.colcon_core.package_identification:_identify(src/cpp_test_pkg) by extensions ['ros']
[0.370s] Level 1:colcon.colcon_core.package_identification:_identify(src/cpp_test_pkg) by extension 'ros'
[0.371s] DEBUG:colcon.colcon_core.package_identification:Package 'src/cpp_test_pkg' with type 'ros.ament_cmake' and name 'cpp_test_pkg'
[0.371s] Level 1:colcon.colcon_core.package_identification:_identify(src/led_system) by extensions ['ignore', 'ignore_ament_install']
[0.371s] Level 1:colcon.colcon_core.package_identification:_identify(src/led_system) by extension 'ignore'
[0.371s] Level 1:colcon.colcon_core.package_identification:_identify(src/led_system) by extension 'ignore_ament_install'
[0.371s] Level 1:colcon.colcon_core.package_identification:_identify(src/led_system) by extensions ['colcon_pkg']
[0.371s] Level 1:colcon.colcon_core.package_identification:_identify(src/led_system) by extension 'colcon_pkg'
[0.372s] Level 1:colcon.colcon_core.package_identification:_identify(src/led_system) by extensions ['colcon_meta']
[0.372s] Level 1:colcon.colcon_core.package_identification:_identify(src/led_system) by extension 'colcon_meta'
[0.372s] Level 1:colcon.colcon_core.package_identification:_identify(src/led_system) by extensions ['ros']
[0.372s] Level 1:colcon.colcon_core.package_identification:_identify(src/led_system) by extension 'ros'
[0.373s] DEBUG:colcon.colcon_core.package_identification:Package 'src/led_system' with type 'ros.ament_cmake' and name 'led_system'
[0.373s] Level 1:colcon.colcon_core.package_identification:_identify(src/my_cpp_pkg) by extensions ['ignore', 'ignore_ament_install']
[0.373s] Level 1:colcon.colcon_core.package_identification:_identify(src/my_cpp_pkg) by extension 'ignore'
[0.373s] Level 1:colcon.colcon_core.package_identification:_identify(src/my_cpp_pkg) by extension 'ignore_ament_install'
[0.373s] Level 1:colcon.colcon_core.package_identification:_identify(src/my_cpp_pkg) by extensions ['colcon_pkg']
[0.373s] Level 1:colcon.colcon_core.package_identification:_identify(src/my_cpp_pkg) by extension 'colcon_pkg'
[0.373s] Level 1:colcon.colcon_core.package_identification:_identify(src/my_cpp_pkg) by extensions ['colcon_meta']
[0.374s] Level 1:colcon.colcon_core.package_identification:_identify(src/my_cpp_pkg) by extension 'colcon_meta'
[0.374s] Level 1:colcon.colcon_core.package_identification:_identify(src/my_cpp_pkg) by extensions ['ros']
[0.374s] Level 1:colcon.colcon_core.package_identification:_identify(src/my_cpp_pkg) by extension 'ros'
[0.374s] DEBUG:colcon.colcon_core.package_identification:Package 'src/my_cpp_pkg' with type 'ros.ament_cmake' and name 'my_cpp_pkg'
[0.375s] Level 1:colcon.colcon_core.package_identification:_identify(src/my_py_pkg) by extensions ['ignore', 'ignore_ament_install']
[0.375s] Level 1:colcon.colcon_core.package_identification:_identify(src/my_py_pkg) by extension 'ignore'
[0.375s] Level 1:colcon.colcon_core.package_identification:_identify(src/my_py_pkg) by extension 'ignore_ament_install'
[0.375s] Level 1:colcon.colcon_core.package_identification:_identify(src/my_py_pkg) by extensions ['colcon_pkg']
[0.375s] Level 1:colcon.colcon_core.package_identification:_identify(src/my_py_pkg) by extension 'colcon_pkg'
[0.375s] Level 1:colcon.colcon_core.package_identification:_identify(src/my_py_pkg) by extensions ['colcon_meta']
[0.375s] Level 1:colcon.colcon_core.package_identification:_identify(src/my_py_pkg) by extension 'colcon_meta'
[0.375s] Level 1:colcon.colcon_core.package_identification:_identify(src/my_py_pkg) by extensions ['ros']
[0.375s] Level 1:colcon.colcon_core.package_identification:_identify(src/my_py_pkg) by extension 'ros'
[0.376s] DEBUG:colcon.colcon_core.package_identification:Package 'src/my_py_pkg' with type 'ros.ament_python' and name 'my_py_pkg'
[0.376s] Level 1:colcon.colcon_core.package_identification:_identify(src/my_robot_interfaces) by extensions ['ignore', 'ignore_ament_install']
[0.376s] Level 1:colcon.colcon_core.package_identification:_identify(src/my_robot_interfaces) by extension 'ignore'
[0.377s] Level 1:colcon.colcon_core.package_identification:_identify(src/my_robot_interfaces) by extension 'ignore_ament_install'
[0.377s] Level 1:colcon.colcon_core.package_identification:_identify(src/my_robot_interfaces) by extensions ['colcon_pkg']
[0.377s] Level 1:colcon.colcon_core.package_identification:_identify(src/my_robot_interfaces) by extension 'colcon_pkg'
[0.377s] Level 1:colcon.colcon_core.package_identification:_identify(src/my_robot_interfaces) by extensions ['colcon_meta']
[0.377s] Level 1:colcon.colcon_core.package_identification:_identify(src/my_robot_interfaces) by extension 'colcon_meta'
[0.377s] Level 1:colcon.colcon_core.package_identification:_identify(src/my_robot_interfaces) by extensions ['ros']
[0.377s] Level 1:colcon.colcon_core.package_identification:_identify(src/my_robot_interfaces) by extension 'ros'
[0.378s] DEBUG:colcon.colcon_core.package_identification:Package 'src/my_robot_interfaces' with type 'ros.ament_cmake' and name 'my_robot_interfaces'
[0.378s] Level 1:colcon.colcon_core.package_identification:_identify(src/py_server_test) by extensions ['ignore', 'ignore_ament_install']
[0.378s] Level 1:colcon.colcon_core.package_identification:_identify(src/py_server_test) by extension 'ignore'
[0.378s] Level 1:colcon.colcon_core.package_identification:_identify(src/py_server_test) by extension 'ignore_ament_install'
[0.378s] Level 1:colcon.colcon_core.package_identification:_identify(src/py_server_test) by extensions ['colcon_pkg']
[0.378s] Level 1:colcon.colcon_core.package_identification:_identify(src/py_server_test) by extension 'colcon_pkg'
[0.378s] Level 1:colcon.colcon_core.package_identification:_identify(src/py_server_test) by extensions ['colcon_meta']
[0.378s] Level 1:colcon.colcon_core.package_identification:_identify(src/py_server_test) by extension 'colcon_meta'
[0.378s] Level 1:colcon.colcon_core.package_identification:_identify(src/py_server_test) by extensions ['ros']
[0.378s] Level 1:colcon.colcon_core.package_identification:_identify(src/py_server_test) by extension 'ros'
[0.379s] DEBUG:colcon.colcon_core.package_identification:Package 'src/py_server_test' with type 'ros.ament_python' and name 'py_server_test'
[0.379s] Level 1:colcon.colcon_core.package_discovery:discover_packages(recursive) using defaults
[0.379s] Level 1:colcon.colcon_core.package_discovery:discover_packages(ignore) discover
[0.379s] Level 1:colcon.colcon_core.package_discovery:discover_packages(ignore) using defaults
[0.379s] Level 1:colcon.colcon_core.package_discovery:discover_packages(path) discover
[0.379s] Level 1:colcon.colcon_core.package_discovery:discover_packages(path) using defaults
[0.399s] Level 1:colcon.colcon_core.package_discovery:discover_packages(prefix_path) check parameters
[0.399s] Level 1:colcon.colcon_core.package_discovery:discover_packages(prefix_path) discover
[0.402s] DEBUG:colcon.colcon_installed_package_information.package_discovery:Found 9 installed packages in /home/prajesh/my_ws/install
[0.403s] DEBUG:colcon.colcon_installed_package_information.package_discovery:Found 3 installed packages in /home/prajesh/tbot_ws/install
[0.405s] DEBUG:colcon.colcon_installed_package_information.package_discovery:Found 383 installed packages in /opt/ros/humble
[0.407s] Level 1:colcon.colcon_core.package_discovery:discover_packages(prefix_path) using defaults
[0.469s] Level 5:colcon.colcon_core.verb:set package 'battery_interfaces' build argument 'cmake_args' from command line to 'None'
[0.469s] Level 5:colcon.colcon_core.verb:set package 'battery_interfaces' build argument 'cmake_target' from command line to 'None'
[0.469s] Level 5:colcon.colcon_core.verb:set package 'battery_interfaces' build argument 'cmake_target_skip_unavailable' from command line to 'False'
[0.469s] Level 5:colcon.colcon_core.verb:set package 'battery_interfaces' build argument 'cmake_clean_cache' from command line to 'False'
[0.469s] Level 5:colcon.colcon_core.verb:set package 'battery_interfaces' build argument 'cmake_clean_first' from command line to 'False'
[0.469s] Level 5:colcon.colcon_core.verb:set package 'battery_interfaces' build argument 'cmake_force_configure' from command line to 'False'
[0.469s] Level 5:colcon.colcon_core.verb:set package 'battery_interfaces' build argument 'ament_cmake_args' from command line to 'None'
[0.469s] Level 5:colcon.colcon_core.verb:set package 'battery_interfaces' build argument 'catkin_cmake_args' from command line to 'None'
[0.469s] Level 5:colcon.colcon_core.verb:set package 'battery_interfaces' build argument 'catkin_skip_building_tests' from command line to 'False'
[0.469s] DEBUG:colcon.colcon_core.verb:Building package 'battery_interfaces' with the following arguments: {'ament_cmake_args': None, 'build_base': '/home/prajesh/my_ws/build/battery_interfaces', 'catkin_cmake_args': None, 'catkin_skip_building_tests': False, 'cmake_args': None, 'cmake_clean_cache': False, 'cmake_clean_first': False, 'cmake_force_configure': False, 'cmake_target': None, 'cmake_target_skip_unavailable': False, 'install_base': '/home/prajesh/my_ws/install/battery_interfaces', 'merge_install': False, 'path': '/home/prajesh/my_ws/src/battery_interfaces', 'symlink_install': False, 'test_result_base': None}
[0.470s] Level 5:colcon.colcon_core.verb:set package 'cpp_practice' build argument 'cmake_args' from command line to 'None'
[0.470s] Level 5:colcon.colcon_core.verb:set package 'cpp_practice' build argument 'cmake_target' from command line to 'None'
[0.470s] Level 5:colcon.colcon_core.verb:set package 'cpp_practice' build argument 'cmake_target_skip_unavailable' from command line to 'False'
[0.470s] Level 5:colcon.colcon_core.verb:set package 'cpp_practice' build argument 'cmake_clean_cache' from command line to 'False'
[0.470s] Level 5:colcon.colcon_core.verb:set package 'cpp_practice' build argument 'cmake_clean_first' from command line to 'False'
[0.470s] Level 5:colcon.colcon_core.verb:set package 'cpp_practice' build argument 'cmake_force_configure' from command line to 'False'
[0.470s] Level 5:colcon.colcon_core.verb:set package 'cpp_practice' build argument 'ament_cmake_args' from command line to 'None'
[0.470s] Level 5:colcon.colcon_core.verb:set package 'cpp_practice' build argument 'catkin_cmake_args' from command line to 'None'
[0.470s] Level 5:colcon.colcon_core.verb:set package 'cpp_practice' build argument 'catkin_skip_building_tests' from command line to 'False'
[0.470s] DEBUG:colcon.colcon_core.verb:Building package 'cpp_practice' with the following arguments: {'ament_cmake_args': None, 'build_base': '/home/prajesh/my_ws/build/cpp_practice', 'catkin_cmake_args': None, 'catkin_skip_building_tests': False, 'cmake_args': None, 'cmake_clean_cache': False, 'cmake_clean_first': False, 'cmake_force_configure': False, 'cmake_target': None, 'cmake_target_skip_unavailable': False, 'install_base': '/home/prajesh/my_ws/install/cpp_practice', 'merge_install': False, 'path': '/home/prajesh/my_ws/src/cpp_practice', 'symlink_install': False, 'test_result_base': None}
[0.471s] Level 5:colcon.colcon_core.verb:set package 'cpp_service_test' build argument 'cmake_args' from command line to 'None'
[0.471s] Level 5:colcon.colcon_core.verb:set package 'cpp_service_test' build argument 'cmake_target' from command line to 'None'
[0.471s] Level 5:colcon.colcon_core.verb:set package 'cpp_service_test' build argument 'cmake_target_skip_unavailable' from command line to 'False'
[0.471s] Level 5:colcon.colcon_core.verb:set package 'cpp_service_test' build argument 'cmake_clean_cache' from command line to 'False'
[0.471s] Level 5:colcon.colcon_core.verb:set package 'cpp_service_test' build argument 'cmake_clean_first' from command line to 'False'
[0.471s] Level 5:colcon.colcon_core.verb:set package 'cpp_service_test' build argument 'cmake_force_configure' from command line to 'False'
[0.471s] Level 5:colcon.colcon_core.verb:set package 'cpp_service_test' build argument 'ament_cmake_args' from command line to 'None'
[0.471s] Level 5:colcon.colcon_core.verb:set package 'cpp_service_test' build argument 'catkin_cmake_args' from command line to 'None'
[0.471s] Level 5:colcon.colcon_core.verb:set package 'cpp_service_test' build argument 'catkin_skip_building_tests' from command line to 'False'
[0.471s] DEBUG:colcon.colcon_core.verb:Building package 'cpp_service_test' with the following arguments: {'ament_cmake_args': None, 'build_base': '/home/prajesh/my_ws/build/cpp_service_test', 'catkin_cmake_args': None, 'catkin_skip_building_tests': False, 'cmake_args': None, 'cmake_clean_cache': False, 'cmake_clean_first': False, 'cmake_force_configure': False, 'cmake_target': None, 'cmake_target_skip_unavailable': False, 'install_base': '/home/prajesh/my_ws/install/cpp_service_test', 'merge_install': False, 'path': '/home/prajesh/my_ws/src/cpp_service_test', 'symlink_install': False, 'test_result_base': None}
[0.472s] Level 5:colcon.colcon_core.verb:set package 'cpp_test_pkg' build argument 'cmake_args' from command line to 'None'
[0.472s] Level 5:colcon.colcon_core.verb:set package 'cpp_test_pkg' build argument 'cmake_target' from command line to 'None'
[0.472s] Level 5:colcon.colcon_core.verb:set package 'cpp_test_pkg' build argument 'cmake_target_skip_unavailable' from command line to 'False'
[0.472s] Level 5:colcon.colcon_core.verb:set package 'cpp_test_pkg' build argument 'cmake_clean_cache' from command line to 'False'
[0.472s] Level 5:colcon.colcon_core.verb:set package 'cpp_test_pkg' build argument 'cmake_clean_first' from command line to 'False'
[0.472s] Level 5:colcon.colcon_core.verb:set package 'cpp_test_pkg' build argument 'cmake_force_configure' from command line to 'False'
[0.472s] Level 5:colcon.colcon_core.verb:set package 'cpp_test_pkg' build argument 'ament_cmake_args' from command line to 'None'
[0.472s] Level 5:colcon.colcon_core.verb:set package 'cpp_test_pkg' build argument 'catkin_cmake_args' from command line to 'None'
[0.472s] Level 5:colcon.colcon_core.verb:set package 'cpp_test_pkg' build argument 'catkin_skip_building_tests' from command line to 'False'
[0.472s] DEBUG:colcon.colcon_core.verb:Building package 'cpp_test_pkg' with the following arguments: {'ament_cmake_args': None, 'build_base': '/home/prajesh/my_ws/build/cpp_test_pkg', 'catkin_cmake_args': None, 'catkin_skip_building_tests': False, 'cmake_args': None, 'cmake_clean_cache': False, 'cmake_clean_first': False, 'cmake_force_configure': False, 'cmake_target': None, 'cmake_target_skip_unavailable': False, 'install_base': '/home/prajesh/my_ws/install/cpp_test_pkg', 'merge_install': False, 'path': '/home/prajesh/my_ws/src/cpp_test_pkg', 'symlink_install': False, 'test_result_base': None}
[0.473s] Level 5:colcon.colcon_core.verb:set package 'my_cpp_pkg' build argument 'cmake_args' from command line to 'None'
[0.473s] Level 5:colcon.colcon_core.verb:set package 'my_cpp_pkg' build argument 'cmake_target' from command line to 'None'
[0.473s] Level 5:colcon.colcon_core.verb:set package 'my_cpp_pkg' build argument 'cmake_target_skip_unavailable' from command line to 'False'
[0.473s] Level 5:colcon.colcon_core.verb:set package 'my_cpp_pkg' build argument 'cmake_clean_cache' from command line to 'False'
[0.473s] Level 5:colcon.colcon_core.verb:set package 'my_cpp_pkg' build argument 'cmake_clean_first' from command line to 'False'
[0.473s] Level 5:colcon.colcon_core.verb:set package 'my_cpp_pkg' build argument 'cmake_force_configure' from command line to 'False'
[0.473s] Level 5:colcon.colcon_core.verb:set package 'my_cpp_pkg' build argument 'ament_cmake_args' from command line to 'None'
[0.473s] Level 5:colcon.colcon_core.verb:set package 'my_cpp_pkg' build argument 'catkin_cmake_args' from command line to 'None'
[0.473s] Level 5:colcon.colcon_core.verb:set package 'my_cpp_pkg' build argument 'catkin_skip_building_tests' from command line to 'False'
[0.473s] DEBUG:colcon.colcon_core.verb:Building package 'my_cpp_pkg' with the following arguments: {'ament_cmake_args': None, 'build_base': '/home/prajesh/my_ws/build/my_cpp_pkg', 'catkin_cmake_args': None, 'catkin_skip_building_tests': False, 'cmake_args': None, 'cmake_clean_cache': False, 'cmake_clean_first': False, 'cmake_force_configure': False, 'cmake_target': None, 'cmake_target_skip_unavailable': False, 'install_base': '/home/prajesh/my_ws/install/my_cpp_pkg', 'merge_install': False, 'path': '/home/prajesh/my_ws/src/my_cpp_pkg', 'symlink_install': False, 'test_result_base': None}
[0.474s] Level 5:colcon.colcon_core.verb:set package 'my_robot_interfaces' build argument 'cmake_args' from command line to 'None'
[0.474s] Level 5:colcon.colcon_core.verb:set package 'my_robot_interfaces' build argument 'cmake_target' from command line to 'None'
[0.474s] Level 5:colcon.colcon_core.verb:set package 'my_robot_interfaces' build argument 'cmake_target_skip_unavailable' from command line to 'False'
[0.474s] Level 5:colcon.colcon_core.verb:set package 'my_robot_interfaces' build argument 'cmake_clean_cache' from command line to 'False'
[0.474s] Level 5:colcon.colcon_core.verb:set package 'my_robot_interfaces' build argument 'cmake_clean_first' from command line to 'False'
[0.474s] Level 5:colcon.colcon_core.verb:set package 'my_robot_interfaces' build argument 'cmake_force_configure' from command line to 'False'
[0.474s] Level 5:colcon.colcon_core.verb:set package 'my_robot_interfaces' build argument 'ament_cmake_args' from command line to 'None'
[0.474s] Level 5:colcon.colcon_core.verb:set package 'my_robot_interfaces' build argument 'catkin_cmake_args' from command line to 'None'
[0.474s] Level 5:colcon.colcon_core.verb:set package 'my_robot_interfaces' build argument 'catkin_skip_building_tests' from command line to 'False'
[0.474s] DEBUG:colcon.colcon_core.verb:Building package 'my_robot_interfaces' with the following arguments: {'ament_cmake_args': None, 'build_base': '/home/prajesh/my_ws/build/my_robot_interfaces', 'catkin_cmake_args': None, 'catkin_skip_building_tests': False, 'cmake_args': None, 'cmake_clean_cache': False, 'cmake_clean_first': False, 'cmake_force_configure': False, 'cmake_target': None, 'cmake_target_skip_unavailable': False, 'install_base': '/home/prajesh/my_ws/install/my_robot_interfaces', 'merge_install': False, 'path': '/home/prajesh/my_ws/src/my_robot_interfaces', 'symlink_install': False, 'test_result_base': None}
[0.475s] Level 5:colcon.colcon_core.verb:set package 'py_server_test' build argument 'cmake_args' from command line to 'None'
[0.475s] Level 5:colcon.colcon_core.verb:set package 'py_server_test' build argument 'cmake_target' from command line to 'None'
[0.475s] Level 5:colcon.colcon_core.verb:set package 'py_server_test' build argument 'cmake_target_skip_unavailable' from command line to 'False'
[0.475s] Level 5:colcon.colcon_core.verb:set package 'py_server_test' build argument 'cmake_clean_cache' from command line to 'False'
[0.475s] Level 5:colcon.colcon_core.verb:set package 'py_server_test' build argument 'cmake_clean_first' from command line to 'False'
[0.475s] Level 5:colcon.colcon_core.verb:set package 'py_server_test' build argument 'cmake_force_configure' from command line to 'False'
[0.475s] Level 5:colcon.colcon_core.verb:set package 'py_server_test' build argument 'ament_cmake_args' from command line to 'None'
[0.475s] Level 5:colcon.colcon_core.verb:set package 'py_server_test' build argument 'catkin_cmake_args' from command line to 'None'
[0.475s] Level 5:colcon.colcon_core.verb:set package 'py_server_test' build argument 'catkin_skip_building_tests' from command line to 'False'
[0.475s] DEBUG:colcon.colcon_core.verb:Building package 'py_server_test' with the following arguments: {'ament_cmake_args': None, 'build_base': '/home/prajesh/my_ws/build/py_server_test', 'catkin_cmake_args': None, 'catkin_skip_building_tests': False, 'cmake_args': None, 'cmake_clean_cache': False, 'cmake_clean_first': False, 'cmake_force_configure': False, 'cmake_target': None, 'cmake_target_skip_unavailable': False, 'install_base': '/home/prajesh/my_ws/install/py_server_test', 'merge_install': False, 'path': '/home/prajesh/my_ws/src/py_server_test', 'symlink_install': False, 'test_result_base': None}
[0.476s] Level 5:colcon.colcon_core.verb:set package 'led_system' build argument 'cmake_args' from command line to 'None'
[0.476s] Level 5:colcon.colcon_core.verb:set package 'led_system' build argument 'cmake_target' from command line to 'None'
[0.476s] Level 5:colcon.colcon_core.verb:set package 'led_system' build argument 'cmake_target_skip_unavailable' from command line to 'False'
[0.476s] Level 5:colcon.colcon_core.verb:set package 'led_system' build argument 'cmake_clean_cache' from command line to 'False'
[0.476s] Level 5:colcon.colcon_core.verb:set package 'led_system' build argument 'cmake_clean_first' from command line to 'False'
[0.476s] Level 5:colcon.colcon_core.verb:set package 'led_system' build argument 'cmake_force_configure' from command line to 'False'
[0.476s] Level 5:colcon.colcon_core.verb:set package 'led_system' build argument 'ament_cmake_args' from command line to 'None'
[0.476s] Level 5:colcon.colcon_core.verb:set package 'led_system' build argument 'catkin_cmake_args' from command line to 'None'
[0.476s] Level 5:colcon.colcon_core.verb:set package 'led_system' build argument 'catkin_skip_building_tests' from command line to 'False'
[0.476s] DEBUG:colcon.colcon_core.verb:Building package 'led_system' with the following arguments: {'ament_cmake_args': None, 'build_base': '/home/prajesh/my_ws/build/led_system', 'catkin_cmake_args': None, 'catkin_skip_building_tests': False, 'cmake_args': None, 'cmake_clean_cache': False, 'cmake_clean_first': False, 'cmake_force_configure': False, 'cmake_target': None, 'cmake_target_skip_unavailable': False, 'install_base': '/home/prajesh/my_ws/install/led_system', 'merge_install': False, 'path': '/home/prajesh/my_ws/src/led_system', 'symlink_install': False, 'test_result_base': None}
[0.477s] Level 5:colcon.colcon_core.verb:set package 'my_py_pkg' build argument 'cmake_args' from command line to 'None'
[0.477s] Level 5:colcon.colcon_core.verb:set package 'my_py_pkg' build argument 'cmake_target' from command line to 'None'
[0.477s] Level 5:colcon.colcon_core.verb:set package 'my_py_pkg' build argument 'cmake_target_skip_unavailable' from command line to 'False'
[0.477s] Level 5:colcon.colcon_core.verb:set package 'my_py_pkg' build argument 'cmake_clean_cache' from command line to 'False'
[0.477s] Level 5:colcon.colcon_core.verb:set package 'my_py_pkg' build argument 'cmake_clean_first' from command line to 'False'
[0.477s] Level 5:colcon.colcon_core.verb:set package 'my_py_pkg' build argument 'cmake_force_configure' from command line to 'False'
[0.477s] Level 5:colcon.colcon_core.verb:set package 'my_py_pkg' build argument 'ament_cmake_args' from command line to 'None'
[0.477s] Level 5:colcon.colcon_core.verb:set package 'my_py_pkg' build argument 'catkin_cmake_args' from command line to 'None'
[0.477s] Level 5:colcon.colcon_core.verb:set package 'my_py_pkg' build argument 'catkin_skip_building_tests' from command line to 'False'
[0.477s] DEBUG:colcon.colcon_core.verb:Building package 'my_py_pkg' with the following arguments: {'ament_cmake_args': None, 'build_base': '/home/prajesh/my_ws/build/my_py_pkg', 'catkin_cmake_args': None, 'catkin_skip_building_tests': False, 'cmake_args': None, 'cmake_clean_cache': False, 'cmake_clean_first': False, 'cmake_force_configure': False, 'cmake_target': None, 'cmake_target_skip_unavailable': False, 'install_base': '/home/prajesh/my_ws/install/my_py_pkg', 'merge_install': False, 'path': '/home/prajesh/my_ws/src/my_py_pkg', 'symlink_install': False, 'test_result_base': None}
[0.478s] INFO:colcon.colcon_core.executor:Executing jobs using 'parallel' executor
[0.481s] DEBUG:colcon.colcon_parallel_executor.executor.parallel:run_until_complete
[0.481s] INFO:colcon.colcon_ros.task.ament_cmake.build:Building ROS package in '/home/prajesh/my_ws/src/battery_interfaces' with build type 'ament_cmake'
[0.482s] INFO:colcon.colcon_cmake.task.cmake.build:Building CMake package in '/home/prajesh/my_ws/src/battery_interfaces'
[0.487s] INFO:colcon.colcon_core.plugin_system:Skipping extension 'colcon_core.shell.bat': Not used on non-Windows systems
[0.487s] INFO:colcon.colcon_core.shell:Skip shell extension 'powershell' for command environment: Not usable outside of PowerShell
[0.487s] DEBUG:colcon.colcon_core.shell:Skip shell extension 'dsv' for command environment
[0.494s] INFO:colcon.colcon_ros.task.ament_cmake.build:Building ROS package in '/home/prajesh/my_ws/src/my_robot_interfaces' with build type 'ament_cmake'
[0.494s] INFO:colcon.colcon_cmake.task.cmake.build:Building CMake package in '/home/prajesh/my_ws/src/my_robot_interfaces'
[0.495s] INFO:colcon.colcon_core.shell:Skip shell extension 'powershell' for command environment: Not usable outside of PowerShell
[0.495s] DEBUG:colcon.colcon_core.shell:Skip shell extension 'dsv' for command environment
[0.501s] INFO:colcon.colcon_ros.task.ament_cmake.build:Building ROS package in '/home/prajesh/my_ws/src/cpp_practice' with build type 'ament_cmake'
[0.501s] INFO:colcon.colcon_cmake.task.cmake.build:Building CMake package in '/home/prajesh/my_ws/src/cpp_practice'
[0.502s] INFO:colcon.colcon_core.shell:Skip shell extension 'powershell' for command environment: Not usable outside of PowerShell
[0.502s] DEBUG:colcon.colcon_core.shell:Skip shell extension 'dsv' for command environment
[0.508s] INFO:colcon.colcon_ros.task.ament_cmake.build:Building ROS package in '/home/prajesh/my_ws/src/cpp_service_test' with build type 'ament_cmake'
[0.508s] INFO:colcon.colcon_cmake.task.cmake.build:Building CMake package in '/home/prajesh/my_ws/src/cpp_service_test'
[0.509s] INFO:colcon.colcon_core.shell:Skip shell extension 'powershell' for command environment: Not usable outside of PowerShell
[0.510s] DEBUG:colcon.colcon_core.shell:Skip shell extension 'dsv' for command environment
[0.522s] DEBUG:colcon.colcon_core.event_handler.log_command:Invoking command in '/home/prajesh/my_ws/build/battery_interfaces': CMAKE_PREFIX_PATH=${CMAKE_PREFIX_PATH}:/home/prajesh/my_ws/install/py_server_test:/home/prajesh/my_ws/install/my_py_pkg:/opt/ros/humble /usr/bin/cmake --build /home/prajesh/my_ws/build/battery_interfaces -- -j4 -l4
[0.525s] DEBUG:colcon.colcon_core.event_handler.log_command:Invoking command in '/home/prajesh/my_ws/build/my_robot_interfaces': CMAKE_PREFIX_PATH=${CMAKE_PREFIX_PATH}:/home/prajesh/my_ws/install/py_server_test:/home/prajesh/my_ws/install/my_py_pkg:/opt/ros/humble /usr/bin/cmake --build /home/prajesh/my_ws/build/my_robot_interfaces -- -j4 -l4
[0.534s] DEBUG:colcon.colcon_core.event_handler.log_command:Invoking command in '/home/prajesh/my_ws/build/cpp_practice': CMAKE_PREFIX_PATH=${CMAKE_PREFIX_PATH}:/home/prajesh/my_ws/install/py_server_test:/home/prajesh/my_ws/install/my_py_pkg:/opt/ros/humble /usr/bin/cmake --build /home/prajesh/my_ws/build/cpp_practice -- -j4 -l4
[0.556s] DEBUG:colcon.colcon_core.event_handler.log_command:Invoking command in '/home/prajesh/my_ws/build/cpp_service_test': CMAKE_PREFIX_PATH=${CMAKE_PREFIX_PATH}:/home/prajesh/my_ws/install/py_server_test:/home/prajesh/my_ws/install/my_py_pkg:/opt/ros/humble /usr/bin/cmake --build /home/prajesh/my_ws/build/cpp_service_test -- -j4 -l4
[0.656s] DEBUG:colcon.colcon_core.event_handler.log_command:Invoked command in '/home/prajesh/my_ws/build/cpp_practice' returned '0': CMAKE_PREFIX_PATH=${CMAKE_PREFIX_PATH}:/home/prajesh/my_ws/install/py_server_test:/home/prajesh/my_ws/install/my_py_pkg:/opt/ros/humble /usr/bin/cmake --build /home/prajesh/my_ws/build/cpp_practice -- -j4 -l4
[0.693s] DEBUG:colcon.colcon_core.event_handler.log_command:Invoked command in '/home/prajesh/my_ws/build/cpp_service_test' returned '0': CMAKE_PREFIX_PATH=${CMAKE_PREFIX_PATH}:/home/prajesh/my_ws/install/py_server_test:/home/prajesh/my_ws/install/my_py_pkg:/opt/ros/humble /usr/bin/cmake --build /home/prajesh/my_ws/build/cpp_service_test -- -j4 -l4
[0.773s] DEBUG:colcon.colcon_core.event_handler.log_command:Invoking command in '/home/prajesh/my_ws/build/cpp_practice': CMAKE_PREFIX_PATH=${CMAKE_PREFIX_PATH}:/home/prajesh/my_ws/install/py_server_test:/home/prajesh/my_ws/install/my_py_pkg:/opt/ros/humble /usr/bin/cmake --install /home/prajesh/my_ws/build/cpp_practice
[0.784s] DEBUG:colcon.colcon_core.event_handler.log_command:Invoking command in '/home/prajesh/my_ws/build/cpp_service_test': CMAKE_PREFIX_PATH=${CMAKE_PREFIX_PATH}:/home/prajesh/my_ws/install/py_server_test:/home/prajesh/my_ws/install/my_py_pkg:/opt/ros/humble /usr/bin/cmake --install /home/prajesh/my_ws/build/cpp_service_test
[0.794s] Level 1:colcon.colcon_core.environment:create_environment_scripts_only(cpp_practice)
[0.797s] DEBUG:colcon.colcon_core.event_handler.log_command:Invoked command in '/home/prajesh/my_ws/build/cpp_practice' returned '0': CMAKE_PREFIX_PATH=${CMAKE_PREFIX_PATH}:/home/prajesh/my_ws/install/py_server_test:/home/prajesh/my_ws/install/my_py_pkg:/opt/ros/humble /usr/bin/cmake --install /home/prajesh/my_ws/build/cpp_practice
[0.800s] Level 1:colcon.colcon_core.environment:checking '/home/prajesh/my_ws/install/cpp_practice' for CMake module files
[0.801s] Level 1:colcon.colcon_core.environment:checking '/home/prajesh/my_ws/install/cpp_practice' for CMake config files
[0.801s] Level 1:colcon.colcon_core.shell:create_environment_hook('cpp_practice', 'cmake_prefix_path')
[0.803s] INFO:colcon.colcon_core.shell:Creating environment hook '/home/prajesh/my_ws/install/cpp_practice/share/cpp_practice/hook/cmake_prefix_path.ps1'
[0.803s] INFO:colcon.colcon_core.shell:Creating environment descriptor '/home/prajesh/my_ws/install/cpp_practice/share/cpp_practice/hook/cmake_prefix_path.dsv'
[0.804s] INFO:colcon.colcon_core.shell:Creating environment hook '/home/prajesh/my_ws/install/cpp_practice/share/cpp_practice/hook/cmake_prefix_path.sh'
[0.805s] Level 1:colcon.colcon_core.environment:checking '/home/prajesh/my_ws/install/cpp_practice/lib'
[0.805s] Level 1:colcon.colcon_core.environment:checking '/home/prajesh/my_ws/install/cpp_practice/bin'
[0.805s] Level 1:colcon.colcon_core.environment:checking '/home/prajesh/my_ws/install/cpp_practice/lib/pkgconfig/cpp_practice.pc'
[0.805s] Level 1:colcon.colcon_core.environment:checking '/home/prajesh/my_ws/install/cpp_practice/lib/python3.10/site-packages'
[0.805s] Level 1:colcon.colcon_core.environment:checking '/home/prajesh/my_ws/install/cpp_practice/bin'
[0.807s] INFO:colcon.colcon_core.shell:Creating package script '/home/prajesh/my_ws/install/cpp_practice/share/cpp_practice/package.ps1'
[0.807s] INFO:colcon.colcon_core.shell:Creating package descriptor '/home/prajesh/my_ws/install/cpp_practice/share/cpp_practice/package.dsv'
[0.808s] INFO:colcon.colcon_core.shell:Creating package script '/home/prajesh/my_ws/install/cpp_practice/share/cpp_practice/package.sh'
[0.815s] INFO:colcon.colcon_core.shell:Creating package script '/home/prajesh/my_ws/install/cpp_practice/share/cpp_practice/package.bash'
[0.816s] INFO:colcon.colcon_core.shell:Creating package script '/home/prajesh/my_ws/install/cpp_practice/share/cpp_practice/package.zsh'
[0.818s] Level 1:colcon.colcon_core.environment:create_file_with_runtime_dependencies(/home/prajesh/my_ws/install/cpp_practice/share/colcon-core/packages/cpp_practice)
[0.831s] Level 1:colcon.colcon_core.environment:create_environment_scripts_only(cpp_service_test)
[0.833s] Level 1:colcon.colcon_core.environment:checking '/home/prajesh/my_ws/install/cpp_service_test' for CMake module files
[0.833s] DEBUG:colcon.colcon_core.event_handler.log_command:Invoked command in '/home/prajesh/my_ws/build/cpp_service_test' returned '0': CMAKE_PREFIX_PATH=${CMAKE_PREFIX_PATH}:/home/prajesh/my_ws/install/py_server_test:/home/prajesh/my_ws/install/my_py_pkg:/opt/ros/humble /usr/bin/cmake --install /home/prajesh/my_ws/build/cpp_service_test
[0.834s] Level 1:colcon.colcon_core.environment:checking '/home/prajesh/my_ws/install/cpp_service_test' for CMake config files
[0.834s] Level 1:colcon.colcon_core.shell:create_environment_hook('cpp_service_test', 'cmake_prefix_path')
[0.835s] INFO:colcon.colcon_core.shell:Creating environment hook '/home/prajesh/my_ws/install/cpp_service_test/share/cpp_service_test/hook/cmake_prefix_path.ps1'
[0.835s] INFO:colcon.colcon_core.shell:Creating environment descriptor '/home/prajesh/my_ws/install/cpp_service_test/share/cpp_service_test/hook/cmake_prefix_path.dsv'
[0.836s] INFO:colcon.colcon_core.shell:Creating environment hook '/home/prajesh/my_ws/install/cpp_service_test/share/cpp_service_test/hook/cmake_prefix_path.sh'
[0.837s] Level 1:colcon.colcon_core.environment:checking '/home/prajesh/my_ws/install/cpp_service_test/lib'
[0.837s] Level 1:colcon.colcon_core.environment:checking '/home/prajesh/my_ws/install/cpp_service_test/bin'
[0.837s] Level 1:colcon.colcon_core.environment:checking '/home/prajesh/my_ws/install/cpp_service_test/lib/pkgconfig/cpp_service_test.pc'
[0.837s] Level 1:colcon.colcon_core.environment:checking '/home/prajesh/my_ws/install/cpp_service_test/lib/python3.10/site-packages'
[0.837s] Level 1:colcon.colcon_core.environment:checking '/home/prajesh/my_ws/install/cpp_service_test/bin'
[0.838s] INFO:colcon.colcon_core.shell:Creating package script '/home/prajesh/my_ws/install/cpp_service_test/share/cpp_service_test/package.ps1'
[0.839s] INFO:colcon.colcon_core.shell:Creating package descriptor '/home/prajesh/my_ws/install/cpp_service_test/share/cpp_service_test/package.dsv'
[0.839s] INFO:colcon.colcon_core.shell:Creating package script '/home/prajesh/my_ws/install/cpp_service_test/share/cpp_service_test/package.sh'
[0.840s] INFO:colcon.colcon_core.shell:Creating package script '/home/prajesh/my_ws/install/cpp_service_test/share/cpp_service_test/package.bash'
[0.840s] INFO:colcon.colcon_core.shell:Creating package script '/home/prajesh/my_ws/install/cpp_service_test/share/cpp_service_test/package.zsh'
[0.841s] Level 1:colcon.colcon_core.environment:create_file_with_runtime_dependencies(/home/prajesh/my_ws/install/cpp_service_test/share/colcon-core/packages/cpp_service_test)
[0.880s] Level 1:colcon.colcon_core.environment:create_environment_scripts_only(cpp_practice)
[0.882s] Level 1:colcon.colcon_core.environment:checking '/home/prajesh/my_ws/install/cpp_practice' for CMake module files
[0.884s] Level 1:colcon.colcon_core.environment:checking '/home/prajesh/my_ws/install/cpp_practice' for CMake config files
[0.884s] Level 1:colcon.colcon_core.shell:create_environment_hook('cpp_practice', 'cmake_prefix_path')
[0.886s] INFO:colcon.colcon_core.shell:Creating environment hook '/home/prajesh/my_ws/install/cpp_practice/share/cpp_practice/hook/cmake_prefix_path.ps1'
[0.886s] INFO:colcon.colcon_core.shell:Creating environment descriptor '/home/prajesh/my_ws/install/cpp_practice/share/cpp_practice/hook/cmake_prefix_path.dsv'
[0.887s] INFO:colcon.colcon_core.shell:Creating environment hook '/home/prajesh/my_ws/install/cpp_practice/share/cpp_practice/hook/cmake_prefix_path.sh'
[0.888s] Level 1:colcon.colcon_core.environment:checking '/home/prajesh/my_ws/install/cpp_practice/lib'
[0.888s] Level 1:colcon.colcon_core.environment:checking '/home/prajesh/my_ws/install/cpp_practice/bin'
[0.888s] Level 1:colcon.colcon_core.environment:checking '/home/prajesh/my_ws/install/cpp_practice/lib/pkgconfig/cpp_practice.pc'
[0.888s] Level 1:colcon.colcon_core.environment:checking '/home/prajesh/my_ws/install/cpp_practice/lib/python3.10/site-packages'
[0.888s] Level 1:colcon.colcon_core.environment:checking '/home/prajesh/my_ws/install/cpp_practice/bin'
[0.891s] INFO:colcon.colcon_core.shell:Creating package script '/home/prajesh/my_ws/install/cpp_practice/share/cpp_practice/package.ps1'
[0.892s] INFO:colcon.colcon_core.shell:Creating package descriptor '/home/prajesh/my_ws/install/cpp_practice/share/cpp_practice/package.dsv'
[0.892s] INFO:colcon.colcon_core.shell:Creating package script '/home/prajesh/my_ws/install/cpp_practice/share/cpp_practice/package.sh'
[0.894s] INFO:colcon.colcon_core.shell:Creating package script '/home/prajesh/my_ws/install/cpp_practice/share/cpp_practice/package.bash'
[0.896s] INFO:colcon.colcon_core.shell:Creating package script '/home/prajesh/my_ws/install/cpp_practice/share/cpp_practice/package.zsh'
[0.907s] Level 1:colcon.colcon_core.environment:create_file_with_runtime_dependencies(/home/prajesh/my_ws/install/cpp_practice/share/colcon-core/packages/cpp_practice)
[0.908s] INFO:colcon.colcon_ros.task.ament_cmake.build:Building ROS package in '/home/prajesh/my_ws/src/cpp_test_pkg' with build type 'ament_cmake'
[0.908s] INFO:colcon.colcon_cmake.task.cmake.build:Building CMake package in '/home/prajesh/my_ws/src/cpp_test_pkg'
[0.911s] INFO:colcon.colcon_core.shell:Skip shell extension 'powershell' for command environment: Not usable outside of PowerShell
[0.911s] DEBUG:colcon.colcon_core.shell:Skip shell extension 'dsv' for command environment
[0.923s] Level 1:colcon.colcon_core.environment:create_environment_scripts_only(cpp_service_test)
[0.925s] Level 1:colcon.colcon_core.environment:checking '/home/prajesh/my_ws/install/cpp_service_test' for CMake module files
[0.926s] Level 1:colcon.colcon_core.environment:checking '/home/prajesh/my_ws/install/cpp_service_test' for CMake config files
[0.926s] Level 1:colcon.colcon_core.shell:create_environment_hook('cpp_service_test', 'cmake_prefix_path')
[0.928s] INFO:colcon.colcon_core.shell:Creating environment hook '/home/prajesh/my_ws/install/cpp_service_test/share/cpp_service_test/hook/cmake_prefix_path.ps1'
[0.928s] INFO:colcon.colcon_core.shell:Creating environment descriptor '/home/prajesh/my_ws/install/cpp_service_test/share/cpp_service_test/hook/cmake_prefix_path.dsv'
[0.929s] INFO:colcon.colcon_core.shell:Creating environment hook '/home/prajesh/my_ws/install/cpp_service_test/share/cpp_service_test/hook/cmake_prefix_path.sh'
[0.930s] Level 1:colcon.colcon_core.environment:checking '/home/prajesh/my_ws/install/cpp_service_test/lib'
[0.930s] Level 1:colcon.colcon_core.environment:checking '/home/prajesh/my_ws/install/cpp_service_test/bin'
[0.931s] Level 1:colcon.colcon_core.environment:checking '/home/prajesh/my_ws/install/cpp_service_test/lib/pkgconfig/cpp_service_test.pc'
[0.931s] Level 1:colcon.colcon_core.environment:checking '/home/prajesh/my_ws/install/cpp_service_test/lib/python3.10/site-packages'
[0.931s] Level 1:colcon.colcon_core.environment:checking '/home/prajesh/my_ws/install/cpp_service_test/bin'
[0.933s] INFO:colcon.colcon_core.shell:Creating package script '/home/prajesh/my_ws/install/cpp_service_test/share/cpp_service_test/package.ps1'
[0.933s] INFO:colcon.colcon_core.shell:Creating package descriptor '/home/prajesh/my_ws/install/cpp_service_test/share/cpp_service_test/package.dsv'
[0.934s] INFO:colcon.colcon_core.shell:Creating package script '/home/prajesh/my_ws/install/cpp_service_test/share/cpp_service_test/package.sh'
[0.935s] INFO:colcon.colcon_core.shell:Creating package script '/home/prajesh/my_ws/install/cpp_service_test/share/cpp_service_test/package.bash'
[0.936s] INFO:colcon.colcon_core.shell:Creating package script '/home/prajesh/my_ws/install/cpp_service_test/share/cpp_service_test/package.zsh'
[0.936s] Level 1:colcon.colcon_core.environment:create_file_with_runtime_dependencies(/home/prajesh/my_ws/install/cpp_service_test/share/colcon-core/packages/cpp_service_test)
[0.941s] DEBUG:colcon.colcon_core.event_handler.log_command:Invoking command in '/home/prajesh/my_ws/build/cpp_test_pkg': CMAKE_PREFIX_PATH=${CMAKE_PREFIX_PATH}:/home/prajesh/my_ws/install/py_server_test:/home/prajesh/my_ws/install/my_py_pkg:/opt/ros/humble /usr/bin/cmake --build /home/prajesh/my_ws/build/cpp_test_pkg -- -j4 -l4
[0.943s] INFO:colcon.colcon_ros.task.ament_cmake.build:Building ROS package in '/home/prajesh/my_ws/src/my_cpp_pkg' with build type 'ament_cmake'
[0.943s] INFO:colcon.colcon_cmake.task.cmake.build:Building CMake package in '/home/prajesh/my_ws/src/my_cpp_pkg'
[0.945s] INFO:colcon.colcon_core.shell:Skip shell extension 'powershell' for command environment: Not usable outside of PowerShell
[0.945s] DEBUG:colcon.colcon_core.shell:Skip shell extension 'dsv' for command environment
[0.965s] DEBUG:colcon.colcon_core.event_handler.log_command:Invoking command in '/home/prajesh/my_ws/build/my_cpp_pkg': CMAKE_PREFIX_PATH=${CMAKE_PREFIX_PATH}:/home/prajesh/my_ws/install/py_server_test:/home/prajesh/my_ws/install/my_py_pkg:/opt/ros/humble /usr/bin/cmake --build /home/prajesh/my_ws/build/my_cpp_pkg -- -j4 -l4
[1.077s] DEBUG:colcon.colcon_core.event_handler.log_command:Invoked command in '/home/prajesh/my_ws/build/battery_interfaces' returned '0': CMAKE_PREFIX_PATH=${CMAKE_PREFIX_PATH}:/home/prajesh/my_ws/install/py_server_test:/home/prajesh/my_ws/install/my_py_pkg:/opt/ros/humble /usr/bin/cmake --build /home/prajesh/my_ws/build/battery_interfaces -- -j4 -l4
[1.094s] DEBUG:colcon.colcon_core.event_handler.log_command:Invoked command in '/home/prajesh/my_ws/build/cpp_test_pkg' returned '0': CMAKE_PREFIX_PATH=${CMAKE_PREFIX_PATH}:/home/prajesh/my_ws/install/py_server_test:/home/prajesh/my_ws/install/my_py_pkg:/opt/ros/humble /usr/bin/cmake --build /home/prajesh/my_ws/build/cpp_test_pkg -- -j4 -l4
[1.099s] DEBUG:colcon.colcon_core.event_handler.log_command:Invoked command in '/home/prajesh/my_ws/build/my_cpp_pkg' returned '0': CMAKE_PREFIX_PATH=${CMAKE_PREFIX_PATH}:/home/prajesh/my_ws/install/py_server_test:/home/prajesh/my_ws/install/my_py_pkg:/opt/ros/humble /usr/bin/cmake --build /home/prajesh/my_ws/build/my_cpp_pkg -- -j4 -l4
[1.122s] DEBUG:colcon.colcon_core.event_handler.log_command:Invoked command in '/home/prajesh/my_ws/build/my_robot_interfaces' returned '0': CMAKE_PREFIX_PATH=${CMAKE_PREFIX_PATH}:/home/prajesh/my_ws/install/py_server_test:/home/prajesh/my_ws/install/my_py_pkg:/opt/ros/humble /usr/bin/cmake --build /home/prajesh/my_ws/build/my_robot_interfaces -- -j4 -l4
[1.137s] DEBUG:colcon.colcon_core.event_handler.log_command:Invoking command in '/home/prajesh/my_ws/build/cpp_test_pkg': CMAKE_PREFIX_PATH=${CMAKE_PREFIX_PATH}:/home/prajesh/my_ws/install/py_server_test:/home/prajesh/my_ws/install/my_py_pkg:/opt/ros/humble /usr/bin/cmake --install /home/prajesh/my_ws/build/cpp_test_pkg
[1.152s] DEBUG:colcon.colcon_core.event_handler.log_command:Invoking command in '/home/prajesh/my_ws/build/my_cpp_pkg': CMAKE_PREFIX_PATH=${CMAKE_PREFIX_PATH}:/home/prajesh/my_ws/install/py_server_test:/home/prajesh/my_ws/install/my_py_pkg:/opt/ros/humble /usr/bin/cmake --install /home/prajesh/my_ws/build/my_cpp_pkg
[1.159s] Level 1:colcon.colcon_core.environment:create_environment_scripts_only(cpp_test_pkg)
[1.161s] Level 1:colcon.colcon_core.environment:checking '/home/prajesh/my_ws/install/cpp_test_pkg' for CMake module files
[1.162s] Level 1:colcon.colcon_core.environment:checking '/home/prajesh/my_ws/install/cpp_test_pkg' for CMake config files
[1.163s] Level 1:colcon.colcon_core.shell:create_environment_hook('cpp_test_pkg', 'cmake_prefix_path')
[1.164s] INFO:colcon.colcon_core.shell:Creating environment hook '/home/prajesh/my_ws/install/cpp_test_pkg/share/cpp_test_pkg/hook/cmake_prefix_path.ps1'
[1.165s] DEBUG:colcon.colcon_core.event_handler.log_command:Invoked command in '/home/prajesh/my_ws/build/cpp_test_pkg' returned '0': CMAKE_PREFIX_PATH=${CMAKE_PREFIX_PATH}:/home/prajesh/my_ws/install/py_server_test:/home/prajesh/my_ws/install/my_py_pkg:/opt/ros/humble /usr/bin/cmake --install /home/prajesh/my_ws/build/cpp_test_pkg
[1.168s] INFO:colcon.colcon_core.shell:Creating environment descriptor '/home/prajesh/my_ws/install/cpp_test_pkg/share/cpp_test_pkg/hook/cmake_prefix_path.dsv'
[1.170s] INFO:colcon.colcon_core.shell:Creating environment hook '/home/prajesh/my_ws/install/cpp_test_pkg/share/cpp_test_pkg/hook/cmake_prefix_path.sh'
[1.170s] Level 1:colcon.colcon_core.environment:checking '/home/prajesh/my_ws/install/cpp_test_pkg/lib'
[1.171s] Level 1:colcon.colcon_core.environment:checking '/home/prajesh/my_ws/install/cpp_test_pkg/bin'
[1.171s] Level 1:colcon.colcon_core.environment:checking '/home/prajesh/my_ws/install/cpp_test_pkg/lib/pkgconfig/cpp_test_pkg.pc'
[1.171s] Level 1:colcon.colcon_core.environment:checking '/home/prajesh/my_ws/install/cpp_test_pkg/lib/python3.10/site-packages'
[1.171s] Level 1:colcon.colcon_core.environment:checking '/home/prajesh/my_ws/install/cpp_test_pkg/bin'
[1.172s] INFO:colcon.colcon_core.shell:Creating package script '/home/prajesh/my_ws/install/cpp_test_pkg/share/cpp_test_pkg/package.ps1'
[1.173s] INFO:colcon.colcon_core.shell:Creating package descriptor '/home/prajesh/my_ws/install/cpp_test_pkg/share/cpp_test_pkg/package.dsv'
[1.173s] INFO:colcon.colcon_core.shell:Creating package script '/home/prajesh/my_ws/install/cpp_test_pkg/share/cpp_test_pkg/package.sh'
[1.174s] INFO:colcon.colcon_core.shell:Creating package script '/home/prajesh/my_ws/install/cpp_test_pkg/share/cpp_test_pkg/package.bash'
[1.174s] INFO:colcon.colcon_core.shell:Creating package script '/home/prajesh/my_ws/install/cpp_test_pkg/share/cpp_test_pkg/package.zsh'
[1.175s] Level 1:colcon.colcon_core.environment:create_file_with_runtime_dependencies(/home/prajesh/my_ws/install/cpp_test_pkg/share/colcon-core/packages/cpp_test_pkg)
[1.177s] Level 1:colcon.colcon_core.environment:create_environment_scripts_only(my_cpp_pkg)
[1.179s] Level 1:colcon.colcon_core.environment:checking '/home/prajesh/my_ws/install/my_cpp_pkg' for CMake module files
[1.179s] DEBUG:colcon.colcon_core.event_handler.log_command:Invoked command in '/home/prajesh/my_ws/build/my_cpp_pkg' returned '0': CMAKE_PREFIX_PATH=${CMAKE_PREFIX_PATH}:/home/prajesh/my_ws/install/py_server_test:/home/prajesh/my_ws/install/my_py_pkg:/opt/ros/humble /usr/bin/cmake --install /home/prajesh/my_ws/build/my_cpp_pkg
[1.180s] Level 1:colcon.colcon_core.environment:checking '/home/prajesh/my_ws/install/my_cpp_pkg' for CMake config files
[1.180s] Level 1:colcon.colcon_core.shell:create_environment_hook('my_cpp_pkg', 'cmake_prefix_path')
[1.181s] INFO:colcon.colcon_core.shell:Creating environment hook '/home/prajesh/my_ws/install/my_cpp_pkg/share/my_cpp_pkg/hook/cmake_prefix_path.ps1'
[1.182s] INFO:colcon.colcon_core.shell:Creating environment descriptor '/home/prajesh/my_ws/install/my_cpp_pkg/share/my_cpp_pkg/hook/cmake_prefix_path.dsv'
[1.182s] INFO:colcon.colcon_core.shell:Creating environment hook '/home/prajesh/my_ws/install/my_cpp_pkg/share/my_cpp_pkg/hook/cmake_prefix_path.sh'
[1.183s] Level 1:colcon.colcon_core.environment:checking '/home/prajesh/my_ws/install/my_cpp_pkg/lib'
[1.184s] Level 1:colcon.colcon_core.environment:checking '/home/prajesh/my_ws/install/my_cpp_pkg/bin'
[1.184s] Level 1:colcon.colcon_core.environment:checking '/home/prajesh/my_ws/install/my_cpp_pkg/lib/pkgconfig/my_cpp_pkg.pc'
[1.184s] Level 1:colcon.colcon_core.environment:checking '/home/prajesh/my_ws/install/my_cpp_pkg/lib/python3.10/site-packages'
[1.184s] Level 1:colcon.colcon_core.environment:checking '/home/prajesh/my_ws/install/my_cpp_pkg/bin'
[1.186s] INFO:colcon.colcon_core.shell:Creating package script '/home/prajesh/my_ws/install/my_cpp_pkg/share/my_cpp_pkg/package.ps1'
[1.187s] INFO:colcon.colcon_core.shell:Creating package descriptor '/home/prajesh/my_ws/install/my_cpp_pkg/share/my_cpp_pkg/package.dsv'
[1.187s] INFO:colcon.colcon_core.shell:Creating package script '/home/prajesh/my_ws/install/my_cpp_pkg/share/my_cpp_pkg/package.sh'
[1.188s] INFO:colcon.colcon_core.shell:Creating package script '/home/prajesh/my_ws/install/my_cpp_pkg/share/my_cpp_pkg/package.bash'
[1.188s] INFO:colcon.colcon_core.shell:Creating package script '/home/prajesh/my_ws/install/my_cpp_pkg/share/my_cpp_pkg/package.zsh'
[1.189s] Level 1:colcon.colcon_core.environment:create_file_with_runtime_dependencies(/home/prajesh/my_ws/install/my_cpp_pkg/share/colcon-core/packages/my_cpp_pkg)
[1.209s] Level 1:colcon.colcon_core.environment:create_environment_scripts_only(cpp_test_pkg)
[1.210s] Level 1:colcon.colcon_core.environment:checking '/home/prajesh/my_ws/install/cpp_test_pkg' for CMake module files
[1.211s] Level 1:colcon.colcon_core.environment:checking '/home/prajesh/my_ws/install/cpp_test_pkg' for CMake config files
[1.211s] Level 1:colcon.colcon_core.shell:create_environment_hook('cpp_test_pkg', 'cmake_prefix_path')
[1.212s] INFO:colcon.colcon_core.shell:Creating environment hook '/home/prajesh/my_ws/install/cpp_test_pkg/share/cpp_test_pkg/hook/cmake_prefix_path.ps1'
[1.212s] INFO:colcon.colcon_core.shell:Creating environment descriptor '/home/prajesh/my_ws/install/cpp_test_pkg/share/cpp_test_pkg/hook/cmake_prefix_path.dsv'
[1.213s] INFO:colcon.colcon_core.shell:Creating environment hook '/home/prajesh/my_ws/install/cpp_test_pkg/share/cpp_test_pkg/hook/cmake_prefix_path.sh'
[1.215s] Level 1:colcon.colcon_core.environment:checking '/home/prajesh/my_ws/install/cpp_test_pkg/lib'
[1.215s] Level 1:colcon.colcon_core.environment:checking '/home/prajesh/my_ws/install/cpp_test_pkg/bin'
[1.215s] Level 1:colcon.colcon_core.environment:checking '/home/prajesh/my_ws/install/cpp_test_pkg/lib/pkgconfig/cpp_test_pkg.pc'
[1.216s] Level 1:colcon.colcon_core.environment:checking '/home/prajesh/my_ws/install/cpp_test_pkg/lib/python3.10/site-packages'
[1.216s] Level 1:colcon.colcon_core.environment:checking '/home/prajesh/my_ws/install/cpp_test_pkg/bin'
[1.217s] INFO:colcon.colcon_core.shell:Creating package script '/home/prajesh/my_ws/install/cpp_test_pkg/share/cpp_test_pkg/package.ps1'
[1.218s] INFO:colcon.colcon_core.shell:Creating package descriptor '/home/prajesh/my_ws/install/cpp_test_pkg/share/cpp_test_pkg/package.dsv'
[1.218s] INFO:colcon.colcon_core.shell:Creating package script '/home/prajesh/my_ws/install/cpp_test_pkg/share/cpp_test_pkg/package.sh'
[1.219s] INFO:colcon.colcon_core.shell:Creating package script '/home/prajesh/my_ws/install/cpp_test_pkg/share/cpp_test_pkg/package.bash'
[1.219s] INFO:colcon.colcon_core.shell:Creating package script '/home/prajesh/my_ws/install/cpp_test_pkg/share/cpp_test_pkg/package.zsh'
[1.220s] Level 1:colcon.colcon_core.environment:create_file_with_runtime_dependencies(/home/prajesh/my_ws/install/cpp_test_pkg/share/colcon-core/packages/cpp_test_pkg)
[1.220s] INFO:colcon.colcon_ros.task.ament_python.build:Building ROS package in '/home/prajesh/my_ws/src/py_server_test' with build type 'ament_python'
[1.220s] Level 1:colcon.colcon_core.shell:create_environment_hook('py_server_test', 'ament_prefix_path')
[1.222s] INFO:colcon.colcon_core.shell:Creating environment hook '/home/prajesh/my_ws/install/py_server_test/share/py_server_test/hook/ament_prefix_path.ps1'
[1.223s] INFO:colcon.colcon_core.shell:Creating environment descriptor '/home/prajesh/my_ws/install/py_server_test/share/py_server_test/hook/ament_prefix_path.dsv'
[1.223s] INFO:colcon.colcon_core.shell:Creating environment hook '/home/prajesh/my_ws/install/py_server_test/share/py_server_test/hook/ament_prefix_path.sh'
[1.226s] INFO:colcon.colcon_core.shell:Skip shell extension 'powershell' for command environment: Not usable outside of PowerShell
[1.226s] DEBUG:colcon.colcon_core.shell:Skip shell extension 'dsv' for command environment
[1.237s] Level 1:colcon.colcon_core.environment:create_environment_scripts_only(my_cpp_pkg)
[1.239s] Level 1:colcon.colcon_core.environment:checking '/home/prajesh/my_ws/install/my_cpp_pkg' for CMake module files
[1.239s] DEBUG:colcon.colcon_core.event_handler.log_command:Invoking command in '/home/prajesh/my_ws/build/battery_interfaces': CMAKE_PREFIX_PATH=${CMAKE_PREFIX_PATH}:/home/prajesh/my_ws/install/py_server_test:/home/prajesh/my_ws/install/my_py_pkg:/opt/ros/humble /usr/bin/cmake --install /home/prajesh/my_ws/build/battery_interfaces
[1.240s] Level 1:colcon.colcon_core.environment:checking '/home/prajesh/my_ws/install/my_cpp_pkg' for CMake config files
[1.240s] Level 1:colcon.colcon_core.shell:create_environment_hook('my_cpp_pkg', 'cmake_prefix_path')
[1.241s] INFO:colcon.colcon_core.shell:Creating environment hook '/home/prajesh/my_ws/install/my_cpp_pkg/share/my_cpp_pkg/hook/cmake_prefix_path.ps1'
[1.242s] INFO:colcon.colcon_core.shell:Creating environment descriptor '/home/prajesh/my_ws/install/my_cpp_pkg/share/my_cpp_pkg/hook/cmake_prefix_path.dsv'
[1.242s] INFO:colcon.colcon_core.shell:Creating environment hook '/home/prajesh/my_ws/install/my_cpp_pkg/share/my_cpp_pkg/hook/cmake_prefix_path.sh'
[1.243s] Level 1:colcon.colcon_core.environment:checking '/home/prajesh/my_ws/install/my_cpp_pkg/lib'
[1.243s] Level 1:colcon.colcon_core.environment:checking '/home/prajesh/my_ws/install/my_cpp_pkg/bin'
[1.243s] Level 1:colcon.colcon_core.environment:checking '/home/prajesh/my_ws/install/my_cpp_pkg/lib/pkgconfig/my_cpp_pkg.pc'
[1.243s] Level 1:colcon.colcon_core.environment:checking '/home/prajesh/my_ws/install/my_cpp_pkg/lib/python3.10/site-packages'
[1.243s] Level 1:colcon.colcon_core.environment:checking '/home/prajesh/my_ws/install/my_cpp_pkg/bin'
[1.245s] INFO:colcon.colcon_core.shell:Creating package script '/home/prajesh/my_ws/install/my_cpp_pkg/share/my_cpp_pkg/package.ps1'
[1.246s] INFO:colcon.colcon_core.shell:Creating package descriptor '/home/prajesh/my_ws/install/my_cpp_pkg/share/my_cpp_pkg/package.dsv'
[1.246s] INFO:colcon.colcon_core.shell:Creating package script '/home/prajesh/my_ws/install/my_cpp_pkg/share/my_cpp_pkg/package.sh'
[1.247s] INFO:colcon.colcon_core.shell:Creating package script '/home/prajesh/my_ws/install/my_cpp_pkg/share/my_cpp_pkg/package.bash'
[1.248s] INFO:colcon.colcon_core.shell:Creating package script '/home/prajesh/my_ws/install/my_cpp_pkg/share/my_cpp_pkg/package.zsh'
[1.248s] Level 1:colcon.colcon_core.environment:create_file_with_runtime_dependencies(/home/prajesh/my_ws/install/my_cpp_pkg/share/colcon-core/packages/my_cpp_pkg)
[1.252s] DEBUG:colcon.colcon_core.event_handler.log_command:Invoking command in '/home/prajesh/my_ws/build/my_robot_interfaces': CMAKE_PREFIX_PATH=${CMAKE_PREFIX_PATH}:/home/prajesh/my_ws/install/py_server_test:/home/prajesh/my_ws/install/my_py_pkg:/opt/ros/humble /usr/bin/cmake --install /home/prajesh/my_ws/build/my_robot_interfaces
[1.565s] INFO:colcon.colcon_core.task.python.build:Building Python package in '/home/prajesh/my_ws/src/py_server_test'
[1.567s] INFO:colcon.colcon_core.shell:Skip shell extension 'powershell' for command environment: Not usable outside of PowerShell
[1.567s] DEBUG:colcon.colcon_core.shell:Skip shell extension 'dsv' for command environment
[1.575s] Level 1:colcon.colcon_core.environment:create_environment_scripts_only(battery_interfaces)
[1.577s] Level 1:colcon.colcon_core.environment:checking '/home/prajesh/my_ws/install/battery_interfaces' for CMake module files
[1.578s] DEBUG:colcon.colcon_core.event_handler.log_command:Invoked command in '/home/prajesh/my_ws/build/battery_interfaces' returned '0': CMAKE_PREFIX_PATH=${CMAKE_PREFIX_PATH}:/home/prajesh/my_ws/install/py_server_test:/home/prajesh/my_ws/install/my_py_pkg:/opt/ros/humble /usr/bin/cmake --install /home/prajesh/my_ws/build/battery_interfaces
[1.579s] Level 1:colcon.colcon_core.environment:checking '/home/prajesh/my_ws/install/battery_interfaces' for CMake config files
[1.579s] Level 1:colcon.colcon_core.shell:create_environment_hook('battery_interfaces', 'cmake_prefix_path')
[1.581s] INFO:colcon.colcon_core.shell:Creating environment hook '/home/prajesh/my_ws/install/battery_interfaces/share/battery_interfaces/hook/cmake_prefix_path.ps1'
[1.581s] INFO:colcon.colcon_core.shell:Creating environment descriptor '/home/prajesh/my_ws/install/battery_interfaces/share/battery_interfaces/hook/cmake_prefix_path.dsv'
[1.582s] INFO:colcon.colcon_core.shell:Creating environment hook '/home/prajesh/my_ws/install/battery_interfaces/share/battery_interfaces/hook/cmake_prefix_path.sh'
[1.583s] Level 1:colcon.colcon_core.environment:checking '/home/prajesh/my_ws/install/battery_interfaces/lib'
[1.583s] Level 1:colcon.colcon_core.shell:create_environment_hook('battery_interfaces', 'ld_library_path_lib')
[1.584s] INFO:colcon.colcon_core.shell:Creating environment hook '/home/prajesh/my_ws/install/battery_interfaces/share/battery_interfaces/hook/ld_library_path_lib.ps1'
[1.584s] INFO:colcon.colcon_core.shell:Creating environment descriptor '/home/prajesh/my_ws/install/battery_interfaces/share/battery_interfaces/hook/ld_library_path_lib.dsv'
[1.585s] INFO:colcon.colcon_core.shell:Creating environment hook '/home/prajesh/my_ws/install/battery_interfaces/share/battery_interfaces/hook/ld_library_path_lib.sh'
[1.585s] Level 1:colcon.colcon_core.environment:checking '/home/prajesh/my_ws/install/battery_interfaces/bin'
[1.585s] Level 1:colcon.colcon_core.environment:checking '/home/prajesh/my_ws/install/battery_interfaces/lib/pkgconfig/battery_interfaces.pc'
[1.586s] Level 1:colcon.colcon_core.environment:checking '/home/prajesh/my_ws/install/battery_interfaces/lib/python3.10/site-packages'
[1.586s] Level 1:colcon.colcon_core.environment:checking '/home/prajesh/my_ws/install/battery_interfaces/bin'
[1.587s] INFO:colcon.colcon_core.shell:Creating package script '/home/prajesh/my_ws/install/battery_interfaces/share/battery_interfaces/package.ps1'
[1.588s] INFO:colcon.colcon_core.shell:Creating package descriptor '/home/prajesh/my_ws/install/battery_interfaces/share/battery_interfaces/package.dsv'
[1.588s] INFO:colcon.colcon_core.shell:Creating package script '/home/prajesh/my_ws/install/battery_interfaces/share/battery_interfaces/package.sh'
[1.589s] INFO:colcon.colcon_core.shell:Creating package script '/home/prajesh/my_ws/install/battery_interfaces/share/battery_interfaces/package.bash'
[1.589s] INFO:colcon.colcon_core.shell:Creating package script '/home/prajesh/my_ws/install/battery_interfaces/share/battery_interfaces/package.zsh'
[1.590s] Level 1:colcon.colcon_core.environment:create_file_with_runtime_dependencies(/home/prajesh/my_ws/install/battery_interfaces/share/colcon-core/packages/battery_interfaces)
[1.591s] Level 1:colcon.colcon_core.environment:create_environment_scripts_only(my_robot_interfaces)
[1.593s] Level 1:colcon.colcon_core.environment:checking '/home/prajesh/my_ws/install/my_robot_interfaces' for CMake module files
[1.594s] DEBUG:colcon.colcon_core.event_handler.log_command:Invoked command in '/home/prajesh/my_ws/build/my_robot_interfaces' returned '0': CMAKE_PREFIX_PATH=${CMAKE_PREFIX_PATH}:/home/prajesh/my_ws/install/py_server_test:/home/prajesh/my_ws/install/my_py_pkg:/opt/ros/humble /usr/bin/cmake --install /home/prajesh/my_ws/build/my_robot_interfaces
[1.595s] Level 1:colcon.colcon_core.environment:checking '/home/prajesh/my_ws/install/my_robot_interfaces' for CMake config files
[1.595s] Level 1:colcon.colcon_core.shell:create_environment_hook('my_robot_interfaces', 'cmake_prefix_path')
[1.596s] INFO:colcon.colcon_core.shell:Creating environment hook '/home/prajesh/my_ws/install/my_robot_interfaces/share/my_robot_interfaces/hook/cmake_prefix_path.ps1'
[1.597s] INFO:colcon.colcon_core.shell:Creating environment descriptor '/home/prajesh/my_ws/install/my_robot_interfaces/share/my_robot_interfaces/hook/cmake_prefix_path.dsv'
[1.598s] INFO:colcon.colcon_core.shell:Creating environment hook '/home/prajesh/my_ws/install/my_robot_interfaces/share/my_robot_interfaces/hook/cmake_prefix_path.sh'
[1.598s] Level 1:colcon.colcon_core.environment:checking '/home/prajesh/my_ws/install/my_robot_interfaces/lib'
[1.598s] Level 1:colcon.colcon_core.shell:create_environment_hook('my_robot_interfaces', 'ld_library_path_lib')
[1.599s] INFO:colcon.colcon_core.shell:Creating environment hook '/home/prajesh/my_ws/install/my_robot_interfaces/share/my_robot_interfaces/hook/ld_library_path_lib.ps1'
[1.600s] INFO:colcon.colcon_core.shell:Creating environment descriptor '/home/prajesh/my_ws/install/my_robot_interfaces/share/my_robot_interfaces/hook/ld_library_path_lib.dsv'
[1.600s] INFO:colcon.colcon_core.shell:Creating environment hook '/home/prajesh/my_ws/install/my_robot_interfaces/share/my_robot_interfaces/hook/ld_library_path_lib.sh'
[1.601s] Level 1:colcon.colcon_core.environment:checking '/home/prajesh/my_ws/install/my_robot_interfaces/bin'
[1.601s] Level 1:colcon.colcon_core.environment:checking '/home/prajesh/my_ws/install/my_robot_interfaces/lib/pkgconfig/my_robot_interfaces.pc'
[1.601s] Level 1:colcon.colcon_core.environment:checking '/home/prajesh/my_ws/install/my_robot_interfaces/lib/python3.10/site-packages'
[1.601s] Level 1:colcon.colcon_core.environment:checking '/home/prajesh/my_ws/install/my_robot_interfaces/bin'
[1.602s] INFO:colcon.colcon_core.shell:Creating package script '/home/prajesh/my_ws/install/my_robot_interfaces/share/my_robot_interfaces/package.ps1'
[1.603s] INFO:colcon.colcon_core.shell:Creating package descriptor '/home/prajesh/my_ws/install/my_robot_interfaces/share/my_robot_interfaces/package.dsv'
[1.603s] INFO:colcon.colcon_core.shell:Creating package script '/home/prajesh/my_ws/install/my_robot_interfaces/share/my_robot_interfaces/package.sh'
[1.604s] INFO:colcon.colcon_core.shell:Creating package script '/home/prajesh/my_ws/install/my_robot_interfaces/share/my_robot_interfaces/package.bash'
[1.605s] INFO:colcon.colcon_core.shell:Creating package script '/home/prajesh/my_ws/install/my_robot_interfaces/share/my_robot_interfaces/package.zsh'
[1.605s] Level 1:colcon.colcon_core.environment:create_file_with_runtime_dependencies(/home/prajesh/my_ws/install/my_robot_interfaces/share/colcon-core/packages/my_robot_interfaces)
[1.694s] Level 1:colcon.colcon_core.environment:create_environment_scripts_only(battery_interfaces)
[1.696s] Level 1:colcon.colcon_core.environment:checking '/home/prajesh/my_ws/install/battery_interfaces' for CMake module files
[1.697s] Level 1:colcon.colcon_core.environment:checking '/home/prajesh/my_ws/install/battery_interfaces' for CMake config files
[1.697s] Level 1:colcon.colcon_core.shell:create_environment_hook('battery_interfaces', 'cmake_prefix_path')
[1.698s] INFO:colcon.colcon_core.shell:Creating environment hook '/home/prajesh/my_ws/install/battery_interfaces/share/battery_interfaces/hook/cmake_prefix_path.ps1'
[1.699s] INFO:colcon.colcon_core.shell:Creating environment descriptor '/home/prajesh/my_ws/install/battery_interfaces/share/battery_interfaces/hook/cmake_prefix_path.dsv'
[1.699s] INFO:colcon.colcon_core.shell:Creating environment hook '/home/prajesh/my_ws/install/battery_interfaces/share/battery_interfaces/hook/cmake_prefix_path.sh'
[1.700s] Level 1:colcon.colcon_core.environment:checking '/home/prajesh/my_ws/install/battery_interfaces/lib'
[1.700s] Level 1:colcon.colcon_core.shell:create_environment_hook('battery_interfaces', 'ld_library_path_lib')
[1.701s] INFO:colcon.colcon_core.shell:Creating environment hook '/home/prajesh/my_ws/install/battery_interfaces/share/battery_interfaces/hook/ld_library_path_lib.ps1'
[1.701s] INFO:colcon.colcon_core.shell:Creating environment descriptor '/home/prajesh/my_ws/install/battery_interfaces/share/battery_interfaces/hook/ld_library_path_lib.dsv'
[1.702s] INFO:colcon.colcon_core.shell:Creating environment hook '/home/prajesh/my_ws/install/battery_interfaces/share/battery_interfaces/hook/ld_library_path_lib.sh'
[1.702s] Level 1:colcon.colcon_core.environment:checking '/home/prajesh/my_ws/install/battery_interfaces/bin'
[1.703s] Level 1:colcon.colcon_core.environment:checking '/home/prajesh/my_ws/install/battery_interfaces/lib/pkgconfig/battery_interfaces.pc'
[1.703s] Level 1:colcon.colcon_core.environment:checking '/home/prajesh/my_ws/install/battery_interfaces/lib/python3.10/site-packages'
[1.703s] Level 1:colcon.colcon_core.environment:checking '/home/prajesh/my_ws/install/battery_interfaces/bin'
[1.704s] INFO:colcon.colcon_core.shell:Creating package script '/home/prajesh/my_ws/install/battery_interfaces/share/battery_interfaces/package.ps1'
[1.705s] INFO:colcon.colcon_core.shell:Creating package descriptor '/home/prajesh/my_ws/install/battery_interfaces/share/battery_interfaces/package.dsv'
[1.705s] INFO:colcon.colcon_core.shell:Creating package script '/home/prajesh/my_ws/install/battery_interfaces/share/battery_interfaces/package.sh'
[1.706s] INFO:colcon.colcon_core.shell:Creating package script '/home/prajesh/my_ws/install/battery_interfaces/share/battery_interfaces/package.bash'
[1.706s] INFO:colcon.colcon_core.shell:Creating package script '/home/prajesh/my_ws/install/battery_interfaces/share/battery_interfaces/package.zsh'
[1.707s] Level 1:colcon.colcon_core.environment:create_file_with_runtime_dependencies(/home/prajesh/my_ws/install/battery_interfaces/share/colcon-core/packages/battery_interfaces)
[1.707s] INFO:colcon.colcon_ros.task.ament_cmake.build:Building ROS package in '/home/prajesh/my_ws/src/led_system' with build type 'ament_cmake'
[1.707s] INFO:colcon.colcon_cmake.task.cmake.build:Building CMake package in '/home/prajesh/my_ws/src/led_system'
[1.708s] INFO:colcon.colcon_core.shell:Skip shell extension 'powershell' for command environment: Not usable outside of PowerShell
[1.709s] DEBUG:colcon.colcon_core.shell:Skip shell extension 'dsv' for command environment
[1.717s] Level 1:colcon.colcon_core.environment:create_environment_scripts_only(my_robot_interfaces)
[1.718s] Level 1:colcon.colcon_core.environment:checking '/home/prajesh/my_ws/install/my_robot_interfaces' for CMake module files
[1.719s] Level 1:colcon.colcon_core.environment:checking '/home/prajesh/my_ws/install/my_robot_interfaces' for CMake config files
[1.719s] Level 1:colcon.colcon_core.shell:create_environment_hook('my_robot_interfaces', 'cmake_prefix_path')
[1.721s] INFO:colcon.colcon_core.shell:Creating environment hook '/home/prajesh/my_ws/install/my_robot_interfaces/share/my_robot_interfaces/hook/cmake_prefix_path.ps1'
[1.721s] INFO:colcon.colcon_core.shell:Creating environment descriptor '/home/prajesh/my_ws/install/my_robot_interfaces/share/my_robot_interfaces/hook/cmake_prefix_path.dsv'
[1.722s] INFO:colcon.colcon_core.shell:Creating environment hook '/home/prajesh/my_ws/install/my_robot_interfaces/share/my_robot_interfaces/hook/cmake_prefix_path.sh'
[1.722s] Level 1:colcon.colcon_core.environment:checking '/home/prajesh/my_ws/install/my_robot_interfaces/lib'
[1.723s] Level 1:colcon.colcon_core.shell:create_environment_hook('my_robot_interfaces', 'ld_library_path_lib')
[1.724s] INFO:colcon.colcon_core.shell:Creating environment hook '/home/prajesh/my_ws/install/my_robot_interfaces/share/my_robot_interfaces/hook/ld_library_path_lib.ps1'
[1.725s] INFO:colcon.colcon_core.shell:Creating environment descriptor '/home/prajesh/my_ws/install/my_robot_interfaces/share/my_robot_interfaces/hook/ld_library_path_lib.dsv'
[1.726s] INFO:colcon.colcon_core.shell:Creating environment hook '/home/prajesh/my_ws/install/my_robot_interfaces/share/my_robot_interfaces/hook/ld_library_path_lib.sh'
[1.726s] Level 1:colcon.colcon_core.environment:checking '/home/prajesh/my_ws/install/my_robot_interfaces/bin'
[1.727s] Level 1:colcon.colcon_core.environment:checking '/home/prajesh/my_ws/install/my_robot_interfaces/lib/pkgconfig/my_robot_interfaces.pc'
[1.727s] Level 1:colcon.colcon_core.environment:checking '/home/prajesh/my_ws/install/my_robot_interfaces/lib/python3.10/site-packages'
[1.727s] Level 1:colcon.colcon_core.environment:checking '/home/prajesh/my_ws/install/my_robot_interfaces/bin'
[1.728s] INFO:colcon.colcon_core.shell:Creating package script '/home/prajesh/my_ws/install/my_robot_interfaces/share/my_robot_interfaces/package.ps1'
[1.729s] INFO:colcon.colcon_core.shell:Creating package descriptor '/home/prajesh/my_ws/install/my_robot_interfaces/share/my_robot_interfaces/package.dsv'
[1.730s] INFO:colcon.colcon_core.shell:Creating package script '/home/prajesh/my_ws/install/my_robot_interfaces/share/my_robot_interfaces/package.sh'
[1.730s] INFO:colcon.colcon_core.shell:Creating package script '/home/prajesh/my_ws/install/my_robot_interfaces/share/my_robot_interfaces/package.bash'
[1.731s] INFO:colcon.colcon_core.shell:Creating package script '/home/prajesh/my_ws/install/my_robot_interfaces/share/my_robot_interfaces/package.zsh'
[1.731s] Level 1:colcon.colcon_core.environment:create_file_with_runtime_dependencies(/home/prajesh/my_ws/install/my_robot_interfaces/share/colcon-core/packages/my_robot_interfaces)
[1.731s] INFO:colcon.colcon_ros.task.ament_python.build:Building ROS package in '/home/prajesh/my_ws/src/my_py_pkg' with build type 'ament_python'
[1.732s] Level 1:colcon.colcon_core.shell:create_environment_hook('my_py_pkg', 'ament_prefix_path')
[1.733s] INFO:colcon.colcon_core.shell:Creating environment hook '/home/prajesh/my_ws/install/my_py_pkg/share/my_py_pkg/hook/ament_prefix_path.ps1'
[1.734s] INFO:colcon.colcon_core.shell:Creating environment descriptor '/home/prajesh/my_ws/install/my_py_pkg/share/my_py_pkg/hook/ament_prefix_path.dsv'
[1.734s] INFO:colcon.colcon_core.shell:Creating environment hook '/home/prajesh/my_ws/install/my_py_pkg/share/my_py_pkg/hook/ament_prefix_path.sh'
[1.736s] INFO:colcon.colcon_core.shell:Skip shell extension 'powershell' for command environment: Not usable outside of PowerShell
[1.736s] DEBUG:colcon.colcon_core.shell:Skip shell extension 'dsv' for command environment
[1.744s] DEBUG:colcon.colcon_core.event_handler.log_command:Invoking command in '/home/prajesh/my_ws/build/led_system': CMAKE_PREFIX_PATH=/home/prajesh/my_ws/install/battery_interfaces:/home/prajesh/my_ws/install/my_robot_interfaces:/home/prajesh/my_ws/install/my_cpp_pkg:/home/prajesh/my_ws/install/led_system:/home/prajesh/my_ws/install/cpp_test_pkg:/home/prajesh/my_ws/install/cpp_service_test:/home/prajesh/my_ws/install/cpp_practice:/home/prajesh/tbot_ws/install/turtlebot3_simulations:/home/prajesh/tbot_ws/install/turtlebot3_gazebo:/home/prajesh/tbot_ws/install/turtlebot3_fake_node:/home/prajesh/my_ws/install/py_server_test:/home/prajesh/my_ws/install/my_py_pkg:/opt/ros/humble LD_LIBRARY_PATH=/home/prajesh/my_ws/install/battery_interfaces/lib:/home/prajesh/my_ws/install/my_robot_interfaces/lib:/usr/lib/x86_64-linux-gnu/gazebo-11/plugins:/opt/ros/humble/opt/rviz_ogre_vendor/lib:/opt/ros/humble/lib/x86_64-linux-gnu:/opt/ros/humble/lib /usr/bin/cmake --build /home/prajesh/my_ws/build/led_system -- -j4 -l4
[2.036s] INFO:colcon.colcon_core.task.python.build:Building Python package in '/home/prajesh/my_ws/src/my_py_pkg'
[2.037s] INFO:colcon.colcon_core.shell:Skip shell extension 'powershell' for command environment: Not usable outside of PowerShell
[2.038s] DEBUG:colcon.colcon_core.shell:Skip shell extension 'dsv' for command environment
[2.046s] DEBUG:colcon.colcon_core.event_handler.log_command:Invoking command in '/home/prajesh/my_ws/src/py_server_test': PYTHONPATH=/home/prajesh/my_ws/build/py_server_test/prefix_override:/home/prajesh/my_ws/install/py_server_test/lib/python3.10/site-packages:${PYTHONPATH} /usr/bin/python3 setup.py egg_info --egg-base ../../build/py_server_test build --build-base /home/prajesh/my_ws/build/py_server_test/build install --record /home/prajesh/my_ws/build/py_server_test/install.log --single-version-externally-managed
[2.370s] Level 1:colcon.colcon_core.environment:checking '/home/prajesh/my_ws/install/py_server_test' for CMake module files
[2.373s] DEBUG:colcon.colcon_core.event_handler.log_command:Invoked command in '/home/prajesh/my_ws/src/py_server_test' returned '0': PYTHONPATH=/home/prajesh/my_ws/build/py_server_test/prefix_override:/home/prajesh/my_ws/install/py_server_test/lib/python3.10/site-packages:${PYTHONPATH} /usr/bin/python3 setup.py egg_info --egg-base ../../build/py_server_test build --build-base /home/prajesh/my_ws/build/py_server_test/build install --record /home/prajesh/my_ws/build/py_server_test/install.log --single-version-externally-managed
[2.374s] Level 1:colcon.colcon_core.environment:checking '/home/prajesh/my_ws/install/py_server_test' for CMake config files
[2.375s] Level 1:colcon.colcon_core.environment:checking '/home/prajesh/my_ws/install/py_server_test/lib'
[2.375s] Level 1:colcon.colcon_core.environment:checking '/home/prajesh/my_ws/install/py_server_test/bin'
[2.375s] Level 1:colcon.colcon_core.environment:checking '/home/prajesh/my_ws/install/py_server_test/lib/pkgconfig/py_server_test.pc'
[2.375s] Level 1:colcon.colcon_core.environment:checking '/home/prajesh/my_ws/install/py_server_test/lib/python3.10/site-packages'
[2.375s] Level 1:colcon.colcon_core.shell:create_environment_hook('py_server_test', 'pythonpath')
[2.377s] INFO:colcon.colcon_core.shell:Creating environment hook '/home/prajesh/my_ws/install/py_server_test/share/py_server_test/hook/pythonpath.ps1'
[2.378s] INFO:colcon.colcon_core.shell:Creating environment descriptor '/home/prajesh/my_ws/install/py_server_test/share/py_server_test/hook/pythonpath.dsv'
[2.378s] INFO:colcon.colcon_core.shell:Creating environment hook '/home/prajesh/my_ws/install/py_server_test/share/py_server_test/hook/pythonpath.sh'
[2.379s] Level 1:colcon.colcon_core.environment:checking '/home/prajesh/my_ws/install/py_server_test/bin'
[2.379s] Level 1:colcon.colcon_core.environment:create_environment_scripts_only(py_server_test)
[2.380s] INFO:colcon.colcon_core.shell:Creating package script '/home/prajesh/my_ws/install/py_server_test/share/py_server_test/package.ps1'
[2.381s] INFO:colcon.colcon_core.shell:Creating package descriptor '/home/prajesh/my_ws/install/py_server_test/share/py_server_test/package.dsv'
[2.381s] INFO:colcon.colcon_core.shell:Creating package script '/home/prajesh/my_ws/install/py_server_test/share/py_server_test/package.sh'
[2.382s] INFO:colcon.colcon_core.shell:Creating package script '/home/prajesh/my_ws/install/py_server_test/share/py_server_test/package.bash'
[2.382s] INFO:colcon.colcon_core.shell:Creating package script '/home/prajesh/my_ws/install/py_server_test/share/py_server_test/package.zsh'
[2.382s] Level 1:colcon.colcon_core.environment:create_file_with_runtime_dependencies(/home/prajesh/my_ws/install/py_server_test/share/colcon-core/packages/py_server_test)
[2.458s] DEBUG:colcon.colcon_core.event_handler.log_command:Invoking command in '/home/prajesh/my_ws/src/my_py_pkg': PYTHONPATH=/home/prajesh/my_ws/build/my_py_pkg/prefix_override:/home/prajesh/my_ws/install/my_py_pkg/lib/python3.10/site-packages:${PYTHONPATH} /usr/bin/python3 setup.py egg_info --egg-base ../../build/my_py_pkg build --build-base /home/prajesh/my_ws/build/my_py_pkg/build install --record /home/prajesh/my_ws/build/my_py_pkg/install.log --single-version-externally-managed
[2.775s] Level 1:colcon.colcon_core.environment:checking '/home/prajesh/my_ws/install/my_py_pkg' for CMake module files
[2.776s] DEBUG:colcon.colcon_core.event_handler.log_command:Invoked command in '/home/prajesh/my_ws/src/my_py_pkg' returned '0': PYTHONPATH=/home/prajesh/my_ws/build/my_py_pkg/prefix_override:/home/prajesh/my_ws/install/my_py_pkg/lib/python3.10/site-packages:${PYTHONPATH} /usr/bin/python3 setup.py egg_info --egg-base ../../build/my_py_pkg build --build-base /home/prajesh/my_ws/build/my_py_pkg/build install --record /home/prajesh/my_ws/build/my_py_pkg/install.log --single-version-externally-managed
[2.776s] Level 1:colcon.colcon_core.environment:checking '/home/prajesh/my_ws/install/my_py_pkg' for CMake config files
[2.777s] Level 1:colcon.colcon_core.environment:checking '/home/prajesh/my_ws/install/my_py_pkg/lib'
[2.777s] Level 1:colcon.colcon_core.environment:checking '/home/prajesh/my_ws/install/my_py_pkg/bin'
[2.777s] Level 1:colcon.colcon_core.environment:checking '/home/prajesh/my_ws/install/my_py_pkg/lib/pkgconfig/my_py_pkg.pc'
[2.777s] Level 1:colcon.colcon_core.environment:checking '/home/prajesh/my_ws/install/my_py_pkg/lib/python3.10/site-packages'
[2.777s] Level 1:colcon.colcon_core.shell:create_environment_hook('my_py_pkg', 'pythonpath')
[2.779s] INFO:colcon.colcon_core.shell:Creating environment hook '/home/prajesh/my_ws/install/my_py_pkg/share/my_py_pkg/hook/pythonpath.ps1'
[2.779s] INFO:colcon.colcon_core.shell:Creating environment descriptor '/home/prajesh/my_ws/install/my_py_pkg/share/my_py_pkg/hook/pythonpath.dsv'
[2.780s] INFO:colcon.colcon_core.shell:Creating environment hook '/home/prajesh/my_ws/install/my_py_pkg/share/my_py_pkg/hook/pythonpath.sh'
[2.781s] Level 1:colcon.colcon_core.environment:checking '/home/prajesh/my_ws/install/my_py_pkg/bin'
[2.781s] Level 1:colcon.colcon_core.environment:create_environment_scripts_only(my_py_pkg)
[2.782s] INFO:colcon.colcon_core.shell:Creating package script '/home/prajesh/my_ws/install/my_py_pkg/share/my_py_pkg/package.ps1'
[2.782s] INFO:colcon.colcon_core.shell:Creating package descriptor '/home/prajesh/my_ws/install/my_py_pkg/share/my_py_pkg/package.dsv'
[2.783s] INFO:colcon.colcon_core.shell:Creating package script '/home/prajesh/my_ws/install/my_py_pkg/share/my_py_pkg/package.sh'
[2.783s] INFO:colcon.colcon_core.shell:Creating package script '/home/prajesh/my_ws/install/my_py_pkg/share/my_py_pkg/package.bash'
[2.784s] INFO:colcon.colcon_core.shell:Creating package script '/home/prajesh/my_ws/install/my_py_pkg/share/my_py_pkg/package.zsh'
[2.784s] Level 1:colcon.colcon_core.environment:create_file_with_runtime_dependencies(/home/prajesh/my_ws/install/my_py_pkg/share/colcon-core/packages/my_py_pkg)
[5.345s] DEBUG:colcon.colcon_core.event_handler.log_command:Invoked command in '/home/prajesh/my_ws/build/led_system' returned '0': CMAKE_PREFIX_PATH=/home/prajesh/my_ws/install/battery_interfaces:/home/prajesh/my_ws/install/my_robot_interfaces:/home/prajesh/my_ws/install/my_cpp_pkg:/home/prajesh/my_ws/install/led_system:/home/prajesh/my_ws/install/cpp_test_pkg:/home/prajesh/my_ws/install/cpp_service_test:/home/prajesh/my_ws/install/cpp_practice:/home/prajesh/tbot_ws/install/turtlebot3_simulations:/home/prajesh/tbot_ws/install/turtlebot3_gazebo:/home/prajesh/tbot_ws/install/turtlebot3_fake_node:/home/prajesh/my_ws/install/py_server_test:/home/prajesh/my_ws/install/my_py_pkg:/opt/ros/humble LD_LIBRARY_PATH=/home/prajesh/my_ws/install/battery_interfaces/lib:/home/prajesh/my_ws/install/my_robot_interfaces/lib:/usr/lib/x86_64-linux-gnu/gazebo-11/plugins:/opt/ros/humble/opt/rviz_ogre_vendor/lib:/opt/ros/humble/lib/x86_64-linux-gnu:/opt/ros/humble/lib /usr/bin/cmake --build /home/prajesh/my_ws/build/led_system -- -j4 -l4
[5.370s] DEBUG:colcon.colcon_core.event_handler.log_command:Invoking command in '/home/prajesh/my_ws/build/led_system': CMAKE_PREFIX_PATH=/home/prajesh/my_ws/install/battery_interfaces:/home/prajesh/my_ws/install/my_robot_interfaces:/home/prajesh/my_ws/install/my_cpp_pkg:/home/prajesh/my_ws/install/led_system:/home/prajesh/my_ws/install/cpp_test_pkg:/home/prajesh/my_ws/install/cpp_service_test:/home/prajesh/my_ws/install/cpp_practice:/home/prajesh/tbot_ws/install/turtlebot3_simulations:/home/prajesh/tbot_ws/install/turtlebot3_gazebo:/home/prajesh/tbot_ws/install/turtlebot3_fake_node:/home/prajesh/my_ws/install/py_server_test:/home/prajesh/my_ws/install/my_py_pkg:/opt/ros/humble LD_LIBRARY_PATH=/home/prajesh/my_ws/install/battery_interfaces/lib:/home/prajesh/my_ws/install/my_robot_interfaces/lib:/usr/lib/x86_64-linux-gnu/gazebo-11/plugins:/opt/ros/humble/opt/rviz_ogre_vendor/lib:/opt/ros/humble/lib/x86_64-linux-gnu:/opt/ros/humble/lib /usr/bin/cmake --install /home/prajesh/my_ws/build/led_system
[5.384s] Level 1:colcon.colcon_core.environment:create_environment_scripts_only(led_system)
[5.384s] DEBUG:colcon.colcon_core.event_handler.log_command:Invoked command in '/home/prajesh/my_ws/build/led_system' returned '0': CMAKE_PREFIX_PATH=/home/prajesh/my_ws/install/battery_interfaces:/home/prajesh/my_ws/install/my_robot_interfaces:/home/prajesh/my_ws/install/my_cpp_pkg:/home/prajesh/my_ws/install/led_system:/home/prajesh/my_ws/install/cpp_test_pkg:/home/prajesh/my_ws/install/cpp_service_test:/home/prajesh/my_ws/install/cpp_practice:/home/prajesh/tbot_ws/install/turtlebot3_simulations:/home/prajesh/tbot_ws/install/turtlebot3_gazebo:/home/prajesh/tbot_ws/install/turtlebot3_fake_node:/home/prajesh/my_ws/install/py_server_test:/home/prajesh/my_ws/install/my_py_pkg:/opt/ros/humble LD_LIBRARY_PATH=/home/prajesh/my_ws/install/battery_interfaces/lib:/home/prajesh/my_ws/install/my_robot_interfaces/lib:/usr/lib/x86_64-linux-gnu/gazebo-11/plugins:/opt/ros/humble/opt/rviz_ogre_vendor/lib:/opt/ros/humble/lib/x86_64-linux-gnu:/opt/ros/humble/lib /usr/bin/cmake --install /home/prajesh/my_ws/build/led_system
[5.386s] Level 1:colcon.colcon_core.environment:checking '/home/prajesh/my_ws/install/led_system' for CMake module files
[5.386s] Level 1:colcon.colcon_core.environment:checking '/home/prajesh/my_ws/install/led_system' for CMake config files
[5.387s] Level 1:colcon.colcon_core.shell:create_environment_hook('led_system', 'cmake_prefix_path')
[5.388s] INFO:colcon.colcon_core.shell:Creating environment hook '/home/prajesh/my_ws/install/led_system/share/led_system/hook/cmake_prefix_path.ps1'
[5.388s] INFO:colcon.colcon_core.shell:Creating environment descriptor '/home/prajesh/my_ws/install/led_system/share/led_system/hook/cmake_prefix_path.dsv'
[5.388s] INFO:colcon.colcon_core.shell:Creating environment hook '/home/prajesh/my_ws/install/led_system/share/led_system/hook/cmake_prefix_path.sh'
[5.389s] Level 1:colcon.colcon_core.environment:checking '/home/prajesh/my_ws/install/led_system/lib'
[5.389s] Level 1:colcon.colcon_core.environment:checking '/home/prajesh/my_ws/install/led_system/bin'
[5.389s] Level 1:colcon.colcon_core.environment:checking '/home/prajesh/my_ws/install/led_system/lib/pkgconfig/led_system.pc'
[5.389s] Level 1:colcon.colcon_core.environment:checking '/home/prajesh/my_ws/install/led_system/lib/python3.10/site-packages'
[5.390s] Level 1:colcon.colcon_core.environment:checking '/home/prajesh/my_ws/install/led_system/bin'
[5.391s] INFO:colcon.colcon_core.shell:Creating package script '/home/prajesh/my_ws/install/led_system/share/led_system/package.ps1'
[5.391s] INFO:colcon.colcon_core.shell:Creating package descriptor '/home/prajesh/my_ws/install/led_system/share/led_system/package.dsv'
[5.391s] INFO:colcon.colcon_core.shell:Creating package script '/home/prajesh/my_ws/install/led_system/share/led_system/package.sh'
[5.392s] INFO:colcon.colcon_core.shell:Creating package script '/home/prajesh/my_ws/install/led_system/share/led_system/package.bash'
[5.392s] INFO:colcon.colcon_core.shell:Creating package script '/home/prajesh/my_ws/install/led_system/share/led_system/package.zsh'
[5.393s] Level 1:colcon.colcon_core.environment:create_file_with_runtime_dependencies(/home/prajesh/my_ws/install/led_system/share/colcon-core/packages/led_system)
[5.418s] Level 1:colcon.colcon_core.environment:create_environment_scripts_only(led_system)
[5.420s] Level 1:colcon.colcon_core.environment:checking '/home/prajesh/my_ws/install/led_system' for CMake module files
[5.420s] Level 1:colcon.colcon_core.environment:checking '/home/prajesh/my_ws/install/led_system' for CMake config files
[5.421s] Level 1:colcon.colcon_core.shell:create_environment_hook('led_system', 'cmake_prefix_path')
[5.422s] INFO:colcon.colcon_core.shell:Creating environment hook '/home/prajesh/my_ws/install/led_system/share/led_system/hook/cmake_prefix_path.ps1'
[5.423s] INFO:colcon.colcon_core.shell:Creating environment descriptor '/home/prajesh/my_ws/install/led_system/share/led_system/hook/cmake_prefix_path.dsv'
[5.424s] INFO:colcon.colcon_core.shell:Creating environment hook '/home/prajesh/my_ws/install/led_system/share/led_system/hook/cmake_prefix_path.sh'
[5.425s] Level 1:colcon.colcon_core.environment:checking '/home/prajesh/my_ws/install/led_system/lib'
[5.425s] Level 1:colcon.colcon_core.environment:checking '/home/prajesh/my_ws/install/led_system/bin'
[5.425s] Level 1:colcon.colcon_core.environment:checking '/home/prajesh/my_ws/install/led_system/lib/pkgconfig/led_system.pc'
[5.426s] Level 1:colcon.colcon_core.environment:checking '/home/prajesh/my_ws/install/led_system/lib/python3.10/site-packages'
[5.426s] Level 1:colcon.colcon_core.environment:checking '/home/prajesh/my_ws/install/led_system/bin'
[5.427s] INFO:colcon.colcon_core.shell:Creating package script '/home/prajesh/my_ws/install/led_system/share/led_system/package.ps1'
[5.428s] INFO:colcon.colcon_core.shell:Creating package descriptor '/home/prajesh/my_ws/install/led_system/share/led_system/package.dsv'
[5.429s] INFO:colcon.colcon_core.shell:Creating package script '/home/prajesh/my_ws/install/led_system/share/led_system/package.sh'
[5.430s] INFO:colcon.colcon_core.shell:Creating package script '/home/prajesh/my_ws/install/led_system/share/led_system/package.bash'
[5.430s] INFO:colcon.colcon_core.shell:Creating package script '/home/prajesh/my_ws/install/led_system/share/led_system/package.zsh'
[5.431s] Level 1:colcon.colcon_core.environment:create_file_with_runtime_dependencies(/home/prajesh/my_ws/install/led_system/share/colcon-core/packages/led_system)
[5.431s] DEBUG:colcon.colcon_parallel_executor.executor.parallel:closing loop
[5.432s] DEBUG:colcon.colcon_parallel_executor.executor.parallel:loop closed
[5.432s] DEBUG:colcon.colcon_parallel_executor.executor.parallel:run_until_complete finished with '0'
[5.433s] DEBUG:colcon.colcon_core.event_reactor:joining thread
[5.437s] INFO:colcon.colcon_core.plugin_system:Skipping extension 'colcon_notification.desktop_notification.terminal_notifier': Not used on non-Darwin systems
[5.437s] INFO:colcon.colcon_core.plugin_system:Skipping extension 'colcon_notification.desktop_notification.win32': Not used on non-Windows systems
[5.437s] INFO:colcon.colcon_notification.desktop_notification:Sending desktop notification using 'notify2'
[5.448s] DEBUG:colcon.colcon_core.event_reactor:joined thread
[5.449s] INFO:colcon.colcon_core.shell:Creating prefix script '/home/prajesh/my_ws/install/local_setup.ps1'
[5.450s] INFO:colcon.colcon_core.shell:Creating prefix util module '/home/prajesh/my_ws/install/_local_setup_util_ps1.py'
[5.451s] INFO:colcon.colcon_core.shell:Creating prefix chain script '/home/prajesh/my_ws/install/setup.ps1'
[5.453s] INFO:colcon.colcon_core.shell:Creating prefix script '/home/prajesh/my_ws/install/local_setup.sh'
[5.454s] INFO:colcon.colcon_core.shell:Creating prefix util module '/home/prajesh/my_ws/install/_local_setup_util_sh.py'
[5.455s] INFO:colcon.colcon_core.shell:Creating prefix chain script '/home/prajesh/my_ws/install/setup.sh'
[5.458s] INFO:colcon.colcon_core.shell:Creating prefix script '/home/prajesh/my_ws/install/local_setup.bash'
[5.459s] INFO:colcon.colcon_core.shell:Creating prefix chain script '/home/prajesh/my_ws/install/setup.bash'
[5.461s] INFO:colcon.colcon_core.shell:Creating prefix script '/home/prajesh/my_ws/install/local_setup.zsh'
[5.461s] INFO:colcon.colcon_core.shell:Creating prefix chain script '/home/prajesh/my_ws/install/setup.zsh'
