[0.039s] Invoking command in '/home/prajesh/my_ws/build/battery_interfaces': CMAKE_PREFIX_PATH=${CMAKE_PREFIX_PATH}:/home/prajesh/my_ws/install/py_server_test:/home/prajesh/my_ws/install/py_final_project:/home/prajesh/my_ws/install/my_py_pkg:/opt/ros/humble /usr/bin/cmake --build /home/prajesh/my_ws/build/battery_interfaces -- -j4 -l4
[0.126s] [ 10%] Built target battery_interfaces__rosidl_generator_c
[0.130s] [ 10%] Built target ament_cmake_python_copy_battery_interfaces
[0.136s] [ 12%] Built target battery_interfaces__cpp
[0.163s] [ 23%] Built target battery_interfaces__rosidl_typesupport_introspection_c
[0.175s] [ 33%] Built target battery_interfaces__rosidl_typesupport_fastrtps_c
[0.209s] [ 43%] Built target battery_interfaces__rosidl_typesupport_fastrtps_cpp
[0.213s] [ 53%] Built target battery_interfaces__rosidl_typesupport_c
[0.233s] [ 64%] Built target battery_interfaces__rosidl_typesupport_introspection_cpp
[0.248s] [ 74%] Built target battery_interfaces__rosidl_typesupport_cpp
[0.272s] [ 74%] Built target battery_interfaces
[0.334s] [ 76%] Built target battery_interfaces__py
[0.360s] [ 84%] Built target battery_interfaces__rosidl_generator_py
[0.392s] [ 89%] Built target battery_interfaces__rosidl_typesupport_fastrtps_c__pyext
[0.407s] [ 94%] Built target battery_interfaces__rosidl_typesupport_c__pyext
[0.421s] [100%] Built target battery_interfaces__rosidl_typesupport_introspection_c__pyext
[0.458s] running egg_info
[0.459s] writing battery_interfaces.egg-info/PKG-INFO
[0.460s] writing dependency_links to battery_interfaces.egg-info/dependency_links.txt
[0.461s] writing top-level names to battery_interfaces.egg-info/top_level.txt
[0.468s] reading manifest file 'battery_interfaces.egg-info/SOURCES.txt'
[0.468s] writing manifest file 'battery_interfaces.egg-info/SOURCES.txt'
[0.496s] [100%] Built target ament_cmake_python_build_battery_interfaces_egg
[0.506s] Invoked command in '/home/prajesh/my_ws/build/battery_interfaces' returned '0': CMAKE_PREFIX_PATH=${CMAKE_PREFIX_PATH}:/home/prajesh/my_ws/install/py_server_test:/home/prajesh/my_ws/install/py_final_project:/home/prajesh/my_ws/install/my_py_pkg:/opt/ros/humble /usr/bin/cmake --build /home/prajesh/my_ws/build/battery_interfaces -- -j4 -l4
[0.659s] Invoking command in '/home/prajesh/my_ws/build/battery_interfaces': CMAKE_PREFIX_PATH=${CMAKE_PREFIX_PATH}:/home/prajesh/my_ws/install/py_server_test:/home/prajesh/my_ws/install/py_final_project:/home/prajesh/my_ws/install/my_py_pkg:/opt/ros/humble /usr/bin/cmake --install /home/prajesh/my_ws/build/battery_interfaces
[0.680s] -- Install configuration: ""
[0.681s] -- Up-to-date: /home/prajesh/my_ws/install/battery_interfaces/share/ament_index/resource_index/rosidl_interfaces/battery_interfaces
[0.681s] -- Up-to-date: /home/prajesh/my_ws/install/battery_interfaces/include/battery_interfaces/battery_interfaces
[0.683s] -- Up-to-date: /home/prajesh/my_ws/install/battery_interfaces/include/battery_interfaces/battery_interfaces/msg
[0.683s] -- Up-to-date: /home/prajesh/my_ws/install/battery_interfaces/include/battery_interfaces/battery_interfaces/msg/led_state.h
[0.689s] -- Up-to-date: /home/prajesh/my_ws/install/battery_interfaces/include/battery_interfaces/battery_interfaces/msg/detail
[0.710s] -- Up-to-date: /home/prajesh/my_ws/install/battery_interfaces/include/battery_interfaces/battery_interfaces/msg/detail/led_state__functions.c
[0.712s] -- Up-to-date: /home/prajesh/my_ws/install/battery_interfaces/include/battery_interfaces/battery_interfaces/msg/detail/led_state__functions.h
[0.712s] -- Up-to-date: /home/prajesh/my_ws/install/battery_interfaces/include/battery_interfaces/battery_interfaces/msg/detail/led_state__struct.h
[0.712s] -- Up-to-date: /home/prajesh/my_ws/install/battery_interfaces/include/battery_interfaces/battery_interfaces/msg/detail/led_state__type_support.h
[0.712s] -- Up-to-date: /home/prajesh/my_ws/install/battery_interfaces/include/battery_interfaces/battery_interfaces/msg/rosidl_generator_c__visibility_control.h
[0.716s] -- Up-to-date: /home/prajesh/my_ws/install/battery_interfaces/include/battery_interfaces/battery_interfaces/srv
[0.716s] -- Up-to-date: /home/prajesh/my_ws/install/battery_interfaces/include/battery_interfaces/battery_interfaces/srv/battery_status.h
[0.716s] -- Up-to-date: /home/prajesh/my_ws/install/battery_interfaces/include/battery_interfaces/battery_interfaces/srv/detail
[0.716s] -- Up-to-date: /home/prajesh/my_ws/install/battery_interfaces/include/battery_interfaces/battery_interfaces/srv/detail/battery_status__functions.c
[0.716s] -- Up-to-date: /home/prajesh/my_ws/install/battery_interfaces/include/battery_interfaces/battery_interfaces/srv/detail/battery_status__functions.h
[0.716s] -- Up-to-date: /home/prajesh/my_ws/install/battery_interfaces/include/battery_interfaces/battery_interfaces/srv/detail/battery_status__struct.h
[0.717s] -- Up-to-date: /home/prajesh/my_ws/install/battery_interfaces/include/battery_interfaces/battery_interfaces/srv/detail/battery_status__type_support.h
[0.717s] -- Up-to-date: /home/prajesh/my_ws/install/battery_interfaces/share/battery_interfaces/environment/library_path.sh
[0.717s] -- Up-to-date: /home/prajesh/my_ws/install/battery_interfaces/share/battery_interfaces/environment/library_path.dsv
[0.717s] -- Up-to-date: /home/prajesh/my_ws/install/battery_interfaces/lib/libbattery_interfaces__rosidl_generator_c.so
[0.717s] -- Up-to-date: /home/prajesh/my_ws/install/battery_interfaces/include/battery_interfaces/battery_interfaces
[0.717s] -- Up-to-date: /home/prajesh/my_ws/install/battery_interfaces/include/battery_interfaces/battery_interfaces/msg
[0.717s] -- Up-to-date: /home/prajesh/my_ws/install/battery_interfaces/include/battery_interfaces/battery_interfaces/msg/detail
[0.717s] -- Up-to-date: /home/prajesh/my_ws/install/battery_interfaces/include/battery_interfaces/battery_interfaces/msg/detail/led_state__rosidl_typesupport_fastrtps_c.h
[0.717s] -- Up-to-date: /home/prajesh/my_ws/install/battery_interfaces/include/battery_interfaces/battery_interfaces/msg/rosidl_typesupport_fastrtps_c__visibility_control.h
[0.717s] -- Up-to-date: /home/prajesh/my_ws/install/battery_interfaces/include/battery_interfaces/battery_interfaces/srv
[0.717s] -- Up-to-date: /home/prajesh/my_ws/install/battery_interfaces/include/battery_interfaces/battery_interfaces/srv/detail
[0.717s] -- Up-to-date: /home/prajesh/my_ws/install/battery_interfaces/include/battery_interfaces/battery_interfaces/srv/detail/battery_status__rosidl_typesupport_fastrtps_c.h
[0.717s] -- Up-to-date: /home/prajesh/my_ws/install/battery_interfaces/lib/libbattery_interfaces__rosidl_typesupport_fastrtps_c.so
[0.717s] -- Up-to-date: /home/prajesh/my_ws/install/battery_interfaces/include/battery_interfaces/battery_interfaces
[0.718s] -- Up-to-date: /home/prajesh/my_ws/install/battery_interfaces/include/battery_interfaces/battery_interfaces/msg
[0.718s] -- Up-to-date: /home/prajesh/my_ws/install/battery_interfaces/include/battery_interfaces/battery_interfaces/msg/rosidl_typesupport_introspection_c__visibility_control.h
[0.718s] -- Up-to-date: /home/prajesh/my_ws/install/battery_interfaces/include/battery_interfaces/battery_interfaces/msg/detail
[0.718s] -- Up-to-date: /home/prajesh/my_ws/install/battery_interfaces/include/battery_interfaces/battery_interfaces/msg/detail/led_state__type_support.c
[0.718s] -- Up-to-date: /home/prajesh/my_ws/install/battery_interfaces/include/battery_interfaces/battery_interfaces/msg/detail/led_state__rosidl_typesupport_introspection_c.h
[0.718s] -- Up-to-date: /home/prajesh/my_ws/install/battery_interfaces/include/battery_interfaces/battery_interfaces/srv
[0.718s] -- Up-to-date: /home/prajesh/my_ws/install/battery_interfaces/include/battery_interfaces/battery_interfaces/srv/detail
[0.718s] -- Up-to-date: /home/prajesh/my_ws/install/battery_interfaces/include/battery_interfaces/battery_interfaces/srv/detail/battery_status__rosidl_typesupport_introspection_c.h
[0.718s] -- Up-to-date: /home/prajesh/my_ws/install/battery_interfaces/include/battery_interfaces/battery_interfaces/srv/detail/battery_status__type_support.c
[0.718s] -- Up-to-date: /home/prajesh/my_ws/install/battery_interfaces/lib/libbattery_interfaces__rosidl_typesupport_introspection_c.so
[0.718s] -- Up-to-date: /home/prajesh/my_ws/install/battery_interfaces/lib/libbattery_interfaces__rosidl_typesupport_c.so
[0.724s] -- Up-to-date: /home/prajesh/my_ws/install/battery_interfaces/include/battery_interfaces/battery_interfaces
[0.725s] -- Up-to-date: /home/prajesh/my_ws/install/battery_interfaces/include/battery_interfaces/battery_interfaces/msg
[0.725s] -- Up-to-date: /home/prajesh/my_ws/install/battery_interfaces/include/battery_interfaces/battery_interfaces/msg/led_state.hpp
[0.726s] -- Up-to-date: /home/prajesh/my_ws/install/battery_interfaces/include/battery_interfaces/battery_interfaces/msg/detail
[0.727s] -- Up-to-date: /home/prajesh/my_ws/install/battery_interfaces/include/battery_interfaces/battery_interfaces/msg/detail/led_state__struct.hpp
[0.727s] -- Up-to-date: /home/prajesh/my_ws/install/battery_interfaces/include/battery_interfaces/battery_interfaces/msg/detail/led_state__builder.hpp
[0.727s] -- Up-to-date: /home/prajesh/my_ws/install/battery_interfaces/include/battery_interfaces/battery_interfaces/msg/detail/led_state__traits.hpp
[0.727s] -- Up-to-date: /home/prajesh/my_ws/install/battery_interfaces/include/battery_interfaces/battery_interfaces/srv
[0.727s] -- Up-to-date: /home/prajesh/my_ws/install/battery_interfaces/include/battery_interfaces/battery_interfaces/srv/detail
[0.727s] -- Up-to-date: /home/prajesh/my_ws/install/battery_interfaces/include/battery_interfaces/battery_interfaces/srv/detail/battery_status__builder.hpp
[0.728s] -- Up-to-date: /home/prajesh/my_ws/install/battery_interfaces/include/battery_interfaces/battery_interfaces/srv/detail/battery_status__struct.hpp
[0.728s] -- Up-to-date: /home/prajesh/my_ws/install/battery_interfaces/include/battery_interfaces/battery_interfaces/srv/detail/battery_status__traits.hpp
[0.728s] -- Up-to-date: /home/prajesh/my_ws/install/battery_interfaces/include/battery_interfaces/battery_interfaces/srv/battery_status.hpp
[0.728s] -- Up-to-date: /home/prajesh/my_ws/install/battery_interfaces/include/battery_interfaces/battery_interfaces
[0.728s] -- Up-to-date: /home/prajesh/my_ws/install/battery_interfaces/include/battery_interfaces/battery_interfaces/msg
[0.728s] -- Up-to-date: /home/prajesh/my_ws/install/battery_interfaces/include/battery_interfaces/battery_interfaces/msg/rosidl_typesupport_fastrtps_cpp__visibility_control.h
[0.728s] -- Up-to-date: /home/prajesh/my_ws/install/battery_interfaces/include/battery_interfaces/battery_interfaces/msg/detail
[0.728s] -- Up-to-date: /home/prajesh/my_ws/install/battery_interfaces/include/battery_interfaces/battery_interfaces/msg/detail/dds_fastrtps
[0.729s] -- Up-to-date: /home/prajesh/my_ws/install/battery_interfaces/include/battery_interfaces/battery_interfaces/msg/detail/led_state__rosidl_typesupport_fastrtps_cpp.hpp
[0.729s] -- Up-to-date: /home/prajesh/my_ws/install/battery_interfaces/include/battery_interfaces/battery_interfaces/srv
[0.729s] -- Up-to-date: /home/prajesh/my_ws/install/battery_interfaces/include/battery_interfaces/battery_interfaces/srv/detail
[0.729s] -- Up-to-date: /home/prajesh/my_ws/install/battery_interfaces/include/battery_interfaces/battery_interfaces/srv/detail/dds_fastrtps
[0.746s] -- Up-to-date: /home/prajesh/my_ws/install/battery_interfaces/include/battery_interfaces/battery_interfaces/srv/detail/battery_status__rosidl_typesupport_fastrtps_cpp.hpp
[0.747s] -- Up-to-date: /home/prajesh/my_ws/install/battery_interfaces/lib/libbattery_interfaces__rosidl_typesupport_fastrtps_cpp.so
[0.747s] -- Up-to-date: /home/prajesh/my_ws/install/battery_interfaces/include/battery_interfaces/battery_interfaces
[0.747s] -- Up-to-date: /home/prajesh/my_ws/install/battery_interfaces/include/battery_interfaces/battery_interfaces/msg
[0.747s] -- Up-to-date: /home/prajesh/my_ws/install/battery_interfaces/include/battery_interfaces/battery_interfaces/msg/detail
[0.747s] -- Up-to-date: /home/prajesh/my_ws/install/battery_interfaces/include/battery_interfaces/battery_interfaces/msg/detail/led_state__type_support.cpp
[0.747s] -- Up-to-date: /home/prajesh/my_ws/install/battery_interfaces/include/battery_interfaces/battery_interfaces/msg/detail/led_state__rosidl_typesupport_introspection_cpp.hpp
[0.747s] -- Up-to-date: /home/prajesh/my_ws/install/battery_interfaces/include/battery_interfaces/battery_interfaces/srv
[0.747s] -- Up-to-date: /home/prajesh/my_ws/install/battery_interfaces/include/battery_interfaces/battery_interfaces/srv/detail
[0.747s] -- Up-to-date: /home/prajesh/my_ws/install/battery_interfaces/include/battery_interfaces/battery_interfaces/srv/detail/battery_status__rosidl_typesupport_introspection_cpp.hpp
[0.747s] -- Up-to-date: /home/prajesh/my_ws/install/battery_interfaces/include/battery_interfaces/battery_interfaces/srv/detail/battery_status__type_support.cpp
[0.747s] -- Up-to-date: /home/prajesh/my_ws/install/battery_interfaces/lib/libbattery_interfaces__rosidl_typesupport_introspection_cpp.so
[0.747s] -- Up-to-date: /home/prajesh/my_ws/install/battery_interfaces/lib/libbattery_interfaces__rosidl_typesupport_cpp.so
[0.748s] -- Up-to-date: /home/prajesh/my_ws/install/battery_interfaces/share/battery_interfaces/environment/pythonpath.sh
[0.748s] -- Up-to-date: /home/prajesh/my_ws/install/battery_interfaces/share/battery_interfaces/environment/pythonpath.dsv
[0.748s] -- Up-to-date: /home/prajesh/my_ws/install/battery_interfaces/local/lib/python3.10/dist-packages/battery_interfaces-0.0.0-py3.10.egg-info
[0.748s] -- Installing: /home/prajesh/my_ws/install/battery_interfaces/local/lib/python3.10/dist-packages/battery_interfaces-0.0.0-py3.10.egg-info/SOURCES.txt
[0.748s] -- Installing: /home/prajesh/my_ws/install/battery_interfaces/local/lib/python3.10/dist-packages/battery_interfaces-0.0.0-py3.10.egg-info/top_level.txt
[0.748s] -- Installing: /home/prajesh/my_ws/install/battery_interfaces/local/lib/python3.10/dist-packages/battery_interfaces-0.0.0-py3.10.egg-info/dependency_links.txt
[0.748s] -- Installing: /home/prajesh/my_ws/install/battery_interfaces/local/lib/python3.10/dist-packages/battery_interfaces-0.0.0-py3.10.egg-info/PKG-INFO
[0.748s] -- Up-to-date: /home/prajesh/my_ws/install/battery_interfaces/local/lib/python3.10/dist-packages/battery_interfaces
[0.748s] -- Up-to-date: /home/prajesh/my_ws/install/battery_interfaces/local/lib/python3.10/dist-packages/battery_interfaces/_battery_interfaces_s.ep.rosidl_typesupport_c.c
[0.748s] -- Up-to-date: /home/prajesh/my_ws/install/battery_interfaces/local/lib/python3.10/dist-packages/battery_interfaces/battery_interfaces_s__rosidl_typesupport_fastrtps_c.cpython-310-x86_64-linux-gnu.so
[0.748s] -- Up-to-date: /home/prajesh/my_ws/install/battery_interfaces/local/lib/python3.10/dist-packages/battery_interfaces/msg
[0.748s] -- Up-to-date: /home/prajesh/my_ws/install/battery_interfaces/local/lib/python3.10/dist-packages/battery_interfaces/msg/__init__.py
[0.748s] -- Up-to-date: /home/prajesh/my_ws/install/battery_interfaces/local/lib/python3.10/dist-packages/battery_interfaces/msg/_led_state_s.c
[0.748s] -- Up-to-date: /home/prajesh/my_ws/install/battery_interfaces/local/lib/python3.10/dist-packages/battery_interfaces/msg/_led_state.py
[0.748s] -- Up-to-date: /home/prajesh/my_ws/install/battery_interfaces/local/lib/python3.10/dist-packages/battery_interfaces/__init__.py
[0.748s] -- Up-to-date: /home/prajesh/my_ws/install/battery_interfaces/local/lib/python3.10/dist-packages/battery_interfaces/_battery_interfaces_s.ep.rosidl_typesupport_fastrtps_c.c
[0.748s] -- Up-to-date: /home/prajesh/my_ws/install/battery_interfaces/local/lib/python3.10/dist-packages/battery_interfaces/battery_interfaces_s__rosidl_typesupport_c.cpython-310-x86_64-linux-gnu.so
[0.749s] -- Up-to-date: /home/prajesh/my_ws/install/battery_interfaces/local/lib/python3.10/dist-packages/battery_interfaces/_battery_interfaces_s.ep.rosidl_typesupport_introspection_c.c
[0.749s] -- Up-to-date: /home/prajesh/my_ws/install/battery_interfaces/local/lib/python3.10/dist-packages/battery_interfaces/battery_interfaces_s__rosidl_typesupport_introspection_c.cpython-310-x86_64-linux-gnu.so
[0.749s] -- Up-to-date: /home/prajesh/my_ws/install/battery_interfaces/local/lib/python3.10/dist-packages/battery_interfaces/srv
[0.749s] -- Up-to-date: /home/prajesh/my_ws/install/battery_interfaces/local/lib/python3.10/dist-packages/battery_interfaces/srv/__init__.py
[0.749s] -- Up-to-date: /home/prajesh/my_ws/install/battery_interfaces/local/lib/python3.10/dist-packages/battery_interfaces/srv/_battery_status_s.c
[0.749s] -- Up-to-date: /home/prajesh/my_ws/install/battery_interfaces/local/lib/python3.10/dist-packages/battery_interfaces/srv/_battery_status.py
[0.749s] -- Up-to-date: /home/prajesh/my_ws/install/battery_interfaces/local/lib/python3.10/dist-packages/battery_interfaces/libbattery_interfaces__rosidl_generator_py.so
[0.780s] Listing '/home/prajesh/my_ws/install/battery_interfaces/local/lib/python3.10/dist-packages/battery_interfaces'...
[0.780s] Listing '/home/prajesh/my_ws/install/battery_interfaces/local/lib/python3.10/dist-packages/battery_interfaces/msg'...
[0.780s] Listing '/home/prajesh/my_ws/install/battery_interfaces/local/lib/python3.10/dist-packages/battery_interfaces/srv'...
[0.780s] -- Up-to-date: /home/prajesh/my_ws/install/battery_interfaces/local/lib/python3.10/dist-packages/battery_interfaces/battery_interfaces_s__rosidl_typesupport_fastrtps_c.cpython-310-x86_64-linux-gnu.so
[0.780s] -- Up-to-date: /home/prajesh/my_ws/install/battery_interfaces/local/lib/python3.10/dist-packages/battery_interfaces/battery_interfaces_s__rosidl_typesupport_introspection_c.cpython-310-x86_64-linux-gnu.so
[0.780s] -- Up-to-date: /home/prajesh/my_ws/install/battery_interfaces/local/lib/python3.10/dist-packages/battery_interfaces/battery_interfaces_s__rosidl_typesupport_c.cpython-310-x86_64-linux-gnu.so
[0.781s] -- Up-to-date: /home/prajesh/my_ws/install/battery_interfaces/lib/libbattery_interfaces__rosidl_generator_py.so
[0.781s] -- Up-to-date: /home/prajesh/my_ws/install/battery_interfaces/share/battery_interfaces/msg/LedState.idl
[0.781s] -- Up-to-date: /home/prajesh/my_ws/install/battery_interfaces/share/battery_interfaces/srv/BatteryStatus.idl
[0.781s] -- Up-to-date: /home/prajesh/my_ws/install/battery_interfaces/share/battery_interfaces/msg/LedState.msg
[0.781s] -- Up-to-date: /home/prajesh/my_ws/install/battery_interfaces/share/battery_interfaces/srv/BatteryStatus.srv
[0.782s] -- Up-to-date: /home/prajesh/my_ws/install/battery_interfaces/share/battery_interfaces/srv/BatteryStatus_Request.msg
[0.782s] -- Up-to-date: /home/prajesh/my_ws/install/battery_interfaces/share/battery_interfaces/srv/BatteryStatus_Response.msg
[0.782s] -- Up-to-date: /home/prajesh/my_ws/install/battery_interfaces/share/ament_index/resource_index/package_run_dependencies/battery_interfaces
[0.783s] -- Up-to-date: /home/prajesh/my_ws/install/battery_interfaces/share/ament_index/resource_index/parent_prefix_path/battery_interfaces
[0.783s] -- Up-to-date: /home/prajesh/my_ws/install/battery_interfaces/share/battery_interfaces/environment/ament_prefix_path.sh
[0.783s] -- Up-to-date: /home/prajesh/my_ws/install/battery_interfaces/share/battery_interfaces/environment/ament_prefix_path.dsv
[0.783s] -- Up-to-date: /home/prajesh/my_ws/install/battery_interfaces/share/battery_interfaces/environment/path.sh
[0.783s] -- Up-to-date: /home/prajesh/my_ws/install/battery_interfaces/share/battery_interfaces/environment/path.dsv
[0.783s] -- Up-to-date: /home/prajesh/my_ws/install/battery_interfaces/share/battery_interfaces/local_setup.bash
[0.784s] -- Up-to-date: /home/prajesh/my_ws/install/battery_interfaces/share/battery_interfaces/local_setup.sh
[0.784s] -- Up-to-date: /home/prajesh/my_ws/install/battery_interfaces/share/battery_interfaces/local_setup.zsh
[0.784s] -- Up-to-date: /home/prajesh/my_ws/install/battery_interfaces/share/battery_interfaces/local_setup.dsv
[0.784s] -- Installing: /home/prajesh/my_ws/install/battery_interfaces/share/battery_interfaces/package.dsv
[0.784s] -- Up-to-date: /home/prajesh/my_ws/install/battery_interfaces/share/ament_index/resource_index/packages/battery_interfaces
[0.784s] -- Up-to-date: /home/prajesh/my_ws/install/battery_interfaces/share/battery_interfaces/cmake/export_battery_interfaces__rosidl_generator_cExport.cmake
[0.784s] -- Up-to-date: /home/prajesh/my_ws/install/battery_interfaces/share/battery_interfaces/cmake/export_battery_interfaces__rosidl_generator_cExport-noconfig.cmake
[0.785s] -- Up-to-date: /home/prajesh/my_ws/install/battery_interfaces/share/battery_interfaces/cmake/export_battery_interfaces__rosidl_typesupport_fastrtps_cExport.cmake
[0.785s] -- Up-to-date: /home/prajesh/my_ws/install/battery_interfaces/share/battery_interfaces/cmake/export_battery_interfaces__rosidl_typesupport_fastrtps_cExport-noconfig.cmake
[0.785s] -- Up-to-date: /home/prajesh/my_ws/install/battery_interfaces/share/battery_interfaces/cmake/battery_interfaces__rosidl_typesupport_introspection_cExport.cmake
[0.785s] -- Up-to-date: /home/prajesh/my_ws/install/battery_interfaces/share/battery_interfaces/cmake/battery_interfaces__rosidl_typesupport_introspection_cExport-noconfig.cmake
[0.785s] -- Up-to-date: /home/prajesh/my_ws/install/battery_interfaces/share/battery_interfaces/cmake/battery_interfaces__rosidl_typesupport_cExport.cmake
[0.785s] -- Up-to-date: /home/prajesh/my_ws/install/battery_interfaces/share/battery_interfaces/cmake/battery_interfaces__rosidl_typesupport_cExport-noconfig.cmake
[0.785s] -- Up-to-date: /home/prajesh/my_ws/install/battery_interfaces/share/battery_interfaces/cmake/export_battery_interfaces__rosidl_generator_cppExport.cmake
[0.785s] -- Up-to-date: /home/prajesh/my_ws/install/battery_interfaces/share/battery_interfaces/cmake/export_battery_interfaces__rosidl_typesupport_fastrtps_cppExport.cmake
[0.785s] -- Up-to-date: /home/prajesh/my_ws/install/battery_interfaces/share/battery_interfaces/cmake/export_battery_interfaces__rosidl_typesupport_fastrtps_cppExport-noconfig.cmake
[0.786s] -- Up-to-date: /home/prajesh/my_ws/install/battery_interfaces/share/battery_interfaces/cmake/battery_interfaces__rosidl_typesupport_introspection_cppExport.cmake
[0.786s] -- Up-to-date: /home/prajesh/my_ws/install/battery_interfaces/share/battery_interfaces/cmake/battery_interfaces__rosidl_typesupport_introspection_cppExport-noconfig.cmake
[0.786s] -- Up-to-date: /home/prajesh/my_ws/install/battery_interfaces/share/battery_interfaces/cmake/battery_interfaces__rosidl_typesupport_cppExport.cmake
[0.787s] -- Up-to-date: /home/prajesh/my_ws/install/battery_interfaces/share/battery_interfaces/cmake/battery_interfaces__rosidl_typesupport_cppExport-noconfig.cmake
[0.787s] -- Up-to-date: /home/prajesh/my_ws/install/battery_interfaces/share/battery_interfaces/cmake/export_battery_interfaces__rosidl_generator_pyExport.cmake
[0.787s] -- Up-to-date: /home/prajesh/my_ws/install/battery_interfaces/share/battery_interfaces/cmake/export_battery_interfaces__rosidl_generator_pyExport-noconfig.cmake
[0.787s] -- Up-to-date: /home/prajesh/my_ws/install/battery_interfaces/share/battery_interfaces/cmake/rosidl_cmake-extras.cmake
[0.787s] -- Up-to-date: /home/prajesh/my_ws/install/battery_interfaces/share/battery_interfaces/cmake/ament_cmake_export_include_directories-extras.cmake
[0.787s] -- Up-to-date: /home/prajesh/my_ws/install/battery_interfaces/share/battery_interfaces/cmake/ament_cmake_export_libraries-extras.cmake
[0.787s] -- Up-to-date: /home/prajesh/my_ws/install/battery_interfaces/share/battery_interfaces/cmake/ament_cmake_export_targets-extras.cmake
[0.787s] -- Up-to-date: /home/prajesh/my_ws/install/battery_interfaces/share/battery_interfaces/cmake/rosidl_cmake_export_typesupport_targets-extras.cmake
[0.787s] -- Up-to-date: /home/prajesh/my_ws/install/battery_interfaces/share/battery_interfaces/cmake/ament_cmake_export_dependencies-extras.cmake
[0.787s] -- Up-to-date: /home/prajesh/my_ws/install/battery_interfaces/share/battery_interfaces/cmake/rosidl_cmake_export_typesupport_libraries-extras.cmake
[0.787s] -- Up-to-date: /home/prajesh/my_ws/install/battery_interfaces/share/battery_interfaces/cmake/battery_interfacesConfig.cmake
[0.787s] -- Up-to-date: /home/prajesh/my_ws/install/battery_interfaces/share/battery_interfaces/cmake/battery_interfacesConfig-version.cmake
[0.787s] -- Up-to-date: /home/prajesh/my_ws/install/battery_interfaces/share/battery_interfaces/package.xml
[0.800s] Invoked command in '/home/prajesh/my_ws/build/battery_interfaces' returned '0': CMAKE_PREFIX_PATH=${CMAKE_PREFIX_PATH}:/home/prajesh/my_ws/install/py_server_test:/home/prajesh/my_ws/install/py_final_project:/home/prajesh/my_ws/install/my_py_pkg:/opt/ros/humble /usr/bin/cmake --install /home/prajesh/my_ws/build/battery_interfaces
