[0.279s] Invoking command in '/home/prajesh/my_ws/build/led_system': CMAKE_PREFIX_PATH=/home/prajesh/my_ws/install/battery_interfaces:/home/prajesh/my_ws/install/my_robot_bringup:/home/prajesh/my_ws/install/my_robot_interfaces:/home/prajesh/my_ws/install/my_cpp_pkg:/home/prajesh/my_ws/install/led_system:/home/prajesh/my_ws/install/cpp_test_pkg:/home/prajesh/my_ws/install/cpp_service_test:/home/prajesh/my_ws/install/cpp_practice:/home/prajesh/tbot_ws/install/turtlebot3_simulations:/home/prajesh/tbot_ws/install/turtlebot3_gazebo:/home/prajesh/tbot_ws/install/turtlebot3_fake_node:/home/prajesh/my_ws/install/py_server_test:/home/prajesh/my_ws/install/py_final_project:/home/prajesh/my_ws/install/my_py_pkg:/opt/ros/humble LD_LIBRARY_PATH=/home/prajesh/my_ws/install/battery_interfaces/lib:/home/prajesh/my_ws/install/my_robot_interfaces/lib:/usr/lib/x86_64-linux-gnu/gazebo-11/plugins:/opt/ros/humble/opt/rviz_ogre_vendor/lib:/opt/ros/humble/lib/x86_64-linux-gnu:/opt/ros/humble/lib /usr/bin/cmake --build /home/prajesh/my_ws/build/led_system -- -j4 -l4
[0.341s] [ 50%] Built target battery_server
[0.348s] [100%] Built target led_client
[0.358s] Invoked command in '/home/prajesh/my_ws/build/led_system' returned '0': CMAKE_PREFIX_PATH=/home/prajesh/my_ws/install/battery_interfaces:/home/prajesh/my_ws/install/my_robot_bringup:/home/prajesh/my_ws/install/my_robot_interfaces:/home/prajesh/my_ws/install/my_cpp_pkg:/home/prajesh/my_ws/install/led_system:/home/prajesh/my_ws/install/cpp_test_pkg:/home/prajesh/my_ws/install/cpp_service_test:/home/prajesh/my_ws/install/cpp_practice:/home/prajesh/tbot_ws/install/turtlebot3_simulations:/home/prajesh/tbot_ws/install/turtlebot3_gazebo:/home/prajesh/tbot_ws/install/turtlebot3_fake_node:/home/prajesh/my_ws/install/py_server_test:/home/prajesh/my_ws/install/py_final_project:/home/prajesh/my_ws/install/my_py_pkg:/opt/ros/humble LD_LIBRARY_PATH=/home/prajesh/my_ws/install/battery_interfaces/lib:/home/prajesh/my_ws/install/my_robot_interfaces/lib:/usr/lib/x86_64-linux-gnu/gazebo-11/plugins:/opt/ros/humble/opt/rviz_ogre_vendor/lib:/opt/ros/humble/lib/x86_64-linux-gnu:/opt/ros/humble/lib /usr/bin/cmake --build /home/prajesh/my_ws/build/led_system -- -j4 -l4
[0.390s] Invoking command in '/home/prajesh/my_ws/build/led_system': CMAKE_PREFIX_PATH=/home/prajesh/my_ws/install/battery_interfaces:/home/prajesh/my_ws/install/my_robot_bringup:/home/prajesh/my_ws/install/my_robot_interfaces:/home/prajesh/my_ws/install/my_cpp_pkg:/home/prajesh/my_ws/install/led_system:/home/prajesh/my_ws/install/cpp_test_pkg:/home/prajesh/my_ws/install/cpp_service_test:/home/prajesh/my_ws/install/cpp_practice:/home/prajesh/tbot_ws/install/turtlebot3_simulations:/home/prajesh/tbot_ws/install/turtlebot3_gazebo:/home/prajesh/tbot_ws/install/turtlebot3_fake_node:/home/prajesh/my_ws/install/py_server_test:/home/prajesh/my_ws/install/py_final_project:/home/prajesh/my_ws/install/my_py_pkg:/opt/ros/humble LD_LIBRARY_PATH=/home/prajesh/my_ws/install/battery_interfaces/lib:/home/prajesh/my_ws/install/my_robot_interfaces/lib:/usr/lib/x86_64-linux-gnu/gazebo-11/plugins:/opt/ros/humble/opt/rviz_ogre_vendor/lib:/opt/ros/humble/lib/x86_64-linux-gnu:/opt/ros/humble/lib /usr/bin/cmake --install /home/prajesh/my_ws/build/led_system
[0.397s] -- Install configuration: ""
[0.398s] -- Up-to-date: /home/prajesh/my_ws/install/led_system/lib/led_system/led_client
[0.400s] -- Up-to-date: /home/prajesh/my_ws/install/led_system/lib/led_system/battery_server
[0.401s] -- Up-to-date: /home/prajesh/my_ws/install/led_system/share/ament_index/resource_index/package_run_dependencies/led_system
[0.403s] -- Up-to-date: /home/prajesh/my_ws/install/led_system/share/ament_index/resource_index/parent_prefix_path/led_system
[0.404s] -- Up-to-date: /home/prajesh/my_ws/install/led_system/share/led_system/environment/ament_prefix_path.sh
[0.407s] -- Up-to-date: /home/prajesh/my_ws/install/led_system/share/led_system/environment/ament_prefix_path.dsv
[0.409s] -- Up-to-date: /home/prajesh/my_ws/install/led_system/share/led_system/environment/path.sh
[0.410s] -- Up-to-date: /home/prajesh/my_ws/install/led_system/share/led_system/environment/path.dsv
[0.413s] -- Up-to-date: /home/prajesh/my_ws/install/led_system/share/led_system/local_setup.bash
[0.413s] -- Up-to-date: /home/prajesh/my_ws/install/led_system/share/led_system/local_setup.sh
[0.414s] -- Up-to-date: /home/prajesh/my_ws/install/led_system/share/led_system/local_setup.zsh
[0.416s] -- Up-to-date: /home/prajesh/my_ws/install/led_system/share/led_system/local_setup.dsv
[0.417s] -- Installing: /home/prajesh/my_ws/install/led_system/share/led_system/package.dsv
[0.418s] -- Up-to-date: /home/prajesh/my_ws/install/led_system/share/ament_index/resource_index/packages/led_system
[0.418s] -- Up-to-date: /home/prajesh/my_ws/install/led_system/share/led_system/cmake/led_systemConfig.cmake
[0.419s] -- Up-to-date: /home/prajesh/my_ws/install/led_system/share/led_system/cmake/led_systemConfig-version.cmake
[0.419s] -- Up-to-date: /home/prajesh/my_ws/install/led_system/share/led_system/package.xml
[0.419s] Invoked command in '/home/prajesh/my_ws/build/led_system' returned '0': CMAKE_PREFIX_PATH=/home/prajesh/my_ws/install/battery_interfaces:/home/prajesh/my_ws/install/my_robot_bringup:/home/prajesh/my_ws/install/my_robot_interfaces:/home/prajesh/my_ws/install/my_cpp_pkg:/home/prajesh/my_ws/install/led_system:/home/prajesh/my_ws/install/cpp_test_pkg:/home/prajesh/my_ws/install/cpp_service_test:/home/prajesh/my_ws/install/cpp_practice:/home/prajesh/tbot_ws/install/turtlebot3_simulations:/home/prajesh/tbot_ws/install/turtlebot3_gazebo:/home/prajesh/tbot_ws/install/turtlebot3_fake_node:/home/prajesh/my_ws/install/py_server_test:/home/prajesh/my_ws/install/py_final_project:/home/prajesh/my_ws/install/my_py_pkg:/opt/ros/humble LD_LIBRARY_PATH=/home/prajesh/my_ws/install/battery_interfaces/lib:/home/prajesh/my_ws/install/my_robot_interfaces/lib:/usr/lib/x86_64-linux-gnu/gazebo-11/plugins:/opt/ros/humble/opt/rviz_ogre_vendor/lib:/opt/ros/humble/lib/x86_64-linux-gnu:/opt/ros/humble/lib /usr/bin/cmake --install /home/prajesh/my_ws/build/led_system
